lnL Kappa Omega Scale Phi Delta_lnL Convergence Gene
-7932.834 2.518691 0.4718444 0.9604083 0.4174109 1.287865 0 ENSG00000122862_SRGN
-26139.76 2.901658 0.1528722 1.005663 1.687075 0.5656135 0 ENSG00000072041_SLC6A15
-4359.205 2.813193 0.0930365 1.060676 2.921842 3.201211 0 ENSG00000167515_TRAPPC2L
-15234.1 2.606897 0.4312363 0.9621602 0.7753192 0.03076992 0 ENSG00000196776_CD47
-18611.04 3.456204 0.07222894 0.9934298 0.9696639 0.005534114 0 ENSG00000140945_CDH13
-10851.3 2.253601 0.2933151 0.990914 1.568465 0.3277478 0 ENSG00000146858_ZC3HAV1L
-17745.69 2.273152 0.346746 0.9795173 0.5251183 0.9831845 0 ENSG00000052344_PRSS8
-26361.95 1.850674 0.1711376 0.9939079 1.431904 0.1987035 0 ENSG00000170265_ZNF282
-11113.62 2.920718 0.4408656 0.9759895 1.13592 0.03318761 0 ENSG00000110848_CD69
-9428.684 2.989984 0.1151459 0.9826424 0.8033554 0.06953843 0 ENSG00000108010_GLRX3
-16924.24 1.59987 0.1152136 0.98515 0.9006721 0.01542963 0 ENSG00000185811_IKZF1
-19834.64 3.432717 0.2537727 0.9621082 0.5292502 0.4913102 0 ENSG00000005187_ACSM3
-16888.97 2.575448 0.3897132 0.9846901 1.222976 0.1297809 0 ENSG00000143167_GPA33
-15400.49 2.579974 0.176087 0.9756364 0.2519481 1.269701 0 ENSG00000108828_VAT1
-20025.66 2.971869 0.01491128 1.022733 1.317744 0.1039044 0 ENSG00000013503_POLR3B
-1518.346 1.970109 0.06672812 0.9739601 0.7304465 0.1455025 0 ENSG00000127184_COX7C
-12240.58 2.290856 0.1971477 1.00035 2.030161 0.8668192 0 ENSG00000139800_ZIC5
-21646.61 2.892297 0.1900293 0.9756227 0.7962235 0.1013513 0 ENSG00000072210_ALDH3A2
-10548.96 3.000206 0.2012992 0.9872737 0.8749311 0.0377374 0 ENSG00000164011_ZNF691
-25153.76 3.250074 0.2406879 0.9935388 1.172645 0.04634653 0 ENSG00000011007_TCEB3
-30788.64 3.075992 0.08018751 0.9723893 0.6199366 0.251357 0 ENSG00000108506_INTS2
-25325.86 2.322729 0.05632343 0.9831783 0.5016139 1.368798 0 ENSG00000206557_TRIM71
-10551.59 3.167001 0.3519917 0.9673491 0.5996816 0.291924 0 ENSG00000174529_TMEM81
-27244.92 3.057461 0.242638 1.001144 1.684668 0.5409247 0 ENSG00000116906_GNPAT
-7262.103 3.078797 0.2716383 1.003797 1.999109 1.025067 0 ENSG00000151665_PIGF
-29465.13 2.682655 0.1621911 0.9559992 0.1719802 2.874526 0 ENSG00000177119_ANO6
-15242.59 2.466115 0.2696813 0.9872128 1.243215 0.07780407 0 ENSG00000165626_BEND7
-68195.67 3.134737 0.2917655 0.9735244 4.141594e-05 2.649724 0 ENSG00000196739_COL27A1
-13437.61 3.281559 0.2062072 1.002623 1.391285 0.2711005 0 ENSG00000198056_PRIM1
-14632.37 2.532986 0.2566054 0.9785055 0.8555045 0.02187817 0 ENSG00000169914_OTUD3
-7154.262 2.782461 0.08964962 0.9830606 0.7057402 0.194594 0 ENSG00000118263_KLF7
-7731.391 3.69501 0.07164902 0.9911127 0.7917713 0.05346722 0 ENSG00000184436_THAP7
-27438.82 2.565733 0.4198252 0.9861056 1.566682 0.3549276 0 ENSG00000166105_GLB1L3
-26299.16 2.873179 0.2263381 0.9883599 0.9176713 0.01008629 0 ENSG00000146700_SSC4D
-4494.668 2.633435 0.3584013 0.9822501 1.180935 0.03437402 0 ENSG00000136732_GYPC
-8948.17 4.753693 0.1443763 0.9803027 0.4309568 2.097587 0 ENSG00000132881_RSG1
-5786.811 2.144798 0.05772944 0.9852079 0.8162061 0.08109919 0 ENSG00000144834_TAGLN3
-8803.862 1.957909 0.2021114 0.9748114 0.7560102 0.1836307 0 ENSG00000118508_RAB32
-9190.899 2.939938 0.1327151 0.9846706 0.8769584 0.01805029 0 ENSG00000163812_ZDHHC3
-83469.87 2.925767 0.1156738 0.9706001 0.3861619 1.64069 0 ENSG00000115414_FN1
-8909.338 2.208952 0.1333889 0.9720561 0.650747 0.1921212 0 ENSG00000153291_SLC25A27
-11197.09 3.011053 0.1908816 0.9876871 1.090679 0.01056319 0 ENSG00000102218_RP2
-21948.95 3.604475 0.1152595 0.9909848 0.847282 0.06359064 0 ENSG00000127578_WFIKKN1
-8073.871 2.004384 0.0941252 0.9997202 1.478278 0.3710449 0 ENSG00000157259_GATAD1
-6644.64 2.562946 0.2849219 0.9793961 0.3934348 0.6490434 0 ENSG00000002330_BAD
-6233.941 3.266254 0.15801 1.041865 2.525769 1.605454 0 ENSG00000143612_C1orf43
-49927.42 2.935647 0.05957722 0.9969487 1.151595 0.05955992 0 ENSG00000221866_PLXNA4
-3940.313 3.630186 0.1036642 0.9848081 0.8607879 0.02129455 0 ENSG00000170540_ARL6IP1
-9137.347 2.035308 0.101621 0.9946831 1.590678 0.2531331 0 ENSG00000142279_WTIP
-54039.91 3.648124 0.05713048 0.9904139 0.8450236 0.09003244 0 ENSG00000134569_LRP4
-16623.39 2.941642 0.4868427 0.9811652 1.312983 0.1895318 0 ENSG00000111247_RAD51AP1
-8184.561 2.607077 0.1409888 0.980677 0.7027313 0.3473137 0 ENSG00000110651_CD81
-11654.59 3.413594 0.1294359 0.9807589 0.5014651 1.356134 0 ENSG00000136840_ST6GALNAC4
-7622.264 3.529756 0.05248004 0.9903175 0.7791297 0.08967204 0 ENSG00000132522_GPS2
-10823.31 2.457243 0.1114561 1.043535 2.734769 3.434181 0 ENSG00000104331_IMPAD1
-3160.263 3.295676 0.3005841 0.995903 1.472651 0.2785522 0 ENSG00000186687_LYRM7
-9691.759 3.265501 0.7363152 0.9632859 0.8566202 0.0388047 0 ENSG00000156500_FAM122C
-4376.928 3.479893 0.04142856 1.063238 2.088886 1.251029 0 ENSG00000166562_SEC11C
-23762.9 2.772941 0.3312826 0.9905681 1.314696 0.1454613 0 ENSG00000110934_BIN2
-7487.126 2.881107 0.07590945 0.9930992 1.254835 0.05711586 0 ENSG00000151729_SLC25A4
-7824.716 2.607349 0.1212321 0.9855178 0.9032566 0.01831355 0 ENSG00000144366_GULP1
-23375.24 3.07187 0.1641914 0.9782937 0.7960666 0.08201487 0 ENSG00000014123_UFL1
-7904.84 2.887681 0.09612199 0.9914342 1.064237 0.01076242 0 ENSG00000111049_MYF5
-41989.11 2.48085 0.130977 0.9972056 1.353821 0.1596706 0 ENSG00000127663_KDM4B
-17616.38 2.675639 0.244115 0.9790181 1.031751 0.001226047 0 ENSG00000125255_SLC10A2
-26239.44 3.05487 0.2942126 0.9835708 0.9705882 0.0007420703 0 ENSG00000204209_DAXX
-8627.153 3.500954 0.1615919 1.004969 1.338231 0.2592995 0 ENSG00000168876_ANKRD49
-10186.19 1.762832 0.2339748 0.9770216 0.3875346 0.5818571 0 ENSG00000135604_STX11
-29861.2 2.6597 0.1175499 0.9757427 0.6134116 0.2731177 0 ENSG00000151623_NR3C2
-38185.62 2.940166 0.2302477 0.9840393 0.9172114 0.02045321 0 ENSG00000111452_GPR133
-118651.4 2.778763 0.2737724 0.9891139 1.311936 -0.3350155 0 ENSG00000197969_VPS13A
-19319.27 3.371826 0.1152259 0.9964044 1.189065 -0.07478638 0 ENSG00000184564_SLITRK6
-21039.7 2.457665 0.5862664 0.9921544 2.312651 1.659441 0 ENSG00000163116_STPG2
-48243.32 3.326734 0.438642 0.96367 0.8517134 0.03344574 0 ENSG00000177853_ZNF518A
-50156.02 2.6445 0.3269282 0.9671604 0.7052542 0.2903741 0 ENSG00000134757_DSG3
-32160.96 3.238728 0.2217859 1.001148 1.446194 0.3232598 0 ENSG00000129173_E2F8
-12994.1 2.396816 0.2599396 0.9856692 0.961597 0.003765489 0 ENSG00000053371_AKR7A2
-3614.055 3.22621 0.3065873 0.9895308 1.42244 0.2351049 0 ENSG00000147437_GNRH1
-27145 2.847313 0.2972932 0.9987083 2.097547 -0.0318029 0 ENSG00000179593_ALOX15B
-41912.41 2.510346 0.465112 0.9769194 1.198366 0.06225839 0 ENSG00000135828_RNASEL
-20785.6 2.477456 0.3432453 0.9910876 1.488208 0.257474 0 ENSG00000169297_NR0B1
-8412.477 3.405095 0.2511341 0.9602185 0.3726914 0.5932399 0 ENSG00000186943_OR13C8
-38205.29 3.586812 0.1597561 0.9962906 1.5479 0.1077313 0 ENSG00000117425_PTCH2
-10702.34 3.007512 0.0602682 0.9965099 1.347721 0.2349407 0 ENSG00000198792_TMEM184B
-17144.95 3.075394 0.2424382 0.9806594 0.4550493 1.139212 0 ENSG00000106351_AGFG2
-13950.07 2.859117 0.293664 1.006769 1.946626 0.9711366 0 ENSG00000005059_CCDC109B
-42151.22 3.367978 0.1087382 0.9813678 0.5854034 0.2856226 0 ENSG00000164068_RNF123
-13964.62 3.015191 0.390253 0.9804467 1.206604 0.07815906 0 ENSG00000143452_HORMAD1
-11668.26 3.672307 0.2309953 0.9902606 1.1615 0.03649917 0 ENSG00000187783_TMEM72
-16862.8 3.715429 0.1129072 0.9831591 0.4965874 0.499498 0 ENSG00000114767_RRP9
-43154.9 2.774941 0.1993087 0.9760477 0.0002297884 1.734982 0 ENSG00000108821_COL1A1
-7682.667 2.525271 0.1761316 1.000986 1.39983 0.2346784 0 ENSG00000169439_SDC2
-4327.521 3.223976 0.0459599 0.9999268 1.412359 0.2695633 0 ENSG00000152102_FAM168B
-10577.95 3.09545 0.2221017 0.9924753 1.049265 0.003263431 0 ENSG00000105472_CLEC11A
-14840.97 4.070308 0.3191245 0.9903781 1.185915 0.07767294 0 ENSG00000162399_BSND
-14953.04 2.915868 0.1804523 1.043265 2.058318 1.283521 0 ENSG00000112874_NUDT12
-14473.11 2.772691 0.09112593 0.9835365 0.903186 0.01328441 0 ENSG00000065154_OAT
-9676.298 3.598229 0.2420954 0.9805729 0.9802545 -0.002154226 0 ENSG00000104047_DTWD1
-5923.657 4.463845 0.08136477 1.041362 2.326346 0.8327829 0 ENSG00000162526_TSSK3
-9337.752 2.003004 0.1606022 0.9549093 0.2594237 1.422024 0 ENSG00000163249_CCNYL1
-24005.05 3.030243 0.1995876 0.9983617 1.657293 0.4642394 0 ENSG00000049283_EPN3
-14574.4 4.826095 0.345621 0.9936981 1.600666 0.3287912 0 ENSG00000186792_HYAL3
-18147.65 2.650598 0.188474 0.9925306 1.50813 0.2249979 0 ENSG00000135902_CHRND
-26415.96 3.072591 0.6127566 0.9891356 1.460202 0.2521454 0 ENSG00000214193_SH3D21
-16116.99 3.175352 0.3259094 0.9950227 1.620493 0.6136412 0 ENSG00000169519_METTL15
-10677.05 2.557516 0.1709088 0.9975396 1.941552 0.8753561 0 ENSG00000161999_JMJD8
-24601.76 2.08343 0.2557732 0.9670977 0.3777858 1.796555 0 ENSG00000004948_CALCR
-6073.668 3.209124 0.08648697 0.9871386 0.8579075 0.03172462 0 ENSG00000198336_MYL4
-7250.109 2.844003 0.05275849 1.018672 1.728718 -0.3438706 0 ENSG00000180098_TRNAU1AP
-9077.873 2.894124 0.0933876 0.9517447 0.2800971 1.235049 0 ENSG00000087502_ERGIC2
-1325.875 2.957404 0.1774304 1.060907 3.01826 1.576771 0 ENSG00000173915_USMG5
-20099.48 3.253097 0.2187453 0.962399 0.4862597 0.8792124 0 ENSG00000164291_ARSK
-55532.05 3.237372 0.05711717 1.023825 1.731383 -0.5559074 0 ENSG00000278540_ACACA
-23860.36 3.138572 0.1763274 1.008167 1.519622 0.4085024 0 ENSG00000138078_PREPL
-20386.85 3.041434 0.2130997 0.9792555 0.7776201 0.180145 0 ENSG00000176148_TCP11L1
-8104.998 2.614158 0.05052429 1.004333 1.242938 -0.09753619 0 ENSG00000106025_TSPAN12
-19890.33 2.737904 0.2552647 0.993206 1.515195 0.4575985 0 ENSG00000172594_SMPDL3A
-10169.76 2.983707 0.1044493 0.9869006 0.9226227 0.007964628 0 ENSG00000105835_NAMPT
-5860.155 3.040309 0.05704748 0.9935502 0.7861738 0.0810664 0 ENSG00000125977_EIF2S2
-31837.33 2.301432 0.1345486 0.9792945 0.7182978 0.1656583 0 ENSG00000067057_PFKP
-20881.07 3.241958 0.3018965 0.9819489 0.8555805 0.03087391 0 ENSG00000278129_ZNF8
-34668.51 2.830815 0.11138 0.9943158 1.177641 0.163642 0 ENSG00000178607_ERN1
-50629.28 3.3942 0.2420854 0.9895011 1.136058 0.05161037 0 ENSG00000054690_PLEKHH1
-13486.31 2.761659 0.1257352 0.9811462 0.9017413 0.02450165 0 ENSG00000004799_PDK4
-10146.37 3.049632 0.05124762 0.9622067 0.2638887 1.378542 0 ENSG00000276234_TADA2A
-18151.6 2.486069 0.05041641 0.9704806 0.4840686 0.9000058 0 ENSG00000145632_PLK2
-40591.74 2.802131 0.1168582 1.005431 2.122552 1.306372 0 ENSG00000177169_ULK1
-2315.493 2.53757 0.009581591 0.9857114 0.8084462 0.01625113 0 ENSG00000143013_LMO4
-15395.35 2.616821 0.449519 0.9664674 0.7052869 0.05824133 0 ENSG00000186814_ZSCAN30
-13290.43 2.883496 0.309791 0.9745741 0.9328677 0.00449735 0 ENSG00000187037_GPR141
-30675.54 2.317124 0.1410939 0.9941875 1.204561 -0.08484869 0 ENSG00000114790_ARHGEF26
-11396.54 2.70646 0.278361 0.9540195 0.2492716 1.509165 0 ENSG00000144827_ABHD10
-18000.27 2.13019 0.1404831 1.000318 1.698027 0.5703376 0 ENSG00000070214_SLC44A1
-20012.88 3.431988 0.284246 0.9725209 0.3981027 0.9188778 0 ENSG00000169188_APEX2
-49212.54 3.031597 0.2695666 1.008302 1.72301 0.8163183 0 ENSG00000137962_ARHGAP29
-55479.47 2.227057 0.272066 0.9870563 1.042239 -0.001511148 0 ENSG00000203485_INF2
-9461.432 3.135438 0.1297908 0.988504 0.8359518 0.070105 0 ENSG00000068438_FTSJ1
-16866.23 2.452117 0.1592137 1.019365 2.093258 1.478112 0 ENSG00000104213_PDGFRL
-6997.717 3.383654 0.08487888 0.9867202 0.653737 0.4408297 0 ENSG00000102103_PQBP1
-42951.79 2.583192 0.402018 0.9689897 0.705302 0.264535 0 ENSG00000121289_CEP89
-14758.98 2.673259 0.2065286 0.9529398 0.2455239 1.501072 0 ENSG00000178425_NT5DC1
-66929.65 3.084698 0.1987649 0.9722539 0.3807452 1.162952 0 ENSG00000196663_TECPR2
-26890.81 2.556476 0.2076593 0.98077 0.4224583 0.4256023 0 ENSG00000160753_RUSC1
-38783.85 2.865239 0.2364595 0.9820025 0.9652522 0.002835293 0 ENSG00000174799_CEP135
-12719.15 3.018764 0.04312505 0.9957628 0.9985255 0.0001353773 0 ENSG00000146592_CREB5
-17233.87 2.80433 0.05168329 1.006416 1.276482 -0.3416025 0 ENSG00000138801_PAPSS1
-51069.25 2.673634 0.1399288 0.997988 1.500763 0.295078 0 ENSG00000064932_SBNO2
-13493.84 3.128671 0.08122928 0.9814018 0.4764209 1.303322 0 ENSG00000104419_NDRG1
-5955.659 1.504269 0.1134163 0.9884166 1.321023 0.2059581 0 ENSG00000141668_CBLN2
-4770.277 2.812119 0.07390849 1.014118 1.965432 0.7250907 0 ENSG00000175063_UBE2C
-23026.89 2.660817 0.4357231 0.9717812 0.8560303 0.06347816 0 ENSG00000165953_SERPINA12
-14981.42 3.04964 0.2606715 0.9780589 0.5587403 0.3381738 0 ENSG00000113749_HRH2
-4472.311 2.156731 0.1115348 0.9891531 1.228541 0.07071565 0 ENSG00000156959_LHFPL4
-51424.9 2.899559 0.07943794 0.9764083 0.6834145 -0.8117636 0 ENSG00000147251_DOCK11
-5520.774 3.991305 0.1550829 1.000904 1.401873 0.1763778 0 ENSG00000166192_SENP8
-15173.35 3.368514 0.159498 0.9815505 0.7595237 0.08869143 0 ENSG00000184984_CHRM5
-2706.662 2.782798 0.001365083 0.9610885 0.4388689 -3.607649 0 ENSG00000105258_POLR2I
-15466.03 3.167714 0.1775555 0.9932784 1.181761 0.09189587 0 ENSG00000004838_ZMYND10
-12008.26 2.900972 0.3471071 0.9597244 0.3071463 1.000226 0 ENSG00000205835_GMNC
-27463.71 2.905905 0.3805005 0.9856075 1.132412 0.03019224 0 ENSG00000135744_AGT
-19264.04 1.790444 0.1389426 0.9860567 0.7699608 0.03849381 0 ENSG00000105509_HAS1
-8174.156 3.365691 0.2702063 0.9779212 0.8958305 0.02121518 0 ENSG00000166211_SPIC
-20643.48 2.949551 0.4295802 0.9492765 0.3726727 1.218991 0 ENSG00000146233_CYP39A1
-21379.26 2.370161 0.08752556 0.9809458 0.5615967 0.3579624 0 ENSG00000130309_COLGALT1
-40669.6 2.861835 0.1249357 0.9872441 0.9199717 0.02221817 0 ENSG00000137809_ITGA11
-47522.21 2.277663 0.06406628 1.008114 1.380412 0.3563265 0 ENSG00000080503_SMARCA2
-4371.082 2.577348 0.01187629 0.9533968 0.1535435 1.927005 0 ENSG00000118680_MYL12B
-23924.98 2.933863 0.1155305 0.9932648 1.111536 0.02065657 0 ENSG00000136021_SCYL2
-16260.42 2.884451 0.2172585 0.9992849 1.635076 0.4644311 0 ENSG00000160963_COL26A1
-65037.47 3.061953 0.3297971 0.9856397 1.253308 0.1404676 0 ENSG00000180263_FGD6
-29999.62 3.506522 0.131126 0.9928223 1.00043 -0.0006333568 0 ENSG00000174405_LIG4
-10088.3 2.288789 0.1531457 0.9716234 0.5309441 0.3978335 0 ENSG00000240857_RDH14
-8767.4 2.780529 0.2552846 0.9764208 0.8538716 0.03484846 0 ENSG00000165076_PRSS37
-22954.02 2.389817 0.2264239 0.9745639 0.5178825 1.269454 0 ENSG00000162722_TRIM58
-20808.06 2.661534 0.1321959 0.9812604 0.5411082 0.8216741 0 ENSG00000058404_CAMK2B
-19155.5 2.882876 0.09743927 0.9804859 0.7455272 0.1612935 0 ENSG00000148835_TAF5
-9764.703 4.285976 0.0893543 1.014452 2.389005 1.055408 0 ENSG00000185909_KLHDC8B
-13954.95 2.577628 0.2810678 0.9811269 0.7775987 0.1384705 0 ENSG00000138964_PARVG
-11735.78 1.875992 0.1237139 0.9956634 1.521329 0.1731256 0 ENSG00000160094_ZNF362
-23488.2 2.723319 0.1754011 0.993232 1.248268 0.1153828 0 ENSG00000150656_CNDP1
-10721.59 2.96479 0.1215842 0.9877393 1.008236 4.164412e-05 0 ENSG00000112357_PEX7
-11763.72 2.677961 0.09816106 0.9637228 0.2293944 1.675111 0 ENSG00000165140_FBP1
-36189.73 4.137964 0.2072594 0.9891828 0.9960821 -0.0001743873 0 ENSG00000124608_AARS2
-32719.95 3.444831 0.1978549 0.9839779 0.8994789 0.02525697 0 ENSG00000070610_GBA2
-20128.29 2.517862 0.1139371 0.9798287 0.6736559 0.2564299 0 ENSG00000106261_ZKSCAN1
-9080.071 2.401209 0.07566475 1.008145 1.605783 0.5156811 0 ENSG00000046653_GPM6B
-21315.41 2.537653 0.1335317 0.9765896 0.6703677 0.2198982 0 ENSG00000163393_SLC22A15
-54800.07 2.78681 0.07321076 1.00346 1.450166 0.1864395 0 ENSG00000198216_CACNA1E
-36052.73 2.91364 0.7380948 0.9809483 1.937044 0.7218884 0 ENSG00000120498_TEX11
-46606.68 2.69237 0.2268999 0.9775486 0.7271202 0.2515009 0 ENSG00000064607_SUGP2
-23744.5 2.800265 0.366033 0.969328 0.5584735 0.3802023 0 ENSG00000162877_PM20D1
-16352.75 2.443209 0.08912984 1.021652 2.141066 1.372296 0 ENSG00000118515_SGK1
-35507.02 2.48266 0.02915355 1.046556 2.229506 1.978691 0 ENSG00000152894_PTPRK
-11034.52 3.368283 0.4611455 0.9857222 1.414961 0.2849635 0 ENSG00000165120_SSMEM1
-26980.45 2.646081 0.1311194 0.9923216 1.093507 0.01162668 0 ENSG00000048052_HDAC9
-9040.916 3.434709 0.06350641 1.028028 2.192724 1.087661 0 ENSG00000107443_CCNJ
-31468.57 2.452159 0.216416 0.9838329 0.6683831 0.2174537 0 ENSG00000142632_ARHGEF19
-74270.06 3.00241 0.09015283 1.009876 1.710689 1.667449 0 ENSG00000166833_NAV2
-29324.78 2.636813 0.08361683 0.9831582 0.7983389 0.0377735 0 ENSG00000066629_EML1
-21791.83 2.507035 0.1074936 0.9883752 0.9308789 0.005189557 0 ENSG00000135686_KLHL36
-67841.5 2.699464 0.2988841 0.9763193 0.9022526 0.008064486 0 ENSG00000136153_LMO7
-6622.966 2.697742 0.09699713 0.9837172 0.7585044 0.2007763 0 ENSG00000111348_ARHGDIB
-43450.76 2.759292 0.0965471 1.004052 1.41819 0.4375737 0 ENSG00000144724_PTPRG
-25204.52 2.987634 0.07143417 0.9890243 0.8387642 0.1391107 0 ENSG00000099949_LZTR1
-9984.928 3.606421 0.07806021 1.056233 3.052125 3.559832 0 ENSG00000157020_SEC13
-3392.426 2.759498 0.06852037 0.9822228 0.5834092 0.7149153 0 ENSG00000116586_LAMTOR2
-25601.34 2.636636 0.06837615 0.9890535 0.8518672 0.06861946 0 ENSG00000079805_DNM2
-19573.45 2.562388 0.3662751 0.9926054 1.404537 0.2124957 0 ENSG00000119636_CCDC176
-4354.5 3.603421 0.03990554 0.9965055 0.9013668 0.02887341 0 ENSG00000180209_MYLPF
-62566.31 3.45071 0.2225401 0.9836765 0.9129111 0.006871291 0 ENSG00000123191_ATP7B
-7802.894 2.703575 0.03763986 0.9519516 0.2506105 1.255694 0 ENSG00000221914_PPP2R2A
-7984.776 2.704234 0.04256956 0.967719 0.5044856 0.5142924 0 ENSG00000074266_EED
-25596.63 2.841245 0.3175256 0.991311 1.548959 0.2943323 0 ENSG00000170500_LONRF2
-5708.648 3.003342 0.09290572 0.9963428 1.623474 0.241745 0 ENSG00000130748_TMEM160
-3630.428 2.67654 0.08430313 0.9968412 1.424793 0.1751748 0 ENSG00000124479_NDP
-11394.26 2.992378 0.1527114 0.9996509 1.381646 0.4449268 0 ENSG00000181826_RELL1
-18700.12 3.028332 0.06255113 1.000866 1.137193 0.04670049 0 ENSG00000134317_GRHL1
-12878.85 2.997064 0.1377937 0.9678375 0.4483093 0.8191004 0 ENSG00000169302_STK32A
-22304.87 2.486149 0.05667744 1.022884 1.783117 0.5137969 0 ENSG00000145242_EPHA5
-4427.092 2.275106 0.152504 0.971405 0.6088307 0.5054252 0 ENSG00000184983_NDUFA6
-26336.15 2.25163 0.103019 0.9899993 0.9097868 0.01525748 0 ENSG00000160633_SAFB
-8461.362 3.201036 0.5667062 0.9899097 1.896437 1.1926 0 ENSG00000188761_BCL2L15
-33180.59 3.001219 0.2726401 0.9850232 0.8344377 0.1005475 0 ENSG00000163702_IL17RC
-15195.15 2.284411 0.3558447 0.9899732 1.350544 0.1649712 0 ENSG00000171772_SYCE1
-38268.28 2.126836 0.09422816 0.9630159 0.3481585 0.7743656 0 ENSG00000033122_LRRC7
-9068.446 2.253099 0.05673578 0.983849 0.8264064 0.0538281 0 ENSG00000156804_FBXO32
-12860.59 2.797451 0.26655 0.9795129 0.9653511 0.002728164 0 ENSG00000166734_CASC4
-19794.41 3.028567 0.2659175 0.9784085 0.6711675 0.4245587 0 ENSG00000110074_FOXRED1
-7039.751 3.047103 0.1737767 0.9901524 1.082173 0.004484793 0 ENSG00000111671_SPSB2
-26242.88 3.142267 0.1664944 0.9705808 0.5126661 0.4892275 0 ENSG00000165409_TSHR
-3733.291 4.632759 0.07992355 0.9832037 0.4136934 0.4618657 0 ENSG00000161677_JOSD2
-11176.73 3.053685 0.39111 0.9930289 1.601869 0.3551653 0 ENSG00000176896_TCEANC
-42247.14 2.872368 0.198307 0.9598247 0.400454 1.05053 0 ENSG00000168143_FAM83B
-5736.771 2.875599 0.09368877 0.9859694 0.9593114 0.00101619 0 ENSG00000171044_XKR6
-9416.604 2.824033 0.05520217 1.00706 1.736659 0.6694203 0 ENSG00000151692_RNF144A
-17166.61 3.093713 0.05227137 1.004643 1.047173 0.004818982 0 ENSG00000135655_USP15
-21185.22 2.919486 0.09816983 0.9835429 0.7491883 0.1491505 0 ENSG00000134709_HOOK1
-6839.071 2.851956 0.3195725 0.9538042 2.39468e-08 -1.838522 0 ENSG00000173261_PLAC8L1
-28312.93 2.572382 0.08001721 0.9923617 1.081764 0.02224066 0 ENSG00000100994_PYGB
-10923.54 3.331164 0.184735 1.003436 1.699445 0.5900841 0 ENSG00000166272_WBP1L
-11182.58 2.285188 0.1056543 0.9869972 0.9272863 0.01088842 0 ENSG00000154065_ANKRD29
-5466.11 2.581751 0.0485438 0.9898675 0.9006881 0.01097019 0 ENSG00000163466_ARPC2
-32268.98 2.568473 0.1178433 0.9909373 0.9944499 8.488099e-05 0 ENSG00000196782_MAML3
-16949.11 1.57198 0.5335675 0.9657012 1.050575 -0.006398136 0 ENSG00000155833_CYLC2
-17031.37 2.959245 0.2715009 0.978512 0.8374131 0.05435155 0 ENSG00000204381_LAYN
-16444.68 2.614432 0.08599816 0.9769521 0.4506194 0.7438275 0 ENSG00000115112_TFCP2L1
-14170.48 2.672627 0.1784751 0.9883226 1.070628 0.006228857 0 ENSG00000140107_SLC25A47
-29878.08 2.575714 0.2022492 0.989229 1.020579 -0.006056517 0 ENSG00000125503_PPP1R12C
-12810.71 2.295355 0.3961854 0.9865539 1.680835 0.7368503 0 ENSG00000114529_C3orf52
-6512.72 1.889912 0.1785689 0.9765031 0.8541309 0.03213383 0 ENSG00000180694_TMEM64
-8908.659 2.834628 0.05902372 0.9628081 0.4142772 0.9373712 0 ENSG00000133119_RFC3
-41955.98 3.311647 0.1100187 0.9760528 0.2423041 1.255777 0 ENSG00000116128_BCL9
-10201.71 3.136968 0.1851366 0.9787483 2.698763e-05 1.662849 0 ENSG00000186810_CXCR3
-9850.593 2.635302 0.0540492 0.9440714 5.345137e-06 3.480797 0 ENSG00000112079_STK38
-15364.2 2.559189 0.1018856 0.9794926 0.5991763 0.2869767 0 ENSG00000185624_P4HB
-16014.65 2.336536 0.05617922 1.000888 1.681215 0.4062961 0 ENSG00000183655_KLHL25
-4660.174 3.652531 0.1942613 0.9803906 0.8482631 0.02218102 0 ENSG00000187325_TAF9B
-20237.55 3.073263 0.2422893 0.9782763 0.8415613 0.06940752 0 ENSG00000129484_PARP2
-2368.783 4.047667 0.1050641 1.008562 1.6697 0.4199464 0 ENSG00000054148_PHPT1
-6048.97 2.873482 0.09198367 1.010856 1.150436 0.03979246 0 ENSG00000126698_DNAJC8
-20855.06 2.770377 0.1380352 0.9931393 1.193008 0.120485 0 ENSG00000002549_LAP3
-13455.51 2.276403 0.1312932 0.9664684 0.6482257 0.2738496 0 ENSG00000197930_ERO1L
-9537.037 3.207558 0.3134118 0.9623777 0.5285095 0.8665895 0 ENSG00000152348_ATG10
-19677.62 2.16991 0.09369396 0.9777265 0.4760751 0.3578189 0 ENSG00000176463_SLCO3A1
-14389.26 2.852359 0.1036726 0.9813544 0.7985005 0.07292625 0 ENSG00000080546_SESN1
-7002.839 1.972793 0.1507688 0.9976515 2.266513 0.7135613 0 ENSG00000178878_APOLD1
-18464.38 2.112326 0.1024209 1.007826 1.911412 1.339993 0 ENSG00000186866_POFUT2
-21992.03 2.016774 0.4473361 0.9868981 1.19101 0.07266286 0 ENSG00000110244_APOA4
-44196.18 2.745278 0.06311411 0.9771625 0.5193825 0.9321603 0 ENSG00000196730_DAPK1
-32254.2 2.52183 0.4365127 0.9811705 1.347556 0.1595061 0 ENSG00000149646_CNBD2
-17108.04 2.510075 0.08079833 1.000264 1.300546 0.161517 0 ENSG00000170525_PFKFB3
-5982.22 2.118026 0.2132745 0.9827671 0.7851372 0.03104274 0 ENSG00000163453_IGFBP7
-11242.73 2.89653 0.1530941 0.9650476 0.4637956 1.051703 0 ENSG00000182220_ATP6AP2
-29179.27 3.560452 0.1044182 1.030616 2.441515 1.639809 0 ENSG00000147912_FBXO10
-10651.42 2.549935 0.1051944 1.010281 1.52679 0.3458978 0 ENSG00000214517_PPME1
-17073.66 2.934028 0.3245983 0.9826865 0.9841007 0.0006688926 0 ENSG00000140254_DUOXA1
-10150.47 2.183773 0.09989255 0.99607 1.362436 0.1447847 0 ENSG00000109851_DBX1
-14644.89 2.728688 0.1976808 0.9742955 0.461423 0.3822224 0 ENSG00000123643_SLC36A1
-31553.6 3.389937 0.3535097 0.9819127 0.88592 0.01735356 0 ENSG00000163516_ANKZF1
-5925.61 2.36506 0.1109335 0.9779088 0.8951895 0.02038239 0 ENSG00000128654_MTX2
-11571.06 2.368713 0.0845122 0.9913329 1.042483 0.0008524948 0 ENSG00000154342_WNT3A
-6519.237 2.755245 0.1561964 0.9862542 0.8828037 0.01959486 0 ENSG00000116157_GPX7
-14450.56 2.350483 0.06661241 0.9922873 1.082906 0.01802939 0 ENSG00000134954_ETS1
-17396.76 1.923585 0.0568987 0.979627 0.5148437 0.5030149 0 ENSG00000092820_EZR
-5710.015 1.710368 0.1680231 0.9905858 1.16087 0.0307332 0 ENSG00000185129_PURA
-21456.93 1.987119 0.3709598 0.9906946 1.815029 0.7121521 0 ENSG00000166126_AMN
-66094.07 2.890877 0.1596179 0.9778508 0.7730462 0.1398595 0 ENSG00000102763_VWA8
-12686.16 3.54429 0.2228374 0.9847342 1.163302 0.02565927 0 ENSG00000126861_OMG
-8100.392 1.904209 0.5903596 0.9799267 1.298539 0.1080817 0 ENSG00000187658_C5orf52
-13609.21 1.875401 0.09774049 0.9871994 1.135131 0.02069314 0 ENSG00000138443_ABI2
-28801.2 2.78841 0.1791697 0.9983737 1.469127 0.3586723 0 ENSG00000101057_MYBL2
-7573.903 2.237548 0.1769924 0.988048 1.067783 0.009473862 0 ENSG00000179598_PLD6
-47935.36 3.40723 0.3093544 0.9804464 0.6563228 0.1700103 0 ENSG00000196155_PLEKHG4
-7284.922 3.374432 0.04936 1.012843 1.176143 0.04737191 0 ENSG00000152413_HOMER1
-10182.58 3.586737 0.1114216 0.9691405 0.5881227 0.6382236 0 ENSG00000198695_MT-ND6
-9743.809 3.440588 0.1069038 1.042383 1.609619 0.4605115 0 ENSG00000138594_TMOD3
-30952.37 2.727068 0.09083503 0.9839549 0.6154889 0.5666012 0 ENSG00000144711_IQSEC1
-22096.43 3.151856 0.2249213 0.9663638 0.2530025 1.414459 0 ENSG00000183549_ACSM5
-16587.09 2.976985 0.1907287 1.012747 2.315849 1.766119 0 ENSG00000056558_TRAF1
-47053.37 2.898512 0.108258 0.9955368 1.015576 0.0005073566 0 ENSG00000139116_KIF21A
-19462.68 2.884978 0.2078305 0.997631 1.666034 0.4457254 0 ENSG00000169758_C15orf27
-4875.968 2.845721 0.1512732 0.982513 0.5094523 1.241113 0 ENSG00000128626_MRPS12
-2689.961 3.015893 0.1113156 0.9909709 1.308305 0.08848961 0 ENSG00000100528_CNIH1
-8355.498 2.994499 0.1103552 1.003951 1.778933 0.5214817 0 ENSG00000102003_SYP
-9547.487 2.790386 0.1368881 1.005535 1.455113 0.3262584 0 ENSG00000117543_DPH5
-66302.62 3.326513 0.5926856 0.9589338 0.5688086 0.3168498 0 ENSG00000083093_PALB2
-9733.474 2.474629 0.1481048 0.9861342 0.9507565 0.005316407 0 ENSG00000100320_RBFOX2
-13815.12 2.886837 0.1108435 0.9817424 0.5069599 0.5324457 0 ENSG00000112578_BYSL
-12693.02 2.817683 0.1042047 0.9794957 0.7284244 0.1530327 0 ENSG00000101052_IFT52
-14459.4 2.488074 0.05127999 0.9885638 0.8525929 0.07119715 0 ENSG00000254087_LYN
-12797.8 2.877964 0.1179795 0.9744012 0.4897812 0.3190803 0 ENSG00000173406_DAB1
-20792.08 2.676619 0.2540139 0.9452481 0.2091835 1.612349 0 ENSG00000165259_HDX
-4628.95 2.899791 0.07554491 0.9868969 0.9402946 0.006401066 0 ENSG00000133874_RNF122
-25380.56 2.856719 0.07010961 0.973347 0.5938285 0.7862046 0 ENSG00000150093_ITGB1
-18858.96 2.340746 0.1772338 0.9888349 1.20079 0.08043273 0 ENSG00000174136_RGMB
-9825.947 3.048207 0.0767771 0.9890235 0.9375516 0.0112414 0 ENSG00000092094_OSGEP
-18433.68 2.492153 0.3238974 0.9881967 1.456079 0.3135436 0 ENSG00000100104_SRRD
-35682.35 2.990231 0.03611578 1.021467 1.496496 0.4003657 0 ENSG00000148606_POLR3A
-11702.4 2.209295 0.1299282 0.9834868 0.719076 0.2564249 0 ENSG00000060558_GNA15
-23819.76 2.488631 0.08403424 0.9814946 0.8286177 0.2075982 0 ENSG00000165091_TMC1
-14131.15 2.742295 0.2523567 0.972744 0.8394835 0.04973048 0 ENSG00000124787_RPP40
-10201.92 2.91435 0.2349755 0.974313 0.8276275 0.0536968 0 ENSG00000139921_TMX1
-7905.76 2.03882 0.2201578 0.9894627 1.171897 0.095442 0 ENSG00000150977_RILPL2
-34503.16 2.954191 0.1834645 1.001455 1.758628 1.075864 0 ENSG00000155363_MOV10
-6912.582 2.962997 0.260839 0.9884872 1.360049 0.1865311 0 ENSG00000149792_MRPL49
-7220.774 2.194568 0.1377325 0.9919261 1.364331 0.1490379 0 ENSG00000108179_PPIF
-9770.999 2.597222 0.1053002 1.007893 1.291267 0.1604995 0 ENSG00000214415_GNAT3
-29505.62 2.016016 0.1424791 0.979496 0.3014965 0.9295727 0 ENSG00000155034_FBXL18
-9475.923 2.78766 0.09881654 0.9656616 0.353344 0.6860295 0 ENSG00000180423_HARBI1
-9905.375 2.791768 0.1211266 0.9796059 0.3942929 0.5947968 0 ENSG00000128311_TST
-7119.491 1.824793 0.1717343 0.9754505 0.2853963 2.193229 0 ENSG00000115286_NDUFS7
-15137.49 3.24926 0.0792022 0.984229 0.6781774 -0.07704012 0 ENSG00000110693_SOX6
-25522.95 3.548181 0.1884061 0.983804 0.7845193 0.1423609 0 ENSG00000125447_GGA3
-16230.58 2.803774 0.1129675 0.9733995 0.6208767 0.3573207 0 ENSG00000134901_KDELC1
-9628.056 2.614449 0.09166731 1.018257 1.9629 1.276262 0 ENSG00000160087_UBE2J2
-8871.914 2.466695 0.07153367 0.9911753 0.9125603 0.006306424 0 ENSG00000168300_PCMTD1
-18609.43 3.345394 0.1200514 0.9918838 0.9685556 0.0009177044 0 ENSG00000172932_ANKRD13D
-18890.04 2.354671 0.2850048 0.9782797 0.4502043 0.7372941 0 ENSG00000100987_VSX1
-12062.12 2.382106 0.0699922 1.00294 1.392836 0.1856621 0 ENSG00000113194_FAF2
-9200.191 3.021481 0.272182 0.9963981 1.669569 0.5651759 0 ENSG00000124391_IL17C
-27702.72 3.341699 0.1590596 1.015131 2.250858 1.404757 0 ENSG00000138131_LOXL4
-9817.293 3.243078 0.1455337 0.9893269 1.06332 0.00553637 0 ENSG00000159348_CYB5R1
-5896.634 3.593673 0.1314591 1.005618 1.546688 0.5189382 0 ENSG00000105700_KXD1
-19665.36 2.760014 0.1421097 1.003143 1.81579 0.8173635 0 ENSG00000115902_SLC1A4
-37859.3 2.861754 0.2156679 0.9763271 0.8199658 0.04056345 0 ENSG00000164989_CCDC171
-10610.91 2.807847 0.08700439 0.9568255 0.1425188 2.511394 0 ENSG00000100938_GMPR2
-21034.52 2.670126 0.02681189 0.9829417 0.6961668 0.4631085 0 ENSG00000055130_CUL1
-7909.597 2.918376 0.1910649 1.007055 1.719417 0.741272 0 ENSG00000164284_GRPEL2
-8726.239 3.090291 0.08073875 0.9453089 1.209202e-06 3.364048 0 ENSG00000179097_HTR1F
-8194.558 2.700504 0.09656833 1.002298 1.411176 0.2486302 0 ENSG00000168090_COPS6
-4662.824 3.046305 0.05665005 0.9773666 0.4820381 0.9079241 0 ENSG00000162772_ATF3
-23453.12 2.513617 0.1548673 0.9721699 0.2291902 1.621183 0 ENSG00000153395_LPCAT1
-8055.276 3.860789 0.4498699 0.9826615 0.8521691 0.05737253 0 ENSG00000206069_TMEM211
-38020.07 2.83089 0.3263392 0.9773221 1.022762 -0.0002272161 0 ENSG00000187554_TLR5
-87689.42 2.997396 0.2923117 0.9647537 0.6084356 0.5038271 0 ENSG00000144674_GOLGA4
-13290.91 3.259541 0.2399297 1.029803 2.196321 1.178807 0 ENSG00000186812_ZNF397
-26681.46 2.932926 0.08390922 0.9981657 1.218247 0.1027017 0 ENSG00000113161_HMGCR
-7908.181 3.2806 0.0905005 0.9947411 1.375354 0.1217337 0 ENSG00000135845_PIGC
-19286.76 3.0127 0.1397287 0.9801301 0.5096499 0.5365164 0 ENSG00000010256_UQCRC1
-5243.194 3.022619 0.0186607 0.9793015 0.5701808 0.3424759 0 ENSG00000115963_RND3
-12354.26 2.738871 0.08494762 0.983861 0.8796186 0.01529407 0 ENSG00000073921_PICALM
-18657.11 3.252251 0.1029331 0.9870163 0.5713814 0.4614725 0 ENSG00000063245_EPN1
-11107.84 2.871661 0.1464455 0.9845881 0.7315643 0.1821027 0 ENSG00000274286_ADRA2B
-90655.76 3.477714 0.6342983 0.9658409 0.9203752 0.02257371 0 ENSG00000012048_BRCA1
-5841.162 3.069307 0.1636277 0.9796571 0.6520414 0.3518861 0 ENSG00000172113_NME6
-32412.58 2.964284 0.07638262 1.00212 1.34782 0.264776 0 ENSG00000135372_NAT10
-15473.58 2.491932 0.1795801 1.003397 1.528572 0.3161432 0 ENSG00000115827_DCAF17
-17395.13 2.803149 0.1096089 0.9830311 0.8619543 0.05159619 0 ENSG00000136738_STAM
-14079.31 2.437712 0.1009665 0.9917846 1.10483 0.02310427 0 ENSG00000171877_FRMD5
-32524.39 3.164767 0.30233 0.9833772 0.2071092 1.862869 0 ENSG00000161992_PRR35
-12645.01 2.20832 0.06719211 1.002027 1.485571 0.2911808 0 ENSG00000184937_WT1
-19644.81 2.832095 0.203053 1.000118 2.336654 2.714285 0 ENSG00000174514_MFSD4
-9602.658 1.601433 0.2255145 0.9833752 1.060721 0.004473257 0 ENSG00000205309_NT5M
-29120.79 2.725024 0.04470383 1.005523 1.219539 -0.0806077 0 ENSG00000135298_BAI3
-21859.73 2.190918 0.1522339 0.9992578 1.771933 0.6658946 0 ENSG00000101331_CCM2L
-27620.12 2.681459 0.1245889 0.9971855 1.400105 0.1800665 0 ENSG00000090857_PDPR
-27536.2 3.128602 0.1615264 0.9646828 0.4310966 1.241458 0 ENSG00000156502_SUPV3L1
-27663.25 3.508379 0.1692968 0.9513848 0.3356318 1.397377 0 ENSG00000163507_KIAA1524
-9778.62 2.975091 0.04309894 0.9945819 1.076379 0.00321872 0 ENSG00000141580_WDR45B
-5477.171 2.634521 0.07020155 1.004208 2.119537 0.7574696 0 ENSG00000169840_GSX1
-25757.91 2.632617 0.1039461 1.012524 1.722182 0.6409622 0 ENSG00000179562_GCC1
-37535.96 3.760684 0.2166257 0.9783281 0.5664738 0.7142606 0 ENSG00000165282_PIGO
-22601.82 3.136759 0.1812896 0.9963125 1.430954 0.04451711 0 ENSG00000177045_SIX5
-28605.12 3.477794 0.08855728 0.9989411 1.221324 0.07134629 0 ENSG00000146830_GIGYF1
-37735.81 2.382311 0.3989486 0.9772076 0.8103365 -0.02359718 0 ENSG00000142609_CFAP74
-36349.4 2.389491 0.1616019 0.9822363 0.6858688 0.2361861 0 ENSG00000072786_STK10
-24803.96 3.062254 0.1151064 1.010442 1.320877 0.1572364 0 ENSG00000165156_ZHX1
-11054.74 2.135015 0.4089536 0.9789948 0.3554775 0.6724211 0 ENSG00000159871_LYPD5
-6242.012 2.558169 0.09081223 1.001144 1.258177 0.08478651 0 ENSG00000106080_FKBP14
-31936.33 2.77927 0.2291676 1.005217 1.691089 0.5326335 0 ENSG00000188554_NBR1
-12633.64 2.906506 0.1173704 0.9879816 1.018907 0.0002018977 0 ENSG00000121764_HCRTR1
-41768.01 2.690493 0.3187499 0.9677676 0.7368008 0.1656063 0 ENSG00000039537_C6
-24118.42 2.553099 0.1339322 0.9864227 0.8544198 0.0359757 0 ENSG00000124159_MATN4
-4371.001 3.030098 0.07631108 0.9778523 3.401653e-05 1.928629 0 ENSG00000135617_PRADC1
-51700.19 2.516156 0.1300921 0.9900601 1.032193 0.003398085 0 ENSG00000118200_CAMSAP2
-10958.63 2.241017 0.1679602 0.9920777 0.8123181 0.03115401 0 ENSG00000203883_SOX18
-6418.499 3.5508 0.02469225 1.012285 1.81309 0.6584696 0 ENSG00000171621_SPSB1
-19762.43 2.965578 0.369566 0.9712234 0.5032986 0.9324461 0 ENSG00000196227_FAM217B
-9201.006 2.21827 0.126158 0.9830031 0.3999797 0.490299 0 ENSG00000167136_ENDOG
-13011.51 2.808733 0.4288656 0.9663406 0.9372313 0.01533423 0 ENSG00000183346_C10orf107
-7937.594 3.116443 0.05762513 0.9868202 0.5998296 0.2598999 0 ENSG00000117016_RIMS3
-13850.68 3.237534 0.1280217 0.9606325 0.457769 0.7331339 0 ENSG00000116266_STXBP3
-10139.21 2.629047 0.1997489 0.9875186 0.5516204 0.2100815 0 ENSG00000174165_ZDHHC24
-3132.288 3.649218 0.3197555 0.9814713 1.14866 0.02233877 0 ENSG00000164106_SCRG1
-15769.09 2.603978 0.2553498 0.9962374 1.734287 0.5105489 0 ENSG00000061656_SPAG4
-23733.66 3.072768 0.0212123 0.9539206 0.2162493 1.929828 0 ENSG00000115524_SF3B1
-28660.23 2.40413 0.09849448 0.986879 0.9894427 -0.002632723 0 ENSG00000151694_ADAM17
-35604.9 2.305035 0.1963655 0.9988677 1.466912 0.345419 0 ENSG00000129347_KRI1
-9369.842 2.983753 0.1023835 0.9788374 0.6751357 0.2211673 0 ENSG00000114354_TFG
-14673.74 3.211446 0.1443132 0.9781648 0.7906941 0.07769395 0 ENSG00000074935_TUBE1
-34546.4 2.55175 0.03191518 0.9770292 0.5344211 0.6317401 0 ENSG00000198795_ZNF521
-38680.58 2.73973 0.1849933 0.9743033 0.6098657 0.4851322 0 ENSG00000147488_ST18
-35840.39 2.418577 0.0838314 0.9817343 0.7643587 0.1346184 0 ENSG00000108018_SORCS1
-24574.82 2.86154 0.4304872 0.9845575 1.043536 0.00566445 0 ENSG00000104953_TLE6
-19812.43 2.956349 0.09568058 0.9983924 1.223839 0.0731756 0 ENSG00000152689_RASGRP3
-15227.7 3.172562 0.05184642 0.9992039 1.410339 0.5233166 0 ENSG00000105270_CLIP3
-13756.27 2.380239 0.06180939 0.9967898 1.337983 0.1128414 0 ENSG00000101144_BMP7
-11010.41 2.228555 0.2141488 0.9833913 1.099441 0.01979294 0 ENSG00000204655_MOG
-19832.7 3.329643 0.5413203 0.9611519 0.6178956 0.3429907 0 ENSG00000167981_ZNF597
-26756.27 2.414955 0.1626655 0.9814533 0.8274557 0.05524524 0 ENSG00000172995_ARPP21
-5381.539 2.757351 0.2371757 1.022189 2.006538 1.35302 0 ENSG00000150787_PTS
-77112.13 3.99432 0.04660303 1.002419 1.234208 -0.5192634 0 ENSG00000196924_FLNA
-37057.17 3.530908 0.2116639 0.9753775 0.5269 0.8892574 0 ENSG00000169641_LUZP1
-17149.41 3.255297 0.05441181 1.06402 2.568839 -4.701369 0 ENSG00000171492_LRRC8D
-17486.94 2.950044 0.1111426 0.9792504 0.7459639 0.1482807 0 ENSG00000035499_DEPDC1B
-13753.55 3.421612 0.1959395 0.9698954 0.3676729 0.6564764 0 ENSG00000112473_SLC39A7
-14197.31 2.077464 0.06736274 0.9726571 0.000374369 1.755748 1 ENSG00000104888_SLC17A7
-31757.56 3.120814 0.354337 0.9828158 1.335384 0.1959814 0 ENSG00000197057_DTHD1
-13048.98 2.954223 0.1712071 0.9638661 4.913289e-05 2.650519 0 ENSG00000169252_ADRB2
-4924.923 2.078008 0.08015845 0.9789746 0.6495346 0.3427523 0 ENSG00000164758_MED30
-9843.678 2.819146 0.1739009 0.9934989 1.251343 0.1082207 0 ENSG00000141698_NT5C3B
-79565.45 2.726927 0.09035565 1.000693 1.382869 -0.8464471 0 ENSG00000173898_SPTBN2
-15711.32 3.40425 0.2369056 0.9829681 0.4780993 1.434968 0 ENSG00000101255_TRIB3
-15104.64 2.855248 0.2541264 0.999616 1.70989 1.036159 0 ENSG00000110887_DAO
-5404.136 2.622953 0.2334174 0.9839132 1.034699 0.001485814 0 ENSG00000108826_MRPL27
-14612.94 2.892497 0.1178147 0.9915119 1.017962 0.0004546664 0 ENSG00000154359_LONRF1
-25868.55 2.246979 0.1246387 0.9823628 0.7653052 0.1158865 0 ENSG00000005100_DHX33
-28956.82 2.811114 0.1171685 0.9805398 0.7738742 0.1052759 0 ENSG00000213079_SCAF8
-19036.51 2.632254 0.1770944 0.9849882 1.044717 0.002695305 0 ENSG00000106086_PLEKHA8
-16882.41 2.617759 0.2592876 0.9521574 0.2648334 2.529554 0 ENSG00000135972_MRPS9
-15365.1 2.958062 0.3785883 0.9772683 0.6753787 0.3047665 0 ENSG00000146670_CDCA5
-62511.52 2.9255 0.1507281 0.9770133 0.7154208 -0.3017488 0 ENSG00000104067_TJP1
-21045.89 3.325434 0.2440229 0.9793923 0.4620085 0.4283673 0 ENSG00000100034_PPM1F
-8439.119 2.235914 0.08335585 0.9894495 0.8670031 0.03308596 0 ENSG00000144119_C1QL2
-15387.08 2.7187 0.3356127 0.9901485 1.51731 0.1338665 0 ENSG00000254585_MAGEL2
-19493.66 3.032137 0.1984188 0.962281 0.0002796951 2.773424 0 ENSG00000111012_CYP27B1
-12362.27 2.264324 0.03467362 1.024055 1.870967 0.8573155 0 ENSG00000065665_SEC61A2
-26759.66 3.020628 0.1696109 0.9754721 0.6051544 0.4750644 0 ENSG00000058866_DGKG
-34839.85 3.030714 0.1417682 1.025153 3.316162 5.067182 0 ENSG00000123453_SARDH
-76736.32 3.217093 0.1609833 0.9953317 1.207724 0.1128928 0 ENSG00000130723_PRRC2B
-15157.16 2.113295 0.3132386 0.9866679 1.47113 0.3597738 0 ENSG00000111802_TDP2
-4849.827 2.210654 0.1247824 0.9806487 0.9027147 0.0135395 0 ENSG00000113966_ARL6
-8672.271 3.00873 0.0626048 1.011612 1.601466 0.4325127 0 ENSG00000157064_NMNAT2
-30311.66 3.287397 0.2188805 0.9792329 0.8138777 0.07341544 0 ENSG00000197415_VEPH1
-18072.61 2.925863 0.1648425 0.9776426 0.3438043 0.7474761 0 ENSG00000135454_B4GALNT1
-17752.5 2.544145 0.2517491 0.9905083 1.577475 0.3048375 0 ENSG00000017483_SLC38A5
-11865.39 2.448182 0.2728222 0.9909332 1.647934 0.4715407 0 ENSG00000162511_LAPTM5
-123484.6 3.213071 0.3578377 0.9744416 0.5886218 0.2254764 0 ENSG00000129566_TEP1
-28537.98 3.229512 0.1235712 0.9730533 0.4027292 1.611262 0 ENSG00000133059_DSTYK
-24108.58 2.772321 0.1417612 1.018622 1.804776 0.9746534 0 ENSG00000101311_FERMT1
-14235.08 2.784221 0.1527075 0.985858 1.097495 0.01352779 0 ENSG00000139211_AMIGO2
-7163.267 2.698656 0.3071947 0.9863677 0.9970732 -1.912379e-06 0 ENSG00000125122_LRRC29
-31675.25 2.767721 0.05125526 1.012774 1.347126 2.356734 0 ENSG00000178568_ERBB4
-9748.299 2.944033 0.1947376 1.015179 3.12135 2.634446 0 ENSG00000116035_VAX2
-9559.281 2.693028 0.2289931 0.9731453 0.8597359 0.03441134 0 ENSG00000138068_SULT6B1
-9818.038 1.870803 0.09206941 0.9844715 0.8446203 0.05877193 0 ENSG00000154764_WNT7A
-11619.42 2.599124 0.1602092 0.9872968 1.168728 0.04403413 0 ENSG00000162928_PEX13
-19396.78 2.893762 0.09808613 0.9890734 1.034334 0.003626609 0 ENSG00000172350_ABCG4
-28366.33 2.889212 0.2671002 0.9543292 0.3516289 1.413063 0 ENSG00000028203_VEZT
-18269.95 2.448901 0.09259059 1.014603 1.646739 0.573177 0 ENSG00000077327_SPAG6
-12639.08 3.158271 0.1020062 1.00258 1.203707 0.1199051 0 ENSG00000168495_POLR3D
-50256.02 2.947969 0.2393602 0.9980926 1.945322 0.7658354 0 ENSG00000159363_ATP13A2
-22233.21 2.277662 0.2071885 0.9889426 1.227595 0.08759549 0 ENSG00000116701_NCF2
-31965.69 2.312247 0.1206366 0.9864079 0.6629221 0.2956473 0 ENSG00000158321_AUTS2
-16127.88 2.037304 0.1986536 0.9874215 1.162555 0.1084173 0 ENSG00000117054_ACADM
-14280.86 2.614306 0.02879769 1.017816 1.621966 0.4488523 0 ENSG00000196353_CPNE4
-65893.3 3.054936 0.2696432 0.9663264 0.3351176 1.295942 1 ENSG00000198300_PEG3
-42170.83 3.389011 0.1293341 0.9913986 1.04784 0.00270145 0 ENSG00000167716_WDR81
-12550.37 2.456867 0.2913703 0.9965201 1.500547 0.5593299 0 ENSG00000154429_CCSAP
-14496.33 2.069472 0.08435711 0.9947874 1.077864 -0.01395964 0 ENSG00000277586_NEFL
-50298.18 2.91141 0.2991263 0.9843368 1.175449 0.05549313 0 ENSG00000178163_ZNF518B
-83428.74 3.176237 0.1825696 0.9806431 0.3956774 2.617093 0 ENSG00000198753_PLXNB3
-36749.98 3.210813 0.05004003 1.036555 1.991066 -0.6678445 0 ENSG00000074054_CLASP1
-22532.33 3.208771 0.1587367 0.9971436 1.30062 0.1218687 0 ENSG00000118496_FBXO30
-22015.73 2.074361 0.1986238 0.9902289 1.316859 0.2081891 0 ENSG00000115252_PDE1A
-25591.67 3.19482 0.1927722 0.9757184 0.4250357 0.850162 0 ENSG00000105127_AKAP8
-21511.82 2.484645 0.3553209 0.9822311 0.7383678 0.1261537 0 ENSG00000172270_BSG
-15250.98 3.39722 0.2074702 1.008928 2.701122 2.108759 0 ENSG00000115649_CNPPD1
-14621.23 2.647313 0.1400223 0.980253 0.8036572 0.1084294 0 ENSG00000035115_SH3YL1
-2156.151 2.250739 0.3350246 0.9715013 0.4425256 0.3914828 0 ENSG00000137731_FXYD2
-33784.95 2.912197 0.3600372 0.9901421 1.147932 0.01543612 0 ENSG00000228672_PROB1
-6455.358 2.228163 0.08885892 0.9930227 1.051766 -0.004624436 0 ENSG00000148826_NKX6-2
-22765.28 2.91978 0.2892013 0.9673175 0.2415155 1.530557 0 ENSG00000149218_ENDOD1
-21423.68 2.527438 0.1443281 1.003068 1.650949 0.7918027 0 ENSG00000137699_TRIM29
-17094.21 2.692169 0.1658739 0.9759381 0.7480518 0.08862413 0 ENSG00000110911_SLC11A2
-12210.61 2.075612 0.08339017 1.013861 1.970515 1.281076 0 ENSG00000137693_YAP1
-14228.27 2.315139 0.1598436 0.9710724 0.7915645 0.09581038 0 ENSG00000084073_ZMPSTE24
-14287.67 4.000458 0.2348331 1.011656 1.645593 0.4833449 0 ENSG00000181894_ZNF329
-36321.99 3.330835 0.1335491 0.9940375 1.101643 0.01723296 0 ENSG00000050820_BCAR1
-24502.89 2.436566 0.07666877 1.020819 1.394961 0.2690415 0 ENSG00000196504_PRPF40A
-33338.54 3.25832 0.2514913 0.9784587 1.025367 0.001750234 0 ENSG00000164953_TMEM67
-29531.55 2.985609 0.1519326 1.048719 2.842609 3.319777 0 ENSG00000076242_MLH1
-8482.913 3.346778 0.05036464 0.9728326 0.0001398853 1.515197 0 ENSG00000165495_PKNOX2
-16924.89 2.964021 0.4562824 0.9916146 1.658087 0.6306383 0 ENSG00000205838_TTC23L
-5361.53 3.116407 0.03413242 1.002682 1.1883 0.06359057 0 ENSG00000101246_ARFRP1
-27125.43 2.577807 0.09689665 0.9645357 0.4225852 0.9751192 0 ENSG00000141385_AFG3L2
-30174.86 2.931317 0.09177853 0.9900689 0.9323514 0.01008618 0 ENSG00000148468_FAM171A1
-56727.33 3.1368 0.1337617 0.9796421 0.7381396 -0.06479681 0 ENSG00000128829_EIF2AK4
-5882.497 2.7805 0.1191417 0.9788319 0.7850105 0.1170042 0 ENSG00000172172_MRPL13
-20791.66 2.612165 0.3438642 0.9917005 1.699508 1.025249 0 ENSG00000112077_RHAG
-14195.08 3.667908 0.1429564 0.9932899 1.068816 0.01141998 0 ENSG00000102359_SRPX2
-13013.48 2.435981 0.04502051 1.008011 1.275733 0.09620295 0 ENSG00000117222_RBBP5
-3310.622 2.783842 0.1619723 1.003048 1.721082 0.352296 0 ENSG00000087884_AAMDC
-15318.76 2.889605 0.3305032 0.9621684 0.7422505 0.1303636 0 ENSG00000114204_SERPINI2
-24786.32 3.030491 0.1920714 0.9922967 1.413741 0.1893885 0 ENSG00000007541_PIGQ
-27750.77 2.670692 0.2643772 0.9920045 1.322944 0.2185712 0 ENSG00000166439_RNF169
-23420.44 3.085393 0.2015741 0.9826922 0.5814415 0.3107733 0 ENSG00000188566_NDOR1
-12547.42 2.220122 0.2812061 0.9865954 0.8089847 0.1042839 0 ENSG00000184731_FAM110C
-43339 2.971539 0.2627763 0.977885 0.6192033 0.3667104 0 ENSG00000163814_CDCP1
-22045.26 2.713004 0.4578439 0.962334 6.572459e-06 3.340334 0 ENSG00000132297_HHLA1
-31899.83 2.444 0.1525604 0.9738607 0.7565022 0.1921138 0 ENSG00000140563_MCTP2
-10102.26 2.770226 0.07070344 0.9731901 0.0001361105 2.005532 0 ENSG00000148798_INA
-12263 3.388226 0.07976659 0.98567 0.7905579 0.07756726 0 ENSG00000186625_KATNA1
-54508.8 2.480639 0.1775871 0.9999458 2.064092 1.641598 0 ENSG00000063169_GLTSCR1
-13841.96 3.488803 0.05221679 1.002428 0.9796607 0.0003348421 0 ENSG00000070367_EXOC5
-34877.78 2.91463 0.1208539 0.9778909 0.3697883 0.647494 0 ENSG00000129467_ADCY4
-5242.187 2.677645 0.04771436 1.004635 1.577043 0.8286446 0 ENSG00000072849_DERL2
-129724.2 3.142709 0.2065863 0.9769517 0.7936252 0.1591972 0 ENSG00000165124_SVEP1
-6481.264 2.699136 0.07091022 0.9864469 0.8881939 0.03199953 0 ENSG00000086300_SNX10
-12883.19 3.041788 0.2112151 0.9666345 0.5835118 0.293276 0 ENSG00000082146_STRADB
-15893.58 3.319041 0.1112808 0.9920048 1.102185 0.02496297 0 ENSG00000174343_CHRNA9
-7658.289 2.843412 0.3435581 0.9743231 0.7550547 0.1143457 0 ENSG00000118491_ZC2HC1B
-11465.93 2.536634 0.227944 0.9919023 1.315785 0.150152 0 ENSG00000185737_NRG3
-18855.92 2.994122 0.1648807 1.012119 1.540706 0.4176199 0 ENSG00000198901_PRC1
-4196.505 1.959281 0.258481 1.00919 2.531956 1.290865 0 ENSG00000255302_EID1
-41542.81 2.203761 0.3287609 0.9628482 0.5981119 0.4107649 0 ENSG00000104450_SPAG1
-41295.02 2.68337 0.1626745 0.9645804 0.5246285 0.467586 0 ENSG00000125257_ABCC4
-25312.25 2.080118 0.1435148 0.9963309 1.457676 0.2309454 0 ENSG00000007047_MARK4
-36108.99 2.697633 0.09793283 0.9818998 0.6345013 0.5064752 0 ENSG00000182463_TSHZ2
-65521.74 3.787074 0.2308811 1.027097 1.674814 0.5797252 0 ENSG00000101745_ANKRD12
-13148.51 2.386429 0.1042372 0.9854804 1.04207 -0.01201784 0 ENSG00000157593_SLC35B2
-19747.34 2.330947 0.1621479 0.9857297 0.8894689 0.01857299 0 ENSG00000146054_TRIM7
-27430.46 3.016916 0.04947545 1.016892 1.433325 0.4038529 0 ENSG00000065150_IPO5
-12137.49 3.08184 0.1222736 0.9754613 0.4876388 0.5711098 0 ENSG00000163686_ABHD6
-20267.64 2.616544 0.3058709 0.9894373 1.519095 0.2908885 0 ENSG00000155463_OXA1L
-9011.963 3.114086 0.06639933 0.9839868 0.6663738 0.4133356 0 ENSG00000119408_NEK6
-34654.86 3.333549 0.1937935 0.9802144 0.5934811 0.7342179 0 ENSG00000148600_CDHR1
-8173.519 3.556108 0.0524861 0.9738572 0.4735628 0.6423379 0 ENSG00000134183_GNAT2
-6292.296 3.253864 0.07728953 1.016681 1.461323 0.2232194 0 ENSG00000112531_QKI
-6162.116 2.424606 0.1295463 0.9888771 1.098661 0.02633747 0 ENSG00000189067_LITAF
-10579.67 3.018693 0.1422382 0.9483457 7.309373e-06 4.438669 0 ENSG00000155975_VPS37A
-16404.16 3.035402 0.1506361 0.9676585 0.3374924 0.7546963 0 ENSG00000152779_SLC16A12
-19828.56 2.853624 0.4188675 0.966 0.6889296 0.2835196 0 ENSG00000102738_MRPS31
-26291.14 2.824456 0.1104871 1.004739 1.383445 0.4226204 0 ENSG00000138639_ARHGAP24
-8808.49 2.135107 0.227261 0.9643944 7.005341e-06 1.496001 0 ENSG00000168874_ATOH8
-46363.04 2.515343 0.2474388 0.9778574 0.4941589 0.5886986 0 ENSG00000106100_NOD1
-13875.92 1.868694 0.1439161 0.9708676 0.3229763 0.8531409 0 ENSG00000170275_CRTAP
-12163.72 2.529289 0.1634815 0.9932389 1.218026 -0.1722667 0 ENSG00000104626_ERI1
-51482.46 3.036763 0.3200857 0.9963861 1.598626 0.7209872 0 ENSG00000176915_ANKLE2
-7659.797 2.454454 0.6500204 0.9641478 0.6252172 0.3380336 0 ENSG00000113520_IL4
-33607.66 1.94441 0.2059416 0.9869763 0.7696036 0.09272689 0 ENSG00000160999_SH2B2
-17501.66 2.829882 0.236867 1.018043 2.192874 1.420044 0 ENSG00000166788_SAAL1
-39149.06 2.87718 0.2697051 0.9799526 1.087525 0.02363587 0 ENSG00000138658_ZGRF1
-17433.27 2.887727 0.1719594 0.9752945 0.5238023 0.4719041 0 ENSG00000103423_DNAJA3
-22708.82 2.336543 0.2484455 0.9849247 1.384505 0.2672816 0 ENSG00000118596_SLC16A7
-15017.52 3.711627 0.2824709 0.9816889 0.6796168 0.4340302 0 ENSG00000188493_C19orf54
-29477.66 2.747844 0.1050416 1.068595 3.636326 4.203459 0 ENSG00000197912_SPG7
-10601.49 3.175361 0.01759334 0.9663728 0.1877033 1.243264 0 ENSG00000183785_TUBA8
-69230.83 2.846686 0.3545896 0.9846591 1.16445 0.03705484 0 ENSG00000197565_COL4A6
-5587.211 3.330611 0.3320091 0.9798338 0.8219652 0.06424917 0 ENSG00000101198_NKAIN4
-15631.71 2.999814 0.174724 1.008076 1.395818 0.2689008 0 ENSG00000166479_TMX3
-5246.921 2.395803 0.05864407 1.018512 1.206406 0.05459216 0 ENSG00000100554_ATP6V1D
-5595.409 3.2557 0.1666729 0.9913533 1.055843 0.004447518 0 ENSG00000104081_BMF
-14866.21 2.702443 0.3337059 0.9691151 0.9037878 0.01747387 0 ENSG00000154997_SEPT14
-4892.737 2.899454 0.03138278 1.045941 1.862266 0.553649 0 ENSG00000114279_FGF12
-8532.629 1.891112 0.1049469 0.9793361 3.581144e-05 0.8124737 0 ENSG00000184261_KCNK12
-20201.3 2.926347 0.184467 1.007596 2.744896 1.929526 0 ENSG00000147813_NAPRT
-3009.612 2.617557 0.2215879 0.9829113 1.283436 0.07574853 0 ENSG00000096092_TMEM14A
-19187.45 2.686636 0.1352423 0.9812484 0.5460069 0.7742365 0 ENSG00000174348_PODN
-13466.73 3.052235 0.1084401 0.9720943 0.675273 0.2330317 0 ENSG00000182050_MGAT4C
-25482.1 2.244291 0.07893032 0.9779018 0.449593 1.141532 0 ENSG00000176884_GRIN1
-18221.43 2.844674 0.2644257 0.9661251 0.6836944 0.2039406 0 ENSG00000256394_ASIC5
-4521.496 2.304801 0.09330109 1.019659 1.676702 0.4697792 0 ENSG00000162384_C1orf123
-44111.7 2.745071 0.3570514 0.9702344 3.151281e-05 2.954428 0 ENSG00000111331_OAS3
-7569.574 2.70804 0.1126291 0.9876482 0.7111742 0.2672534 0 ENSG00000171368_TPPP
-17768.04 3.117568 0.2719444 0.9961649 1.587074 0.5347928 0 ENSG00000140398_NEIL1
-12132.21 3.337401 0.1616824 0.9981431 1.480686 0.2519931 0 ENSG00000149582_TMEM25
-9840.139 3.108746 0.06900191 0.9742698 0.4821998 0.617119 0 ENSG00000147475_ERLIN2
-9575.447 4.279758 0.0956219 1.034319 3.125276 4.222342 0 ENSG00000117411_B4GALT2
-3042.887 2.517222 0.1437801 0.9865008 0.8353136 0.07342688 0 ENSG00000145022_TCTA
-13349.17 2.722283 0.188678 0.9905632 1.138651 0.02604661 0 ENSG00000160408_ST6GALNAC6
-15886.22 2.554778 0.1831476 1.033944 2.399368 2.022318 0 ENSG00000140743_CDR2
-20550.71 3.038114 0.03267045 1.016818 1.212027 0.07774853 0 ENSG00000205339_IPO7
-21753 3.634559 0.1651836 0.988821 0.8151815 0.06107664 0 ENSG00000137221_TJAP1
-13041.25 2.947746 0.04016615 0.9836806 0.2511164 0.8055851 0 ENSG00000179348_GATA2
-8329.077 4.638249 0.05964209 1.027236 2.430697 1.434258 0 ENSG00000108528_SLC25A11
-48215.84 3.974823 0.15484 1.017398 2.3904 2.006882 0 ENSG00000178921_PFAS
-20936.55 2.7521 0.04154985 1.014851 1.800695 0.9017793 0 ENSG00000165914_TTC7B
-42933.15 2.855512 0.5874186 1.010333 2.631228 2.456436 0 ENSG00000153157_SYCP2L
-40672.42 2.756714 0.1767062 1.03067 2.270576 1.898111 0 ENSG00000133657_ATP13A3
-27392.96 3.322176 0.2548295 0.9891513 1.074642 0.0150558 0 ENSG00000088325_TPX2
-17264.76 2.804239 0.1809863 0.9912669 1.183322 0.04687762 0 ENSG00000065485_PDIA5
-11419.89 2.795374 0.234135 0.9836806 0.5451407 0.5614331 0 ENSG00000105617_LENG1
-29438.02 3.226498 0.2535768 0.9919104 1.283051 0.144352 0 ENSG00000132801_ZSWIM3
-14968.45 3.698195 0.0596634 0.9642388 4.167886e-05 2.400768 0 ENSG00000101337_TM9SF4
-32889.84 2.87698 0.1223748 0.988324 1.015133 -0.0007665479 0 ENSG00000048028_USP28
-25018.95 3.107057 0.3610379 1.001179 2.0376 1.609185 0 ENSG00000056972_TRAF3IP2
-85795.84 3.452165 0.07238146 0.9720975 0.009270657 3.169067 0 ENSG00000143126_CELSR2
-12601.53 2.954061 0.2054385 0.9876087 1.213267 0.05908147 0 ENSG00000169403_PTAFR
-20037.98 3.57102 0.2577962 0.9827664 0.6136647 0.345186 0 ENSG00000142698_C1orf94
-33691.53 2.378414 0.2365972 0.9787177 0.7691884 -0.2351517 0 ENSG00000142606_MMEL1
-16982.79 2.517179 0.142015 0.9706367 0.3533701 0.709329 0 ENSG00000078549_ADCYAP1R1
-11810.52 2.702451 0.1578287 0.9790654 0.869933 0.03495032 0 ENSG00000122643_NT5C3A
-8596.714 3.544226 0.01359185 1.068534 3.243916 3.920405 0 ENSG00000078369_GNB1
-17935.07 2.116066 0.154102 0.9778622 0.5003521 0.4116218 0 ENSG00000109066_TMEM104
-5594.971 2.181434 0.7039773 0.9668463 0.8931125 0.01198201 0 ENSG00000187569_DPPA3
-52297.65 3.184318 0.3373236 0.9777765 1.107322 0.02150407 0 ENSG00000116678_LEPR
-19645.71 2.866294 0.2442918 0.9777125 0.0002715513 2.161107 0 ENSG00000181284_TMEM102
-27142.52 2.585846 0.06190378 0.987013 0.6741429 0.2190627 0 ENSG00000085872_CHERP
-7387.628 3.228714 0.185871 0.9787713 0.7515307 0.1287548 0 ENSG00000168158_OR2C1
-7223.529 3.594854 0.06505953 1.013394 1.547936 0.3647331 0 ENSG00000113552_GNPDA1
-11726.81 2.296986 0.2505911 0.9445932 0.001920131 3.601404 0 ENSG00000176623_RMDN1
-79488.16 3.675169 0.1635201 0.9936213 1.240032 0.07390289 0 ENSG00000164050_PLXNB1
-10912.87 2.768649 0.4320679 0.9812993 1.195288 0.0634026 0 ENSG00000112149_CD83
-30360.59 3.131736 0.1115932 0.9726622 0.3187183 0.9442599 0 ENSG00000113645_WWC1
-6204.384 4.140584 0.054622 1.002243 1.116339 0.02147929 1 ENSG00000165886_UBTD1
-10853.64 3.039984 0.1670375 0.9970779 1.218743 0.06368049 0 ENSG00000101844_ATG4A
-18590.67 2.802369 0.04400795 1.001292 1.119028 0.1554513 0 ENSG00000108799_EZH1
-12024.91 2.547967 0.289292 0.9797566 0.6079785 0.2481135 0 ENSG00000185519_FAM131C
-22508.73 2.588436 0.1298198 0.9766944 0.6732399 0.1635047 0 ENSG00000118473_SGIP1
-37754.09 3.014435 0.1690057 0.986382 1.023567 0.0008357492 0 ENSG00000104043_ATP8B4
-8435.009 4.030004 0.08798165 1.0031 1.187223 0.03359307 0 ENSG00000168917_SLC35G2
-25328.37 2.092738 0.6316743 0.9622968 0.6499591 0.2489172 0 ENSG00000154040_CABYR
-21778.71 3.567049 0.2197313 0.9878809 1.234979 0.0974073 0 ENSG00000170820_FSHR
-14468.6 2.530152 0.1110718 1.016248 1.768071 0.8207429 0 ENSG00000130560_UBAC1
-45967.09 3.348988 0.08424199 1.020079 1.423697 0.3264329 0 ENSG00000165521_EML5
-8207.705 3.086691 0.05179223 1.000418 1.403852 0.1906002 0 ENSG00000149547_EI24
-4372.641 2.860659 0.06728977 0.9789953 0.6361988 0.2180484 0 ENSG00000171135_JAGN1
-10605.83 2.654371 0.08382217 0.9703459 0.3373148 1.489892 0 ENSG00000138795_LEF1
-7915.523 2.593905 0.2663993 0.9898394 1.299581 0.1423762 0 ENSG00000176256_HMGB4
-15239.77 3.138454 0.2465394 1.013183 2.648813 1.330719 0 ENSG00000180432_CYP8B1
-11354.64 2.584245 0.1962755 0.9581243 0.3553614 1.381581 0 ENSG00000105854_PON2
-10439.08 2.872765 0.1055232 0.9816552 0.7936219 0.0993643 0 ENSG00000166908_PIP4K2C
-12200.78 2.12228 0.1835405 0.9714589 0.303085 0.9815364 0 ENSG00000099282_TSPAN15
-5851.58 2.664787 0.0436485 0.9818312 0.6798935 0.2090643 0 ENSG00000137154_RPS6
-34244.34 2.730394 0.1983095 0.994539 1.403459 0.3207482 0 ENSG00000164099_PRSS12
-4991.284 2.741554 0.06531807 1.008644 1.787154 0.3440507 0 ENSG00000204103_MAFB
-21694.68 3.051353 0.2459927 0.9842564 1.045326 0.004336029 0 ENSG00000005175_RPAP3
-41884.21 2.704404 0.06329427 1.04704 2.360396 2.225027 0 ENSG00000069431_ABCC9
-12182.82 2.31478 0.1391375 0.9879068 0.9070514 0.01469524 0 ENSG00000128309_MPST
-12551.23 3.205281 0.1705191 0.9862264 0.6750341 0.3399587 0 ENSG00000116990_MYCL
-13230.39 3.147971 0.1747936 0.9899212 0.9913573 0.0002236378 0 ENSG00000168269_FOXI1
-48864.85 2.219556 0.198928 0.9951472 1.460671 0.3222726 0 ENSG00000120645_IQSEC3
-10221.95 2.286312 0.0731477 1.001254 1.720241 0.418475 0 ENSG00000075290_WNT8B
-10126.53 3.05876 0.1813557 0.9846844 0.974775 0.0009759361 0 ENSG00000079689_SCGN
-13165.11 2.673042 0.310397 0.9619582 0.5144645 0.9270834 0 ENSG00000165275_TRMT10B
-18498.88 3.023373 0.1089152 0.9985851 1.088048 0.01031546 0 ENSG00000147010_SH3KBP1
-26563.47 2.41017 0.1055046 0.9813277 0.8196609 0.08129984 0 ENSG00000164116_GUCY1A3
-13536.45 2.366584 0.2138469 0.9826484 0.7028356 0.2583802 0 ENSG00000105131_EPHX3
-27496.61 2.482355 0.3529913 0.9942561 1.818784 0.6587363 0 ENSG00000166035_LIPC
-4837.618 2.127048 0.1308422 0.988103 0.8426827 0.05327882 0 ENSG00000162642_C1orf52
-10984.15 2.438363 0.1478742 1.001663 1.639813 0.598211 0 ENSG00000206422_LRRC30
-69911.51 2.944425 0.0834521 0.9898118 0.9586655 0.002678663 0 ENSG00000107331_ABCA2
-16246.31 2.410272 0.1488969 0.9933469 1.175926 -0.009510018 0 ENSG00000119787_ATL2
-18998.41 2.555054 0.1842247 1.003325 1.987057 1.093843 0 ENSG00000015285_WAS
-10266.39 3.050881 0.4711253 0.9636959 0.816105 0.08933475 0 ENSG00000163600_ICOS
-25610.88 3.060947 0.2786655 0.9619373 0.4507628 0.7606687 0 ENSG00000122882_ECD
-9010.656 2.900352 0.07935621 0.9704265 0.5755954 0.4660541 0 ENSG00000085365_SCAMP1
-7980.472 3.462064 0.5289091 0.9808302 0.6194895 0.573634 0 ENSG00000183888_C1orf64
-22791.21 3.346695 0.1720713 0.9902314 1.088132 0.008424106 0 ENSG00000178188_SH2B1
-12418.3 3.003579 0.4000284 0.993792 1.412975 0.2929435 0 ENSG00000166069_TMCO5A
-43510.96 2.891396 0.1393068 0.9914501 1.131815 0.02370912 0 ENSG00000027644_INSRR
-26177.52 3.091282 0.2146522 0.9857376 1.004553 -0.0009100243 0 ENSG00000106052_TAX1BP1
-5198.318 2.086159 0.08428243 0.9948461 1.075614 0.002330405 0 ENSG00000109534_GAR1
-3374.77 3.295749 0.1526242 1.01499 1.565007 0.5130952 0 ENSG00000167183_PRR15L
-27198.16 3.102104 0.2399411 0.9899725 0.9914235 0.0008320888 0 ENSG00000100139_MICALL1
-7091.926 2.581896 0.283216 0.9709585 0.6924354 0.2060635 0 ENSG00000256053_APOPT1
-13534.2 2.745 0.2879973 0.983843 0.8353803 0.03178926 0 ENSG00000134830_C5AR2
-17385.8 2.97498 0.0773005 0.9961924 1.181485 0.04742616 0 ENSG00000198720_ANKRD13B
-12311.01 2.615229 0.1590345 1.01361 1.839322 0.9346853 0 ENSG00000074696_PTPLAD1
-67483.87 2.632026 0.05598218 0.9672618 0.4809914 0.5958647 0 ENSG00000123104_ITPR2
-46619.34 2.959223 0.1678366 0.9920364 1.09004 0.0190049 0 ENSG00000177311_ZBTB38
-11655.27 3.501725 0.1541434 0.9951713 1.452406 0.2614146 0 ENSG00000161179_YDJC
-124288.9 3.086454 0.1529898 0.9859794 0.9701711 0.001443051 0 ENSG00000150893_FREM2
-30352.97 3.191842 0.1566495 0.9992873 1.622443 0.782319 0 ENSG00000115657_ABCB6
-14235.48 2.586481 0.2392149 0.98032 0.8350009 0.06412016 0 ENSG00000137819_PAQR5
-66631.24 2.850872 0.5966277 0.9677329 0.984885 0.0007874496 0 ENSG00000184661_CDCA2
-2910.143 2.366533 0.1049522 1.154674 3.835818 2.935304 0 ENSG00000134717_BTF3L4
-14727.67 2.613002 0.1667687 0.988622 1.126963 0.02859691 0 ENSG00000165475_CRYL1
-15426.47 2.674058 0.08616788 0.9961408 1.37429 0.1105156 0 ENSG00000132164_SLC6A11
-27237.6 2.680252 0.06804267 0.97885 0.5968792 0.6160803 0 ENSG00000204681_GABBR1
-13163.27 3.422544 0.3661206 0.9906327 1.299204 0.1003633 0 ENSG00000101197_BIRC7
-13089.15 2.068695 0.1405844 0.9949277 1.521481 0.2510416 0 ENSG00000161835_GRASP
-17220.72 2.221897 0.1366791 1.004625 1.831043 0.841529 0 ENSG00000106266_SNX8
-14980.49 2.686576 0.5667156 0.9744758 0.3526275 1.393159 0 ENSG00000134470_IL15RA
-8080.768 2.789142 0.1400544 0.9840994 0.4339846 0.4021709 0 ENSG00000141933_TPGS1
-12133.84 2.519274 0.06378212 0.9811389 0.7988715 0.07591743 0 ENSG00000082482_KCNK2
-23024.66 2.964527 0.1601751 0.9854517 0.9296081 0.009500321 0 ENSG00000132128_LRRC41
-13393.64 3.251505 0.09302201 0.9973673 1.334411 0.1337579 0 ENSG00000221838_AP4M1
-15680.54 2.846339 0.05926056 1.021079 1.583273 0.4469901 0 ENSG00000073969_NSF
-7747.786 3.871295 0.2968482 1.009103 1.911117 0.9027525 0 ENSG00000147003_TMEM27
-24843.69 2.736316 0.1878361 0.9746695 0.7266052 0.1571105 0 ENSG00000146411_SLC2A12
-62263 3.382909 0.4066385 0.9824495 1.194121 0.05904946 0 ENSG00000139218_SCAF11
-5435.037 2.841332 0.1129127 0.99746 1.511549 0.1825825 0 ENSG00000100276_RASL10A
-7559.727 2.670287 0.08255455 0.9873004 0.8585452 0.03373195 0 ENSG00000100417_PMM1
-3075.807 2.962984 0.231655 0.9924119 0.9532409 0.001408609 0 ENSG00000182600_C2orf82
-9945.342 3.156467 0.200285 1.009147 1.606162 0.6130388 0 ENSG00000182919_C11orf54
-23057.36 3.294083 0.2199634 1.052671 2.510267 2.069654 0 ENSG00000152193_RNF219
-18616.23 2.901631 0.3224362 0.9918431 1.4822 0.3056801 0 ENSG00000176953_NFATC2IP
-14199.35 2.659221 0.255595 0.9689344 0.5777641 0.3478741 0 ENSG00000115828_QPCT
-40536.83 2.555111 0.1125255 1.011943 1.751313 0.788059 0 ENSG00000065000_AP3D1
-26528.01 2.408349 0.1027147 0.9732387 0.4782488 0.6269075 0 ENSG00000168575_SLC20A2
-76306.84 3.626628 0.3439314 0.99013 1.302435 0.2713805 0 ENSG00000088827_SIGLEC1
-30723.48 2.769351 0.0938962 0.9957944 1.215297 -0.3808032 0 ENSG00000173320_STOX2
-15418.88 3.52743 0.294654 0.9789322 0.6391854 0.151434 0 ENSG00000188822_CNR2
-20139.9 3.465963 0.1361756 0.9804445 0.7564318 0.1103303 0 ENSG00000153930_ANKFN1
-105911.1 2.9612 0.1698786 1.002532 1.595775 0.3738308 0 ENSG00000074755_ZZEF1
-2991.283 2.449052 0.02605037 1.003231 1.225777 0.08041405 0 ENSG00000101236_RNF24
-39340.09 2.682294 0.1188781 0.9800052 0.7186338 0.2836181 0 ENSG00000163913_IFT122
-12626.05 2.70853 0.3093005 0.9606353 0.5524072 0.3954628 0 ENSG00000179021_C3orf38
-14098.31 3.06909 0.03753448 1.011174 1.391684 0.2901666 0 ENSG00000138614_VWA9
-10752.34 2.43277 0.1523823 0.9742096 0.5975529 0.2706956 0 ENSG00000154945_ANKRD40
-3663.002 2.939826 0.04319387 0.9739654 0.351816 0.6724266 0 ENSG00000169228_RAB24
-22473.67 2.523075 0.4394745 0.9820466 1.429744 0.2070812 0 ENSG00000102287_GABRE
-7143.903 3.018604 0.4570261 0.9745527 0.4255317 0.8384169 0 ENSG00000203942_C10orf62
-36729.5 2.844944 0.1775186 0.9745749 0.628969 0.4439507 0 ENSG00000039560_RAI14
-9272.422 3.21591 0.4989607 0.974224 0.9551723 0.003915312 0 ENSG00000172086_KRCC1
-23465.31 3.079984 0.0790202 0.9958529 1.286279 0.08799565 0 ENSG00000128602_SMO
-10128.08 2.687397 0.1470069 0.9712291 0.3620655 0.6927325 0 ENSG00000240891_PLCXD2
-12043.86 3.369785 0.08299899 0.9973275 1.059116 0.003669354 0 ENSG00000162819_BROX
-4210.472 2.296169 0.05772939 0.9868139 0.8477512 0.03453394 0 ENSG00000143553_SNAPIN
-23024.38 2.952009 0.198069 0.9917714 1.258549 0.1176734 0 ENSG00000140577_CRTC3
-1937.155 1.866357 0.05918492 1.00543 1.323396 0.1265714 0 ENSG00000140307_GTF2A2
-14499.19 3.061898 0.2664294 0.9721866 0.7543606 0.2230986 0 ENSG00000144468_RHBDD1
-21107.91 3.060775 0.2180432 0.9935007 1.389898 0.1608737 0 ENSG00000175920_DOK7
-15445.26 3.016946 0.06638022 0.9956751 1.090547 0.008851161 0 ENSG00000067191_CACNB1
-13123.07 2.96932 0.05954856 1.004783 1.107352 0.02285541 0 ENSG00000213160_KLHL23
-4346.777 2.597199 0.03773122 0.9923281 0.7695278 0.07021123 0 ENSG00000108468_CBX1
-2058.237 2.492265 0.1630704 1.000658 2.619395 0.4825289 0 ENSG00000243449_C4orf48
-7282.54 2.858465 0.1977501 0.9632726 0.2551733 2.769218 0 ENSG00000144401_METTL21A
-12937.16 2.901514 0.1681568 0.9862657 0.7301539 0.1557492 0 ENSG00000160993_ALKBH4
-10819.03 3.790596 0.09099914 0.9978932 1.214652 0.1375432 0 ENSG00000169223_LMAN2
-35298.16 3.335076 0.3802317 0.9854393 1.295868 0.1497687 0 ENSG00000122008_POLK
-35418.55 2.604435 0.1732729 0.9713071 0.3862456 2.313273 0 ENSG00000171853_TRAPPC12
-13677.46 3.035069 0.09652619 0.988753 0.8273872 0.0302749 0 ENSG00000089159_PXN
-79853.22 2.476897 0.1429869 0.9926194 1.329919 0.1707898 0 ENSG00000196208_GREB1
-17899.71 2.315154 0.1420459 0.974598 0.8787703 0.02501401 0 ENSG00000168216_LMBRD1
-49196.18 2.915127 0.3200566 0.9385423 6.051764e-06 -18.17642 0 ENSG00000082269_FAM135A
-12402.73 2.51794 0.0815462 1.000855 1.453002 0.3668996 0 ENSG00000063244_U2AF2
-7673.447 2.048528 0.1017167 0.9594592 0.4080492 0.9765867 0 ENSG00000091164_TXNL1
-11085.3 3.695314 0.2494937 0.9909779 1.379331 0.1784929 0 ENSG00000086159_AQP6
-6635.56 2.406586 0.06474705 0.9763324 0.7237117 0.2523511 0 ENSG00000186106_ANKRD46
-27828.33 3.319282 0.07562589 1.002551 1.517082 0.6541012 0 ENSG00000174938_SEZ6L2
-28335.55 2.420557 0.1929027 0.9813321 0.4623052 1.742899 0 ENSG00000073169_NONAME
-27664.04 2.846326 0.2680061 0.9989967 1.97778 0.9771369 0 ENSG00000042445_RETSAT
-54757.96 3.267838 0.6113569 0.9903343 1.926331 1.030509 0 ENSG00000132357_CARD6
-5500.234 2.358695 0.06365429 0.989191 1.206106 0.02753888 0 ENSG00000148248_SURF4
-11092.32 2.679839 0.2424495 0.9792461 0.8940521 0.02040491 0 ENSG00000134258_VTCN1
-25692.13 2.700213 0.1515267 1.006382 2.053732 1.209867 0 ENSG00000049089_COL9A2
-42323.38 2.539406 0.385776 0.9699216 0.8866717 0.02838441 0 ENSG00000155530_LRGUK
-7857.169 2.696708 0.127611 0.9665972 0.517507 0.2643888 0 ENSG00000111596_CNOT2
-3098.396 2.430381 0.1377232 1.002069 1.403068 0.2146086 0 ENSG00000131495_NDUFA2
-16580.64 3.538856 0.2308517 0.9850166 0.9312886 0.00956798 0 ENSG00000165406_MARCH8
-7498.219 2.563218 0.3477079 0.9887051 0.8436182 0.05131664 0 ENSG00000204659_CBY3
-22692.73 3.017298 0.3733921 0.9522394 0.3713106 1.235017 0 ENSG00000138050_THUMPD2
-20890.42 3.556776 0.1721094 0.9530206 0.3102034 1.761682 0 ENSG00000152670_DDX4
-11589.22 2.514302 0.1429443 0.9922936 1.110494 0.02492833 0 ENSG00000170464_DNAJC18
-1989.054 2.439796 0.1555446 0.9748227 0.5436981 0.5370982 0 ENSG00000214736_TOMM6
-11961.01 2.098366 0.1741658 0.9941071 1.081637 -0.004714667 0 ENSG00000198467_TPM2
-15363.03 3.171738 0.4163968 1.014787 2.454313 2.49 0 ENSG00000156738_MS4A1
-46315.51 2.528902 0.1607147 0.973928 0.5252315 0.6472074 0 ENSG00000111913_FAM65B
-26802.52 2.640732 0.1296627 0.9980952 1.547456 0.3311164 0 ENSG00000125746_EML2
-48885.29 3.064983 0.119327 1.010448 2.662587 1.901856 0 ENSG00000198837_DENND4B
-5862.89 3.308064 0.05505695 0.9872315 0.6785985 0.2344315 0 ENSG00000159176_CSRP1
-41873.19 3.218167 0.2458878 0.990124 1.145047 -0.164471 0 ENSG00000103494_RPGRIP1L
-4767.487 2.12197 0.07111786 1.018863 2.741183 2.363479 0 ENSG00000123407_HOXC12
-7406.326 1.60978 0.145698 0.9921771 1.214641 0.0593409 0 ENSG00000177606_JUN
-41459.6 2.584105 0.1182192 0.9796816 0.3678415 0.6143359 0 ENSG00000124313_IQSEC2
-4081.963 2.415903 0.1132243 1.027221 1.748491 0.3442736 0 ENSG00000137692_DCUN1D5
-25341.35 2.699865 0.08014748 0.9864926 0.832487 -0.004354458 0 ENSG00000116141_MARK1
-26310.81 2.61436 0.2968869 0.9749811 0.6945424 0.1413419 0 ENSG00000147596_PRDM14
-10790.97 2.833745 0.08233898 0.9627154 0.4332053 0.8549341 0 ENSG00000066027_PPP2R5A
-28801.62 2.549336 0.2046476 0.9923095 1.236885 0.09662503 0 ENSG00000139132_FGD4
-35434.14 2.705086 0.1269171 1.01141 1.603911 0.6228171 0 ENSG00000175595_ERCC4
-21720.27 2.65356 0.07625496 0.9507265 1.981442e-05 3.968946 0 ENSG00000152127_MGAT5
-22638.79 2.573885 0.2126777 1.015289 2.407491 1.861054 0 ENSG00000148358_GPR107
-10070.36 2.792007 0.7507583 0.9666089 0.9074934 0.0151154 0 ENSG00000186007_LEMD1
-10678.93 2.402784 0.156599 0.9836309 0.558765 0.3184701 0 ENSG00000168350_DEGS2
-13661.08 2.323367 0.2147455 0.9638742 0.5880465 0.4158703 0 ENSG00000123106_CCDC91
-10195.05 2.521244 0.1207653 0.995154 1.337494 0.2233818 0 ENSG00000130822_PNCK
-7084.151 2.202491 0.3958745 0.9780821 1.078151 0.006764119 0 ENSG00000164182_NDUFAF2
-27932.15 2.724281 0.5227192 0.9798691 1.311778 0.1723339 0 ENSG00000182261_NLRP10
-11363.29 2.489994 0.08305689 1.054957 2.372599 1.353821 0 ENSG00000116754_SRSF11
-27450.97 2.199749 0.1673288 0.9912103 1.158627 0.02350823 0 ENSG00000104866_PPP1R37
-36324.2 2.71189 0.2567148 1.008413 1.935282 0.9014305 0 ENSG00000110888_CAPRIN2
-26635.47 2.707242 0.150718 1.012232 1.78 0.8307778 0 ENSG00000151726_ACSL1
-12697.24 2.307162 0.08831854 0.9716391 0.572994 0.3534333 0 ENSG00000069667_RORA
-3210.975 2.268777 0.1610146 1.057098 2.228553 1.224579 0 ENSG00000155330_C16orf87
-11191.77 1.884076 0.1623814 0.9844934 0.7957916 0.1235266 0 ENSG00000116661_FBXO2
-31718.06 2.773092 0.265495 0.9824193 1.036385 0.002724602 0 ENSG00000115556_PLCD4
-46112.81 2.547331 0.05909562 0.9718421 0.4293463 1.255383 0 ENSG00000169855_ROBO1
-5910.469 4.074353 0.1042405 0.9937056 1.182198 0.03335129 0 ENSG00000147955_SIGMAR1
-18720.92 2.435141 0.2587622 0.9916442 1.755267 0.4913078 0 ENSG00000168528_SERINC2
-24568.16 2.421234 0.03897185 0.9999504 1.124903 0.03357162 0 ENSG00000077522_ACTN2
-9268.903 2.543562 0.1678688 0.9834468 0.6346915 0.4194132 0 ENSG00000186834_HEXIM1
-19809.65 3.057973 0.3351846 0.9658411 0.3250544 1.768128 0 ENSG00000124678_TCP11
-10723.69 3.43033 0.1046912 0.9998197 1.336583 0.1480616 0 ENSG00000114988_LMAN2L
-25145.07 2.62402 0.1224224 0.9891784 0.8005526 0.07160278 0 ENSG00000184363_PKP3
-10697.51 2.680512 0.2113332 0.9928261 1.455414 0.2673746 0 ENSG00000103005_USB1
-8984.546 3.178217 0.2813633 0.9833562 0.6994872 0.1270011 0 ENSG00000179580_RNF151
-10744.96 2.702487 0.1411546 0.9801327 0.2420436 1.731287 0 ENSG00000028277_POU2F2
-14955.21 3.260568 0.0804097 0.9836354 0.7476057 0.1230675 0 ENSG00000154174_TOMM70A
-134200.6 3.05814 0.07745867 1.006414 1.363296 0.1893646 0 ENSG00000196159_FAT4
-29656.66 2.755501 0.1621983 0.9934189 1.055095 0.008066943 0 ENSG00000092758_COL9A3
-13477.42 2.964013 0.06836836 1.009117 1.59455 0.4637552 0 ENSG00000117595_IRF6
-7009.438 2.779256 0.07039247 1.002026 1.386293 0.2103501 0 ENSG00000187068_C3orf70
-51989.64 2.2617 0.1147381 0.9904074 1.135094 -0.006931106 0 ENSG00000138411_HECW2
-10380.69 2.054129 0.3736565 0.9861514 1.031425 0.003105704 0 ENSG00000008438_PGLYRP1
-28441.6 3.217925 0.5828911 0.9707514 0.9972255 -0.0001521451 0 ENSG00000189367_KIAA0408
-24326.17 2.718328 0.8209752 0.9651145 0.7114479 0.2377763 0 ENSG00000122223_CD244
-7912.727 2.916447 0.1017242 1.00748 1.425952 0.20237 0 ENSG00000014641_MDH1
-15949.5 2.256914 0.2030491 0.9826684 0.8753343 0.04342794 0 ENSG00000105552_BCAT2
-10602.53 2.762877 0.1167636 0.9790672 0.8042845 0.07037128 0 ENSG00000171612_SLC25A33
-22115.93 2.674743 0.09913508 0.9954786 1.104254 0.01357497 0 ENSG00000139436_GIT2
-8035.697 3.391422 0.06259934 1.001183 1.162521 0.04482165 0 ENSG00000140395_WDR61
-2015.987 3.046493 0.1068482 0.9799247 0.7804477 0.06036861 0 ENSG00000205279_CTXN3
-13049.25 2.607408 0.2308591 1.001501 2.3279 1.480568 0 ENSG00000087076_HSD17B14
-17207.08 3.059815 0.1339541 1.000233 1.232643 0.1079242 0 ENSG00000175445_LPL
-11988.65 3.115371 0.2464939 0.972663 0.7221615 0.2047533 0 ENSG00000139780_METTL21C
-29425.22 2.350823 0.2243504 1.001975 2.197584 1.251316 0 ENSG00000163362_C1orf106
-11524.06 3.264566 0.334959 1.006442 2.143291 1.438889 0 ENSG00000162543_UBXN10
-13128.34 1.637313 0.2931436 1.001186 2.623118 2.246998 0 ENSG00000137414_FAM8A1
-13535.99 2.654728 0.1238499 1.00098 1.414679 0.4012369 0 ENSG00000147364_FBXO25
-39809.53 2.626649 0.5234592 0.9850995 1.470845 0.2839936 0 ENSG00000175294_CATSPER1
-10346.66 2.323682 0.1824924 0.9791906 0.9454536 0.005308339 0 ENSG00000095794_CREM
-23292.59 2.822606 0.05628876 0.9982605 1.155327 -0.1580181 0 ENSG00000155511_GRIA1
-14085.67 3.076683 0.2283254 0.9786042 0.5866208 0.1151461 0 ENSG00000183208_GDPGP1
-28613.76 2.659366 0.08852917 1.008789 1.478927 -0.9516125 0 ENSG00000137672_TRPC6
-20933.11 2.930063 0.358626 0.9755931 0.745597 0.1825423 0 ENSG00000135426_TESPA1
-13180.36 3.211723 0.09895928 0.9874281 0.8933338 0.02418667 0 ENSG00000153767_GTF2E1
-13339.24 2.697276 0.154658 0.9850303 0.8720718 0.01880978 0 ENSG00000128285_MCHR1
-25667.38 2.630073 0.08327493 0.9999891 1.348419 0.1842998 0 ENSG00000179242_CDH4
-28092.46 3.48964 0.05412738 0.9771828 0.253579 1.317086 0 ENSG00000196411_EPHB4
-55243.47 3.269156 0.646646 0.9784131 1.497749 0.4580306 0 ENSG00000129534_MIS18BP1
-17806.5 2.887248 0.04628352 0.9756843 0.6188269 0.2458578 0 ENSG00000150394_CDH8
-29085.86 2.642669 0.3040636 1.018727 2.860069 3.404035 0 ENSG00000131378_RFTN1
-4040.979 2.262608 0.1006328 0.9851838 0.9025131 0.01330341 0 ENSG00000182533_CAV3
-7114.667 3.485925 0.2482442 0.987162 1.343748 -0.02641193 0 ENSG00000221931_OR6X1
-8877.281 2.996573 0.2752333 0.9667774 0.6674699 0.2454223 0 ENSG00000185272_RBM11
-36879.96 2.875781 0.2466088 0.9781745 0.98051 0.0005660924 0 ENSG00000138346_DNA2
-28652.96 3.186011 0.1102538 1.001625 1.667063 0.5871449 0 ENSG00000168758_SEMA4C
-38188.96 2.719187 0.2662674 0.9892688 1.206412 0.1967451 0 ENSG00000099994_SUSD2
-15545.37 2.39432 0.09913105 0.9668017 0.377437 1.235545 0 ENSG00000106617_PRKAG2
-38180.76 3.200679 0.2012513 0.978143 0.2696266 1.27107 0 ENSG00000124587_PEX6
-10263.13 2.817861 0.05255051 1.012187 1.43651 0.1042632 0 ENSG00000175470_PPP2R2D
-7894.559 2.326032 0.06206537 0.9510702 2.646298e-06 2.481392 0 ENSG00000166974_MAPRE2
-13912.08 2.131807 0.2339775 0.9681209 0.6250958 0.3471689 0 ENSG00000139163_ETNK1
-6813.59 3.393125 0.4910066 0.9947827 1.740371 0.8597778 0 ENSG00000184601_C14orf180
-35737.25 3.231146 0.06254771 1.006378 1.155875 0.04592997 0 ENSG00000163939_PBRM1
-25050.65 3.568982 0.1634981 0.9934139 1.115357 0.02921104 0 ENSG00000091073_DTX2
-14163.26 3.336128 0.1775784 1.095223 2.858774 1.478507 0 ENSG00000147118_ZNF182
-14727.62 2.469144 0.671092 0.9726042 1.086502 0.009137009 0 ENSG00000131126_TEX101
-13957.68 2.889555 0.403086 0.9728979 0.9401245 0.006004381 0 ENSG00000120688_WBP4
-6391.335 2.423742 0.09107081 1.054288 3.07912 2.182269 0 ENSG00000141232_TOB1
-17321.92 2.143632 0.2027687 0.9872397 0.9052201 0.0093573 0 ENSG00000159840_ZYX
-37504.47 2.396827 0.2422435 0.9852075 0.7322189 0.149414 0 ENSG00000130182_ZSCAN10
-13013.92 1.904188 0.08718964 0.961368 1.234105e-05 3.029251 0 ENSG00000130558_OLFM1
-8755.544 3.001008 0.1349919 0.9828686 0.8321891 0.06261057 0 ENSG00000117133_RPF1
-19686.15 2.720357 0.3249671 0.9658443 0.7066173 0.1699212 0 ENSG00000055147_FAM114A2
-13982.17 2.608192 0.0920713 0.9980457 1.168564 0.04826262 0 ENSG00000187098_MITF
-15809.94 2.294996 0.1282711 0.9830822 0.7092729 0.3138791 0 ENSG00000099875_MKNK2
-23119.81 2.580892 0.1781149 0.9901836 1.159238 0.0526696 0 ENSG00000113580_NR3C1
-33317.33 2.295996 0.3179904 0.9758195 0.535629 0.7276457 0 ENSG00000146205_ANO7
-5575.149 2.264185 0.1578939 0.9719466 0.7685535 0.141331 0 ENSG00000213064_SFT2D2
-4032.902 1.949899 0.2450153 0.9644696 0.6028687 0.3872243 0 ENSG00000214216_IQCJ
-9514.245 3.241636 0.08521838 0.9782932 0.6796899 0.285911 0 ENSG00000111445_RFC5
-7086.925 3.196307 0.2060015 0.9788204 0.8438897 0.04973287 0 ENSG00000051620_HEBP2
-45478.64 2.729015 0.09674844 1.002547 1.388712 0.03807808 0 ENSG00000074657_ZNF532
-31420.02 2.584154 0.05470847 0.9587813 0.1103609 5.147528 0 ENSG00000174437_ATP2A2
-29951.98 2.699509 0.226639 1.01575 2.686081 2.453807 0 ENSG00000116871_MAP7D1
-18666.16 2.601342 0.3330065 0.969483 0.5400114 0.8064216 0 ENSG00000001460_STPG1
-44409.85 3.507805 0.5888318 0.9832625 1.610757 0.5088152 0 ENSG00000147874_HAUS6
-13510.21 2.052112 0.120398 0.9949257 1.180879 0.05047715 0 ENSG00000188026_RILPL1
-11359.49 2.352532 0.09805912 0.9762608 0.4682896 0.9994577 0 ENSG00000106483_SFRP4
-48023.24 2.382635 0.1078687 0.9778347 0.3786222 1.154294 0 ENSG00000257923_CUX1
-18931.21 2.771027 0.3062633 1.011376 2.404757 2.15973 0 ENSG00000188676_IDO2
-10882.77 2.601094 0.3289181 1.023547 2.347388 1.679285 0 ENSG00000138777_PPA2
-10300.21 3.574132 0.2354788 0.9750873 0.5228483 0.8944677 0 ENSG00000117560_FASLG
-10502.17 3.659935 0.1687138 0.9946341 1.311694 0.2519213 0 ENSG00000162461_SLC25A34
-11169.97 2.055437 0.1071815 1.003851 2.031774 0.875066 0 ENSG00000118523_CTGF
-236361.6 3.27421 0.2339624 0.9687833 0.6581737 0.3308246 0 ENSG00000164199_GPR98
-18927.96 2.217819 0.1072114 0.9838918 0.6603031 0.1857783 0 ENSG00000182870_GALNT9
-8570.373 2.18356 0.1462661 0.9850408 3.802663e-07 2.188792 0 ENSG00000162494_LRRC38
-13957.24 2.483384 0.2602186 0.9705272 0.6738974 0.2318832 0 ENSG00000105849_TWISTNB
-45400.92 2.704985 0.1220899 1.089566 2.430937 2.391901 0 ENSG00000115355_CCDC88A
-15128.6 2.661956 0.1528731 0.9938407 1.289163 0.1050921 0 ENSG00000134508_CABLES1
-24028.69 2.991849 0.07799008 0.987407 0.8848832 0.05175003 0 ENSG00000073578_SDHA
-11305.19 2.42095 0.05426583 0.9938855 1.025807 0.002840099 0 ENSG00000109956_B3GAT1
-34870.36 3.323918 0.4001121 0.9759308 0.7701593 0.2016881 0 ENSG00000166947_EPB42
-2817.659 1.780571 0.1863078 0.9541008 0.4968083 0.5616582 0 ENSG00000136810_TXN
-8576.126 3.1696 0.08108378 0.9857208 0.6850567 0.2930985 0 ENSG00000140382_HMG20A
-74073.91 3.233176 0.2856577 0.9712669 0.6807902 0.244664 0 ENSG00000103994_ZNF106
-18181.91 2.684135 0.1330237 0.9722659 0.5310083 0.8100667 0 ENSG00000092978_GPATCH2
-11074.27 1.686367 0.1096246 0.9731513 0.3209035 0.861962 0 ENSG00000143355_LHX9
-24724.64 2.60554 0.08317175 1.00328 1.28058 0.1180162 0 ENSG00000138735_PDE5A
-7556.072 2.15798 0.06608941 1.02192 1.928673 0.7873342 0 ENSG00000125266_EFNB2
-24992.96 2.943544 0.248553 0.985573 1.166512 0.03411793 0 ENSG00000149328_GLB1L2
-13310.5 2.339794 0.2367775 0.9721341 0.4347046 1.293761 0 ENSG00000157343_ARMC12
-14116 2.386445 0.05859187 0.974709 0.4884956 0.5992999 0 ENSG00000007944_MYLIP
-22647.14 3.040333 0.1250553 0.9815898 0.3490332 0.7965135 0 ENSG00000107816_LZTS2
-9370.637 3.25645 0.07382537 0.9886869 0.9728918 0.0008335935 0 ENSG00000106609_TMEM248
-25184.43 2.497572 0.06650861 0.9871293 0.8426514 0.009517379 0 ENSG00000129657_SEC14L1
-14952.77 3.135666 0.3061311 1.002549 2.644882 1.489924 0 ENSG00000212123_PRR22
-9263.589 2.060562 0.1317963 0.9792492 0.3968009 0.5155408 0 ENSG00000120057_SFRP5
-6707.605 2.650706 0.1128776 0.9904098 1.111858 0.03425125 0 ENSG00000184840_TMED9
-11365.74 2.212038 0.09115194 0.9819047 0.6814711 0.1503178 0 ENSG00000101638_ST8SIA5
-30107.39 2.657147 0.3544355 0.9625303 0.6117069 0.5098747 0 ENSG00000188596_CFAP54
-43833.48 2.864872 0.2483905 0.9817793 0.5554063 0.3530693 0 ENSG00000171298_GAA
-8029.708 2.970166 0.082037 0.9808661 0.7764958 0.09939483 0 ENSG00000260230_FRRS1L
-27351.86 2.757267 0.08956487 0.9895002 0.813857 0.04947053 0 ENSG00000070886_EPHA8
-163408.9 3.18814 0.3786008 0.9654085 0.7892493 0.08745763 0 ENSG00000066279_ASPM
-20198.09 2.999178 0.4475309 0.9756448 0.6837035 0.3443387 0 ENSG00000158423_RIBC1
-41810.93 3.51958 0.2363897 0.9756644 0.7103233 0.1120876 0 ENSG00000101407_TTI1
-12991.26 3.048608 0.402651 0.9804007 0.7782585 0.08279361 0 ENSG00000095970_TREM2
-9286.778 2.470869 0.1558194 1.008998 1.586177 0.3258064 0 ENSG00000083750_RRAGB
-19125.57 2.977673 0.1286685 0.9480841 4.190788e-05 3.797784 0 ENSG00000082068_WDR70
-9928.724 3.192305 0.05465642 0.950552 0.2140819 1.925075 0 ENSG00000154511_FAM69A
-28233.5 2.456282 0.146434 1.034255 1.830747 1.077046 0 ENSG00000120051_CFAP58
-7867.55 2.120949 0.1448068 0.9648954 5.657406e-05 0.5022923 0 ENSG00000184160_ADRA2C
-17378.94 2.454427 0.1001495 0.9829867 0.7774695 0.2047378 0 ENSG00000143801_PSEN2
-17762.66 2.500187 0.1543711 0.9811843 0.8942591 0.02858734 0 ENSG00000130224_LRCH2
-3308.75 3.053415 0.0985046 1.02278 1.667149 0.5425912 0 ENSG00000165169_DYNLT3
-7074.589 3.074009 0.2779782 1.000001 1.632559 0.5982238 0 ENSG00000163666_HESX1
-4942.575 3.399816 0.1434116 0.9805117 0.8785954 0.02275671 0 ENSG00000173626_TRAPPC3L
-18844.05 2.415679 0.2941249 0.9669152 0.6893872 0.2290282 0 ENSG00000109576_AADAT
-31570.02 2.524897 0.2061852 0.9819169 1.104569 -0.009956255 0 ENSG00000057468_MSH4
-55861.57 2.905623 0.05032549 1.004292 1.260932 -0.2289521 0 ENSG00000197555_SIPA1L1
-3774.694 3.661749 0.1801295 0.9855092 0.9727929 0.001598037 0 ENSG00000175538_KCNE3
-8359.758 2.985206 0.2051283 0.9981584 1.609069 0.2455362 0 ENSG00000214336_FOXI3
-6376.27 2.014976 0.1175365 1.069344 2.930257 2.229601 0 ENSG00000134046_MBD2
-27071.07 3.516306 0.1317558 0.9832959 0.7803826 0.08380371 0 ENSG00000172053_QARS
-20646.07 2.892094 0.3320427 0.9552856 0.3826535 1.132252 0 ENSG00000070950_RAD18
-16390.68 3.772351 0.1249278 0.9961061 1.108516 0.03262999 0 ENSG00000101298_SNPH
-9783.285 3.104692 0.1474423 0.968557 0.55433 0.7292655 0 ENSG00000164933_SLC25A32
-6926.118 2.244556 0.2212317 0.9937824 2.012396 1.171159 0 ENSG00000258986_TMEM179
-10381.81 2.595256 0.5516834 1.008402 3.485513 1.897073 0 ENSG00000277494_GPIHBP1
-12328.19 2.433091 0.3996499 0.9950329 2.06886 1.28353 0 ENSG00000198643_FAM3D
-4782.288 2.237707 0.03772155 0.9907726 1.022554 -0.002007557 0 ENSG00000114850_SSR3
-20462.53 2.48556 0.4475268 0.9687788 0.6554979 0.4450895 0 ENSG00000183067_IGSF5
-7453.285 3.123325 0.1685049 0.9962336 1.369534 0.2944641 0 ENSG00000152766_ANKRD22
-17681.78 2.7042 0.1194681 0.9928934 1.072898 0.01158338 0 ENSG00000012504_NR1H4
-48879.04 3.177213 0.1868081 1.015205 1.684732 0.7658716 0 ENSG00000170871_KIAA0232
-99536.33 2.477445 0.4196569 0.9804505 1.26757 0.1257453 0 ENSG00000138336_TET1
-5794.08 2.346737 0.1529476 0.9869927 0.90229 0.01389763 0 ENSG00000158042_MRPL17
-9640.447 3.214908 0.113577 0.9873539 0.4602738 0.2898784 0 ENSG00000185105_MYADML2
-16161.01 3.104092 0.05740715 0.972418 0.4431907 1.133277 0 ENSG00000186951_PPARA
-11061.82 2.159291 0.1719259 1.024489 3.457354 4.397325 0 ENSG00000168675_LDLRAD4
-2573.017 2.346872 0.03690007 0.9809653 0.7756239 0.05873572 0 ENSG00000129562_DAD1
-37867.61 3.285688 0.1675486 0.9998968 1.566692 0.4401542 0 ENSG00000092929_UNC13D
-9383.233 3.036414 0.1197797 0.9868085 0.7184494 0.2211207 0 ENSG00000124257_NEURL2
-70754.45 2.394799 0.1513341 0.9861092 0.9245269 0.01576193 0 ENSG00000130816_DNMT1
-19034.8 3.111986 0.09348238 1.013424 1.490385 0.3054216 0 ENSG00000019991_HGF
-7229.862 1.936909 0.6367929 0.9998959 3.293785 1.908289 0 ENSG00000197261_C6orf141
-16534.61 2.671266 0.09540475 0.9945967 1.132834 -0.1034794 0 ENSG00000164904_ALDH7A1
-8838.973 2.613269 0.1110705 0.9519217 0.3227412 0.8759607 0 ENSG00000128708_HAT1
-8771.021 2.293942 0.3189205 0.9724107 0.1920909 2.168134 0 ENSG00000146540_C7orf50
-21492.66 2.875144 0.05653362 0.9773601 0.581469 0.453563 0 ENSG00000131459_GFPT2
-29834.76 3.811751 0.5041286 0.9543229 0.5048381 0.5898489 0 ENSG00000196678_ERI2
-13334.81 2.283887 0.1416732 0.9740162 0.5632847 0.3596709 0 ENSG00000125991_ERGIC3
-14133.68 2.781492 0.1022985 1.002707 1.205873 0.04443372 0 ENSG00000165209_STRBP
-18406.88 2.622715 0.2903388 0.9813827 1.122566 0.02940853 0 ENSG00000197632_SERPINB2
-4350.217 2.329256 0.2578418 0.9865345 1.264677 0.08479562 0 ENSG00000174917_C19orf70
-5653.195 4.319003 0.1974062 0.9681203 6.264292e-06 3.770701 0 ENSG00000088543_C3orf18
-16785.96 2.531839 0.08956871 0.9838868 0.7043426 0.1812791 0 ENSG00000103460_TOX3
-11929.33 2.775858 0.06236071 1.006589 1.300441 0.1502845 0 ENSG00000115216_NRBP1
-25057.96 2.518973 0.1097135 0.9845663 0.7719624 0.06389458 0 ENSG00000090020_SLC9A1
-7488.021 2.76713 0.0557432 1.003043 1.380794 0.1582499 0 ENSG00000164093_PITX2
-5507.389 1.915912 0.09546705 0.987581 0.9636231 0.002092029 0 ENSG00000102466_FGF14
-10989.33 2.68141 0.2057774 0.9733207 0.7671012 0.1298881 0 ENSG00000154059_IMPACT
-10491.56 3.25787 0.1768841 0.9810772 0.7979869 0.09472229 0 ENSG00000166199_ALKBH3
-7410.481 2.865431 0.1273696 0.9677001 0.5528059 0.5601124 0 ENSG00000136156_ITM2B
-19682.49 2.72799 0.06706153 0.9883424 0.9117688 0.1590835 0 ENSG00000154127_UBASH3B
-9817.884 2.316121 0.1496267 0.9816683 0.6714438 0.2392194 0 ENSG00000105379_ETFB
-16276.93 2.497057 0.1353704 0.9590243 0.3303836 1.629948 0 ENSG00000001630_CYP51A1
-9089.586 2.284777 0.05182319 1.00917 1.414269 0.2855003 0 ENSG00000109189_USP46
-54063.84 2.403685 0.1718481 1.016743 2.419863 1.702419 0 ENSG00000168542_COL3A1
-16997.56 3.348457 0.06239034 1.04973 1.761019 0.6995331 0 ENSG00000108094_CUL2
-20049.28 2.209414 0.1343426 0.9991403 1.494433 0.3492399 0 ENSG00000136717_BIN1
-9422.882 3.079822 0.3474353 0.9763332 0.859953 0.04112962 0 ENSG00000078401_EDN1
-13013.93 2.772158 0.155964 0.9791227 0.6099297 0.2645334 0 ENSG00000213694_S1PR3
-10935.56 2.264997 0.03894509 0.9857678 0.7880172 0.06075248 0 ENSG00000196482_ESRRG
-35746.39 2.595406 0.09894968 1.013629 1.426369 0.2374896 0 ENSG00000204120_GIGYF2
-11990.14 2.734316 0.1032585 0.9895464 0.989405 0.0003792381 0 ENSG00000087338_GMCL1
-4325.109 3.830375 0.06765036 0.9922771 0.8330509 0.03503707 0 ENSG00000131467_PSME3
-42134.63 2.886881 0.05346419 0.9990228 1.372586 -0.4423985 0 ENSG00000072071_LPHN1
-10246.04 2.604022 0.08626046 0.984647 0.8891199 0.01987062 0 ENSG00000102547_CAB39L
-26629.2 2.526405 0.1404657 0.9924774 1.226901 -0.01915744 0 ENSG00000166912_MTMR10
-9175.61 3.180783 0.07853938 1.013788 1.556043 0.3096643 0 ENSG00000136451_VEZF1
-85124.24 2.480895 0.1021315 0.9709268 0.504482 0.4983356 0 ENSG00000133958_UNC79
-24004.23 3.128914 0.3442779 0.9811074 1.035155 0.0001178333 0 ENSG00000124827_GCM2
