0.746681930882005 0.6099668
0.188239680175127 0.08803781
0.68707999719048 0.5915185
0.407534446082195 0.2816854
0.113791196269423 0.03393184
0.684905868039777 0.5693054
0.486667079780693 0.3457531
0.552314794934452 0.4151037
0.431778317704826 0.2886161
0.384018268549184 0.2293754
0.185742184629936 0.09286577
0.532489873980089 0.4120049
0.250450095555067 0.1384942
0.48767462954815 0.3302135
0.477843817736718 0.3472889
0.414039503647581 0.2701888
0.410908092288665 0.2785244
0.151390698225077 0.06245522
0.528565826981256 0.3944097
0.258567743356519 0.1694605
0.526719481036909 0.3952773
0.397458920954469 0.2648516
0.550891615848437 0.4247903
0.280956262797153 0.1632336
0.735152858263106 0.620196
0.873590851033492 0.7854801
0.763627735337531 0.6531911
0.742818027913646 0.6428969
0.831987192850536 0.7284978
0.221305660210655 0.1226502
0.879575356062685 0.7714863
0.402756347371502 0.2605453
0.641612520020874 0.503413
0.36632969560294 0.2289931
0.466754070373688 0.3282474
0.572022761632462 0.4424737
0.531075226551539 0.3916239
0.240099661197576 0.141217
0.857745159322434 0.7504821
0.764889245990443 0.650472
0.278236331555755 0.1753621
0.68547327639364 0.5821101
0.624615814089856 0.4763194
0.334003889704388 0.2383046
0.629100639504475 0.4942536
0.30571524332714 0.1759008
0.7353081187752 0.6043274
0.842377759170827 0.722682
0.577303097267324 0.4393797
0.805926155901849 0.6844832
0.863138181728752 0.7636035
0.741226458013716 0.62492
0.827855825877708 0.7304484
0.671910284680183 0.5319892
0.272466173374391 0.1542441
0.376177840187336 0.2438623
0.856917528468375 0.7747854
0.161765734498078 0.07321585
0.338416374051951 0.2023619
0.74462336235803 0.6272275
0.385556918852336 0.2561194
0.33015800498641 0.218973
0.890988931352609 0.7925438
0.250903981903232 0.1280268
0.317387879398328 0.2010552
0.29040669090071 0.1601447
0.704592350795224 0.5822635
0.202385836790546 0.1069535
0.79786798262455 0.6746711
0.598037693238123 0.4660581
0.229424190272167 0.1131512
0.347011323291935 0.2184884
0.222108694456185 0.1182972
0.408743960937821 0.2399423
0.853099772744611 0.7711273
0.436940149234107 0.3272973
0.753073874478258 0.6417623
0.85096603060417 0.7412326
0.664738269124967 0.5433249
0.443932777228295 0.3228814
0.586463959006122 0.4431282
0.767667591360876 0.6468123
0.257849073784979 0.1408764
0.203742611094643 0.09897901
0.819561791052192 0.7124358
