lnL Kappa Omega Scale Phi Delta_lnL Convergence Phi_sim Gene
-13395.07 3.20054 0.1313859 1.034159 2.549344 2.546181 0 2.21994685172103 ENSG00000151704_KCNJ1
-8502.308 2.6375 0.2398539 0.9610219 0.115666 5.0485 0 0.0482468898408115 ENSG00000162976_PQLC3
-2450.634 1.848474 0.1903164 0.9067206 1.206031e-05 1.611672 0 1.35426200553775 ENSG00000254999_BRK1
-9195.306 3.426246 0.04539156 1.070306 2.650575 2.52668 0 2.43363634985872 ENSG00000113648_H2AFY
-35246.47 2.842223 0.2287545 1.02933 2.703207 3.007259 0 2.05415202467702 ENSG00000136114_THSD1
-11932.24 2.922767 0.2035028 0.9962623 1.376813 0.1573617 0 2.39591945777647 ENSG00000163389_POGLUT1
-29178.4 2.428752 0.1622115 0.9971889 1.719434 0.6132632 0 2.96386940125376 ENSG00000092758_COL9A3
-9012.165 4.096643 0.1425198 0.9569019 9.681008e-06 3.257172 0 0.0752105161082 ENSG00000205363_C15orf59
-5444.883 2.375388 0.1130879 0.9868653 0.9898393 0.0001465836 0 1.19461885280907 ENSG00000176428_VPS37D
-2611.691 2.492334 0.4025846 1.01124 2.749493 1.990013 0 1.50749267404899 ENSG00000118418_HMGN3
-6675.761 3.508805 0.2241983 0.9905285 1.280479 0.1293373 0 1.04766733828001 ENSG00000186889_TMEM17
-13967.31 2.950415 0.4000586 1.031756 3.0122 3.641383 0 1.60394011368044 ENSG00000120688_WBP4
-83454.54 3.803127 0.1107284 1.036901 2.311429 -1.209746 0 1.72362466296181 ENSG00000166341_DCHS1
-20235.5 2.508794 0.1850172 1.037309 4.097933 6.098154 0 1.57799152680673 ENSG00000130305_NSUN5
-15811.71 2.839232 0.1772737 1.10583 5.329488 10.59657 0 2.80859478889033 ENSG00000115525_ST3GAL5
-78843.36 2.879903 0.1724398 1.008991 1.690221 0.7651928 0 1.75460910703987 ENSG00000107863_ARHGAP21
-58464.45 2.471845 0.1945087 0.996088 1.625676 0.5033881 0 2.95469493675046 ENSG00000159788_RGS12
-6565.642 1.932613 0.2649724 0.980113 1.179162 0.07271004 0 1.54810694558546 ENSG00000100811_YY1
-12713.68 2.987272 0.08572127 1.062185 3.135985 4.594112 0 2.07690533506684 ENSG00000115526_CHST10
-26241.37 2.571796 0.2772523 0.9979947 2.154268 1.578737 0 2.06298575433902 ENSG00000112812_PRSS16
-8069.576 3.029364 0.149436 0.9630812 0.2902907 1.098937 0 1.89342076401226 ENSG00000158552_ZFAND2B
-35531.32 2.782767 0.2599335 0.95842 2.523078e-05 3.540818 0 0.170313288923353 ENSG00000188089_PLA2G4E
-7153.426 2.600557 0.4586932 0.9926462 2.075899 1.148363 0 1.11647560936399 ENSG00000119655_NPC2
-8906.146 3.215321 0.2945751 0.9767407 0.9998613 -4.389685e-05 0 0.386363706551492 ENSG00000165076_PRSS37
-73444.38 2.795279 0.265536 0.9774198 0.9453745 0.009338607 0 1.48075762088411 ENSG00000154783_FGD5
-13926.24 2.757374 0.1861949 1.104323 4.459189 5.277784 0 1.42587193474174 ENSG00000060982_BCAT1
-11920.92 2.554051 0.09984394 1.014234 1.89811 0.9015271 0 1.41459734947421 ENSG00000140403_DNAJA4
-17393.76 3.740664 0.1224876 0.9449757 2.826361e-06 2.114631 0 0.00810775486752391 ENSG00000213171_LINGO4
-9777.087 2.954879 0.1133153 1.066022 3.053713 3.112987 0 2.4984128291253 ENSG00000168310_IRF2
-44499.55 3.668378 0.07028927 1.264039 7.124627 11.1379 0 2.96046522399411 ENSG00000124198_ARFGEF2
-14735.46 3.002392 0.05239433 1.022857 1.934905 0.9249035 0 2.50791782839224 ENSG00000179542_SLITRK4
-74349.73 3.490945 0.1212181 1.042979 2.336822 1.969486 0 2.69014947256073 ENSG00000131711_MAP1B
-17645.37 3.275468 0.1897242 1.007809 1.715819 0.5940818 0 1.98484148900025 ENSG00000131831_RAI2
-11574.07 2.991846 0.1063327 1.028233 1.936143 1.338836 0 2.01787511003204 ENSG00000187531_SIRT7
-6023.54 3.72573 0.05731121 1.015211 1.496367 0.4875486 0 2.22334704757668 ENSG00000165886_UBTD1
-9061.252 2.165899 0.7687908 0.9813963 2.307887 1.231232 0 2.05614663753659 ENSG00000135535_CD164
-2863.594 3.427505 0.1809182 0.9377691 1.243922e-06 2.847212 0 0.953019716078416 ENSG00000125952_MAX
-6504.318 2.947119 0.3228704 1.099694 4.601666 6.071588 0 2.70001992140897 ENSG00000173559_NABP1
-36352.31 3.129984 0.3781136 0.982656 1.184414 0.06329764 0 1.62614572118036 ENSG00000130307_USHBP1
-33665.41 3.004849 0.2685881 0.9530259 4.723571e-06 5.017515 0 0.226796568604186 ENSG00000174004_NRROS
-36120.22 3.392578 0.1340161 1.168168 4.963311 7.141554 0 1.78434781939723 ENSG00000067248_DHX29
-13696.44 2.369383 0.4174434 1.061174 4.433064 5.637992 0 2.04510509292595 ENSG00000187398_LUZP2
-48720.67 3.365213 0.2456919 0.997242 1.570528 0.4420471 0 2.97061656229198 ENSG00000054690_PLEKHH1
-103959.9 3.12597 0.1825728 0.9968776 1.449239 0.2720607 0 1.21988933742978 ENSG00000074755_ZZEF1
-13691.87 3.845728 0.1079756 0.9630283 0.2911563 1.072248 0 1.35272244620137 ENSG00000110925_CSRNP2
-10754.25 3.73579 0.2491902 1.097116 3.815131 5.670729 0 1.90220644231886 ENSG00000078589_P2RY10
-12917.52 2.81547 0.2938927 0.9700197 0.0001065731 3.054468 0 0.194256731774658 ENSG00000243566_UPK3B
-7863.053 3.125859 0.09289918 0.9912413 1.206472 0.0439214 0 2.74823250691406 ENSG00000064490_RFXANK
-18552.25 3.512685 0.3116009 1.033016 2.8164 3.532551 0 1.92818533047102 ENSG00000166140_ZFYVE19
-2170.888 4.197903 0.03677415 0.9451683 2.026118e-06 1.070721 0 2.59928141115233 ENSG00000167578_RAB4B
-102218.5 2.538474 0.1972773 0.9874732 0.9868754 0.009205537 0 1.03340363223106 ENSG00000169710_FASN
-13665.87 3.396293 0.08475444 0.9883151 0.9344267 0.01000841 0 0.849264745367691 ENSG00000157214_STEAP2
-7586.712 3.21758 0.2109549 0.9616497 0.5901685 0.3943406 0 0.0433421661145985 ENSG00000163106_HPGDS
-6024.84 3.200494 0.305057 1.036182 3.075916 3.282256 0 1.81374798179604 ENSG00000186352_ANKRD37
-17595.14 2.078488 0.2925313 1.013837 2.664608 2.453394 0 2.87856481131166 ENSG00000156466_GDF6
-3657.664 2.651562 0.05611078 0.9613322 0.402716 0.5255992 0 0.37954590562731 ENSG00000155961_RAB39B
-7644.631 2.649271 0.0981809 1.06002 3.45044 3.692079 0 1.2789248235058 ENSG00000113384_GOLPH3
-10077.11 2.529303 0.1193566 0.9663959 0.5902973 0.5850395 0 0.414415221428499 ENSG00000117602_RCAN3
-3734.528 2.351056 0.2212955 0.9901921 1.595552 0.26631 0 1.66033173236065 ENSG00000162444_RBP7
-21136.01 3.3418 0.03283214 1.183688 4.74173 6.561729 0 2.80181975034066 ENSG00000035403_VCL
-13512.73 3.461707 0.1125082 0.9792694 0.7194368 0.1569038 0 1.87237355858088 ENSG00000125618_PAX8
-29123.46 2.683635 0.3333075 1.006389 2.400058 1.771018 0 2.62236530100927 ENSG00000030582_GRN
-21299.02 3.27712 0.2745607 1.109126 4.873901 7.92901 0 2.93066563247703 ENSG00000161849_KRT84
-42639.73 3.439799 0.1957213 1.037264 2.441035 1.915571 0 1.82575185899623 ENSG00000198604_BAZ1A
-10561.23 2.758083 0.1589421 1.06529 2.973172 2.976619 0 1.17244656477123 ENSG00000124795_DEK
-13981.44 3.070872 0.08379338 1.058997 2.509746 2.046101 0 1.62710736086592 ENSG00000136231_IGF2BP3
-27337.97 3.415416 0.06057328 0.9941886 1.080059 0.01523411 0 1.50127290515229 ENSG00000182771_GRID1
-13033.4 3.714782 0.1418293 1.003284 1.341429 0.1709641 0 1.1268635506276 ENSG00000144847_IGSF11
-13218.15 3.101832 0.1566859 0.9701516 0.6412807 0.2081928 0 0.735642237123102 ENSG00000156671_SAMD8
-12371.17 3.172844 0.2748605 0.9694476 0.6275473 0.2270468 0 1.85834951628931 ENSG00000163141_BNIPL
-11838.01 2.637629 0.3087166 0.9768234 0.9931219 7.807563e-05 0 2.20521905575879 ENSG00000150455_TIRAP
-3748.582 3.112612 0.4881111 0.9517861 0.419057 0.9137928 0 1.66747514507733 ENSG00000112695_COX7A2
-6908.94 3.578082 0.04902525 1.009829 1.192419 -0.1024822 0 1.15667715319432 ENSG00000163623_NKX6-1
-39701.01 3.228356 0.3482376 1.013086 2.149674 1.365673 0 2.08290502661839 ENSG00000198919_DZIP3
-11816.05 2.329227 0.5671096 0.9680662 1.166332 0.04015374 0 1.5471507597249 ENSG00000159445_THEM4
-49061.08 3.254876 0.1500323 0.9813539 0.869136 0.02851629 0 0.32825984666124 ENSG00000052749_RRP12
-16988.61 2.91908 0.263497 1.040312 3.618437 4.780979 0 1.74040453042835 ENSG00000140297_GCNT3
-20718.45 3.224723 0.07108689 0.948738 0.1669059 2.041537 0 0.151966440724209 ENSG00000109689_STIM2
-17686.9 3.669968 0.06003103 1.151845 4.580612 7.28762 0 2.68614573706873 ENSG00000100296_THOC5
-5831.241 3.89517 0.1374333 1.017184 1.555269 0.4315519 0 1.49153116182424 ENSG00000108255_CRYBA1
-52669.56 3.027398 0.1215919 1.001989 1.401927 0.2683508 0 1.78890910511836 ENSG00000134160_TRPM1
-39697.68 2.071116 0.4626112 0.9709663 0.8416129 0.03837167 0 1.54353638878092 ENSG00000174898_CATSPERD
-3288.083 2.746284 0.1952601 1.019215 2.580643 1.996718 0 1.08360074227676 ENSG00000174446_SNAPC5
-17091.82 3.042185 0.1958048 1.062565 4.268404 5.811463 0 2.79510090337135 ENSG00000162931_TRIM17
-90672.29 2.509464 0.09490897 0.9895224 1.065144 -0.07830877 0 2.3440114336554 ENSG00000187775_DNAH17
-24688.09 3.241818 0.3485429 0.9553251 0.4736869 0.9192024 0 0.481393991271034 ENSG00000076258_FMO4
-24895.52 3.823535 0.04516305 1.046759 1.818534 0.8754526 0 1.65135039109737 ENSG00000107854_TNKS2
-31703.82 3.150361 0.06689859 1.05918 2.411162 2.048791 0 1.30137783125974 ENSG00000071054_MAP4K4
-21157.7 2.86706 0.08217634 0.9864754 0.9967355 -0.0009679501 0 0.37476817262359 ENSG00000172578_KLHL6
-19194.33 2.493391 0.1292331 1.002817 1.748547 0.8102259 0 1.54976092698053 ENSG00000116213_WRAP73
-30451.9 2.501123 0.2039812 0.9655424 0.3206671 0.9498619 0 1.79916216339916 ENSG00000116871_MAP7D1
-12144.58 2.883141 0.1238684 0.9603869 0.408574 0.9100211 0 0.543632479151711 ENSG00000002745_WNT16
-9591.419 2.363211 0.1297868 0.975167 0.8437166 0.05179617 0 1.02375349961221 ENSG00000117899_MESDC2
-10469.31 3.000077 0.4271992 1.015788 3.224153 3.191429 0 2.56553245056421 ENSG00000105341_ATP5SL
-9867.397 2.258724 0.1856283 1.00569 2.048793 1.168928 0 1.84029241581447 ENSG00000107984_DKK1
-2014.655 3.112312 0.0076403 1.062727 2.379581 0.7882951 0 1.12445099651814 ENSG00000143013_LMO4
-19930.73 3.419966 0.1372907 0.9911615 1.114794 0.02728977 0 0.903913486283273 ENSG00000104369_JPH1
-36070.01 2.77612 0.2019724 0.9798549 0.9203431 0.005637805 0 0.491799391340464 ENSG00000167601_AXL
-9035.948 2.689143 0.06064241 0.9844424 0.6361433 0.1683541 0 2.14847250748426 ENSG00000129968_ABHD17A
-22113.85 4.04787 0.06376879 0.9595672 0.3021631 1.015422 0 0.305049144895747 ENSG00000162415_ZSWIM5
-21608.85 2.568862 0.1596252 0.9994005 1.387431 0.4134005 0 2.47116127121262 ENSG00000173846_PLK3
-73157.73 2.943707 0.1284904 0.9503798 0.2001991 2.245671 0 0.145368660567328 ENSG00000135905_DOCK10
-10825.05 2.287581 0.05129835 0.9694118 0.5817973 0.4833925 0 0.609579362673685 ENSG00000109787_KLF3
-54928.82 3.267288 0.3493579 0.9403479 6.615182e-05 4.435286 0 0.0453946881461889 ENSG00000154258_ABCA9
-58091.53 3.600313 0.2118068 1.006109 1.632302 0.6596572 0 1.39660818991251 ENSG00000078687_TNRC6C
-16531.37 3.760346 0.4367449 1.060572 4.1197 6.185561 0 2.48944311146624 ENSG00000159208_CIART
-14153.37 3.024674 0.1525981 0.9740108 0.4475011 0.844575 0 0.382843204541132 ENSG00000213398_LCAT
-21767.42 3.172811 0.1631347 1.054467 2.93489 1.820411 0 2.93346646009013 ENSG00000109118_PHF12
-8474.639 3.255544 0.4690773 0.985559 1.57729 0.3689086 0 1.58827136317268 ENSG00000171984_C20orf196
-5224.171 2.532177 0.06074966 0.9698613 0.4277087 0.4470915 0 1.36613878025673 ENSG00000148248_SURF4
-18751.86 2.63779 0.2449138 1.010591 2.113297 1.671606 0 2.16425174195319 ENSG00000196177_ACADSB
-10152.62 3.309287 0.1014319 1.01436 1.821645 0.7704874 0 1.64797846740112 ENSG00000183864_TOB2
-20824.47 2.196715 0.1231197 0.964107 0.5475771 0.3868105 0 0.283111151307821 ENSG00000163508_EOMES
-101039.4 2.74861 0.1552313 0.9497887 6.654851e-05 4.529111 0 0.395289707696065 ENSG00000076555_ACACB
-16942.33 3.428877 0.1544541 0.9917373 1.15013 0.03442413 0 2.16221619956195 ENSG00000172840_PDP2
-10520.02 2.616812 0.0198138 0.9746552 0.2919198 0.6047058 0 1.5496242181398 ENSG00000273706_LHX1
-20984.89 3.368506 0.05661082 0.9818571 0.754497 0.1537705 0 1.10793271497823 ENSG00000140538_NTRK3
-4122.663 2.810836 0.08088771 1.161787 4.876592 7.201147 0 2.6894827822689 ENSG00000173452_TMEM196
-3895.562 2.163382 0.0663496 0.9722674 1.055204e-05 1.646697 0 1.21211056527682 ENSG00000198517_MAFK
-16150.23 3.256988 0.2744206 1.056809 3.573573 5.054109 0 2.9735711782705 ENSG00000128510_CPA4
-8288.851 3.387003 0.01025481 0.9174902 8.276729e-07 -2.60996 0 0.0156882859300822 ENSG00000104408_EIF3E
-17942.63 2.675668 0.1472775 0.9811478 0.9232518 0.009566202 0 0.904020600719377 ENSG00000166402_TUB
-26579.01 2.654928 0.3747439 0.9845253 1.490817 0.4182996 0 1.98791680717841 ENSG00000180316_PNPLA1
-21424.06 2.716603 0.1463547 0.9855324 1.004874 -0.0001955228 0 1.01895187888294 ENSG00000196517_SLC6A9
-4960.813 1.838503 0.06816738 1.002273 2.136086 0.8719175 0 2.39390696212649 ENSG00000106244_PDAP1
-24783.17 3.173596 0.1053604 0.9812706 0.6684877 0.2807364 0 1.99945825268514 ENSG00000101986_ABCD1
-10277.75 3.939573 0.1185127 1.202473 5.619185 6.5237 0 2.85661296383478 ENSG00000198815_FOXJ3
-62891.99 2.944131 0.287165 0.9699281 0.825186 0.07430894 0 1.05312266363762 ENSG00000147724_FAM135B
-37344.4 3.216422 0.3084484 1.022413 2.340635 2.009918 0 1.51199448108673 ENSG00000109805_NCAPG
-9091.328 3.098748 0.2476954 1.00137 1.703817 0.5651971 0 1.67089516902342 ENSG00000138068_SULT6B1
-19799.93 2.827462 0.1650744 0.9803509 0.8797449 0.04419644 0 0.375202657654881 ENSG00000100029_PES1
-9382.391 3.114872 0.08465379 1.107078 4.362038 6.853777 0 2.68868450308219 ENSG00000180616_SSTR2
-10999.5 2.63561 0.13526 0.9986239 1.508721 0.3921427 0 2.63724410953 ENSG00000141401_IMPA2
-44967.1 2.836843 0.1256927 0.9859146 0.8642754 0.03683151 0 2.03022815636359 ENSG00000103326_CAPN15
-56596.08 3.546209 0.2174032 0.9726975 0.8141688 0.07062094 0 0.390614772448316 ENSG00000198862_LTN1
-9521.275 3.906696 0.09927884 1.005905 1.585325 0.4660284 0 1.0728698358871 ENSG00000143570_SLC39A1
-22273.65 2.052717 0.189954 1.05157 3.572748 4.186554 0 1.50168205238879 ENSG00000149596_JPH2
-32858.06 2.675664 0.295687 0.9511272 0.3906666 1.006144 0 0.424354028888047 ENSG00000174948_GPR149
-20205.98 2.270804 0.1144041 0.9575835 1.940277e-06 4.500401 0 0.0553215555846691 ENSG00000085733_CTTN
-19157.34 3.057353 0.1148902 0.9747747 0.7692973 0.1043373 0 0.863549749134108 ENSG00000145860_RNF145
-15057.06 2.241011 0.2666629 0.9760922 0.9354284 0.006728228 0 1.75546585069969 ENSG00000184497_TMEM255B
-15343.91 2.517655 0.3506585 0.97896 1.291314 0.1473307 0 1.23317278618924 ENSG00000111802_TDP2
-15134.52 1.621954 0.1046947 0.9859521 1.187746 0.03916586 0 0.841765470569953 ENSG00000026559_KCNG1
-43941.92 3.049479 0.5212421 0.9806445 1.4991 0.4494002 0 1.60135692707263 ENSG00000112706_IMPG1
-19269.53 3.288788 0.1622839 0.9675878 0.4732913 0.6622875 0 0.67364044720307 ENSG00000011143_MKS1
-19755.32 3.562505 0.04713173 1.057092 2.021942 1.42435 0 1.34779820381664 ENSG00000136937_NCBP1
-12992.53 2.508419 0.7187501 0.9761236 1.816394 0.4049367 0 1.62330659176223 ENSG00000169777_TAS2R1
-35478.8 3.338917 0.2741985 0.9691729 0.3621923 1.990207 0 0.826281120534986 ENSG00000143537_ADAM15
-12535.82 3.571546 0.6317336 1.03828 4.159341 6.036244 0 1.44242908176966 ENSG00000031691_CENPQ
-7282.291 4.328229 0.133689 0.9844474 0.6971664 0.1197932 0 0.885545540833846 ENSG00000174851_YIF1A
-55604.57 3.220178 0.3459404 1.004683 1.95904 1.249514 0 1.99933453719132 ENSG00000143970_ASXL2
-11639.21 2.647851 0.1771159 0.962535 0.2121261 3.606789 0 0.464462986914441 ENSG00000104889_RNASEH2A
-15207.17 2.645135 0.5185553 0.9658272 0.01936482 3.635739 0 0.434095302131027 ENSG00000175489_LRRC25
-20433.41 2.671412 0.2453133 0.9837475 1.172168 0.08879905 0 0.759941424708813 ENSG00000168263_KCNV2
-28385.76 2.829552 0.133005 1.108677 3.861553 5.571784 0 1.78098934236914 ENSG00000115839_RAB3GAP1
-2882.441 2.719819 0.09765848 0.9904499 1.158528 0.03294708 0 2.5025227968581 ENSG00000203685_C1orf95
-22789.96 2.287868 0.06980858 1.008671 1.583116 0.47566 0 0.952399658504874 ENSG00000165300_SLITRK5
-61778.2 2.794488 0.2042837 1.110845 4.789585 9.141799 0 2.80024702870287 ENSG00000260314_MRC1
-31008.19 3.246794 0.2371296 0.9551209 0.3180066 1.695836 0 0.283766502281651 ENSG00000041802_LSG1
-3312.014 3.012786 0.3787528 0.9795563 1.417571 0.1590356 0 0.752722883597016 ENSG00000150783_TEX12
-62962.95 3.116604 0.3921678 0.9733313 0.7896742 0.1323396 0 1.33902908954769 ENSG00000177398_UMODL1
-16697.8 1.990534 0.1980812 0.9795431 0.7646952 0.1036383 0 0.836788468295708 ENSG00000184164_CRELD2
-5401.983 3.160411 0.05711052 0.9954791 1.143702 0.02537653 0 1.03931865678169 ENSG00000101421_CHMP4B
-162744 2.103961 0.1251004 1.002004 1.685796 0.4330276 0 1.32477283501066 ENSG00000196218_RYR1
-8556.286 2.725969 0.1195908 0.9942722 1.29962 0.09637777 0 2.52861334942281 ENSG00000172818_OVOL1
-112871.3 3.701727 0.232459 0.9862972 1.202979 0.09329178 0 0.949674569070339 ENSG00000188162_OTOG
-9685.996 2.952885 0.5413667 1.109782 7.692661 5.177801 0 1.61158587550744 ENSG00000165682_CLEC1B
-6587.8 3.294171 0.09262716 0.9787604 0.7723351 0.07068481 0 1.17193963425234 ENSG00000144524_COPS7B
-11024.63 3.777387 0.132294 1.082005 2.98305 2.8288 0 2.35678207199089 ENSG00000081320_STK17B
-19982.83 2.817708 0.1753063 0.9767595 0.8632586 0.03986529 0 1.38812068104744 ENSG00000104228_TRIM35
-8792.92 2.309372 0.07679358 1.18655 7.069631 10.32203 0 2.87595686595887 ENSG00000119547_ONECUT2
-7737.907 3.989429 0.1824195 1.03119 2.920628 3.03491 0 2.53039060346782 ENSG00000183379_SYNDIG1L
-47377.84 2.443202 0.1445939 0.9751862 0.7772798 0.1112714 0 0.744462155504152 ENSG00000150457_LATS2
-22212.44 2.400855 0.3164943 0.9599882 0.4342162 0.8361428 0 0.146794250467792 ENSG00000106785_TRIM14
-42844.11 3.022061 0.9392986 0.9824093 2.321337 1.37595 0 1.80059373308904 ENSG00000134588_USP26
-4472.323 2.911846 0.07702163 1.046679 2.549525 1.962028 0 2.66118004429154 ENSG00000175063_UBE2C
-21876.19 3.530448 0.2549272 0.9428848 0.0097003 4.336091 0 0.155367107363418 ENSG00000104549_SQLE
-4330.558 1.905768 0.1639882 1.019429 2.658891 2.178557 0 2.4353837762028 ENSG00000067955_CBFB
-30172.72 2.950584 0.1828081 1.214184 6.548776 9.501015 0 2.43603025423363 ENSG00000145730_PAM
-11894.83 3.104593 0.4333789 1.017686 2.384604 1.941983 0 2.62272455147468 ENSG00000166069_TMCO5A
-24861.41 2.684645 0.1635258 1.038614 2.250274 1.420959 0 1.98134075989947 ENSG00000058272_PPP1R12A
-9552.98 3.245626 0.1876846 0.9993891 1.621227 0.3841917 0 2.35071130329743 ENSG00000141698_NT5C3B
-10995.59 3.199771 0.3190259 0.9575437 0.6347917 0.2344415 0 1.95620236848481 ENSG00000105967_TFEC
-24182.39 3.271335 0.1042632 1.056033 2.516184 3.032287 0 2.36299346806481 ENSG00000119638_NEK9
-8106.515 2.881546 0.07878557 0.9897338 1.089979 0.01170468 0 0.484366325195879 ENSG00000108219_TSPAN14
-24983.79 2.496141 0.461224 0.9946524 2.094368 1.443886 0 2.84358406439424 ENSG00000130413_STK33
-7666.525 3.053685 0.04515413 1.028494 1.673738 0.3341899 0 0.774809919996187 ENSG00000221914_PPP2R2A
-18019.18 3.723507 0.06359398 1.009065 1.529607 0.326217 0 0.901339721633121 ENSG00000161204_ABCF3
-10519.73 4.014037 0.09126557 1.018152 1.689154 0.5262903 0 1.21970122936182 ENSG00000149532_CPSF7
-39000.94 1.981387 0.0975267 0.9873176 1.201794 -0.03950464 0 1.0458501954563 ENSG00000127511_SIN3B
-35733.12 3.86934 0.1920631 1.118232 4.426205 8.151413 0 1.91631067497656 ENSG00000168813_ZNF507
-8918.484 3.398615 0.1159309 0.9766167 0.748882 0.1181418 0 0.0774929684121162 ENSG00000112218_GPR63
-11314.19 3.5623 0.05462196 0.9348279 0.000526911 4.068168 1 0.344874321715906 ENSG00000145349_CAMK2D
-22452.41 1.967352 0.1721106 0.9756855 0.32369 0.8002059 0 2.35245341411792 ENSG00000184545_DUSP8
-11402.71 2.585055 0.09864242 0.9824405 0.8362697 0.04875062 0 0.54712094203569 ENSG00000128203_ASPHD2
-33627.6 2.399601 0.568594 0.95191 0.2780884 1.492743 0 0.215551164234057 ENSG00000019169_MARCO
-22679.38 3.282824 0.1667089 0.9503214 0.2008158 2.232833 0 0.216021444881335 ENSG00000169299_PGM2
-2235.985 2.006485 0.1526745 0.9708428 0.7659899 0.03589515 0 1.60912379762158 ENSG00000244687_UBE2V1
-8329.515 3.912831 0.05284214 0.9543731 4.238763e-05 2.074861 0 0.268062880961224 ENSG00000165495_PKNOX2
-38668.03 3.201721 0.1710867 0.9997832 1.379944 0.2099603 0 0.88924279413186 ENSG00000113810_SMC4
-48980.66 3.314577 0.14859 1.009588 2.021827 1.858132 0 1.12953864061274 ENSG00000186635_ARAP1
-15391.61 3.174377 0.1679218 0.9788065 0.8145146 0.06287941 0 0.998263118555769 ENSG00000197079_KRT35
-43105.76 2.961789 0.2616334 0.9622962 0.2161194 1.570738 0 1.44978520274162 ENSG00000167992_VWCE
-29115.87 3.578976 0.1044391 1.022047 1.783862 0.4871844 0 2.35478565841913 ENSG00000121741_ZMYM2
-20683.37 2.542783 0.1569995 0.9601513 0.3818274 1.651632 0 0.133306579431519 ENSG00000163053_SLC16A14
-9854.117 3.5003 0.06835394 1.0672 2.634012 1.605572 0 1.47156582470052 ENSG00000089006_SNX5
-27911.35 2.881139 0.1897825 0.9744543 0.8698191 0.02870987 0 0.680733715184033 ENSG00000137571_SLCO5A1
-77077.35 2.877728 0.2156736 0.9857838 1.21087 0.06079153 0 1.18864485737868 ENSG00000135749_PCNXL2
-14290.92 2.623534 0.1467444 1.150228 5.154452 8.216234 0 2.32833315501921 ENSG00000188517_COL25A1
-10963.01 2.660813 0.2035979 0.9578174 0.3052309 1.874231 0 0.19053765758872 ENSG00000131238_PPT1
-9783.727 2.544669 0.0926166 0.9693604 0.3152208 3.294968 0 0.313921368448064 ENSG00000160087_UBE2J2
-75707.89 3.187053 0.259505 0.9636363 0.6355056 0.4016371 0 0.387857539812103 ENSG00000100815_TRIP11
-30945.03 3.037265 0.1053646 1.017079 1.985419 0.8453969 0 1.92425414943136 ENSG00000070915_SLC12A3
-3759.623 2.236713 0.06703411 0.9794017 0.8711607 0.01824075 0 1.59913295670412 ENSG00000134108_ARL8B
-17166.38 3.569901 0.07816037 0.9958174 1.040997 0.002483766 0 0.959928994998336 ENSG00000126804_ZBTB1
-21751.58 3.539382 0.1098748 1.059002 2.331172 2.853483 0 1.30280312220566 ENSG00000164100_NDST3
-9151.431 3.429563 0.1291378 1.132015 4.319431 6.358864 0 2.96543409931473 ENSG00000148175_STOM
-9714.988 3.487747 0.1304282 1.016266 1.872803 0.7580351 0 2.11827748990618 ENSG00000162878_PKDCC
-12424.01 3.000402 0.1769771 1.00184 1.717865 0.3894076 0 1.35332750226371 ENSG00000165621_OXGR1
-16583.48 2.437806 0.1809728 1.093535 4.405817 6.348218 0 2.71297544776462 ENSG00000182827_ACBD3
-2581.775 2.311056 0.07707161 1.01392 1.78772 0.4620396 0 1.02258003037423 ENSG00000167088_SNRPD1
-55997.55 2.567159 0.1534567 0.9981539 1.453043 0.3664023 0 0.542281932430342 ENSG00000256463_SALL3
-17543.13 3.216942 0.1488011 0.9763672 0.8015075 0.07869758 0 0.814266366418451 ENSG00000033327_GAB2
-27043.64 3.154227 0.3007447 1.003314 2.122946 1.976826 0 2.02937315893359 ENSG00000172059_KLF11
-15970.32 3.584002 0.02342535 0.9780987 0.6308139 0.3806058 0 0.349893827922642 ENSG00000114742_WDR48
-4490.281 3.430128 0.146851 1.00795 1.472059 0.1706718 0 0.811455451184884 ENSG00000151287_TEX30
-5315.646 3.225293 0.1817386 1.003655 1.474981 0.23155 0 2.04922693641856 ENSG00000163440_PDCL2
-18718.51 3.141673 0.1087324 0.9447114 1.398367e-05 3.3424 0 0.449988008011132 ENSG00000135387_CAPRIN1
-9497.964 3.398888 0.1957248 1.026584 2.433576 1.589569 0 2.40376678411849 ENSG00000182919_C11orf54
-14579.45 3.32445 0.1122598 1.122647 4.275346 3.996354 0 2.92417069058865 ENSG00000163848_ZNF148
-37097.74 3.138597 0.419493 0.9845935 1.486178 0.3283081 0 1.60770081938244 ENSG00000100099_HPS4
-7206.176 3.829694 0.05154119 1.079972 2.820247 2.006299 0 2.9836851451546 ENSG00000189120_SP6
-24292.36 2.801008 0.2315334 0.9498328 6.205814e-06 4.125021 0 0.0972032484132797 ENSG00000108651_UTP6
-18662.75 3.068949 0.2293684 0.9797435 1.024564 -0.0004345021 0 0.369689245009795 ENSG00000154781_CCDC174
-30879.14 3.931995 0.1638166 1.005295 1.718542 0.4729246 0 2.59787358948961 ENSG00000111087_GLI1
-5274.141 2.902421 0.0235321 0.9884743 0.9142064 0.007404676 0 0.693918207893148 ENSG00000198791_CNOT7
-10910.65 3.682518 0.08876062 1.034816 2.089052 1.333855 0 2.28727137926035 ENSG00000138413_IDH1
-17909.55 2.919366 0.1807256 0.9666606 0.4331533 1.305776 0 0.210783409886062 ENSG00000103423_DNAJA3
-3626.569 2.623031 0.06474399 1.003014 1.465162 0.3240702 0 2.66935792774893 ENSG00000099622_CIRBP
-50177.73 3.635334 0.08277163 0.9623134 0.3147247 1.852773 0 0.444549393374473 ENSG00000138002_IFT172
-36388.77 2.679535 0.2675194 0.9796318 0.9397875 0.009920441 0 0.974766268394887 ENSG00000167280_ENGASE
-15194.98 2.983646 0.1008937 0.997982 1.315576 0.09887216 0 2.8363484737929 ENSG00000119574_ZBTB45
-68653.74 2.51283 0.3069799 1.000264 1.874963 0.8791336 0 2.35435540624894 ENSG00000257335_MGAM
-15543.76 2.464189 0.09570976 0.9837284 0.7544919 0.05010114 0 2.69197512301616 ENSG00000105229_PIAS4
-11299.51 4.491002 0.150805 0.9876908 0.9881623 4.310275e-05 0 1.2897338331677 ENSG00000016864_GLT8D1
-4422.59 3.067925 0.04150476 1.118573 4.650207 5.361268 0 2.57593109062873 ENSG00000018610_CXorf56
-16523.49 2.111991 0.4580746 1.036454 4.66637 5.76812 0 1.93705614446662 ENSG00000143443_C1orf56
-10999.94 3.292624 0.252999 1.057807 2.55696 2.272005 0 1.62997304205783 ENSG00000203757_OR6K3
-7156.351 3.40141 0.2383902 1.013371 2.165253 0.7947922 0 2.58277659863234 ENSG00000134152_KATNBL1
-14333.26 3.499313 0.1012315 0.9868989 0.9397195 0.04040972 0 1.16497265850194 ENSG00000092203_TOX4
-23152.03 3.079349 0.2728571 0.9707798 0.82608 0.04619971 0 0.930508106946945 ENSG00000169814_BTD
-18042.84 3.327913 0.04947642 1.036645 1.916406 1.899836 0 2.92210579896346 ENSG00000149136_SSRP1
-32760.68 3.064478 0.3087934 0.9536598 0.3558645 1.996353 0 0.0928251736331731 ENSG00000132300_PTCD3
-11845.51 2.928102 0.1751365 0.9999325 1.420763 0.2668286 0 2.51002479926683 ENSG00000089163_SIRT4
-22642.82 2.973346 0.3348562 0.9476959 1.592692e-05 3.883513 0 0.399824602995068 ENSG00000010219_DYRK4
-39709.64 3.277106 0.1113869 0.979771 0.7609685 0.1806695 0 0.893310853047296 ENSG00000163531_NFASC
-9456.49 2.996217 0.1070597 0.9990809 1.178997 0.05256467 0 1.42853417247534 ENSG00000140522_RLBP1
-19060.98 3.398229 0.4532241 1.210237 9.025072 12.66843 0 2.91270065540448 ENSG00000146233_CYP39A1
-13264.17 3.499581 0.3200933 0.9786906 1.048533 0.00374679 0 1.61321236914955 ENSG00000163687_DNASE1L3
-7492.926 2.282288 0.09458962 0.9798607 0.8380559 0.03985539 0 0.469041732838377 ENSG00000168994_PXDC1
-37495.42 2.909618 0.09167758 1.013677 1.587202 0.3379621 0 1.93179517169483 ENSG00000166377_ATP9B
-17696.24 3.297537 0.462067 0.9560964 0.2113809 3.648023 0 0.482013274217024 ENSG00000161911_TREML1
-8552.361 2.113752 0.09589589 0.9934864 1.361394 0.1484913 0 1.27330415672623 ENSG00000071655_MBD3
-25437.29 2.802289 0.2529615 0.9759049 2.434243e-05 3.332744 0 1.09766639652662 ENSG00000167513_CDT1
-15560.82 3.309598 0.1165232 1.051916 2.686493 2.0941 0 1.78622491657734 ENSG00000182944_EWSR1
-15249.16 2.632248 0.1246306 1.001379 1.559868 0.5888408 0 2.19455452286638 ENSG00000182732_RGS6
-13741.34 2.547591 0.08708864 0.9667383 5.975583e-06 3.182274 0 0.0301992064341903 ENSG00000156471_PTDSS1
-57920.64 3.069918 0.2466496 0.9693762 0.6269434 0.2768534 0 0.825676141306758 ENSG00000196878_LAMB3
-21065.44 2.749898 0.05374595 0.975039 0.5328754 0.4521206 0 0.916016273433343 ENSG00000160445_ZER1
-6461.743 2.993825 0.2461847 1.006316 1.908351 1.112769 0 1.93141454947181 ENSG00000118271_TTR
-10074.15 2.977561 0.3056005 0.9589609 0.4170125 1.321139 0 0.122574546374381 ENSG00000139610_CELA1
-32123.64 3.433559 0.06805123 1.00711 1.309807 0.138907 0 1.94786114268936 ENSG00000064313_TAF2
-22273.56 3.450991 0.1031098 1.112629 3.663849 4.097242 0 2.13916546502151 ENSG00000184613_NELL2
-77495.56 2.714316 0.3416302 0.9581305 0.4939446 0.7096967 0 1.04201407567598 ENSG00000081052_COL4A4
-7475.371 3.018233 0.440843 1.113392 5.368962 10.15656 0 1.81034420337528 ENSG00000112115_IL17A
-23666.63 2.867022 0.5939674 0.9988179 2.599629 2.168003 0 2.41398317785934 ENSG00000171067_C11orf24
-9997.803 2.578068 0.1475621 1.00401 1.52372 0.4912245 0 0.927650565980002 ENSG00000164879_CA3
-17595.57 3.245121 0.0879472 1.102303 3.335991 4.686603 0 2.23426823015325 ENSG00000001084_GCLC
-6912.172 2.192123 0.1381257 1.007168 2.072963 1.714125 0 0.876509503461421 ENSG00000106635_BCL7B
-12054.63 2.967881 0.2905885 1.187565 6.771991 6.074565 0 2.11243138276041 ENSG00000067533_RRP15
-14779.15 2.668199 0.1516938 1.083389 3.649628 4.764646 0 0.961649123579264 ENSG00000157456_CCNB2
-10444.72 2.876306 0.2628796 0.9644958 0.4503114 0.6670295 0 1.74765283428133 ENSG00000126947_ARMCX1
-18149.14 2.772067 0.09162279 0.992472 1.13347 0.04942026 0 0.806655281921849 ENSG00000113368_LMNB1
-15849.48 3.056624 0.08553938 0.9565522 0.4076225 1.007921 0 0.824034714605659 ENSG00000112319_EYA4
-23381.9 2.747981 0.3599478 0.9846895 1.432287 0.2792629 0 2.29004305810668 ENSG00000204539_CDSN
-11511.65 2.715772 0.1684044 0.9910694 1.298644 0.2052409 0 1.66097464598715 ENSG00000129932_DOHH
-16415.95 3.578893 0.0283406 1.056079 2.202969 1.770327 0 1.63301939656958 ENSG00000154229_PRKCA
-9090.438 2.089734 0.2236498 0.9892359 1.592361 0.3147853 0 2.95564752607606 ENSG00000130643_CALY
-5237.491 2.970331 0.2171115 1.066805 3.99326 3.946322 0 2.00873811403289 ENSG00000182118_FAM89A
-12384.66 3.379241 0.03063403 1.084461 2.464341 2.48512 0 1.40012817294337 ENSG00000170961_HAS2
-25132.03 2.881427 0.1943093 0.965262 0.2231226 3.43893 0 0.297506066272035 ENSG00000105127_AKAP8
-8177.828 2.928822 0.2457641 1.072577 3.385532 3.724776 0 1.17405471391976 ENSG00000101558_VAPA
-12455.2 2.898114 0.2786786 0.9922543 1.601429 0.498218 0 1.70681188744493 ENSG00000139624_CERS5
-5364.82 2.73745 0.1888836 1.016046 2.031487 1.192603 0 1.93145359237678 ENSG00000180992_MRPL14
-8985.54 2.996503 0.1244737 1.117488 4.750199 5.68716 0 2.78449699049816 ENSG00000162236_STX5
-24121.12 3.053541 0.2238239 1.028595 2.523709 2.229224 0 1.400437413482 ENSG00000164512_ANKRD55
-18452.64 2.89913 0.1989567 0.9995754 1.719554 0.5316932 0 2.28275472228415 ENSG00000185640_KRT79
-8269.033 3.239701 0.09866151 1.083485 2.861013 2.62241 0 2.47534991148859 ENSG00000077279_DCX
-14863.89 2.134212 0.09239528 0.9846515 0.8982249 0.008934965 0 1.29357288102619 ENSG00000169727_GPS1
-34143.9 2.953178 0.09335444 0.9966993 1.24202 0.1079807 0 0.656823614845052 ENSG00000189184_PCDH18
-12095.73 3.360846 0.475126 0.9594959 0.6820729 0.1440749 0 0.825503066880628 ENSG00000215029_TCP11X2
-17945.45 2.868826 0.1493339 0.9751404 0.6568397 0.2348088 0 2.42637703148648 ENSG00000161940_BCL6B
-8054.147 2.63948 0.542646 1.002205 2.721576 2.570099 0 1.70743957185186 ENSG00000167105_TMEM92
-2669.746 4.296874 0.07177732 1.066557 2.334839 0.992916 0 0.595334636745974 ENSG00000121579_NAA50
-12363.05 4.453708 0.1709655 0.968246 0.5300925 0.4758823 0 0.546585170086473 ENSG00000122733_KIAA1045
-43897.62 3.810569 0.1170756 0.9732656 0.3637458 0.6454214 0 0.692539573414251 ENSG00000132510_KDM6B
-6359.401 2.717115 0.1511768 0.9760401 0.7885839 0.07689813 0 1.52656717621721 ENSG00000213337_ANKRD39
-46190.53 3.276962 0.0522837 1.054146 2.138797 1.212145 0 2.17028112360276 ENSG00000092148_HECTD1
-16925.46 3.570705 0.107342 0.9727902 0.3627631 0.6272797 0 2.58470786595717 ENSG00000169635_HIC2
-2230.354 3.566405 0.2047002 1.028844 2.24305 1.118651 0 2.59170696185902 ENSG00000111850_SMIM8
-9876.679 1.795389 0.1042529 0.9695853 0.5149664 0.4969592 0 0.309804018354043 ENSG00000167460_TPM4
-15103.3 1.974153 0.3085337 0.9664464 0.6495167 0.3767025 0 1.52807854721323 ENSG00000171747_LGALS4
-6194.148 2.56047 0.1162497 0.9880133 1.150895 0.05368868 0 1.03469637106173 ENSG00000148908_RGS10
-19682.2 3.147207 0.3453347 0.9547643 0.5391758 0.6184983 0 0.645512080052868 ENSG00000175535_PNLIP
-141128.1 3.189071 0.2968737 1.060023 3.719054 4.93736 0 2.56834662496112 ENSG00000053747_LAMA3
-32579.58 3.690216 0.1545546 0.9415573 1.603895e-05 2.49235 0 0.793535148259252 ENSG00000153339_TRAPPC8
-2574.741 2.108822 0.1102705 1.155626 4.854972 7.512543 0 1.49808782525361 ENSG00000185088_RPS27L
-8139.473 3.993073 0.06349801 0.9624457 0.3460305 0.7787082 0 0.341409856919199 ENSG00000173914_RBM4B
-27222.52 2.067212 0.1141919 1.784242 22.84062 12.99168 0 1.82305575837381 ENSG00000107282_APBA1
-43606.16 2.515556 0.1826119 0.9733364 0.6035664 0.3898211 0 1.72085220459849 ENSG00000060069_CTDP1
-8406.754 1.515477 0.1762054 1.013802 2.884298 3.199715 0 1.3572976172436 ENSG00000066336_SPI1
-13009.53 3.018938 0.5299504 1.00613 2.914862 3.039005 0 2.14600125420839 ENSG00000100557_C14orf105
-11949.86 4.156993 0.03939855 1.06012 2.064752 0.8324097 0 2.51392802316695 ENSG00000198586_TLK1
-42899.97 4.123312 0.09541537 1.02287 2.383372 2.100471 0 2.91800445201807 ENSG00000038358_EDC4
-5124.37 1.965677 0.2821265 0.9585044 0.5514736 0.3778065 0 0.846241123974323 ENSG00000132570_PCBD2
-26116.65 2.442223 0.1560119 1.009359 2.16945 2.394604 0 1.60717032104731 ENSG00000049089_COL9A2
-25857.57 3.65902 0.1428217 1.18246 5.555256 7.98658 0 2.39777150074951 ENSG00000139990_DCAF5
-7840.664 3.521778 0.06753982 1.013617 1.479944 0.3823329 0 0.687008394626901 ENSG00000140395_WDR61
-16304.25 3.344399 0.1707362 1.117947 4.577282 5.81742 0 2.72511629574001 ENSG00000185697_MYBL1
-16641 3.742803 0.2140187 1.015456 1.803618 0.7382846 0 2.51337920408696 ENSG00000188467_SLC24A5
-5208.933 2.581508 0.1522675 0.9984657 1.643594 0.4104467 0 0.72694946732372 ENSG00000104164_BLOC1S6
-5346.038 3.70938 0.2048526 0.9963545 1.262981 0.0928655 0 1.40421488857828 ENSG00000166192_SENP8
-59264.89 3.290527 0.1652933 1.050436 2.907684 3.411683 0 2.86129305814393 ENSG00000197893_NRAP
-28935.75 3.551039 0.4511559 1.040947 3.285414 2.798784 0 2.8539942142088 ENSG00000137871_ZNF280D
-82885.11 3.473294 0.2071908 1.046648 2.816852 2.889232 0 2.28293544170447 ENSG00000152223_EPG5
-25124.72 3.154826 0.1655055 1.058328 3.364061 4.089675 0 1.57186677656136 ENSG00000070748_CHAT
-17981.59 3.107329 0.2158398 0.9581086 0.4444892 0.800561 0 1.15331345843151 ENSG00000241058_NSUN6
-21842.63 3.4658 0.2079823 1.045492 2.745728 2.824 0 2.82583523355424 ENSG00000013523_ANGEL1
-9310.467 3.464173 0.5473923 0.9543947 0.5940087 0.2916761 0 0.982148829381913 ENSG00000172086_KRCC1
-13848.88 2.544691 0.1814107 1.002672 2.055914 0.916969 0 2.76659241132438 ENSG00000158748_HTR6
-5022.067 4.001594 0.3378712 1.015939 2.125361 1.067788 0 2.05274574668147 ENSG00000255833_TIFAB
-7240.546 3.051851 0.6361679 0.9897388 2.222529 1.523545 0 2.09895122610033 ENSG00000188800_TMCO2
-15788.36 2.87297 0.2631348 1.024948 2.411868 2.481591 0 1.51516246260144 ENSG00000157036_EXOG
-21287.03 4.018472 0.05829037 0.9979377 0.9849729 8.493473e-05 0 1.57371981209144 ENSG00000090989_EXOC1
-17472.54 2.666924 0.2369057 0.9384061 1.266444e-05 5.793852 0 0.0609645559452474 ENSG00000135218_CD36
-11852.71 2.612961 0.3822965 0.9666674 0.5421878 0.4295404 0 1.14762735762633 ENSG00000169006_NTSR2
-11288.4 2.734105 0.1003671 0.9765779 0.5508751 0.4375169 0 0.990183766465634 ENSG00000277258_PCGF2
-9312.582 3.010671 0.2568919 0.9710626 0.3006311 0.9296163 0 1.61810461501591 ENSG00000178026_LRRC75B
-29037.42 2.35261 0.1557337 0.9836003 1.124652 0.01538299 0 0.572961225640029 ENSG00000006740_ARHGAP44
-35335.29 3.372099 0.2069501 1.039088 2.500038 2.138777 0 2.02219837903976 ENSG00000144747_TMF1
-9385.429 3.804756 0.3359026 1.048882 3.077548 3.337574 0 1.01036408543587 ENSG00000145088_EAF2
-31737.07 3.227923 0.1421952 1.346169 9.411973 17.12985 0 2.87540357653052 ENSG00000163749_CCDC158
-33081.31 3.547749 0.1389705 0.9813294 0.8346886 0.08313526 0 1.03264078055508 ENSG00000140691_ARMC5
-16440.31 1.85935 0.2039284 0.9774181 0.9624336 0.0006919563 0 1.57314489176497 ENSG00000196456_ZNF775
-1543.914 5.689949 0.1412764 0.9679464 0.4270493 0.7133983 0 2.48177832900546 ENSG00000102891_MT4
-26561.16 3.373286 0.1104207 1.047905 2.658794 2.330236 0 2.68650643411092 ENSG00000105875_WDR91
-9775.083 3.778631 0.1286834 1.026115 1.76153 0.6703504 0 2.94943537772633 ENSG00000108523_RNF167
-45333 2.807062 0.1891674 1.01752 1.988399 1.457207 0 1.35409521195106 ENSG00000111913_FAM65B
-37070.33 2.798103 0.1975992 0.9578543 0.2097852 2.03267 0 1.22065941151232 ENSG00000141506_PIK3R5
-19453.19 2.557725 0.2768713 1.007906 2.312282 2.109162 0 1.30651348130777 ENSG00000080823_MOK
-40982.37 3.241744 0.2874121 0.9966586 1.62584 0.9973946 0 1.7108509959653 ENSG00000011426_ANLN
-5291.266 2.389598 0.1860387 0.9785527 1.019008e-05 1.698718 0 1.69406426232308 ENSG00000070388_FGF22
-29364.91 2.552667 0.2034274 0.9807582 0.8553315 0.07607928 0 1.03415753343143 ENSG00000196642_RABL6
-12957.74 2.360277 0.2046494 0.9849446 1.12759 0.04899861 0 1.68404003977776 ENSG00000105364_MRPL4
-68866.65 3.153853 0.9928622 0.9560303 0.6971499 0.1906054 0 0.515238147927448 ENSG00000250423_KIAA1210
-12219.98 2.700622 0.3123469 1.059425 4.028341 4.891063 0 2.85159057145938 ENSG00000163605_PPP4R2
-27042.62 3.614319 0.3839214 1.000145 1.934022 0.9390985 0 1.72236169385724 ENSG00000138380_CARF
-9954.114 3.82226 0.09324802 1.104363 3.428111 3.077666 0 1.53306044032797 ENSG00000113240_CLK4
-26437.59 2.401492 0.1095552 0.9993466 1.448594 0.4208079 0 1.00592418713495 ENSG00000160633_SAFB
-13632.74 3.039218 0.2952008 0.9903661 1.53073 0.3452544 0 1.99870198010467 ENSG00000116977_LGALS8
-95661.79 2.948974 0.3434555 0.9643367 0.8262112 -1.24028 0 2.47303892369382 ENSG00000180113_TDRD6
-33444.92 2.270365 0.2789183 0.9711863 0.3310058 0.8432478 0 0.998617465607822 ENSG00000162341_TPCN2
-10355.28 3.133819 0.3438373 0.9795583 1.30536 0.1154833 0 2.00670326594263 ENSG00000150540_HNMT
-28194.01 2.794058 0.1534521 1.046785 2.382605 2.12176 0 2.93295172112994 ENSG00000163166_IWS1
-11084.94 3.630634 0.05407203 1.042889 2.285324 1.656598 0 1.60770762828179 ENSG00000156875_HIAT1
-40598.33 2.180119 0.4223937 0.9696699 0.9395993 0.004105463 0 0.885434553958476 ENSG00000179002_TAS1R2
-4634.204 2.146269 0.1512543 1.036678 2.715027 2.889592 0 1.58870817138813 ENSG00000135698_MPHOSPH6
-35782.88 2.332019 0.1267066 0.9817067 0.9130373 0.009904752 0 0.677271493244916 ENSG00000106665_CLIP2
-18636.18 3.58623 0.07951141 0.9885832 0.9393411 0.004795712 0 0.449158582370728 ENSG00000100982_PCIF1
-20951.61 2.853998 0.2773156 0.9543179 4.511269e-05 4.240314 0 0.541721074841917 ENSG00000114745_GORASP1
-1372.977 2.88761 0.02871288 1.136216 3.644632 3.756434 0 1.95733132143505 ENSG00000129055_ANAPC13
-21187.25 3.286406 0.1684095 0.9875315 1.181334 0.03285179 0 0.676100507145748 ENSG00000129315_CCNT1
-3657.404 1.957184 0.06555836 0.9730164 3.049289e-05 1.689678 0 1.82845989405178 ENSG00000197063_MAFG
-7666.333 3.81917 0.1015808 0.9646405 0.3609511 0.7055979 0 0.226103939814493 ENSG00000121073_SLC35B1
-28252.83 2.471371 0.207994 1.054538 3.876743 5.849054 0 2.88511738087982 ENSG00000134697_GNL2
-21114 3.144592 0.08114337 1.147949 4.493813 8.103197 0 2.60050730220973 ENSG00000100505_TRIM9
-73865.62 3.329163 0.3512286 0.9827883 1.091834 0.1251748 0 1.66086740372702 ENSG00000168334_XIRP1
-17471.41 2.894058 0.2274436 1.088923 4.0549 5.910546 0 2.18254702328704 ENSG00000174606_ANGEL2
-51184.51 2.766123 0.09256982 0.9511313 0.1467178 3.508863 0 0.179734569042921 ENSG00000049618_ARID1B
-26528.5 2.815634 0.3884408 0.9719483 1.0897 0.01810911 0 1.62252550246194 ENSG00000152592_DMP1
-14453.84 2.25657 0.3445883 1.002578 2.248257 1.127772 0 1.58069200906903 ENSG00000126821_SGPP1
-19699.14 2.42998 0.07936271 0.9852223 0.9552726 0.02831016 0 2.69573217700236 ENSG00000126561_STAT5A
-5576.833 2.969187 0.2514437 0.978312 0.937795 0.007133246 0 1.64721915847622 ENSG00000167550_RHEBL1
-12991.83 2.12025 0.237557 0.9580072 1.047921e-06 9.166984 0 0.0370686475653201 ENSG00000122986_HVCN1
-11343.73 2.33466 0.1590237 0.9828104 0.5074117 0.2554425 0 1.05284329131246 ENSG00000156966_B3GNT7
-24762.48 2.568924 0.06888109 0.9927856 1.104017 0.01252137 0 2.48794946470298 ENSG00000079805_DNM2
-10502.37 1.827759 0.06640853 1.008377 2.267555 1.777942 0 2.96646269224584 ENSG00000089116_LHX5
-13978.57 2.213935 0.2972659 0.9747521 0.2775632 2.377048 0 0.321593941189349 ENSG00000185187_SIGIRR
-5406.066 3.250636 0.02406077 1.098613 3.32894 3.582094 0 2.63419553660788 ENSG00000177981_ASB8
-12785.47 2.775961 0.1264735 1.072314 3.148053 4.059977 0 2.09507847111672 ENSG00000172340_SUCLG2
-17748.55 2.922374 0.1813495 0.9981449 1.521974 0.3317001 0 2.41842127544805 ENSG00000100625_SIX4
-32539.67 3.027361 0.2461614 0.9621276 0.3036836 1.063852 0 0.918093065964058 ENSG00000158220_ESYT3
-26598.58 3.230141 0.1958196 1.008796 1.988252 0.8513863 0 1.8779081068933 ENSG00000134686_PHC2
-74744.48 3.854618 0.06111942 0.9917761 0.9856777 -0.03071293 0 1.16328963940032 ENSG00000136068_FLNB
-16386.14 2.261019 0.4245233 0.9856966 1.778972 0.5708264 0 2.09823877899908 ENSG00000197405_C5AR1
-9935.353 3.629758 0.1949538 1.074263 3.09047 3.590274 0 2.53507953160442 ENSG00000174946_GPR171
-65150.04 3.116797 0.3572002 1.009078 2.230275 1.405552 0 1.58751861588098 ENSG00000177354_C10orf71
-16841.44 2.742392 0.193567 1.029161 2.601391 2.749061 0 2.83880955982022 ENSG00000166979_EVA1C
-6709.157 4.278081 0.07127893 1.182331 4.512246 6.092099 0 2.65740883955732 ENSG00000113552_GNPDA1
-16464.14 3.052816 0.1332541 0.9866998 0.9533582 0.002451827 0 2.61098030721769 ENSG00000101199_ARFGAP1
-4993.783 1.721901 0.8190317 0.9339825 6.671826e-06 3.386261 0 0.308133648242801 ENSG00000125788_DEFB126
-29386.41 3.06694 0.1976407 0.9670149 0.4467154 0.7987089 0 0.755530167371035 ENSG00000128805_ARHGAP22
-13124.71 2.077385 0.1252622 0.9933529 1.330246 0.1515448 0 1.49164355406538 ENSG00000161835_GRASP
-8072.434 2.509701 0.3990426 0.9690479 0.4780543 0.313056 0 0.683785729575902 ENSG00000189001_SBSN
-23606.42 3.190266 0.2363924 0.9534697 0.4451781 0.8254072 0 0.630275619216263 ENSG00000146856_AGBL3
-14369.05 3.81743 0.1882388 1.14857 5.098813 5.187693 0 2.57152227172628 ENSG00000082258_CCNT2
-7623.12 3.548976 0.1554587 0.9786594 0.9222832 0.0117397 0 0.452800407540053 ENSG00000186073_C15orf41
-25394.38 3.066674 0.4437325 0.9600126 0.6503908 0.2005397 0 0.912151303840801 ENSG00000173258_ZNF483
-12958.6 2.854921 0.04563256 1.007959 1.475677 0.6559947 0 1.46015829895623 ENSG00000160199_PKNOX1
-33615.09 2.627783 0.1417564 1.044092 2.861594 2.941092 0 1.94145583198406 ENSG00000037474_NSUN2
-5946.365 3.138643 0.07004657 1.047433 2.223271 1.750304 0 1.86316527030431 ENSG00000069974_RAB27A
-21039.72 2.186749 0.0887261 1.016775 2.417652 1.980084 0 2.37289581005462 ENSG00000188986_NELFB
-11379.17 2.647768 0.1156351 0.9705279 0.7237238 0.1556966 0 0.709566075587645 ENSG00000170153_RNF150
-2716.677 2.8991 0.1671872 1.030564 2.320746 1.373221 0 2.78725554887205 ENSG00000145022_TCTA
-11222.34 3.301635 0.2398993 0.9702875 0.6323586 0.2264691 0 0.686369019560516 ENSG00000101473_ACOT8
-6339.636 4.884781 0.07637234 1.031195 1.624393 0.4610363 0 1.39349755528383 ENSG00000164117_FBXO8
-17629.52 2.081576 0.1214725 0.9660178 0.4410837 0.7978094 0 0.437591184396297 ENSG00000135119_RNFT2
-23871.26 2.705674 0.2230804 1.002493 1.73444 1.191616 0 1.58736709831282 ENSG00000137747_TMPRSS13
-65100.8 3.674291 0.1299247 1.052242 2.193098 1.423021 0 2.05653486284427 ENSG00000083097_DOPEY1
-11820.54 3.242733 0.1211624 0.992697 1.122749 0.03225853 0 0.865685528609902 ENSG00000100558_PLEK2
-13770.51 2.883043 0.5675775 0.9650845 1.030466 0.002923267 0 0.842272253008559 ENSG00000214954_LRRC69
-96908.1 2.935532 0.3723229 1.020815 2.639387 2.202818 0 1.19515540776774 ENSG00000138771_SHROOM3
-4721.509 3.764335 0.02177174 1.013082 1.367005 0.1801413 0 0.922131570288911 ENSG00000134504_KCTD1
-32005.8 3.057847 0.2171117 1.070171 3.073258 4.46075 0 1.84363187849522 ENSG00000164099_PRSS12
-21766.35 3.003086 0.1655918 0.9951598 1.485908 0.2822927 0 1.26662221807055 ENSG00000031823_RANBP3
-39513.06 3.45855 0.125503 1.185009 5.984524 9.321918 0 2.74171028193086 ENSG00000120733_KDM3B
-11547.18 3.455821 0.06682096 0.9993266 1.194146 0.05538191 0 1.7612225166522 ENSG00000131089_ARHGEF9
-12873.92 2.53477 0.04705925 0.9697884 0.3693239 0.5669348 0 0.304566262755543 ENSG00000213023_SYT3
-3782.037 2.834617 0.05049532 0.9509574 1.118752e-06 1.129696 0 0.318556488258764 ENSG00000054116_TRAPPC3
-30909.11 2.868068 0.1183724 1.002511 1.480198 0.428846 0 0.665554214268923 ENSG00000115616_SLC9A2
-44783.75 3.316585 0.04770271 1.00655 1.160063 -0.01746143 0 1.45224346756004 ENSG00000136531_SCN2A
-37122.62 2.717955 0.1084542 1.127659 4.978827 6.302188 0 1.93956554029137 ENSG00000130939_UBE4B
-10298.31 2.922645 0.1561208 1.024915 2.737915 2.459951 0 1.44740074616857 ENSG00000180667_YOD1
-5015.028 2.783113 0.1141122 0.9498336 1.86443e-05 1.817623 0 0.155447408091277 ENSG00000134758_RNF138
-37574.25 2.298404 0.2012985 1.031442 2.9208 3.696619 0 2.52345145004801 ENSG00000130758_MAP3K10
-11765.12 2.696086 0.6358818 0.9571708 0.3670392 0.6404935 0 1.59533347561955 ENSG00000189023_MAGEB16
-11372.25 2.775428 0.1638524 0.9385596 1.746537e-05 3.748568 0 0.457593355095014 ENSG00000138032_PPM1B
-5790.94 2.557231 0.27233 0.9599242 0.6421851 0.3307816 0 0.258179679745808 ENSG00000008394_MGST1
-23986.61 3.506245 0.1305064 0.9682706 0.4048174 0.9819045 0 0.303607155801728 ENSG00000167491_GATAD2A
-13850.09 3.733921 0.293781 1.009753 1.827559 0.7936412 0 1.47754590259865 ENSG00000157181_C1orf27
-28247.37 2.947737 0.1264522 0.9556823 8.553125e-07 6.53023 0 0.352696117479354 ENSG00000169418_NPR1
-4714.128 3.201983 0.08988617 0.9764036 0.66225 0.1723377 0 1.24329076940194 ENSG00000108298_RPL19
-8314.282 2.99952 0.03942567 0.9998318 1.137252 0.02148654 0 2.72065912443213 ENSG00000143621_ILF2
-11796.3 3.083627 0.1881237 1.055226 2.818503 2.662572 0 2.12315727048554 ENSG00000138303_ASCC1
-5179.407 2.888226 0.1310331 1.085195 2.803088 1.954836 0 2.42474470892921 ENSG00000146373_RNF217
-82287.04 2.872043 0.3829783 1.06669 6.440019 3.354586 0 2.32055960339494 ENSG00000187741_FANCA
-14950.97 3.246853 0.08204346 0.9756296 0.3029539 1.016596 0 1.99985300051048 ENSG00000114626_ABTB1
-50319.39 2.794961 0.2368513 0.9572187 2.515132e-05 0.6288134 0 0.371218348620459 ENSG00000159363_ATP13A2
-11667.81 2.899525 0.1107829 1.223762 6.867166 11.18123 0 2.78456528275274 ENSG00000124171_PARD6B
-25517.75 2.937262 0.1553979 0.9550496 0.4125252 0.9664604 0 0.316299780970439 ENSG00000065609_SNAP91
-10148.03 1.46976 0.2102164 0.9734966 0.5521466 0.2125798 0 0.814261348452419 ENSG00000100379_KCTD17
-25196.71 2.40942 0.06884109 0.9615466 3.580886e-05 3.115776 0 0.0127149545587599 ENSG00000159842_ABR
-14982.04 2.797696 0.08361341 0.9815091 0.8761855 0.0197501 0 1.91490493551828 ENSG00000108344_PSMD3
-16507.63 3.16179 0.2113781 1.155132 6.077955 7.444824 0 2.91260201018304 ENSG00000143228_NUF2
-1482.142 2.214472 0.1328351 1.081071 3.507276 1.876218 0 2.07376552792266 ENSG00000171033_PKIA
-130817.7 3.013451 0.1266675 0.9817814 0.8611276 0.05271993 0 1.0568130989559 ENSG00000183914_DNAH2
-21612.69 2.829939 0.227255 0.9676633 0.4168943 0.8898781 0 1.18979499139823 ENSG00000105676_ARMC6
-11401.21 3.015742 0.1960502 0.9473298 0.3990788 1.089694 0 0.683354857144877 ENSG00000135046_ANXA1
-38105.95 2.942159 0.2476164 0.9716483 0.5444347 0.4038252 0 1.14403476356529 ENSG00000111452_GPR133
-27102.28 2.800949 0.2825089 1.116079 5.202887 7.438423 0 2.59038819372654 ENSG00000054983_GALC
-31450.87 3.201558 0.03576702 1.008072 1.272302 0.1246413 0 1.23916677106172 ENSG00000055163_CYFIP2
-13568.24 3.100445 0.5002064 1.024637 3.438559 4.097799 0 1.45841664704494 ENSG00000203952_CCDC160
-4185.169 3.043075 0.4155377 0.9705557 0.5941217 0.3966531 0 1.66216229810379 ENSG00000118702_GHRH
-12968.63 2.46123 0.2751615 1.05534 3.54666 3.983654 0 2.01211259141564 ENSG00000157343_ARMC12
-9688.594 2.279143 0.29948 0.9738172 0.5277293 0.2157977 0 1.44829845498316 ENSG00000112715_VEGFA
-6816.177 3.752618 0.3392794 1.071168 3.765959 5.336612 0 2.13257179339416 ENSG00000173261_PLAC8L1
-2013.939 1.874323 0.3151468 0.9752652 0.7915659 0.06926395 0 2.35145453154109 ENSG00000137731_FXYD2
-19238.24 2.523059 0.2961109 1.029067 3.030838 3.564263 0 1.10134736308828 ENSG00000107897_ACBD5
-14055.49 2.106408 0.1049262 1.045262 2.589888 2.176971 0 1.55321437725797 ENSG00000122641_INHBA
-17701.14 2.997499 0.4414732 1.004692 2.466519 1.85017 0 2.47794657410122 ENSG00000151164_RAD9B
-16411.83 2.560787 0.1154555 0.9738692 0.6198153 0.2147195 0 1.16086854832247 ENSG00000221978_CCNL2
-9690.559 2.775574 0.2157083 1.119284 4.790118 6.324164 0 2.939940324286 ENSG00000203705_TATDN3
-13465.8 3.208432 0.1155293 0.9557571 0.2430254 1.486236 0 0.51594622945413 ENSG00000101290_CDS2
-44243.93 3.658136 0.1502228 1.090811 3.48738 2.922943 0 2.14452469046228 ENSG00000108510_MED13
-11567.9 2.954307 0.2000467 0.9737379 0.7113416 0.215753 0 1.09597094007768 ENSG00000186166_CCDC84
-6943.079 3.469371 0.03347443 1.178844 4.460275 5.117634 0 2.57560106716119 ENSG00000008197_TFAP2D
-31600.89 2.508802 0.04785729 0.9544166 1.906069e-05 3.54555 0 0.168215300654992 ENSG00000187555_USP7
-21958.94 3.091153 0.100225 1.037826 1.85205 -0.6689595 0 0.659288247814402 ENSG00000139746_RBM26
-7015.313 3.070216 0.5528307 0.975962 0.3417447 0.7543705 0 2.21642759861425 ENSG00000165828_PRAP1
-15044.63 3.028573 0.171985 1.020839 2.273158 1.612095 0 2.26413720217533 ENSG00000168792_ABHD15
-6533.023 2.296561 0.2082413 0.9923021 1.494122 0.2888069 0 2.87500510993414 ENSG00000069812_HES2
-16399.81 3.046929 0.175178 0.9579099 0.4618848 0.3816013 0 2.02684036153369 ENSG00000130224_LRCH2
-23307.06 2.226786 0.1076772 0.9856958 1.064001 0.06886964 0 0.359858654905111 ENSG00000132334_PTPRE
-13336.7 3.165373 0.4025925 1.019818 3.30455 3.746805 0 2.91506203450263 ENSG00000157303_SUSD3
-21480.13 2.957962 0.08854403 1.173298 4.30872 6.420823 0 2.65484013408422 ENSG00000179104_TMTC2
-35845.87 3.284849 0.1445118 1.049753 2.625317 3.020616 0 2.99130422668532 ENSG00000075651_PLD1
-7020.143 3.927778 0.08421379 1.087561 3.023924 2.672067 0 2.58482113969512 ENSG00000181929_PRKAG1
-19647.82 3.491894 0.09680808 0.9925671 1.117021 0.02481184 0 1.96572941425256 ENSG00000183862_CNGA2
-2782.815 2.326522 0.2487687 1.116808 5.554633 6.311611 0 2.67483031656593 ENSG00000120306_CYSTM1
-9376.697 2.836543 0.455587 0.9959364 1.941379 1.211592 0 2.2635466279462 ENSG00000159596_TMEM69
-25190.57 2.512809 0.06126436 0.9748571 0.5599019 0.6428146 0 0.327497959602624 ENSG00000105464_GRIN2D
-10272.64 3.857558 0.06636201 0.9615396 0.4148953 0.9259429 0 0.582386527676135 ENSG00000181072_CHRM2
-15246.55 2.971381 0.2598115 0.9835242 1.297897 0.1157653 0 1.7119866698049 ENSG00000103343_ZNF174
-20812.28 3.456135 0.442549 0.9879284 1.607529 0.6048743 0 2.61424615583383 ENSG00000136932_C9orf156
-27312.36 2.607864 0.1047562 1.040117 2.342894 2.221985 0 2.20884945429862 ENSG00000130226_DPP6
-8283.277 3.736086 0.06944683 1.225915 5.385111 8.176044 0 2.63338758889586 ENSG00000154114_TBCEL
-47675.65 2.46652 0.4341422 0.98167 1.504942 0.3583802 0 1.65164610813372 ENSG00000174837_EMR1
-21495.56 2.672416 0.1273322 0.9828153 0.7710724 0.08986046 0 1.45157710346393 ENSG00000095321_CRAT
-29666.27 3.059671 0.1211365 1.044271 2.086551 1.271021 0 2.58978270040825 ENSG00000064651_SLC12A2
-10541.82 2.690351 0.07471023 0.9724426 0.4482268 0.7270212 0 1.37944613420404 ENSG00000115596_WNT6
-20074.36 2.594776 0.7209339 0.9742825 1.474812 0.2934617 0 1.24245015042834 ENSG00000271605_MILR1
-33969.71 3.124959 0.2286074 0.9805434 0.9715205 0.0008528759 0 2.48646563384682 ENSG00000166317_SYNPO2L
-27120.83 2.790817 0.288401 0.9937498 1.567805 0.5299957 0 1.30243608844467 ENSG00000148702_HABP2
-35382.33 2.44152 0.1085958 1.027914 2.183473 1.478682 0 2.25651706731878 ENSG00000179981_TSHZ1
-23978.97 3.510563 0.4929337 1.007396 2.411707 1.813379 0 1.85620002262294 ENSG00000171320_ESCO2
-22895.38 3.261873 0.1793578 1.005908 1.450461 0.3071675 0 2.76930889114738 ENSG00000165072_MAMDC2
-11211 2.264319 0.1005456 0.9866936 1.024978 0.01644821 0 1.89339197636582 ENSG00000153266_FEZF2
-6766.579 3.786018 0.1449514 0.9769603 0.7301673 0.1407048 0 0.855032531311736 ENSG00000134198_TSPAN2
-9871.488 3.373655 0.1533956 0.973148 0.7775724 0.09467977 0 0.869930343003944 ENSG00000119318_RAD23B
-16657.4 3.269994 0.316447 0.9762261 1.078577 0.01051608 0 0.418110441416502 ENSG00000156469_MTERF3
-11196.82 2.718182 0.04175555 1.014213 1.380998 0.267652 0 2.23675197456032 ENSG00000138758_SEPT11
-36255.82 3.65234 0.1564794 0.9549319 0.3874833 1.204755 0 0.14164737216197 ENSG00000148516_ZEB1
-5632.902 2.51418 0.2294437 0.9733873 1.314289e-05 1.332113 0 2.74909577099606 ENSG00000104904_OAZ1
-41549.6 2.319952 0.1622843 0.9525431 0.2640696 1.338604 0 0.246258561266586 ENSG00000141449_GREB1L
-9205.05 3.691437 0.2132362 0.9691455 0.7577021 0.1147748 0 0.710259727668017 ENSG00000197532_OR6Y1
-34789.52 3.072002 0.1883776 1.099353 4.15337 6.739303 0 2.36389497248456 ENSG00000140022_STON2
-20737.19 3.352778 0.04435736 1.017119 1.59612 0.4627137 0 1.25602678698488 ENSG00000064419_TNPO3
-6854.402 3.632098 0.2431712 1.069801 3.256095 4.252368 0 2.32955331704579 ENSG00000077152_UBE2T
-30612.02 3.103498 0.0623166 1.042138 2.00296 1.234273 0 1.54191032121889 ENSG00000182621_PLCB1
-24919.03 3.298799 0.3014968 0.9983174 1.849066 0.816015 0 1.69996671960689 ENSG00000178075_GRAMD1C
-6845.901 3.013794 0.155915 1.032946 2.007185 1.225615 0 2.27714856248349 ENSG00000138308_PLA2G12B
-6154.034 3.044382 0.04803349 1.00005 1.402909 0.1931811 0 2.11872317455709 ENSG00000089693_MLF2
-21111.56 3.777334 0.07818197 1.02793 1.909696 0.8932224 0 1.62206359324045 ENSG00000112118_MCM3
-15050.53 2.300783 0.3632721 0.9758247 0.8666727 0.01473552 0 1.36239039804786 ENSG00000205784_ARRDC5
-14319.34 2.047457 0.1856139 0.9929839 1.598602 0.2143774 0 2.67320435727015 ENSG00000143067_ZNF697
-31092.36 3.131806 0.1777762 1.004536 1.74209 1.072899 0 1.51386290788651 ENSG00000179889_PDXDC1
-10564.94 3.220293 0.03349764 1.005069 1.414311 0.1919865 0 0.999058025423437 ENSG00000103653_CSK
-9090.967 2.819504 0.2300444 0.9669837 0.3395999 2.042487 0 0.301301565254107 ENSG00000101417_PXMP4
-5874.827 2.48489 0.3312143 0.9545968 1.176013e-08 2.638467 0 0.154253221582621 ENSG00000135447_PPP1R1A
-11704.16 3.233144 0.1989852 0.966794 0.6540259 0.3012097 0 0.719885586993769 ENSG00000129048_ACKR4
-5678.596 3.471442 0.112709 1.25632 7.657829 10.02998 0 2.8531743963249 ENSG00000144233_AMMECR1L
-21718.63 2.868242 0.1813288 0.9706147 0.7770484 0.1459503 0 0.481445963261649 ENSG00000102010_BMX
-11205.65 2.657223 0.2440714 0.958949 0.3157088 0.9388111 0 0.540017946157604 ENSG00000188732_FAM221A
-19515.35 3.306342 0.08423124 1.051203 2.593936 2.102276 0 2.4920825609006 ENSG00000160410_SHKBP1
-1140.224 2.697383 0.04332647 1.082005 2.652146 1.37059 0 0.974954938050359 ENSG00000188725_SMIM15
-30232.81 3.49517 0.07785434 0.9589377 0.2125905 1.975106 0 0.624663803027943 ENSG00000159399_HK2
-19491.64 3.04401 0.1502304 1.074392 3.169845 3.998407 0 2.84974398231134 ENSG00000100281_HMGXB4
-10673.82 2.867929 0.05086836 0.9590441 8.711881e-06 2.244168 0 0.212394864996895 ENSG00000050748_MAPK9
-29638.78 2.182208 0.2716218 0.9736282 0.5312138 0.4327493 0 2.58697871281765 ENSG00000167895_TMC8
-15180.16 2.806441 0.2982597 0.9826873 1.172253 0.04025331 0 0.410278043244034 ENSG00000124003_MOGAT1
-18843.63 2.65518 0.1469979 1.027457 2.59791 2.484252 0 1.73344427417032 ENSG00000021488_SLC7A9
-43994.55 3.649622 0.2092311 1.008039 1.86606 0.9366822 0 2.22734077158384 ENSG00000157353_FUK
-13312.4 4.154022 0.0569221 1.068571 2.118045 1.302232 0 2.55078023392707 ENSG00000104290_FZD3
-47219.09 3.365387 0.4694552 0.9898518 1.849334 0.6632072 0 1.141019488452 ENSG00000177853_ZNF518A
-12440.31 2.928046 0.07837154 0.9983307 1.295284 0.145084 0 1.55705011705868 ENSG00000185627_PSMD13
-9565.647 2.977671 0.08462503 1.083313 3.725844 4.371002 0 2.93669098382816 ENSG00000144040_SFXN5
-13688.77 3.317372 0.06078375 1.151326 4.492171 6.290228 0 2.15675150044262 ENSG00000137710_RDX
-30259.11 2.43664 0.0709222 0.9681962 0.1971845 1.866527 0 1.77615057514049 ENSG00000185989_RASA3
-1813.478 3.807148 0.03988553 0.9571362 0.3352589 0.8102263 0 0.385714032221586 ENSG00000128534_LSM8
-17001.36 2.871447 0.1839004 1.018238 2.728368 2.83483 0 2.38946574437432 ENSG00000189319_FAM53B
-3095.27 2.487755 0.2331619 0.983444 1.177744 0.0591719 0 2.08740891865455 ENSG00000134056_MRPS36
-17991 2.966918 0.2476618 0.9730255 0.9486611 0.006025178 0 0.805452450877056 ENSG00000152785_BMP3
-12054.85 3.215419 0.2523113 0.989569 1.364927 0.2373595 0 1.34741612174548 ENSG00000125775_SDCBP2
-14166.94 3.2016 0.07846329 1.143427 4.182711 5.724367 0 2.914132559672 ENSG00000047621_C12orf4
-12018.16 3.254407 0.2550823 1.126308 5.334452 7.376295 0 2.48261006665416 ENSG00000140030_GPR65
-7501.325 2.892959 0.1736187 0.99628 1.414175 0.1926029 0 1.4294264651835 ENSG00000110900_TSPAN11
-9532.645 3.35516 0.2811045 1.02452 2.555718 2.525755 0 1.73388062906452 ENSG00000139921_TMX1
-9958.608 3.195084 0.1314982 0.9574837 0.4300704 0.8780738 0 0.58532897871919 ENSG00000120519_SLC10A7
-14422.34 3.10562 0.05646745 1.028284 2.052012 0.9164734 0 1.19236526708119 ENSG00000114098_ARMC8
-18933.26 2.436965 0.2521976 1.017435 2.547577 2.583859 0 1.88568037049845 ENSG00000108423_TUBD1
-89727.06 3.600651 0.6561958 0.9761728 1.307566 0.1560365 0 1.4243821206037 ENSG00000012048_BRCA1
-21378.97 2.829506 0.4692831 0.9582148 8.35098e-05 3.008496 0 0.117753804428503 ENSG00000124334_IL9R
-9615.987 2.813959 0.243855 1.007834 2.094442 1.101599 0 1.88779755262658 ENSG00000113761_ZNF346
-13892.86 4.420309 0.02033109 0.9698584 0.4867182 0.3491881 0 2.22426343406551 ENSG00000147044_CASK
-15766.33 2.808798 0.1509445 1.010987 1.762401 0.5799491 0 2.21415453474037 ENSG00000116514_RNF19B
-16948.9 2.876999 0.3699392 0.9931834 1.707848 0.7080039 0 1.06452879449353 ENSG00000127993_RBM48
-11198.3 1.716984 0.1263206 0.9646459 0.6070123 0.1628265 0 0.708941334625706 ENSG00000078328_RBFOX1
-11559.69 2.687422 0.2169644 1.067916 3.628707 3.57297 0 2.38907326874323 ENSG00000155085_AK9
-14919.91 3.507194 0.1571746 1.047428 2.360667 1.930473 0 1.9796813770663 ENSG00000152779_SLC16A12
-17387.33 3.328044 0.1496757 0.9707153 0.4619487 1.315898 0 0.575080883223563 ENSG00000158480_SPATA2
-26225.26 3.215732 0.4452634 1.012916 2.482599 2.313323 0 2.47951951087452 ENSG00000109674_NEIL3
-9738.496 2.917822 0.09808385 1.017299 1.774743 -0.1426803 0 0.803680327953771 ENSG00000137764_MAP2K5
-11408.67 3.043131 0.179168 0.9991507 1.411925 0.2366576 0 0.793582054786384 ENSG00000162928_PEX13
-17266.45 2.682061 0.07683371 0.961352 2.329966e-05 3.229724 0 0.0116381405387074 ENSG00000106348_IMPDH1
-16392.11 2.431474 0.3496559 0.9662222 0.6485364 0.4677921 0 0.800514288945124 ENSG00000158769_F11R
-51750.44 3.300129 0.3519387 0.9589446 0.5735536 0.6109311 0 0.464966874802485 ENSG00000169679_BUB1
-3761.68 2.981349 0.270054 1.029025 3.787097 3.893868 0 2.23904085997492 ENSG00000150433_TMEM218
-31851.76 2.451857 0.1320729 0.9709374 0.7195826 0.1641055 0 0.866235482040793 ENSG00000158321_AUTS2
-14355.03 2.573191 0.08882538 0.9713127 0.3850694 0.5337294 0 0.260804212186486 ENSG00000142453_CARM1
-6375.959 3.865088 0.3688656 1.043234 3.512577 3.627445 0 2.58482947130688 ENSG00000178473_UCN3
-13757.69 2.264071 0.1420496 0.9656333 6.808772e-06 1.63681 0 0.873856065329164 ENSG00000011347_SYT7
-16490.39 2.007014 0.381081 0.9917056 2.146051 1.227857 0 1.60178948077373 ENSG00000213965_NUDT19
-6685.559 3.510315 0.0547537 1.117527 3.002983 3.031176 0 2.23812346137129 ENSG00000065135_GNAI3
-4254.37 3.983443 0.1817778 0.9435654 4.509748e-06 4.733398 0 0.113976033870131 ENSG00000179600_GPHB5
-38376.26 2.552325 0.2882189 1.279392 9.623062 19.65475 0 2.78545727301389 ENSG00000171714_ANO5
-23599.02 2.627442 0.1745086 1.015432 2.317989 1.863973 0 2.44817022979259 ENSG00000197467_COL13A1
-10919.32 2.97275 0.1733685 1.022821 2.306452 1.81258 0 1.9966827230528 ENSG00000169016_E2F6
-16980.41 3.544643 0.03583499 1.672092 12.09008 8.375292 0 2.52109835925512 ENSG00000179603_GRM8
-5492.147 3.002014 0.07492216 0.989998 1.014 -0.004111329 0 0.729608997702599 ENSG00000143183_TMCO1
-7850.857 3.886476 0.221578 0.945094 0.2205029 1.877468 0 0.112255620304495 ENSG00000183032_SLC25A21
-13196.98 2.660063 0.09088088 1.020674 1.696544 0.5881523 0 2.4111268222332 ENSG00000277586_NEFL
-9157.741 2.293829 0.09265893 0.9725544 0.3599134 0.6834408 0 0.932681448524818 ENSG00000247077_PGAM5
-47860.83 3.928426 0.1290968 0.9881335 0.9399773 0.01177373 0 2.57701840088703 ENSG00000079432_CIC
-26169.96 2.811494 0.3038891 0.9908152 1.411949 0.802964 0 2.74507110170089 ENSG00000179593_ALOX15B
-14598.89 3.21513 0.100489 0.9873355 0.9727834 0.0008272281 0 1.54840191244148 ENSG00000169682_SPNS1
-12560.64 2.74957 0.1335683 0.96396 0.4707602 0.6845374 0 0.485373534495011 ENSG00000206075_SERPINB5
-18534.44 2.361943 0.1897097 1.019534 2.964508 2.730482 0 2.96150892111473 ENSG00000105373_GLTSCR2
-17077.52 3.08467 0.1317476 0.9784071 0.8792628 0.02395845 0 0.504101516213268 ENSG00000130803_ZNF317
-17472.57 3.008262 0.1724359 0.9892041 1.087637 0.01396991 0 1.97049680817872 ENSG00000135454_B4GALNT1
-12734.68 3.870285 0.04668976 1.016709 1.567841 0.4592403 0 0.904218601528555 ENSG00000110880_CORO1C
-4762.804 2.66397 0.1557041 0.9700054 0.5623775 0.3294595 0 0.225890387780964 ENSG00000089685_BIRC5
-17066.9 2.626865 0.2066386 0.9865721 1.240842 0.1313343 0 1.0441469871439 ENSG00000134321_RSAD2
-3769.016 2.595593 0.1039257 0.9578559 0.3665208 0.6403242 0 0.472064937232062 ENSG00000139651_ZNF740
-19712.47 3.246901 0.04207918 1.188327 3.997491 7.54322 0 2.38813263969496 ENSG00000081138_CDH7
-11930.9 3.765675 0.1947677 1.139701 5.009236 6.340776 0 1.37595742824487 ENSG00000115947_ORC4
-13632.69 1.933435 0.7225193 1.018958 4.954874 5.945374 0 2.61244842340238 ENSG00000153563_CD8A
-26474.17 2.550109 0.128653 0.9453823 2.783988e-05 7.040469 0 0.00626077177003026 ENSG00000184156_KCNQ3
-26685.22 3.461756 0.180427 1.080811 3.528792 5.512194 0 2.48709394270554 ENSG00000117597_DIEXF
-553672.4 3.618695 0.1279689 1.076609 2.703394 -3.349741 0 0.0710676906164736 ENSG00000155657_TTN
-3757.336 3.390796 0.1837855 0.9756452 0.8280941 0.01772515 0 0.971590707544237 ENSG00000160679_CHTOP
-7427.341 2.425502 0.1454991 1.045376 3.207649 2.951176 0 2.88035684474744 ENSG00000174238_PITPNA
-17234.76 3.227003 0.2856593 1.046591 3.317867 3.711008 0 2.59515132405795 ENSG00000164073_MFSD8
-9512.505 2.066245 0.08868034 0.9683454 0.2821209 1.112949 0 1.35037255031057 ENSG00000106089_STX1A
-9191.956 3.347559 0.09036933 0.9376144 1.255112e-05 4.39954 0 0.607143421657383 ENSG00000038274_MAT2B
-11801.94 3.766226 0.06317731 1.054664 2.128347 4.569621 0 2.94536651833914 ENSG00000105926_MPP6
-29800.87 2.991889 0.1160891 0.9831172 0.9226363 0.01086237 0 2.44246827252209 ENSG00000089597_GANAB
-5523.956 2.527714 0.1043816 1.026124 2.145371 1.18481 0 2.50208762381226 ENSG00000166780_C16orf45
-17655.92 2.60189 0.1739219 1.031012 2.564286 1.813337 0 2.21190504776314 ENSG00000021574_SPAST
-29078.5 3.335971 0.08393008 1.082375 2.513647 2.331894 0 2.21246044104919 ENSG00000018236_CNTN1
-13508.46 3.920988 0.1224211 0.9585284 5.508748e-06 3.659525 0 0.0343982647173107 ENSG00000158246_FAM46B
-13047.31 2.90328 0.08582546 1.032475 2.050977 0.929468 0 2.30753638478927 ENSG00000135457_TFCP2
-13464.2 2.687716 0.1904498 0.9889029 1.414278 0.1943037 0 0.967286428436637 ENSG00000139637_C12orf10
-33438.17 3.448233 0.1020583 0.9575356 0.01039334 3.241642 0 0.180887858150527 ENSG00000174233_ADCY6
-43161.7 2.697551 0.1990579 0.9836715 0.9844559 0.002120353 0 1.04841976775788 ENSG00000089820_ARHGAP4
-20129.97 2.607279 0.1311881 0.9932947 1.307305 0.1155759 0 2.39261154807173 ENSG00000058404_CAMK2B
-10030.91 2.805058 0.1993532 0.9548751 0.3685973 0.7893144 0 0.448981685796753 ENSG00000215114_UBXN2B
-90311.86 3.548126 0.2930468 0.9671041 0.4843377 0.6235138 0 0.675659320084378 ENSG00000135476_ESPL1
-19722.17 3.091896 0.2046181 0.9863726 1.107001 0.03408583 0 2.89829742000438 ENSG00000139445_FOXN4
-28938.56 3.056657 0.1910819 0.9350178 5.663335e-05 2.737429 0 0.0382215350400656 ENSG00000048991_R3HDM1
-28477.96 2.214768 0.4480178 1.031572 3.914771 3.678433 0 1.98991784406826 ENSG00000165506_DNAAF2
-15284.62 3.127646 0.08122481 0.9524675 0.265608 1.349207 0 0.152563874144107 ENSG00000154174_TOMM70A
-45458.31 3.110057 0.07439163 1.051002 2.129134 1.277685 0 1.39648211281747 ENSG00000144285_SCN1A
-3802.975 2.373425 0.2666173 1.046153 3.159797 1.436617 0 1.41746542020701 ENSG00000261787_TCF24
-7839.041 3.269199 0.03519862 1.033663 2.506651 1.659074 0 2.63780775270425 ENSG00000114353_GNAI2
-14691.85 2.600005 0.2951863 0.9658873 0.4823458 1.172683 0 0.212934410199523 ENSG00000102886_GDPD3
-3120.214 1.699569 0.124865 0.9509578 0.4228865 0.8801465 0 0.827215425437316 ENSG00000131171_SH3BGRL
-33279.7 2.800955 0.1676966 1.591386 16.37917 11.00193 0 2.11204596539028 ENSG00000158528_PPP1R9A
-2525.154 3.770898 0.01022828 1.064985 2.068001 0.8860151 0 2.02827349863946 ENSG00000101608_MYL12A
-1852.231 4.222773 0.08335871 0.9662359 0.5174372 0.5215038 0 0.334032683400437 ENSG00000139343_SNRPF
-42191.15 3.342892 0.2811027 1.070978 3.628121 4.426744 0 2.94895516242832 ENSG00000004846_ABCB5
-20704.78 2.986068 0.21093 0.9751863 0.3085247 0.9109264 0 1.04314092546701 ENSG00000175920_DOK7
-3899.164 2.501014 0.08027371 1.082263 3.805354 3.560291 0 2.19833130785264 ENSG00000163875_MEAF6
-35174.45 3.492595 0.1669467 1.149259 4.716786 6.216497 0 2.48655482637696 ENSG00000138674_SEC31A
-20136.1 3.487777 0.2852952 0.9477773 0.01263976 3.367076 0 0.0580625734291971 ENSG00000143486_EIF2D
-40626.35 2.954104 0.3671651 0.9517321 0.3960782 1.055373 0 0.609990332974121 ENSG00000144395_CCDC150
-11891.46 3.035975 0.1289585 0.951259 0.1970045 2.242603 0 0.682212447049096 ENSG00000131966_ACTR10
-17379.63 2.757897 0.09714702 0.9689452 0.5529619 0.5569771 0 0.447104594204575 ENSG00000057704_TMCC3
-32190.28 3.12012 0.09994497 1.039375 2.474415 1.264817 0 1.30032322159968 ENSG00000038532_CLEC16A
-5572.619 2.214615 0.3202052 0.9748446 0.5670631 0.183956 0 0.460762072121724 ENSG00000177674_AGTRAP
-12245.89 3.323029 0.07315744 1.106634 3.512392 4.505447 0 2.31927780713886 ENSG00000164794_KCNV1
-9058.586 2.835489 0.1498258 0.9928788 1.172711 0.04760126 0 1.63075862266123 ENSG00000009844_VTA1
-29660.67 3.458847 0.365783 0.9681514 0.9560188 0.003712234 0 0.602354032220319 ENSG00000024526_DEPDC1
-17946.92 3.180929 0.08502684 0.9543296 0.0002251662 4.117681 0 0.169770182808861 ENSG00000140848_CPNE2
-22049.02 2.982203 0.3116631 0.9579514 0.0001483855 3.819558 1 0.791710123652592 ENSG00000198246_SLC29A3
-84330.59 2.834194 0.1083623 0.9504805 0.2132104 2.047991 0 0.196600348223001 ENSG00000133958_UNC79
-19206.48 2.763805 0.10335 1.130851 4.309465 6.227086 0 2.87099667708389 ENSG00000173757_STAT5B
-40525.29 2.540222 0.1358271 1.089935 3.8293 6.665692 0 2.540977724595 ENSG00000157212_PAXIP1
-18880.6 2.884155 0.1267138 0.9466379 0.1698591 2.633098 0 0.404138475190848 ENSG00000120756_PLS1
-9329.801 2.559489 0.1827407 1.061619 3.078574 2.226383 0 2.53128042421304 ENSG00000156017_C9orf41
-33278.45 2.746506 0.09130456 0.9880844 1.019288 0.001263684 0 1.14325563423336 ENSG00000055118_KCNH2
-86550.43 3.378967 0.2186478 1.193684 9.073127 8.770039 0 2.97261475981213 ENSG00000160294_MCM3AP
-15553.25 3.536096 0.3670873 1.002006 2.08771 0.7827382 0 1.24283561459742 ENSG00000136866_ZFP37
-17582.14 2.368972 0.2477832 0.9642694 0.3575788 0.683375 0 1.23424783442169 ENSG00000017483_SLC38A5
-8264.296 3.134949 0.07149899 1.182 5.090901 8.618892 0 2.7525654793717 ENSG00000085365_SCAMP1
-11015.85 3.781291 0.1439928 0.9993539 1.329476 0.1381655 0 0.98790606460534 ENSG00000204977_TRIM13
-15012.83 2.934494 0.1864587 1.73955 17.17375 12.75539 0 2.15573575627059 ENSG00000122591_FAM126A
-11752.76 2.129218 0.1297651 0.993446 1.305537 0.1843672 0 1.74409144744277 ENSG00000162552_WNT4
-8901.61 2.71963 0.5127859 0.9665543 1.109336 0.01946504 0 1.18280085618608 ENSG00000111911_HINT3
-24727.76 2.855874 0.08528992 1.057063 2.478272 2.208003 0 0.658645371906459 ENSG00000083799_CYLD
-10073.01 2.34885 0.4843423 1.039335 3.93 4.620937 0 1.93045131233521 ENSG00000108064_TFAM
-14726.48 2.78475 0.195663 0.9718161 0.3615746 0.6850744 0 2.28183768549934 ENSG00000128271_ADORA2A
-17967.65 3.27945 0.1552916 1.012851 1.901166 1.023793 0 2.00718372012489 ENSG00000166073_GPR176
-34471.37 3.225589 0.1473543 0.9693863 0.6234836 0.2642175 0 1.37259520799853 ENSG00000198825_INPP5F
-10625.44 2.091704 0.3325679 0.9592695 0.2565674 1.405317 0 0.213493215618655 ENSG00000151364_KCTD14
-8642.686 2.684155 0.09309426 1.070652 3.624992 6.124748 0 2.44257105980068 ENSG00000167645_YIF1B
-15710.34 2.18109 0.1127491 0.9605003 7.853398e-06 2.305442 0 0.479835043894127 ENSG00000101180_HRH3
-6315.602 4.514867 0.06469159 1.126837 2.555825 2.522949 0 1.84952801303007 ENSG00000152219_ARL14EP
-22719.78 3.150252 0.1873275 1.000235 1.398526 0.2628016 0 1.67513303062879 ENSG00000138035_PNPT1
-8890.708 3.049747 0.2486356 0.9817241 1.030488 0.000310932 0 2.02021087473258 ENSG00000116096_SPR
-18161.73 2.585036 0.07367258 1.085224 3.040028 2.547915 0 2.75401913258247 ENSG00000087470_DNM1L
-47912.38 3.2859 0.08577171 1.201692 5.544142 7.94984 0 2.80153228738345 ENSG00000147251_DOCK11
-33195.01 3.031153 0.5476304 0.9754855 1.214619 0.09873026 0 2.36695082020015 ENSG00000185436_IFNLR1
-12699.99 2.462906 0.2640314 0.9747197 0.3940233 0.5453988 0 1.42455080570653 ENSG00000182687_GALR2
-11021.93 3.432241 0.05559998 1.128698 3.367701 6.192666 0 2.43062167125754 ENSG00000164532_TBX20
-13903.06 3.334002 0.1395396 1.030327 2.139777 1.385727 0 1.11006432934664 ENSG00000180287_PLD5
-3442.47 2.289704 0.036502 0.9594404 1.758275e-06 1.697455 0 0.829640152165666 ENSG00000116983_HPCAL4
-12033.85 3.303779 0.08458656 1.176598 5.591064 9.256311 0 2.5811984622851 ENSG00000108588_CCDC47
-49060.92 3.284667 0.3993984 1.031813 2.816363 3.441952 0 2.30376127897762 ENSG00000177575_CD163
-10167.3 2.178114 0.4478601 0.9511056 0.2886082 1.094851 0 0.613519396400079 ENSG00000178301_AQP11
-60907.4 3.014456 0.3620904 0.9981841 1.861647 1.108782 0 1.19741712883115 ENSG00000156535_CD109
-16814.54 2.86921 0.1368538 0.9676287 0.281425 1.154928 0 1.05598488938995 ENSG00000162510_MATN1
-28740.41 2.962481 0.2585776 0.9513003 6.00414e-05 3.403316 0 0.515351328765973 ENSG00000136935_GOLGA1
-2073.409 3.356087 0.2821006 0.9628479 0.5127938 0.2641173 0 1.81574582029134 ENSG00000213190_MLLT11
-13794.19 3.372096 0.05699618 1.041827 1.872369 0.8893812 0 1.15795981069095 ENSG00000162409_PRKAA2
-20155.56 3.272972 0.05267009 0.9806714 0.798524 0.07493597 0 0.378428459633142 ENSG00000197323_TRIM33
-23353.47 2.913108 0.2691914 0.9870353 1.322946 0.1566625 0 1.88700321293436 ENSG00000166145_SPINT1
-34861.88 3.764759 0.3372719 1.002384 1.706809 0.8757275 0 0.916590875945985 ENSG00000186185_KIF18B
-39655.28 2.928853 0.3688557 0.9636249 0.7190378 0.1478754 0 0.956614808645099 ENSG00000187742_SECISBP2
-5965.92 2.506766 0.3181999 0.9869697 1.375063 0.2231143 0 1.73670923989266 ENSG00000175121_WFDC5
-8265.988 3.211003 0.1496955 1.000304 1.709849 0.5139107 0 1.51141812605783 ENSG00000072506_HSD17B10
-24755.27 3.326125 0.1762861 1.122248 5.567804 9.620253 0 2.49595703766681 ENSG00000115486_GGCX
-12420.79 2.107409 0.04091983 1.064441 3.203107 3.707825 0 2.10871643247083 ENSG00000176014_TUBB6
-18143.65 2.702629 0.1392032 0.9771437 0.3629162 0.6507673 0 1.45869532087818 ENSG00000070444_MNT
-28409.04 2.945609 0.1758054 0.9634938 0.2136614 1.921404 0 0.558753974502906 ENSG00000122367_LDB3
-10831.88 2.327791 0.6306351 0.9638474 1.000151 0.0001500735 0 0.908138397149742 ENSG00000152558_TMEM123
-18486.98 2.783739 0.1281195 0.9764412 0.6921964 0.191887 0 1.24250341253355 ENSG00000176974_SHMT1
-21928.02 3.410008 0.2395066 0.979917 1.004762 8.248342e-05 0 0.372796565294266 ENSG00000136014_USP44
-24068.56 2.715502 0.3432816 1.082674 4.8669 7.136811 0 2.78461858327501 ENSG00000135953_MFSD9
-26379.89 3.160484 0.06767476 0.9736448 0.5808037 0.4369071 0 1.30664604110643 ENSG00000204681_GABBR1
-1317.307 3.486004 0.1873416 0.9478059 8.156471e-07 4.705343 0 0.349094294942915 ENSG00000173915_USMG5
-92315.23 2.988518 0.2859611 1.037178 2.71674 3.021753 0 2.8091582392808 ENSG00000163554_SPTA1
-21986.21 3.787143 0.2254763 1.025679 2.274496 1.353843 0 2.4824803727679 ENSG00000127412_TRPV5
-11642.43 3.631352 0.1007663 1.101257 3.643122 4.465264 0 2.46850192244165 ENSG00000110768_GTF2H1
-18467.49 3.30913 0.09372078 0.985881 0.9469601 0.005435261 0 1.14968100632541 ENSG00000118689_FOXO3
-4836.422 3.266835 0.1232147 0.9801134 0.7979685 0.1119118 0 0.604119615862146 ENSG00000102931_ARL2BP
-7412.729 2.545836 0.4155272 0.9423588 1.966364e-06 2.790479 0 0.0301557162310928 ENSG00000101888_NXT2
-29314.42 3.33765 0.07096477 1.015973 2.119851 0.7864249 0 0.503429809352383 ENSG00000080854_IGSF9B
-35987.78 2.933415 0.3259758 0.9686645 0.4541941 1.288495 0 0.49877885193564 ENSG00000074660_SCARF1
-20391.13 3.209637 0.3990144 1.06329 3.782207 4.378867 0 1.60845561814494 ENSG00000135426_TESPA1
-11267.85 3.192851 0.1810845 0.9516524 8.457332e-08 3.667208 0 0.0239643319509923 ENSG00000102218_RP2
-21122.23 2.370699 0.1909727 0.9797253 0.8697879 0.05160026 0 2.71502176648937 ENSG00000160282_FTCD
-126194.5 2.973165 0.1428633 1.060547 3.537361 3.019653 0 2.84167238976806 ENSG00000183495_EP400
-13252 3.1494 0.1798273 1.028978 2.861121 2.862163 0 2.93459432898089 ENSG00000204316_MRPL38
-18350.37 4.153236 0.1217328 1.035595 2.059863 1.083073 0 2.42796124122106 ENSG00000115421_PAPOLG
-7970.32 2.168641 0.6795108 0.9858463 2.556374 1.322289 0 2.23279962362722 ENSG00000259823_LYPD8
-17276.54 3.445873 0.1757182 1.090793 3.67383 4.88528 0 1.97004761500284 ENSG00000117155_SSX2IP
-48008.23 3.009526 0.1818942 0.998115 1.479901 0.3705663 0 1.32684986502863 ENSG00000158125_XDH
-95410.97 3.573981 0.3046335 1.017537 2.390718 1.849482 0 2.66809856565669 ENSG00000104133_SPG11
-22821.02 3.052206 0.1887548 0.9499235 2.758127e-06 3.190255 0 0.718823138158768 ENSG00000065357_DGKA
-47926.78 2.406351 0.8523928 0.934937 1.837311e-05 4.562697 0 0.034567658090964 ENSG00000166960_CCDC178
-21898.13 2.966796 0.1983076 0.9653218 0.2135433 1.948997 0 0.699512308230624 ENSG00000184470_TXNRD2
-4718.411 2.066757 0.1894561 0.9936937 1.605397 0.338716 0 2.34972351137549 ENSG00000242485_MRPL20
-26933.96 2.756714 0.07956133 1.017033 1.819077 1.079116 0 2.57795173698105 ENSG00000011021_CLCN6
-26070.04 2.366366 0.2209744 0.9813461 0.8787762 0.03337403 0 1.42413050285541 ENSG00000148384_INPP5E
-22600.25 2.791994 0.171689 0.9869432 1.137194 0.04685497 0 1.18251057900488 ENSG00000095303_PTGS1
-39152.19 2.936196 0.3344777 0.9394428 7.459854e-06 6.309902 0 0.16527001792565 ENSG00000016490_CLCA1
-10548.66 3.314908 0.1366699 1.019353 1.878113 0.6941638 0 2.94869058555923 ENSG00000214160_ALG3
-69590.55 3.402355 0.3162325 1.018937 2.404789 1.941577 0 2.10742995841429 ENSG00000070601_FRMPD1
-14181.77 4.383503 0.09387227 0.9432073 1.112844e-05 4.22399 0 0.125135630602017 ENSG00000169826_CSGALNACT2
-8334.18 2.506092 0.3793125 0.9988387 2.122291 1.177072 0 2.22758891922422 ENSG00000183733_FIGLA
-7871.185 3.966677 0.08584786 1.059429 2.685064 2.465466 0 1.46306828618981 ENSG00000108829_LRRC59
-18239.94 3.431725 0.04301331 1.16108 3.682387 3.450023 0 2.79557617963292 ENSG00000164654_MIOS
-10712.71 3.181023 0.4967193 1.031803 3.334192 3.98795 0 2.64833355671726 ENSG00000165120_SSMEM1
-13725.93 2.540466 0.2036667 0.9719044 1.477155e-05 2.25102 0 0.791815966134891 ENSG00000179403_VWA1
-15765.15 4.509828 0.1631988 1.076158 2.620146 2.097993 0 2.83364412817173 ENSG00000165338_HECTD2
-28431.75 3.100672 0.04964111 1.007666 1.513592 0.3174517 0 2.21195222670212 ENSG00000204560_DHX16
-3586.716 3.561885 0.08286992 0.9749745 0.6537297 0.2759601 0 1.02297149808146 ENSG00000133935_C14orf1
-25044.36 3.218367 0.1575887 0.953217 0.2164613 1.882959 0 1.14471943024546 ENSG00000135299_ANKRD6
-13090.62 2.97504 0.1305638 1.037111 2.436669 1.774203 0 2.03751256107353 ENSG00000157557_ETS2
-19898.37 2.215499 0.3446204 0.9798667 1.091473 0.01786268 0 0.784730410203338 ENSG00000023191_RNH1
-59513.66 2.60865 0.4508522 1.001107 2.359724 2.202345 0 2.4325118009001 ENSG00000092200_RPGRIP1
-7652.1 4.272882 0.03923861 1.099008 3.357871 3.287924 0 2.00524555379525 ENSG00000204227_RING1
-12977.1 2.820085 0.4192142 0.9792529 1.177864 0.08023418 0 1.54687887104228 ENSG00000095970_TREM2
-18221.43 2.507385 0.1755384 0.9813932 0.8167924 0.04375769 0 2.14608465135098 ENSG00000177830_CHID1
-8783.871 3.927312 0.05001146 1.06942 3.040975 3.42679 0 1.36125645437278 ENSG00000125149_C16orf70
-44961.69 1.872153 0.6565318 0.9682066 1.263824 0.1502701 0 1.67666101944633 ENSG00000173702_MUC13
-23538.09 3.432389 0.1476077 1.000034 1.712641 0.9711428 0 2.35043765581213 ENSG00000128917_DLL4
-31540.55 3.211159 0.1935847 0.9667839 0.3397412 2.275874 0 0.330197890056297 ENSG00000049239_H6PD
-4739.759 2.757162 0.3461118 1.07228 4.376816 4.401679 0 1.33135704905726 ENSG00000196711_FAM150A
-12433.03 2.703355 0.2217937 0.9442355 7.740468e-05 3.624583 0 0.273978376993909 ENSG00000126790_L3HYPDH
-21769.88 3.551387 0.09991056 1.024256 2.101751 1.30281 0 2.84285136591643 ENSG00000165804_ZNF219
-34070.84 3.170456 0.2029701 0.9673095 0.5375531 0.4334975 0 0.60487316432409 ENSG00000155363_MOV10
-10989.13 3.475285 0.12243 0.951103 1.068923e-05 4.008682 0 0.00262642535381019 ENSG00000065600_TMEM206
-9103.414 3.541263 0.08967371 0.9799551 0.5213098 0.224009 0 0.584766476182267 ENSG00000125378_BMP4
-1891.741 2.31382 0.06069742 0.9786224 0.6016769 0.256028 0 2.31611488270573 ENSG00000134825_TMEM258
-4844.366 3.157617 0.05031732 1.115755 4.011256 2.941556 0 1.47549667954445 ENSG00000096746_HNRNPH3
-63096.16 3.106802 0.3209018 0.9683872 0.801564 0.09508131 0 0.46753493626602 ENSG00000069122_GPR116
-11457.18 2.235251 0.1056897 0.9830443 0.7650937 0.06729431 0 2.80558889172971 ENSG00000105963_ADAP1
-17191.49 3.119963 0.4600609 0.9632181 0.5452975 0.4122427 0 0.162181079853326 ENSG00000068489_PRR11
-8165.856 3.818576 0.0468246 1.005874 1.177043 0.08394237 0 2.07243080204353 ENSG00000135316_SYNCRIP
-54534.17 2.805385 0.1934383 0.9918365 1.371461 0.1970023 0 1.00952161895111 ENSG00000116962_NID1
-37890.19 2.571079 0.2578447 0.9674573 0.5276965 0.4473432 0 2.89467034558766 ENSG00000149503_INCENP
-18662.64 2.209765 0.1339743 0.9788504 0.3900546 1.662628 0 2.04304557200521 ENSG00000182087_TMEM259
-36097.25 3.192065 0.3433039 1.073702 3.694156 4.647082 0 2.75178505363874 ENSG00000172167_MTBP
-39352.47 3.050254 0.1395429 0.9728852 0.7288342 0.09677115 0 0.501295195659623 ENSG00000165494_PCF11
-14727.65 2.6885 0.2097659 0.9889256 1.245339 0.1030438 0 0.823479591635987 ENSG00000104808_DHDH
-11481.3 1.918146 0.1093836 0.9656467 1.230768e-05 2.466315 0 0.428802411071956 ENSG00000106038_EVX1
-10789.74 2.425435 0.1055187 0.9763104 0.6727011 0.2433828 0 1.64963523298502 ENSG00000196372_ASB13
-46500.49 3.004005 0.3009712 0.9767355 1.10402 0.05025385 0 1.47234475426376 ENSG00000112893_MAN2A1
-19875.41 3.888938 0.07318891 0.954112 1.543451e-06 8.405441 0 0.0327353412285447 ENSG00000085998_POMGNT1
-12083.42 2.733859 0.1065265 0.9564148 3.591488e-06 3.646987 0 0.187932162545621 ENSG00000097021_ACOT7
-5478.079 3.310155 0.06807322 1.035723 1.869113 0.4496413 0 0.822548820404336 ENSG00000145687_SSBP2
-13543.27 2.751904 0.1421789 1.006476 1.822655 0.7888272 0 1.74064105795696 ENSG00000100997_ABHD12
-6355.41 3.806992 0.0633057 0.9859823 0.8141426 0.05738735 0 1.77187667274848 ENSG00000091947_TMEM101
-9845.088 3.047873 0.05580175 0.9716321 0.5395754 0.4405344 0 0.937704432522878 ENSG00000183049_CAMK1D
-9240.027 3.712869 0.07842738 1.027407 1.874974 0.7928325 0 2.05235284776427 ENSG00000137207_YIPF3
-19877.72 3.006062 0.5571545 1.050889 4.759001 6.239156 0 2.02614240604453 ENSG00000172717_FAM71D
-24490.01 3.500951 0.1001796 1.195558 5.402125 7.579046 0 2.16469757817686 ENSG00000113161_HMGCR
-1235.9 2.772574 0.06927104 0.9947172 1.180898 0.03359259 0 0.799788492266089 ENSG00000177868_CCDC23
-6772.078 2.138411 0.2497975 0.9745883 0.7812599 0.1110508 0 1.78326402045786 ENSG00000163815_CLEC3B
-27130.36 2.540341 0.3603933 1.019246 2.858323 3.162865 0 2.31285357708111 ENSG00000165810_BTNL9
-9290.792 1.601458 0.1186558 0.9911365 1.352046 0.1586704 0 1.18458881601691 ENSG00000171303_KCNK3
-5501.778 3.046924 0.1473859 1.020606 1.979533 0.8387076 0 1.23656536010094 ENSG00000155959_VBP1
-9697.543 2.972489 0.4248192 1.003516 2.408077 1.74441 0 1.40517232683487 ENSG00000197272_IL27
-22949.03 2.900057 0.1430085 1.246885 7.51789 12.62941 0 2.36800488224253 ENSG00000101311_FERMT1
-5142.704 1.945729 0.3322399 0.9615913 0.4934167 0.5620006 0 0.333453275961801 ENSG00000155368_DBI
-15764.74 1.991689 0.135043 0.9642577 0.3515973 1.964653 0 0.548027555225417 ENSG00000124449_IRGC
-12342.89 4.483416 0.247543 0.9847284 0.9967501 -0.001140092 0 1.90855097374879 ENSG00000132635_PCED1A
-12715.85 3.655031 0.2365271 1.075768 3.642057 4.250692 0 1.74420680408366 ENSG00000196290_NIF3L1
-3140.037 2.697733 0.1144943 0.9592689 0.4431702 0.4008122 0 0.790845071431249 ENSG00000135643_KCNMB4
-8978.919 2.799231 0.5319994 0.9822242 1.745694 0.6628859 0 1.75207451800816 ENSG00000258227_CLEC5A
-11423.86 3.215674 0.1135803 1.006141 1.531453 0.3211191 0 2.38288933527656 ENSG00000122122_SASH3
-6467.312 3.242969 0.09289136 1.082216 2.760658 1.904245 0 2.57334079407156 ENSG00000138430_OLA1
-12160.78 3.594592 0.03502267 1.035762 1.795873 0.9074473 0 1.12822773819789 ENSG00000010810_FYN
-36219.22 2.561684 0.5813201 0.9502607 7.516908e-06 4.423796 0 0.135143705410883 ENSG00000144671_SLC22A14
-14329.62 2.593098 0.07759135 0.9634681 0.4152797 0.7953981 0 0.6597551247105 ENSG00000186297_GABRA5
-1922.056 3.155774 0.1681325 0.9963739 1.613924 0.3532834 0 0.947052903240547 ENSG00000217442_SYCE3
-35081.95 3.072701 0.1735175 0.9758752 0.7616603 0.09970168 0 0.877527961274609 ENSG00000188037_CLCN1
-9334.584 2.4184 0.05908725 0.9815061 0.8434029 0.004610541 0 0.952636994887143 ENSG00000131051_RBM39
-8490.651 2.594731 0.07129293 0.9571072 0.4013032 1.030973 0 0.200603213394061 ENSG00000106511_MEOX2
-9054.375 2.980415 0.3459131 1.030091 3.078757 2.464835 0 1.60101471631788 ENSG00000173597_SULT1B1
-8713.899 2.772879 0.08796801 1.048479 2.334041 1.226827 0 2.72146591474302 ENSG00000141380_SS18
-9338.476 3.638672 0.08890875 0.9932267 1.241845 0.06090423 0 1.62485240260139 ENSG00000163348_PYGO2
-35533.85 3.142759 0.2112772 0.9634413 3.616145e-05 3.778582 0 0.980087100528181 ENSG00000162267_ITIH3
-11484.18 2.662373 0.3093288 0.9674439 0.8521462 0.01971402 0 1.36942774336785 ENSG00000183185_GABRR3
-5213.331 2.503825 0.2412905 1.020138 2.421263 0.9253174 0 1.2464130402077 ENSG00000157110_RBPMS
-6578.521 2.206279 0.1278852 0.9620709 4.09733e-06 1.721723 0 0.871291988063604 ENSG00000172247_C1QTNF4
-34404.19 2.186647 0.2766071 0.9746705 0.3113941 0.8616034 0 0.756304560927674 ENSG00000112787_FBRSL1
-10944.88 2.850056 0.06354511 1.079664 2.875017 2.237475 0 2.05722109484486 ENSG00000077147_TM9SF3
-5113.317 2.928192 0.1771228 0.9683911 0.6384436 0.3969832 0 0.881904783658683 ENSG00000145247_OCIAD2
-3393.816 3.579049 0.07924313 1.059976 2.252998 0.9483451 0 1.32202922226861 ENSG00000138069_RAB1A
-32676.31 3.139138 0.2631221 1.100986 4.742737 7.429984 0 2.89542485936545 ENSG00000124275_MTRR
-28113.09 3.486739 0.1969349 1.015013 2.260478 2.509998 0 2.72465725592338 ENSG00000158863_FAM160B2
-29105.94 2.506858 0.2785942 0.9649568 0.5287166 0.884884 0 0.481102063553408 ENSG00000162714_ZNF496
-1805.84 2.890168 0.09222901 1.034056 1.701055 0.412859 0 2.77255444228649 ENSG00000140307_GTF2A2
-57954.48 2.898703 0.1718226 1.036439 2.8073 3.814313 0 2.75156872021034 ENSG00000078269_SYNJ2
-24652.14 3.586144 0.0680628 0.99103 0.9429706 0.006646432 0 1.30131272552535 ENSG00000185085_INTS5
-8000.236 3.885688 0.05187692 0.9954486 1.040338 -0.04905171 0 1.39015485160053 ENSG00000198728_LDB1
-25643.12 2.659716 0.3392285 0.9936398 1.747147 0.7033881 0 0.93488777987659 ENSG00000121316_PLBD1
-13029.2 3.482031 0.09050816 0.9929125 1.089076 0.007687473 0 0.849482847377658 ENSG00000073792_IGF2BP2
-7729.829 3.136582 0.09170896 1.235471 4.85395 6.770874 0 2.88943974813446 ENSG00000109445_ZNF330
-25954.66 1.761568 0.2124207 0.9719545 0.3732429 0.5834878 0 1.08614479238167 ENSG00000177106_EPS8L2
-60820.05 3.208119 0.0972757 1.128829 4.111379 7.29484 0 2.8195912130177 ENSG00000116991_SIPA1L2
-16633.32 3.588681 0.2323098 0.954018 2.23102e-05 4.151408 0 0.157743242802098 ENSG00000198049_AVPR1B
-36030.65 2.717839 0.2639719 1.008328 2.34271 1.704355 0 2.16253170976415 ENSG00000107719_PALD1
-12058.28 2.978687 0.1093621 1.02114 1.787221 0.5187801 0 1.38366524199955 ENSG00000146731_CCT6A
-4550.207 2.430012 0.2487799 0.9583687 0.3265287 1.611704 0 0.405025844229385 ENSG00000174567_GOLT1A
-80193.69 3.368915 0.3042355 1.203132 7.431096 13.4089 0 2.63852227502503 ENSG00000119397_CNTRL
-28986.33 3.695244 0.1147046 1.020387 1.731238 0.6670363 0 1.47619874216616 ENSG00000147912_FBXO10
-11879.95 3.045493 0.2889003 0.9506567 0.1321408 3.937449 0 0.383046194678172 ENSG00000198624_CCDC69
-37166.27 3.036558 0.4107717 0.9660389 0.9281049 0.0119331 0 0.339997585862875 ENSG00000138376_BARD1
-42443.22 3.243042 0.4885876 0.9955923 2.093168 1.576113 0 1.12676674453542 ENSG00000109944_C11orf63
-27340.69 2.793596 0.1106101 1.043051 2.459534 2.440048 0 2.97805523732677 ENSG00000151694_ADAM17
-15016.03 2.925865 0.07597931 0.99578 1.189911 0.04888433 0 1.08310031751171 ENSG00000172432_GTPBP2
-4662.149 3.493517 0.09259537 1.020521 1.533928 0.3350618 0 1.50291517213918 ENSG00000100221_JOSD1
-5190.014 2.162867 0.1097523 1.352029 10.22162 12.87769 0 2.27425737516023 ENSG00000102466_FGF14
-6541.199 2.165985 0.1100971 1.019276 2.077148 1.415523 0 2.5517704943195 ENSG00000048545_GUCA1A
-20105.32 2.108949 0.127716 0.9781879 0.630449 0.5498447 0 1.4133189143613 ENSG00000167619_TMEM145
-36105.95 3.016763 0.4411242 0.9974481 2.078634 1.649983 0 1.48293083324097 ENSG00000089199_CHGB
-7613.944 2.843031 0.08286291 1.050908 2.666022 2.131117 0 2.31338284327649 ENSG00000102078_SLC25A14
-37774.85 2.71543 0.05455758 0.9682931 5.957109e-05 3.19897 0 0.815144409192726 ENSG00000067842_ATP2B3
-22339.32 2.808491 0.1339034 0.9802252 0.905173 0.02032173 0 0.730474844109267 ENSG00000118473_SGIP1
-9842.85 3.328574 0.06731496 1.094253 2.853901 3.365663 0 2.1348444018513 ENSG00000148200_NR6A1
-4357.082 3.771352 0.04944269 1.019866 1.855523 0.6759359 0 0.646841938840225 ENSG00000152102_FAM168B
-7216.923 2.610548 0.2118242 0.9773864 0.7529875 0.0774367 0 0.845819462556392 ENSG00000078804_TP53INP2
-5216.802 4.810313 0.02051594 0.9712187 0.4381331 1.227915 0 0.989815545966849 ENSG00000006042_TMEM98
-12769.88 3.18674 0.1735208 0.9849825 1.094699 0.01379455 0 1.27683529048227 ENSG00000204498_NFKBIL1
-33689.27 2.277398 0.160613 0.9907593 1.361283 0.1979086 0 1.65649190498516 ENSG00000110619_CARS
-31099.52 2.604505 0.4085538 1.03405 3.711649 5.769166 0 2.04774646391161 ENSG00000157131_C8A
-29636.4 2.498586 0.1756514 0.9633216 4.885329e-05 3.31759 0 0.324234466999769 ENSG00000161714_PLCD3
-24852.05 3.179348 0.1070085 1.00041 1.324197 0.2214544 0 1.46301350975409 ENSG00000163697_APBB2
-19419.14 2.992867 0.3591075 0.9389336 3.669527e-05 4.226987 0 0.0987014437559992 ENSG00000101981_F9
-2439.285 2.915962 0.04369548 1.093807 3.104583 2.284804 0 1.04773804871365 ENSG00000147533_GOLGA7
-13008.15 2.999312 0.1844835 1.005293 1.770597 0.5860877 0 1.60001544328406 ENSG00000184060_ADAP2
-8582.015 2.881838 0.2963145 1.054185 3.951586 2.967813 0 1.74664207035676 ENSG00000205129_C4orf47
-25601.53 2.610417 0.1486183 0.9879133 1.203671 0.06874213 0 1.03629055456258 ENSG00000161533_ACOX1
-13241.44 2.799588 0.068659 0.9894565 0.9396504 -0.01759892 0 1.21010947949253 ENSG00000179218_CALR
-13098.41 3.224875 0.3225278 1.012195 2.201346 1.488715 0 1.73798454157077 ENSG00000166946_CCNDBP1
-35040.93 2.900694 0.2928697 0.9719234 0.9474537 0.004767964 0 0.739678824087605 ENSG00000152270_PDE3B
-17380.4 2.219745 0.7024571 0.9565306 0.6530179 0.3520853 0 1.10389008605853 ENSG00000121594_CD80
-42301.36 3.327285 0.2086019 0.9680952 0.2581986 1.421306 0 0.488094384083524 ENSG00000187800_PEAR1
-44815.73 2.920361 0.08182 1.015297 1.694946 0.7515369 0 1.51726819504984 ENSG00000156299_TIAM1
-11811.52 2.514592 0.5134993 0.9761294 1.374007 0.2173257 0 1.09271707828157 ENSG00000134940_ACRV1
-25557.17 2.778793 0.02937905 0.9873908 0.9460202 0.00553716 0 2.65477850963362 ENSG00000167658_EEF2
-19702.09 3.258844 0.1319877 1.16252 4.50915 6.636841 0 2.13922819658183 ENSG00000175497_DPP10
-48458.78 3.300876 0.1350942 0.9527921 0.2969745 1.094021 0 0.159917484037578 ENSG00000115355_CCDC88A
-23304.85 3.360336 0.2476077 1.09996 4.563292 7.313453 0 2.98969332827255 ENSG00000074771_NOX3
-11290.54 2.788672 0.06266991 0.9804299 0.6942418 0.1338702 0 1.16661383863539 ENSG00000175084_DES
-3008.642 1.868917 0.06076892 0.9698792 0.3233131 0.7994253 0 1.89392579393461 ENSG00000168993_CPLX1
-104910.3 1.81826 0.6080138 0.9611185 0.9770621 0.04855396 0 0.168448242824525 ENSG00000143520_FLG2
-14690.71 2.597756 0.04265741 1.009381 1.664443 0.5376902 0 2.10581673681736 ENSG00000124422_USP22
-8100.534 2.481401 0.5794189 1.004911 2.803204 2.689608 0 2.45759336859919 ENSG00000154589_LY96
-21189.51 3.137978 0.05994552 1.139442 3.826325 5.847315 0 2.83348444802687 ENSG00000155511_GRIA1
-54604.9 3.380327 0.1831102 1.02251 1.982494 0.2187947 0 2.05767794349231 ENSG00000174485_DENND4A
-25608.54 2.858964 0.073839 0.9587174 4.043441e-05 3.520743 0 0.416381776565686 ENSG00000171017_LRRC8E
-15767.23 3.067647 0.4047597 0.9998311 2.539343 1.977441 0 1.36410096427426 ENSG00000141294_LRRC46
-28902.53 3.339 0.04704433 1.007261 1.31793 -0.06074589 0 0.552029916085303 ENSG00000164961_KIAA0196
-17216.61 2.683454 0.2820808 1.013737 2.330785 1.921991 0 1.42010175087489 ENSG00000130038_CRACR2A
-36050.09 3.073396 0.1323765 1.023854 2.281453 2.205677 0 1.71286404691637 ENSG00000143850_PLEKHA6
-15696.63 2.595416 0.2282526 0.9525505 0.3369208 1.495697 0 0.627709379419684 ENSG00000135577_NMBR
-18007.72 2.946672 0.08622884 0.9855722 0.9273651 0.005150463 0 2.19855478196405 ENSG00000172350_ABCG4
-5070.175 2.625096 0.1068444 1.096361 3.899068 5.330455 0 1.86967097874731 ENSG00000155265_GOLGA7B
-23590.06 2.49414 0.1049493 1.01645 1.625558 0.5362804 0 0.936194122536108 ENSG00000164588_HCN1
-22545.86 3.014309 0.1091035 1.032692 2.269607 1.44896 0 2.82103307987563 ENSG00000137200_CMTR1
-4918.255 2.072005 0.03747021 1.021595 2.050892 0.5862115 0 2.30933614703827 ENSG00000100650_SRSF5
-11737.02 2.126177 0.1402562 0.99499 1.394173 0.1949814 0 1.64630348864011 ENSG00000060558_GNA15
-42690.57 4.007356 0.1053397 1.062151 2.629416 2.048917 0 2.3981612320058 ENSG00000117713_ARID1A
-38160.8 3.756983 0.1738625 0.9726333 0.4533642 0.7641039 0 0.345200809417292 ENSG00000006118_TMEM132A
-5634.029 2.235408 0.07795608 1.243064 6.935588 7.864733 0 2.82070246408693 ENSG00000111732_AICDA
-8896.659 4.618682 0.08295479 0.9639158 0.4356157 0.8588251 0 0.931891646934673 ENSG00000089123_TASP1
-15188.67 2.900462 0.3784571 0.9873944 1.659767 0.6312162 0 2.75185212003998 ENSG00000184344_GDF3
-6782.631 5.170885 0.2492111 1.124743 3.144027 2.245765 0 2.05721402540803 ENSG00000180708_OR10K2
-52133.57 1.980808 0.321243 0.9869814 1.562373 0.2794682 0 1.49388603586704 ENSG00000130270_ATP8B3
-5622.385 2.3623 0.170959 1.024262 2.734596 2.225335 0 2.34134843177162 ENSG00000099385_BCL7C
-26203.3 2.95557 0.142263 0.9433891 2.862789e-05 3.893431 0 0.0459872216451913 ENSG00000071205_ARHGAP10
-33428.09 3.655361 0.3152901 0.9797973 0.9185415 0.01121799 0 2.04349522688426 ENSG00000166589_CDH16
-16456.74 3.381884 0.0499479 0.9494496 0.2662907 1.344193 0 0.562734215520322 ENSG00000144935_TRPC1
-6604.119 2.593802 0.09057671 1.099108 4.243117 5.90217 0 2.59288614057004 ENSG00000159200_RCAN1
-24365.93 2.980778 0.2116016 1.003599 1.71009 0.5525504 0 1.26279028505087 ENSG00000118217_ATF6
-8782.051 4.225488 0.1133625 1.016245 1.984943 0.7257726 0 2.9802004492376 ENSG00000171604_CXXC5
-21849.82 3.34827 0.17723 1.002479 1.430513 0.2867546 0 2.27268794621341 ENSG00000079616_KIF22
-75519.5 3.446451 0.3217927 0.989151 1.340492 0.07931676 0 1.44269371381961 ENSG00000088827_SIGLEC1
-23023.89 4.110793 0.05130748 1.010493 1.216652 -0.01029568 0 2.03282729373313 ENSG00000138641_HERC3
-35500.71 2.984971 0.0994254 1.718067 18.09532 8.750297 0 2.99994547571987 ENSG00000152104_PTPN14
-14741.11 2.367764 0.1710148 1.054949 4.044308 6.226014 0 2.58322569890879 ENSG00000008513_ST3GAL1
-20246.85 2.913484 0.1657782 0.9892374 1.241539 0.1199589 0 1.14345460245386 ENSG00000242247_ARFGAP3
-5471.317 3.393294 0.07510913 0.9398628 2.442517e-05 3.691809 0 0.331062362529337 ENSG00000157224_CLDN12
-52336.12 2.604802 0.2121361 0.9868677 1.246847 0.09354867 0 0.863958566682413 ENSG00000168542_COL3A1
-19692.37 2.984863 0.1008747 0.9723508 0.6089934 0.3875637 0 1.02230364200659 ENSG00000110042_DTX4
-3384.891 4.301023 0.04644788 0.9510252 0.1581247 3.160599 0 0.126991413300857 ENSG00000140830_TXNL4B
-14886.16 3.207281 0.1659726 0.9634184 0.5519137 0.5873143 0 0.904065745649859 ENSG00000163710_PCOLCE2
-6192.383 3.323629 0.03389656 0.9684836 0.5029252 0.2834128 0 0.476626928430051 ENSG00000156976_EIF4A2
-15221.58 3.039543 0.2361603 0.9795929 0.9005899 0.01905213 0 1.8086430025287 ENSG00000156574_NODAL
-15550.93 4.570737 0.04018774 1.005536 1.27063 0.1319368 0 0.616804785327986 ENSG00000142784_WDTC1
-9584.472 2.876721 0.1209245 1.019076 1.954989 1.401999 0 0.861290394561365 ENSG00000136940_PDCL
-21979.2 1.931971 0.1697042 0.9654478 0.2275 1.624567 0 0.975603464758024 ENSG00000177238_TRIM72
-60239.51 2.9144 0.1815445 0.9876061 1.16464 0.06556728 0 1.63793863006867 ENSG00000154309_DISP1
-1203.87 3.63941 0.08073102 1.453135 9.132496 4.801805 0 1.76650150003843 ENSG00000233932_CTXN2
-23136.43 3.171119 0.3006133 0.9548633 0.4591582 0.7309406 0 0.261036659823731 ENSG00000064115_TM7SF3
-17940.42 3.505056 0.1710957 0.9357157 2.95862e-06 4.973968 0 0.148294891929254 ENSG00000163659_TIPARP
-37538.56 3.220183 0.09534782 1.020125 1.741814 0.7475126 0 1.00021711760201 ENSG00000075420_FNDC3B
-32885.97 3.315049 0.07468305 1.044178 2.059214 1.301225 0 0.86957135098055 ENSG00000196586_MYO6
-14273.55 2.967045 0.2885476 1.137715 4.991799 8.91296 0 2.31242981320247 ENSG00000104361_NIPAL2
-15795.19 2.985569 0.1524937 0.963448 0.6328921 0.3189008 0 0.615626027807593 ENSG00000151012_SLC7A11
-30384.6 2.850764 0.2607846 1.031807 3.01351 3.807184 0 2.01083443430252 ENSG00000143512_HHIPL2
-6588.202 3.045472 0.3174359 1.000847 1.768087 0.3850977 0 1.72512639686465 ENSG00000163806_SPDYA
-37369.16 3.276082 0.2722997 1.124839 5.157407 9.097641 0 2.60988804604858 ENSG00000174799_CEP135
-9982.805 3.299142 0.13911 0.9642156 0.5254681 0.4959819 0 1.25479945214465 ENSG00000115956_PLEK
-6393.097 2.84153 0.09181985 1.025425 1.852569 1.028899 0 2.49622456217185 ENSG00000116574_RHOU
-13431.05 3.122747 0.3143774 0.9883802 1.324355 0.3178959 0 2.11077856225893 ENSG00000183060_LYSMD4
-6907.02 2.873726 0.09405707 1.048574 2.444726 1.968497 0 2.0855220858939 ENSG00000164932_CTHRC1
-24974.55 2.981989 0.290814 1.012176 2.240585 2.204312 0 2.4190719157923 ENSG00000183273_CCDC60
-12166.42 3.02789 0.1089815 1.023798 2.101369 1.255056 0 2.95664780773222 ENSG00000121764_HCRTR1
-39595.52 2.661195 0.3676672 1.00855 2.428224 2.262088 0 2.74827618570998 ENSG00000204536_CCHCR1
-39898.94 2.855913 0.2078552 1.054204 2.791162 2.798652 0 1.88578867656179 ENSG00000129116_PALLD
-7409.015 3.421383 0.1326118 1.001819 1.394651 0.2133863 0 2.36605344596319 ENSG00000071889_FAM3A
-9574.454 3.115503 0.1350981 1.092697 4.439318 3.738999 0 2.6736325956881 ENSG00000062194_GPBP1
-13621.16 3.904617 0.2045194 1.037626 2.109478 1.570208 0 1.45299364230596 ENSG00000165078_CPA6
-27660.67 3.158359 0.05796634 1.024676 1.626859 0.5614389 0 1.71472532395273 ENSG00000128641_MYO1B
-14848.08 4.113151 0.04831776 1.043167 2.03504 1.310263 0 0.753092986531556 ENSG00000146021_KLHL3
-25307.96 2.538385 0.1211834 0.9569289 6.137912e-05 3.651446 0 0.212996485177428 ENSG00000149654_CDH22
-15248.14 3.630716 0.2507944 0.9656872 0.668196 0.2607563 0 1.17957846494392 ENSG00000128694_OSGEPL1
-18046.87 2.798528 0.1595902 1.006668 1.818613 0.8944291 0 1.78870668564923 ENSG00000170412_GPRC5C
-5948.173 2.165033 0.106965 0.9915373 1.486845 0.5165019 0 2.85555368894711 ENSG00000139725_RHOF
-29961.74 3.135716 0.1366343 0.9400951 5.13353e-07 4.358154 0 0.11418330296874 ENSG00000151623_NR3C2
-18897.35 2.859997 0.3986761 1.007408 2.338453 2.196909 0 1.83933457941748 ENSG00000166220_TBATA
-12711.62 2.500679 0.4994615 0.9497557 0.354178 1.354846 0 0.497930816374719 ENSG00000069849_ATP1B3
-14415.79 3.544866 0.2970262 1.02395 2.666634 2.697216 0 1.84025988983922 ENSG00000164220_F2RL2
-26139.96 1.757773 0.1756457 0.9763757 0.5415977 0.3986319 0 1.97386735375039 ENSG00000174358_SLC6A19
-23214.98 3.201504 0.203859 1.070749 3.3066 4.727711 0 2.18330544512719 ENSG00000170775_GPR37
-4132.943 3.788677 0.08552033 1.016851 1.533619 0.3578574 0 1.89261602726765 ENSG00000272325_NUDT3
-8200.207 3.234859 0.108725 0.968405 0.2083657 1.801123 0 1.36868958547711 ENSG00000177947_ODF3
-61173.87 3.024922 0.3829548 1.025214 2.864978 2.394071 0 2.10865874192677 ENSG00000132938_MTUS2
-12815.4 2.977685 0.4163728 1.056997 3.859349 3.348636 0 2.44391420739703 ENSG00000135220_UGT2A3
-13969.99 2.645506 0.2477578 0.9728258 0.721676 0.1543878 0 1.43972096638754 ENSG00000166391_MOGAT2
-4782.315 2.774767 0.09261049 1.002354 1.539985 0.2190605 0 0.577894929796457 ENSG00000134308_YWHAQ
-13272.07 2.319408 0.1548834 0.961855 0.2026397 2.059344 0 0.631672293646261 ENSG00000076248_UNG
-72778.93 3.16566 0.2818791 0.9961858 1.617609 0.7771625 0 2.32440103311092 ENSG00000163820_FYCO1
-13100.33 2.536877 0.3507631 0.9714313 0.7160176 0.1847525 0 0.899431000230834 ENSG00000167642_SPINT2
-27364.83 1.946078 0.2815168 0.9785048 1.038577 0.0177716 0 2.19229219690897 ENSG00000105281_SLC1A5
-6130.487 3.651434 0.1283115 0.9823343 0.7351345 0.1847166 0 1.3967089697253 ENSG00000167130_DOLPP1
-14543.08 2.247387 0.2289378 0.9817229 1.145165 0.03574128 0 1.08319885306992 ENSG00000188523_C9orf171
-19362.65 2.592082 0.1058963 0.9843182 0.9807693 0.00353212 0 2.89438009564765 ENSG00000103264_FBXO31
-16430.28 3.68928 0.2084582 0.962341 0.3087084 2.659201 0 0.272980717476457 ENSG00000163472_TMEM79
-13274.42 2.934161 0.1320469 1.043244 2.499047 2.123359 0 1.31758221122436 ENSG00000147364_FBXO25
-16154.74 2.929436 0.1488554 1.01367 1.958561 1.05398 0 2.26480499538593 ENSG00000142910_TINAGL1
-105184.5 3.289441 0.0879288 1.001843 1.24057 0.08185886 0 1.20169771369547 ENSG00000086758_HUWE1
-34626.55 3.000376 0.1813034 1.02656 2.283823 1.900681 0 2.98139418382198 ENSG00000151655_ITIH2
-18828.81 3.287337 0.1253412 1.129461 4.508348 5.366986 0 2.03978023957461 ENSG00000088179_PTPN4
-21351.3 2.934881 0.2875228 0.9691711 0.8457221 0.05185891 0 0.698347065132111 ENSG00000129295_LRRC6
-10194.23 3.602898 0.1489621 1.179945 4.32167 7.009392 0 1.45248992973939 ENSG00000083782_EPYC
-23370.79 2.961731 0.447217 0.9520529 0.3048243 2.783136 0 0.383193539455533 ENSG00000115590_IL1R2
-54970.12 2.319251 0.0872324 0.9722339 0.3749765 0.6675398 0 2.66364029003307 ENSG00000116254_CHD5
-6232.042 2.975146 0.2089073 1.031356 2.450468 1.875738 0 1.67872773692943 ENSG00000092531_SNAP23
-12182.2 3.148638 0.1234062 0.9737123 0.2847891 1.087683 0 1.67573787993751 ENSG00000168936_TMEM129
-36080.91 2.290348 0.2157859 0.9739378 0.2920457 1.052211 0 0.432635627919808 ENSG00000110719_TCIRG1
-16504.07 2.667071 0.2998048 0.9702736 0.7878758 0.07926845 0 0.340631160652265 ENSG00000147256_ARHGAP36
-10873.11 3.236198 0.1537757 0.9515993 0.2852151 1.170905 0 0.443780410336331 ENSG00000106701_FSD1L
-10588.24 2.410473 0.2856071 0.9648853 3.580912e-05 3.33141 0 1.12018097843975 ENSG00000108813_DLX4
-8557.981 3.422129 0.2738225 0.9484839 0.3322275 1.249594 0 1.40875390078872 ENSG00000185272_RBM11
