lnL Kappa Omega Scale Phi Delta_lnL Convergence Gene
-27043.88 3.80364 0.2336047 0.9763335 0.8280931 0.0682444 0 ENSG00000163833_FBXO40
-25442.25 2.400747 0.2204745 0.9711107 0.4516704 0.7575553 0 ENSG00000154485_MMP21
-3135.971 5.275154 0.01089483 1.060904 1.934195 0.9250786 0 ENSG00000164162_ANAPC10
-2706.901 4.211347 0.1121144 0.9706657 0.5116553 0.4870532 0 ENSG00000167118_URM1
-51791.7 3.154126 0.3458444 0.9736176 1.028964 0.001522009 0 ENSG00000163946_FAM208A
-81844.48 3.310887 0.08148451 0.9903712 1.015532 0.02640654 0 ENSG00000089154_GCN1L1
-13987.46 3.039022 0.03705194 0.9688497 0.447212 0.6090048 0 ENSG00000185274_WBSCR17
-20956.41 2.658501 0.1064247 0.9885449 1.084258 0.01654815 0 ENSG00000132970_WASF3
-10191.98 1.694562 0.1711411 0.9844176 1.316038 0.0778775 0 ENSG00000156374_PCGF6
-13897.47 2.589747 0.3833477 0.9842401 1.497532 0.2984925 0 ENSG00000185250_PPIL6
-25850.86 3.46345 0.1801019 1.003411 1.670004 0.5506002 0 ENSG00000166454_ATMIN
-6810.583 3.0356 0.115368 1.008641 1.602591 0.5017331 0 ENSG00000010270_STARD3NL
-16451.8 2.769467 0.1190899 1.004434 1.742866 0.5866202 0 ENSG00000116039_ATP6V1B1
-41895.29 3.583326 0.06197253 0.9836348 0.8125883 0.06434389 0 ENSG00000174145_NWD2
-8339.661 3.894551 0.3826187 0.9652675 0.8578086 0.05085225 0 ENSG00000186329_TMEM212
-24058.56 2.919756 0.2536107 0.9539923 0.2289486 1.745277 0 ENSG00000123240_OPTN
-25809.2 3.053297 0.4020838 0.9813408 1.395347 0.2617358 0 ENSG00000153237_CCDC148
-3523.126 4.025609 0.06550835 1.082852 2.057243 0.921975 0 ENSG00000114209_PDCD10
-9394.656 2.489458 0.5593595 0.9763874 1.718589 0.888067 0 ENSG00000183644_C11orf88
-13388.58 2.386868 0.2028854 0.9434869 0.2509409 1.298079 0 ENSG00000164985_PSIP1
-40553.92 2.556551 0.3127185 1.001691 1.96952 1.374558 0 ENSG00000171714_ANO5
-12979.01 2.813446 0.1787298 0.9715188 0.8549882 0.03536277 0 ENSG00000153015_CWC27
-84362.92 3.548472 0.2826953 0.9772582 1.019376 0.001163327 0 ENSG00000151320_AKAP6
-10909.14 2.782355 0.09819093 0.9889701 1.036131 0.003097461 0 ENSG00000106483_SFRP4
-34484.57 2.442572 0.2426673 0.9751326 0.8802921 -0.003991921 0 ENSG00000196652_ZKSCAN5
-5238.529 3.665904 0.4407496 0.9692706 0.3090475 0.9245792 0 ENSG00000188710_QRFP
-1214.825 3.414384 0.03931801 1.001727 0.9002115 0.016527 0 ENSG00000165389_SPTSSA
-60832.87 2.847071 0.09467147 0.9735578 0.6679583 0.2738112 0 ENSG00000147459_DOCK5
-6851.073 2.797771 0.2272546 0.9559018 5.973171e-06 2.820264 0 ENSG00000170473_WIBG
-10704.24 4.15212 0.1323464 0.9782857 0.635468 0.3130729 0 ENSG00000184451_CCR10
-12661.93 3.690845 0.06257288 0.983884 0.8211148 0.08365192 0 ENSG00000133065_SLC41A1
-16538.48 2.620069 0.2282933 0.9636964 0.426561 1.320037 0 ENSG00000171097_CCBL1
-3784.287 4.260857 0.07624881 1.0046 1.171351 0.03600483 0 ENSG00000149196_C11orf73
-7338.899 2.515163 0.1616142 1.004857 1.582501 0.3916441 0 ENSG00000145817_YIPF5
-16106.92 2.874249 0.2749298 0.9542575 0.3517555 1.24687 0 ENSG00000166130_IKBIP
-6117.344 2.757785 0.0633437 1.079537 3.329879 2.893759 0 ENSG00000197753_LHFPL5
-10925.83 3.252347 0.4329479 0.9732103 1.100897 0.01158622 0 ENSG00000176896_TCEANC
-39764.85 2.937936 0.3423162 0.9775664 1.238514 0.08008047 0 ENSG00000133739_LRRCC1
-54715.69 3.161344 0.1808421 0.9755896 0.8570915 0.03968389 0 ENSG00000159082_SYNJ1
-5834.424 1.91501 0.3107179 0.9745125 1.055381 0.005462267 0 ENSG00000115163_CENPA
-5585.224 2.362871 0.1248534 1.036149 2.371295 2.013677 0 ENSG00000106541_AGR2
-12470.89 3.267435 0.03662282 0.9970434 0.9830402 0.0004660876 0 ENSG00000058262_SEC61A1
-48254.98 3.982294 0.1304597 0.9802696 0.6525498 0.2572195 0 ENSG00000079432_CIC
-6231.74 2.535834 0.09062369 1.004487 1.257915 0.008561562 0 ENSG00000069011_PITX1
-7109.205 2.492873 0.1170494 0.9670472 1.890141e-05 2.427196 0 ENSG00000158717_RNF166
-10741.4 4.279893 0.06614616 0.9832928 0.7885208 0.1146856 0 ENSG00000164023_SGMS2
-7041.129 2.380923 0.123127 0.9930488 1.334858 0.1357242 0 ENSG00000112530_PACRG
-17973.75 2.710243 0.08187545 0.9677177 0.5457427 0.5925952 0 ENSG00000017797_RALBP1
-14070.66 3.849946 0.3819963 0.9807374 1.158973 0.03649897 0 ENSG00000188770_OPTC
-9313.053 2.615161 0.1442377 0.9601947 0.5227566 0.4693075 0 ENSG00000009844_VTA1
-24286.13 2.491108 0.2097375 0.9799036 0.9108411 0.02376302 0 ENSG00000018280_SLC11A1
-6560.057 3.083743 0.1556669 0.9616111 0.226609 1.672384 0 ENSG00000116157_GPX7
-3207.471 2.065543 0.2720669 0.9822763 1.195213 0.04732198 0 ENSG00000160180_TFF3
-6331.459 3.49747 0.1011536 0.9774695 0.3907437 0.5728115 0 ENSG00000182575_NXPH3
-7810.49 2.414874 0.1339631 0.9736763 0.5795095 0.4079376 0 ENSG00000011105_TSPAN9
-97438.79 2.944881 0.2760134 1.026559 2.370871 2.147408 0 ENSG00000163554_SPTA1
-47853.77 3.061186 0.04856501 1.023638 1.643393 1.472916 0 ENSG00000171587_DSCAM
-75740.71 3.416469 0.06877757 0.9867839 0.8703928 0.04030178 0 ENSG00000149256_TENM4
-15400.43 2.716823 0.2018791 0.9831332 1.123275 0.02781556 0 ENSG00000119125_GDA
-70448.92 2.456065 0.150659 0.9781769 0.8396425 0.08743753 0 ENSG00000130816_DNMT1
-15250.66 2.829284 0.4916944 0.9903661 1.854682 0.5308315 0 ENSG00000186814_ZSCAN30
-38481.56 2.833501 0.5845305 0.9616106 0.9796404 -7.14772e-05 0 ENSG00000146147_MLIP
-33411.93 2.418565 0.08515169 0.9701194 0.5386003 0.7989253 0 ENSG00000121297_TSHZ3
-21575.2 3.032436 0.2523284 0.979363 0.7532292 0.2707194 0 ENSG00000122375_OPN4
-35007.34 3.447516 0.4801657 0.9897161 1.740484 0.7594573 0 ENSG00000134242_PTPN22
-8395.071 2.202942 0.1059405 0.9617778 6.690753e-06 2.783312 0 ENSG00000166289_PLEKHF1
-16438.6 2.936488 0.1258945 1.034925 2.067619 1.607262 0 ENSG00000138134_STAMBPL1
-40263.28 2.312382 0.3124243 0.9716618 0.8736913 0.03808167 0 ENSG00000130377_ACSBG2
-23578.27 2.313304 0.2447764 0.9707106 2.72163e-05 2.923545 0 ENSG00000166183_ASPG
-11400.27 2.40339 0.07670226 0.9943651 1.189597 0.09585732 0 ENSG00000105767_CADM4
-19210.79 3.352816 0.1163214 1.007926 1.430808 0.3025371 0 ENSG00000130340_SNX9
-16662.07 2.171037 0.2226212 0.9745048 0.499155 0.5302865 0 ENSG00000184164_CRELD2
-18676.1 3.443621 0.1272714 0.9921678 1.159379 0.05695813 0 ENSG00000065427_KARS
-19642.56 2.356694 0.1699248 1.010391 2.095825 1.986196 0 ENSG00000164300_SERINC5
-5960.939 2.989249 0.1346951 0.9733066 0.4750807 0.5623569 0 ENSG00000127743_IL17B
-11486.28 3.495083 0.1634518 0.9749102 0.7026015 0.2315706 0 ENSG00000166250_CLMP
-6975.654 2.663169 0.09159076 0.9851551 0.9673751 0.002722405 0 ENSG00000182132_KCNIP1
-12198.2 2.720204 0.2376792 0.9504663 1.714416e-06 2.9194 0 ENSG00000170425_ADORA2B
-22528.02 2.736977 0.2032855 0.9624152 1.289277e-05 3.915963 0 ENSG00000090932_DLL3
-11620.95 2.970382 0.132452 0.9725475 0.4017343 0.5438621 0 ENSG00000128422_KRT17
-20872.74 2.51321 0.05527721 0.989761 0.9684492 0.08924119 0 ENSG00000142459_EVI5L
-12493.8 2.873658 0.4085597 0.9738166 1.182689 0.06758167 0 ENSG00000109321_AREG
-14583.88 3.169872 0.0688945 0.9838025 0.8239201 0.03293166 0 ENSG00000175224_ATG13
-16067.87 2.889632 0.1390967 0.9822228 0.9116434 0.02227175 0 ENSG00000008118_CAMK1G
-16032.57 3.039217 0.4851738 0.977472 1.416004 0.1666326 0 ENSG00000244588_RAD21L1
-30672.98 2.19277 0.2255422 0.9639605 0.289123 1.078374 0 ENSG00000182472_CAPN12
-4631.274 2.803186 0.1020187 1.00886 1.40367 0.1885101 0 ENSG00000166128_RAB8B
-14063.9 3.410317 0.1065877 1.005482 1.429259 0.2005429 0 ENSG00000078043_PIAS2
-19312.89 2.218487 0.2092293 0.9791483 0.8773278 0.02415082 0 ENSG00000164638_SLC29A4
-13742.51 4.034193 0.07018139 0.9753212 0.6155627 0.2689336 0 ENSG00000164951_PDP1
-24493.6 2.473373 0.194382 0.9871755 1.272783 0.2419779 0 ENSG00000103196_CRISPLD2
-76381.64 3.259341 0.1659131 1.009634 1.89584 0.9872053 0 ENSG00000099991_CABIN1
-27715.17 2.953399 0.4277177 0.9648978 0.8396229 0.07510276 0 ENSG00000163075_CFAP221
-15234.53 2.817766 0.1305253 0.9775688 0.8239483 0.06442047 0 ENSG00000075975_MKRN2
-14915.6 3.57123 0.06069296 0.9501695 1.256744e-05 3.872195 0 ENSG00000103966_EHD4
-26706.91 1.687752 0.1846921 0.9698997 1.834724e-05 2.692908 0 ENSG00000174358_SLC6A19
-57219.34 3.938568 0.05728338 0.9374395 0.0001606518 3.58704 0 ENSG00000009694_TENM1
-30901.07 3.344114 0.7357081 0.9941901 2.431019 2.057359 0 ENSG00000173681_CXorf23
-6737.476 1.882665 0.3121662 0.9649225 0.7723181 0.1234919 0 ENSG00000166710_B2M
-47961.21 2.930773 0.1333047 0.9822056 0.6838378 0.1731413 0 ENSG00000167971_CASKIN1
-22686.33 3.107568 0.2823964 0.977092 0.889955 0.02225244 0 ENSG00000135409_AMHR2
-8763.529 2.853307 0.1592898 0.9887879 1.219983 0.08163522 0 ENSG00000147687_TATDN1
-27587.09 3.818581 0.07288675 0.9816348 0.6864904 0.1512119 0 ENSG00000139613_SMARCC2
-36714.81 4.097605 0.6759456 0.9781704 1.611339 0.4254603 0 ENSG00000166024_R3HCC1L
-11880.02 3.407003 0.3884648 0.9702671 0.6899842 0.1896981 0 ENSG00000139405_RITA1
-15889.15 2.634659 0.2286196 0.9810749 1.030255 0.002451429 0 ENSG00000213995_CARKD
-9765.412 2.961236 0.2278907 0.966184 0.4840055 0.5857725 0 ENSG00000188315_C3orf62
-50895.89 3.124162 0.1793415 0.9920259 1.193322 -0.1432178 0 ENSG00000140323_DISP2
-8748.718 2.41957 0.2673263 0.9837431 1.281204 0.1197592 0 ENSG00000124098_FAM210B
-30285.38 2.788214 0.2749939 1.008551 2.110659 1.339522 0 ENSG00000106344_RBM28
-1105.42 3.10472 0.09615271 1.005344 1.205031 0.0444698 0 ENSG00000198523_PLN
-24599.36 2.188078 0.3140206 0.97358 0.5206325 1.226982 0 ENSG00000160214_RRP1
-119829.5 2.752792 0.1539681 0.9807233 0.8931254 0.02155981 0 ENSG00000167522_ANKRD11
-30296.66 3.864788 0.1062763 0.9461057 0.0002061848 2.272975 1 ENSG00000121741_ZMYM2
-38059.92 2.777047 0.2219593 1.004483 2.109154 1.28545 0 ENSG00000013573_DDX11
-51560.08 2.782388 0.5357059 0.9743307 1.093937 0.01523488 0 ENSG00000022976_ZNF839
-12639.97 2.726137 0.2481052 0.9836882 1.126566 0.02651528 0 ENSG00000198171_DDRGK1
-11372.79 2.579645 0.2854378 1.00033 1.787158 0.719186 0 ENSG00000094841_UPRT
-28946.78 2.792466 0.1081426 0.9679582 1.873867e-05 2.961702 0 ENSG00000114859_CLCN2
-9996.032 3.414238 0.06632269 1.015488 1.575386 0.5692762 0 ENSG00000168496_FEN1
-45256.39 2.869531 0.09041684 1.000772 1.544479 -0.8667073 0 ENSG00000178814_OPLAH
-40015.38 3.625413 0.2773527 0.9634115 0.6231283 0.3782128 0 ENSG00000198554_WDHD1
-9036.527 2.606073 0.3448209 1.001743 2.321588 2.038797 0 ENSG00000112167_SAYSD1
-84423.37 2.570997 0.2334951 0.9661189 0.2638214 1.195143 0 ENSG00000167880_EVPL
-17538.76 2.557476 0.4263382 0.9806426 1.392397 0.3283368 0 ENSG00000164334_FAM170A
-9555.05 3.100988 0.1537285 0.971041 0.7207595 0.1517085 0 ENSG00000029364_SLC39A9
-19161.65 2.45028 0.1638844 0.9841075 1.084186 0.01629318 0 ENSG00000136630_HLX
-31597.13 2.629735 0.5705533 0.9704646 1.186775 0.04920899 0 ENSG00000085465_OVGP1
-51277.35 2.983226 0.3312271 0.967918 0.7695462 0.1293919 0 ENSG00000198690_FAN1
-18786.53 2.451283 0.2525641 0.9768639 0.8679832 0.02635833 0 ENSG00000010310_GIPR
-26848.35 3.718151 0.5134379 0.9721168 1.215272 0.08250704 0 ENSG00000006634_DBF4
-15540.36 3.474597 0.2475093 0.9865252 1.239397 0.05855362 0 ENSG00000179222_MAGED1
-11889.52 2.462957 0.0743257 0.9884227 0.9938577 0.000384179 0 ENSG00000006016_CRLF1
-8908.29 2.70459 0.4140758 0.9536385 0.3807001 1.155718 0 ENSG00000239605_C2orf61
-22471.61 3.104445 0.2986821 0.9854577 1.317594 0.1527465 0 ENSG00000129696_TTI2
-2182.079 2.479315 0.2775031 1.005388 1.958063 0.8960121 0 ENSG00000204954_C12orf73
-3051.52 3.031995 0.1172379 0.9963631 1.0627 0.002844191 0 ENSG00000135643_KCNMB4
-17574.77 3.152958 0.1055945 0.9814509 0.8566384 0.0455267 0 ENSG00000136161_RCBTB2
-35997.36 3.511884 0.3495147 0.9701857 0.9352623 0.01130848 0 ENSG00000000460_C1orf112
-8941.932 2.250522 0.4129264 0.9694476 0.7490154 0.0437777 0 ENSG00000205832_C16orf96
-26996.34 2.82938 0.1398685 0.959051 0.2667267 1.376212 0 ENSG00000134243_SORT1
-12893.78 3.712974 0.06787118 0.9667984 0.4979728 0.5928839 0 ENSG00000115170_ACVR1
-10231.61 2.005883 0.07230459 0.9660003 0.0001499641 2.169661 1 ENSG00000136720_HS6ST1
-49749.97 3.312837 0.2210063 1.008041 1.661044 0.6002788 0 ENSG00000198677_TTC37
-21185.41 3.2561 0.1861229 0.9797433 0.9729452 0.0009595211 0 ENSG00000100722_ZC3H14
-23456.71 3.438791 0.1635372 1.064701 2.934024 2.757719 0 ENSG00000196950_SLC39A10
-10910.15 3.765298 0.08874303 0.9647952 0.1446337 2.30959 0 ENSG00000122756_CNTFR
-17925.93 3.014142 0.06047213 1.040395 1.93679 1.115393 0 ENSG00000150753_CCT5
-4209.017 3.188395 0.1670169 0.9711757 0.0002858588 2.098512 0 ENSG00000172366_FAM195A
-5073.358 2.254879 0.1466467 0.9839867 0.9591307 0.001817412 0 ENSG00000260027_HOXB7
-4793.409 2.608864 0.04201346 0.972561 0.2133276 2.078267 0 ENSG00000170370_EMX2
-13658.83 3.483861 0.09853436 0.9885318 1.007619 0.0003297188 0 ENSG00000123411_IKZF4
-2147.129 3.165778 0.2328701 1.004372 1.780001 0.7263207 0 ENSG00000177556_ATOX1
-5038.651 4.167833 0.04793096 1.041314 1.549668 0.4275804 0 ENSG00000109133_TMEM33
-12372.02 2.900226 0.6502539 0.9487364 0.1205818 4.514471 0 ENSG00000172116_CD8B
-10751.7 3.46719 0.1518378 1.010719 1.853488 0.9288085 0 ENSG00000112357_PEX7
-15605.98 2.833395 0.1409884 1.021811 1.76735 0.8271036 0 ENSG00000144644_GADL1
-51163.36 2.967076 0.1725747 0.9834925 1.071838 0.01245419 0 ENSG00000131747_TOP2A
-8509.382 3.979355 0.1549987 1.035852 1.79977 0.8208098 0 ENSG00000123307_NEUROD4
-28445.69 3.331779 0.3265964 1.032901 2.809401 2.492864 0 ENSG00000089048_ESF1
-21690.99 2.935601 0.4500463 0.9708227 1.206667 0.06257188 0 ENSG00000028116_VRK2
-45257.48 3.078597 0.2441163 0.9605485 0.3589457 2.030257 0 ENSG00000153208_MERTK
-25761.37 2.513089 0.07676219 0.9680336 0.5677922 0.348762 0 ENSG00000157827_FMNL2
-5481.08 2.802225 0.08588245 0.987065 1.008855 0.0002964304 0 ENSG00000104671_DCTN6
-1954.463 4.01024 0.04517648 1.01299 1.040338 0.002329856 0 ENSG00000205423_CNEP1R1
-8056.877 2.419291 0.1842645 0.979749 1.071966 0.009210495 0 ENSG00000169372_CRADD
-10767.98 3.0056 0.1859911 0.9631439 0.6089143 0.4663207 0 ENSG00000130988_RGN
-3578.221 3.606448 0.04983097 0.9781682 0.7064764 0.06530705 0 ENSG00000162959_MEMO1
-37113.37 3.451056 0.1637091 1.027755 2.076701 1.080043 0 ENSG00000138674_SEC31A
-7052.196 3.504861 0.1743087 0.9826513 1.00995 0.0002264171 0 ENSG00000116161_CACYBP
-17244.86 2.913424 0.3743812 0.9797568 1.164054 0.02052481 0 ENSG00000128886_ELL3
-32458.31 3.023299 0.3175714 0.998178 1.863624 0.8171322 0 ENSG00000166197_NOLC1
-16669.59 3.504228 0.1056305 0.9984456 1.165182 0.04804194 0 ENSG00000198301_SDAD1
-14305.53 4.105293 0.06252059 1.006387 1.26595 0.09955801 0 ENSG00000072415_MPP5
-8858.421 3.17943 0.1805344 1.025842 2.147034 1.412427 0 ENSG00000167220_HDHD2
-6926.963 2.870864 0.1319718 1.011085 1.803025 0.9830698 0 ENSG00000100053_CRYBB3
-5580.922 2.656209 0.06558045 0.9845891 0.9143319 0.0045755 0 ENSG00000163466_ARPC2
-12098.67 3.152752 0.06608609 0.9793435 0.7288605 0.1029952 0 ENSG00000057608_GDI2
-17581.13 2.373833 0.325438 0.9713266 0.7242676 0.1752638 0 ENSG00000114654_EFCC1
-38044.72 3.071755 0.2294989 1.020777 2.384138 2.225059 0 ENSG00000170037_CNTROB
-7619.618 2.713966 0.2125317 0.983804 1.291258 0.08280665 0 ENSG00000152430_BOLL
-25334.9 3.48793 0.8455792 0.9482412 0.2733813 1.290973 0 ENSG00000136929_HEMGN
-4678.446 3.450256 0.1212369 0.9584956 0.3969332 0.9773767 0 ENSG00000111237_VPS29
-4624.752 2.171202 0.283059 0.9851832 1.462492 0.2615652 0 ENSG00000214226_C17orf67
-3484.476 2.978756 0.2051445 0.9935704 1.430722 0.2099725 0 ENSG00000233670_PIRT
-10500.11 2.677526 0.04840957 0.9893376 0.9955296 -5.528155e-05 0 ENSG00000276293_PIP4K2B
-8096.942 4.051742 0.07428114 1.038358 1.877452 0.6924669 0 ENSG00000122545_SEPT7
-14815.93 2.225055 0.2341234 0.9662155 0.483141 0.6200575 0 ENSG00000180758_GPR157
-15551.5 3.621633 0.4208639 0.9851193 1.484799 0.3720226 0 ENSG00000123600_METTL8
-100389.6 3.491994 0.4214974 0.9835828 1.448951 0.4960052 0 ENSG00000153207_AHCTF1
-15245.08 3.106936 0.2071781 0.9833756 0.9512235 0.004005732 0 ENSG00000143851_PTPN7
-5582.278 3.203913 0.1220042 0.9938577 1.108046 0.0315293 0 ENSG00000163154_TNFAIP8L2
-10064.11 3.508682 0.05404853 0.9931496 0.9624498 0.003204968 0 ENSG00000138629_UBL7
-14694.33 2.788961 0.1565705 0.9757471 0.8612562 0.04964516 0 ENSG00000119523_ALG2
-15012.17 3.836151 0.06986687 1.034549 1.820659 0.6764445 0 ENSG00000114861_FOXP1
-23029.53 2.837584 0.2751577 0.9964283 1.63084 0.6834615 0 ENSG00000034971_MYOC
-6886.745 3.739081 0.03743023 0.970455 0.4757374 0.6325587 0 ENSG00000131828_PDHA1
-32225.25 1.995131 0.4083924 0.9698469 0.8337158 0.04856858 0 ENSG00000163885_CCDC37
-41532.68 3.667925 0.1759331 0.9829112 0.991176 -0.001641539 0 ENSG00000138347_MYPN
-26354.14 2.876584 0.2316785 0.9804925 1.036125 0.003079563 0 ENSG00000101447_FAM83D
-20651.18 3.409589 0.3073012 0.9931608 1.419609 0.3325866 0 ENSG00000182447_OTOL1
-3620.117 2.161277 0.4670359 0.966207 0.433644 0.9378877 0 ENSG00000196748_CLPSL2
-23454.15 3.549628 0.3501707 0.96477 0.2613688 1.367403 0 ENSG00000162391_FAM151A
-12565.1 3.499967 0.1797986 1.00002 1.583016 0.3303483 0 ENSG00000165006_UBAP1
-63207.82 3.206498 0.4096267 0.9832884 1.346382 0.2898017 0 ENSG00000149633_KIAA1755
-20120.71 3.421989 0.09310624 0.9738624 0.5303207 0.4711796 0 ENSG00000183862_CNGA2
-18736.79 2.463822 0.1938081 0.9604521 2.545768e-05 3.215499 0 ENSG00000135902_CHRND
-41795.45 3.581761 0.2445797 0.9717778 0.7724169 -0.1595507 0 ENSG00000101407_TTI1
-31261.29 2.394952 0.3534216 0.9462618 1.939213e-05 4.982717 0 ENSG00000141655_TNFRSF11A
-20258.1 2.240963 0.1957104 0.9692621 0.7233837 0.1550655 0 ENSG00000169291_SHE
-7060.248 2.955027 0.1089713 0.9739403 0.5624212 0.374724 0 ENSG00000169592_INO80E
-115674.2 2.889337 0.250444 0.9615469 2.083973e-05 1.904974 0 ENSG00000148357_HMCN2
-16695.1 3.794455 0.3094376 0.9911613 1.375607 0.2387111 0 ENSG00000060140_STYK1
-43331.74 3.333081 0.2905699 0.9903416 1.493061 0.2815994 0 ENSG00000166415_WDR72
-10872.04 2.668468 0.2951456 0.9764776 0.875083 0.02427627 0 ENSG00000162144_CYB561A3
-36950.74 3.115042 0.2102666 1.020856 1.963983 1.13205 0 ENSG00000052126_PLEKHA5
-15893.2 3.286036 0.5222106 0.9574285 0.6757638 0.1416387 0 ENSG00000232125_DYTN
-10237.5 3.718411 0.287565 0.9780129 0.8250645 0.05109309 0 ENSG00000166546_BEAN1
-12632.39 2.49567 0.08267458 0.9534392 2.574414e-05 2.772778 0 ENSG00000148341_SH3GLB2
-14831.73 3.530107 0.2943035 1.01804 1.842156 0.9368876 0 ENSG00000127083_OMD
-6083.828 3.075142 0.03096805 1.004875 1.198862 0.04465432 0 ENSG00000103035_PSMD7
-41526.18 3.251083 0.1249182 1.021889 2.040055 1.447711 0 ENSG00000114650_SCAP
-7639.375 3.535399 0.1787424 0.9847285 1.032709 0.001007729 0 ENSG00000118816_CCNI
-8162.394 2.54046 0.6234519 0.9653756 0.8889944 0.01952418 0 ENSG00000154589_LY96
-29171.17 3.563068 0.095623 0.9920047 1.019194 0.001152021 0 ENSG00000140553_UNC45A
-9482.132 3.081897 0.1307602 0.9854229 0.9256576 0.005549617 0 ENSG00000162878_PKDCC
-6168.053 2.194241 0.1096945 0.9864142 1.153117 0.03844185 0 ENSG00000106537_TSPAN13
-5535.351 1.672715 0.1573152 0.9894561 1.567319 0.5188771 0 ENSG00000181585_TMIE
-9349.828 3.1495 0.09168579 0.9728479 0.4722407 0.8058764 0 ENSG00000099785_MARCH2
-18123.56 2.581556 0.09312882 0.9916113 1.242561 -0.05952167 0 ENSG00000148411_NACC2
-11290.68 3.214486 0.2149975 0.9988242 1.473689 0.4003517 0 ENSG00000102683_SGCG
-10308.29 3.745877 0.03285141 0.9753709 0.6004917 0.2633018 0 ENSG00000196591_HDAC2
-17517.48 3.246539 0.1508451 0.9970575 1.347347 0.1746304 0 ENSG00000101336_HCK
-9106.08 2.721983 0.1222435 0.9630185 0.2845553 1.071485 0 ENSG00000135097_MSI1
-31668.06 3.603057 0.1047196 0.9610468 0.3541421 1.328729 0 ENSG00000158258_CLSTN2
-24271.16 3.466694 0.1240958 1.04907 2.369679 1.785329 0 ENSG00000165156_ZHX1
-17437.24 3.454841 0.1668874 1.026409 1.941848 1.000139 0 ENSG00000163659_TIPARP
-1281.613 3.285454 0.05861142 1.012879 1.448467 0.1582621 0 ENSG00000174021_GNG5
-12146.56 3.293896 0.2376283 0.9711299 0.6650345 0.2688816 0 ENSG00000163832_ELP6
-8793.903 2.813753 0.1507923 1.027359 2.311017 1.78763 0 ENSG00000113638_TTC33
-10848.41 3.177459 0.1573384 0.9868206 1.162285 0.04038697 0 ENSG00000164366_CCDC127
-17468.79 2.339601 0.4254931 0.9693491 1.149697 0.038105 0 ENSG00000117151_CTBS
-25376 3.852231 0.1410424 1.076097 2.854302 3.085957 0 ENSG00000139324_TMTC3
-28481.71 2.3033 0.1696546 0.9621801 0.0001367107 3.644658 0 ENSG00000136830_FAM129B
-5406.215 3.590826 0.04694648 1.014292 1.587955 0.2763372 0 ENSG00000172602_RND1
-22973.86 3.134521 0.3010877 0.9853833 1.276475 0.1447491 0 ENSG00000168032_ENTPD3
-57347.49 3.044604 0.35588 1.001094 2.04175 1.279285 0 ENSG00000138095_LRPPRC
-21972.83 2.639921 0.169191 0.9684228 0.6123976 0.3718993 0 ENSG00000152939_MARVELD2
-57636.48 3.072568 0.2477211 0.9713195 0.6932331 0.24617 0 ENSG00000196878_LAMB3
-53700.76 2.666213 0.2058364 0.9968378 1.588822 0.5239669 0 ENSG00000089177_KIF16B
-24501.54 2.95779 0.08174418 0.9929599 1.132347 0.02883095 0 ENSG00000117298_ECE1
-71540.81 3.089591 0.03348868 1.058821 2.35015 1.940006 0 ENSG00000150995_ITPR1
-44163.95 3.388633 0.291833 0.9600295 0.6099943 0.3739235 0 ENSG00000188177_ZC3H6
-51985.21 2.551951 0.08151876 0.9828047 0.850704 0.09295026 0 ENSG00000162337_LRP5
-28142.61 2.502304 0.1295789 1.010803 2.07777 1.267797 0 ENSG00000124228_DDX27
-18451.68 2.798792 0.4402035 0.9987572 2.137669 1.555923 0 ENSG00000164118_CEP44
-11313.89 2.933346 0.183361 0.9811774 0.9302181 0.009385658 0 ENSG00000136110_LECT1
-12727.62 3.001257 0.08099963 1.007165 1.358119 0.170507 0 ENSG00000112290_WASF1
-12833.08 2.449478 0.1969662 0.9643248 9.449216e-07 2.754367 0 ENSG00000175182_FAM131A
-10984.92 3.905268 0.06750482 1.027785 1.750045 0.6754113 0 ENSG00000132912_DCTN4
-7383.818 2.226574 0.1306557 0.9658974 0.426445 1.554094 0 ENSG00000131116_ZNF428
-1138.233 4.099131 0.01388567 0.9839941 0.9054172 0.01027126 0 ENSG00000132432_SEC61G
-12669.29 2.283022 0.1403156 0.9671548 0.566088 0.340229 0 ENSG00000196405_EVL
-17042.14 3.160761 0.2163331 1.012776 2.08964 1.113465 0 ENSG00000126767_ELK1
-16595.91 2.442864 0.1998643 0.9749079 0.9195787 0.01911275 0 ENSG00000184307_ZDHHC23
-33761.1 2.395112 0.5109396 0.9736593 1.424971 0.2383791 0 ENSG00000137968_SLC44A5
-23696.55 2.696255 0.09935398 0.9917042 1.139118 0.04361519 0 ENSG00000165091_TMC1
-3088.409 3.297739 0.3067716 0.9706171 0.5067801 0.2562654 0 ENSG00000183172_SMDT1
-7927.282 4.214285 0.05594277 0.9946261 0.9509414 0.005110088 0 ENSG00000149547_EI24
-24065.49 2.998521 0.09125862 1.031525 1.998872 1.326243 0 ENSG00000116141_MARK1
-30435.44 2.906393 0.6299608 0.9642801 0.9071608 -0.005278009 0 ENSG00000152672_CLEC4F
-35549.47 3.570981 0.04277958 0.9729919 0.5722672 0.3819971 1 ENSG00000066084_DIP2B
-6959.636 3.242503 0.2438617 0.9889041 1.280521 0.1055128 0 ENSG00000145781_COMMD10
-9306.705 2.73809 0.06499435 0.9730031 0.5593533 0.3976847 0 ENSG00000156804_FBXO32
-10722.35 3.561024 0.130759 0.9819507 0.7170222 0.2707584 0 ENSG00000148218_ALAD
-46671.78 2.233092 0.1771471 0.9733595 6.438911e-05 3.476975 0 ENSG00000007516_BAIAP3
-6571.617 2.639675 0.128395 0.9869041 0.574201 0.148481 0 ENSG00000253304_TMEM200B
-15180.96 2.408831 0.1588935 0.9992937 1.531654 0.3387406 0 ENSG00000165030_NFIL3
-14715.44 2.75569 0.1498249 0.9711742 0.5334125 0.4295179 0 ENSG00000215906_LACTBL1
-41681.31 3.591738 0.260061 1.015685 2.616556 1.821186 0 ENSG00000167173_C15orf39
-15314.85 3.428747 0.1913317 0.9991549 1.442222 0.3328071 0 ENSG00000134294_SLC38A2
-23784.05 3.048035 0.3121145 1.002671 1.712227 0.6815853 0 ENSG00000165325_CCDC67
-14202.62 3.169712 0.1880483 0.9933622 1.352337 0.1465186 0 ENSG00000123643_SLC36A1
-15349.74 3.782747 0.0858742 0.9953173 1.114963 0.01581188 0 ENSG00000100626_GALNT16
-19900.97 2.898375 0.05416345 1.004046 1.369024 0.4310172 0 ENSG00000196781_TLE1
-9253.67 5.045644 0.05193658 1.076826 2.730458 1.9966 0 ENSG00000126003_PLAGL2
-7351.73 3.241029 0.2072798 0.9917333 1.303375 0.1092237 0 ENSG00000114779_ABHD14B
-17247.82 2.582618 0.3681173 0.9929694 1.767427 0.9393794 0 ENSG00000162814_SPATA17
-27129.46 2.516475 0.2315324 0.9787078 0.5813858 0.239543 0 ENSG00000148384_INPP5E
-214718.9 3.2177 0.4272324 0.9843026 1.477555 0.3393354 0 ENSG00000084674_APOB
-3443.919 2.448898 0.151309 0.992117 1.353865 0.1742983 0 ENSG00000143158_MPC2
-34652.94 2.221882 0.2565855 0.9760615 0.8580238 0.02494627 0 ENSG00000087008_ACOX3
-8198.811 2.497224 0.1138329 1.009024 1.781899 0.2895515 0 ENSG00000117598_NONAME
-20833.27 3.946939 0.1005658 0.9593131 0.242003 1.585488 0 ENSG00000197548_ATG7
-12635.54 3.204801 0.462544 0.9925977 1.999825 1.448369 0 ENSG00000175877_WBSCR28
-15362.47 2.881186 0.4312873 0.9799462 1.431786 0.2565065 0 ENSG00000118961_C2orf43
-14824.91 2.768392 0.1674065 0.9703806 0.7149423 0.1646494 0 ENSG00000120053_GOT1
-57138.29 3.451183 0.3768527 0.9555261 0.2895602 1.093541 0 ENSG00000149308_NPAT
-24092.14 3.126544 0.08061586 0.9715801 0.5241356 0.6636281 0 ENSG00000183853_KIRREL
-18383.64 2.517662 0.1506887 0.9793171 0.620791 0.442916 0 ENSG00000214022_REPIN1
-166406.6 2.776435 0.2794435 0.9575198 0.09579983 6.636711 0 ENSG00000173821_RNF213
-12467.95 2.812876 0.1056146 1.061113 2.980274 2.396257 0 ENSG00000204897_KRT25
-26447.3 2.945257 0.2167849 0.9767911 0.5871508 0.2843729 0 ENSG00000161036_LRWD1
-25261.52 2.087003 0.1484284 0.9917825 1.341182 0.1519574 0 ENSG00000007047_MARK4
-77357.88 2.722378 0.3411484 0.9787921 1.242608 0.09300218 0 ENSG00000081052_COL4A4
-8494.96 2.973789 0.1490163 0.9687509 0.3028283 0.9416167 0 ENSG00000185825_BCAP31
-27598.25 3.357416 0.1024824 0.9842465 0.8424746 0.04813341 0 ENSG00000204574_ABCF1
-25682.61 3.607274 0.1080182 1.021955 1.61704 0.6118503 0 ENSG00000119927_GPAM
-18737.92 2.873591 0.1098157 0.9996215 1.438008 0.3309338 0 ENSG00000163513_TGFBR2
-16941.84 2.483538 0.2152251 0.9781298 0.8947478 0.021816 0 ENSG00000196839_ADA
-27667.83 2.130781 0.1118733 0.9954587 1.386319 -0.9287369 0 ENSG00000068078_FGFR3
-34318.97 3.51004 0.07273549 0.9582122 8.901837e-06 2.967644 0 ENSG00000165458_INPPL1
-3575.402 1.888865 0.2141232 0.9784209 1.254596 0.08365367 0 ENSG00000171530_TBCA
-28510.21 3.198406 0.1497518 0.9758003 0.637586 0.2264155 0 ENSG00000092445_TYRO3
-17273.85 2.889162 0.1434438 1.017303 1.670915 0.4380509 0 ENSG00000153914_SREK1
-27251.47 2.91093 0.0950912 1.005575 1.522866 -0.009200888 0 ENSG00000141385_AFG3L2
-6931.998 2.920306 0.5164473 0.9712946 2.929439e-05 3.117723 0 ENSG00000184601_C14orf180
-28818.98 3.200574 0.1714143 0.9754372 0.7763451 0.08679329 0 ENSG00000155629_PIK3AP1
-18269.89 2.886197 0.200369 1.042143 2.887056 2.146116 0 ENSG00000154781_CCDC174
-16028.61 3.380461 0.09154446 0.9935421 1.082557 0.01117594 0 ENSG00000157500_APPL1
-16779.9 2.783067 0.09154667 1.005557 1.516125 0.4612046 0 ENSG00000137266_SLC22A23
-134972.2 3.269667 0.3380132 0.969553 0.9113628 0.01887969 0 ENSG00000127914_AKAP9
-33027.75 2.805308 0.1061448 0.964632 0.4188038 0.9363485 0 ENSG00000118257_NRP2
-6237.026 3.083806 0.1295892 0.9936035 1.200559 0.07874406 0 ENSG00000167130_DOLPP1
-17552 2.751193 0.1220139 0.9766955 0.5270137 0.4620388 0 ENSG00000004660_CAMKK1
-19553.26 2.972154 0.2561979 0.9633536 0.2419601 1.583772 0 ENSG00000166558_SLC38A8
-15617.87 2.301099 0.0821019 0.9621922 0.1038296 5.843565 0 ENSG00000146576_C7orf26
-7786.639 3.427398 0.08965826 0.9882017 0.9117478 0.02038185 0 ENSG00000021300_PLEKHB1
-115855.8 3.268445 0.1802272 1.034511 2.411703 -0.5293476 0 ENSG00000007174_DNAH9
-11385.21 2.929529 0.06553412 1.013212 1.493635 0.3165504 0 ENSG00000137312_FLOT1
-34019.9 3.204826 0.2062653 0.9759568 0.8308737 0.07138178 0 ENSG00000197181_PIWIL2
-17875.83 2.745173 0.09796898 0.9771146 1.346274e-05 3.103467 0 ENSG00000127418_FGFRL1
-9594.982 2.84502 0.2257734 1.014126 1.962436 0.9803028 0 ENSG00000148690_FRA10AC1
-19533.1 2.427402 0.1716035 0.9864684 1.168484 0.05031699 0 ENSG00000131389_SLC6A6
-27199.24 2.895855 0.1832114 0.9740503 0.804087 0.06400904 0 ENSG00000072858_SIDT1
-70539.96 3.522406 0.1002668 0.9956601 1.218489 0.07163211 0 ENSG00000137642_SORL1
-22147.89 3.213993 0.1511857 0.9817088 0.8588926 0.03644139 0 ENSG00000170382_LRRN2
-20720.5 2.328305 0.1287397 0.9762998 0.5811325 0.2924426 0 ENSG00000157933_SKI
-9276.037 3.027565 0.1520245 1.041407 3.012986 3.322664 0 ENSG00000213619_NDUFS3
-4549.756 2.076357 0.3947547 0.9585903 0.5228111 0.4697079 0 ENSG00000130770_ATPIF1
-11647.97 3.012011 0.04749576 1.003297 1.23139 -0.3090147 0 ENSG00000182901_RGS7
-13967.65 2.104753 0.3402655 0.9689955 0.9209931 0.01608113 0 ENSG00000119888_EPCAM
-7731.565 2.37099 0.1059302 0.9916263 1.235494 0.1211351 0 ENSG00000124216_SNAI1
-68271.14 3.61643 0.1818122 0.972038 0.7106163 0.2285879 0 ENSG00000127329_PTPRB
-79025.84 2.654779 0.3688443 0.9568265 0.5274752 0.6058906 0 ENSG00000168356_SCN11A
-19989.91 3.38691 0.4603352 0.9718221 0.9422917 0.006747006 0 ENSG00000158423_RIBC1
-73138.73 2.245925 0.139586 0.9863365 1.146102 0.2064667 0 ENSG00000148408_CACNA1B
-48435.05 2.995696 0.3235155 0.9665157 0.6192565 0.3587398 0 ENSG00000023839_ABCC2
-10006.02 2.390708 0.2250764 0.9830442 1.24448 0.1129086 0 ENSG00000120279_MYCT1
-37622.25 2.282318 0.3534388 0.9823107 1.340823 0.1609102 0 ENSG00000127666_TICAM1
-26368.56 1.971923 0.2337928 0.956568 0.4304858 0.8500816 0 ENSG00000144057_ST6GAL2
-135047.7 3.476737 0.5751214 0.9657403 1.015269 0.005251955 0 ENSG00000108021_FAM208B
-57219.95 3.400852 0.3770221 0.9928091 1.722094 0.763031 0 ENSG00000135315_CEP162
-45271.45 3.203617 0.753279 0.9840505 2.14998 1.387779 0 ENSG00000143971_ETAA1
-4608.855 3.160406 0.05683036 0.9866959 0.9789855 0.0005299053 0 ENSG00000178307_TMEM11
-14139.16 3.137846 0.1414654 0.9730437 0.7469172 0.1267946 0 ENSG00000196323_ZBTB44
-22952.85 3.047805 0.1066424 0.9661392 0.3834185 0.5880682 0 ENSG00000116544_DLGAP3
-8623.362 2.498794 0.2256185 1.034924 2.738195 2.427358 0 ENSG00000169599_NFU1
-6457.765 2.525436 0.1714658 1.01228 1.670818 0.8838189 0 ENSG00000147684_NDUFB9
-14042.14 1.892772 0.1263357 0.975839 0.8095943 0.05847017 0 ENSG00000160216_AGPAT3
-16453.54 2.884486 0.1765702 0.9875764 1.127616 0.03792307 0 ENSG00000144152_FBLN7
-28137.26 2.15147 0.4078267 0.9774009 1.327463 0.1821181 0 ENSG00000100565_LRRC74A
-20021.93 2.603715 0.2151428 0.986837 1.233174 0.1158985 0 ENSG00000185761_ADAMTSL5
-11754.35 2.972599 0.3464739 1.01438 2.549723 1.775531 0 ENSG00000102349_KLF8
-11853.05 3.336653 0.3509579 0.9882484 1.482686 0.4317187 0 ENSG00000134042_MRO
-33469.07 2.734659 0.1846405 0.9664429 0.4591163 0.6788109 0 ENSG00000111344_RASAL1
-8117.923 2.723266 0.5073497 0.9974048 2.410523 1.928534 0 ENSG00000122862_SRGN
-38895.31 3.201115 0.2914466 1.004642 1.821474 0.7824371 0 ENSG00000156042_CFAP70
-13094.01 2.477033 0.1263371 0.9937872 1.364979 0.1290792 0 ENSG00000185924_RTN4RL1
-11707.19 4.096194 0.3395898 0.9380134 6.177008e-06 2.316377 0 ENSG00000142025_DMRTC2
-27585.58 2.978983 0.1080462 0.9904439 1.011119 0.0006194549 0 ENSG00000147852_VLDLR
-14863.14 3.437827 0.08726742 0.9782827 0.4803099 1.30148 0 ENSG00000114626_ABTB1
-4113.659 2.791205 0.07103544 0.9697684 0.5602405 0.3600841 0 ENSG00000143256_PFDN2
-13848.95 2.492416 0.1676144 0.9711767 0.4242552 0.8794964 0 ENSG00000140107_SLC25A47
-18469.01 3.574237 0.04084379 0.9805884 0.7257232 0.1607783 0 ENSG00000176049_JAKMIP2
-27516.24 3.396685 0.1393306 0.9768739 0.7226243 0.1751766 0 ENSG00000178764_ZHX2
-7935.374 3.155733 0.211377 0.9893496 1.21039 0.08274745 0 ENSG00000079257_LXN
-10267.38 3.746898 0.1622845 1.006743 1.476031 0.3136653 0 ENSG00000100647_SUSD6
-24512.03 3.427067 0.06071467 0.9979204 1.140137 0.02276407 0 ENSG00000185085_INTS5
-13271.28 2.963343 0.1679126 0.9621673 0.4772135 0.6404344 0 ENSG00000051108_HERPUD1
-20977.49 2.737856 0.7885296 0.9585924 0.6379578 0.2129745 0 ENSG00000273777_CEACAM20
-16346.53 3.141337 0.2108371 0.9827892 1.127892 0.02959591 0 ENSG00000164253_WDR41
-6436.592 2.64667 0.08085764 0.9871419 0.9040418 0.01283101 0 ENSG00000131094_C1QL1
-13056.88 3.404774 0.08220822 0.9806764 0.8024365 -0.002525153 0 ENSG00000149269_PAK1
-20621.31 3.304677 0.1291487 0.9861593 1.030304 -0.008758338 0 ENSG00000113643_RARS
-9696.285 2.547671 0.1404681 0.9789458 0.8814548 0.0302052 0 ENSG00000120942_UBIAD1
-30679.81 3.371406 0.1022891 1.060266 2.383293 1.458566 0 ENSG00000111817_DSE
-27241.78 2.887257 0.3711712 0.9767358 0.8832494 0.03250908 0 ENSG00000135744_AGT
-4401.255 2.312066 0.2531641 0.9917468 1.490373 0.2313199 0 ENSG00000175643_RMI2
-17103.65 3.158055 0.1355004 0.9729912 0.6832163 0.3429067 0 ENSG00000157800_SLC37A3
-4588.101 3.169764 0.3410592 0.9708421 0.5720437 0.4891028 0 ENSG00000177042_TMEM80
-7181.367 3.326032 0.07595714 0.994056 1.136456 0.02068445 0 ENSG00000158773_USF1
-9567.884 3.080443 0.5828888 1.033071 3.246386 4.082225 0 ENSG00000105954_NPVF
-21979.19 3.431187 0.1628894 0.9649999 0.446789 0.4096258 0 ENSG00000109118_PHF12
-25411.77 3.993093 0.07164543 1.80883 20.87215 -15.99862 0 ENSG00000146197_SCUBE3
-13436.24 2.939278 0.1245706 1.011283 1.649396 0.6036697 0 ENSG00000162706_CADM3
-33937.81 4.018331 0.1131834 1.002051 1.278822 0.120016 0 ENSG00000096070_BRPF3
-22065.35 3.381444 0.1788032 0.9712878 0.7395589 0.1436113 0 ENSG00000163811_WDR43
-29687.58 2.76006 0.6631403 0.9754054 1.389883 0.334889 0 ENSG00000160194_NDUFV3
-18632.85 2.962634 0.08317436 1.000561 1.421406 0.3273313 0 ENSG00000107937_GTPBP4
-9814.625 3.854503 0.07283288 0.9584801 0.3690039 0.9658459 0 ENSG00000181072_CHRM2
-55566.94 3.191387 0.4030175 0.9788516 1.143719 0.02760201 0 ENSG00000175267_VWA3A
-4368.737 2.393483 0.05595412 0.9720278 0.3990004 0.5369713 0 ENSG00000177971_IMP3
-8435.24 2.305187 0.1103054 0.9477403 2.39876e-05 1.43417 0 ENSG00000110367_DDX6
-5646.342 1.94 0.1104354 0.9745349 1.231722e-06 2.00134 0 ENSG00000101189_MRGBP
-10967.96 2.562342 0.3662346 0.9678149 0.4371408 0.4296879 0 ENSG00000184389_A3GALT2
-91695.38 3.685088 0.296212 0.9698922 0.7873886 -0.08527062 0 ENSG00000174197_MGA
-13727.62 4.291262 0.1739362 1.001986 1.530988 0.1471725 0 ENSG00000196670_ZFP62
-8304.278 3.291046 0.1351353 0.954158 0.2967327 1.04307 0 ENSG00000117620_SLC35A3
-12254.06 3.314755 0.2112926 0.9623211 0.3748019 0.6126101 0 ENSG00000166529_ZSCAN21
-16835.56 3.385676 0.3626242 1.008931 2.209037 1.643387 0 ENSG00000107960_OBFC1
-29222.73 2.832057 0.1639697 1.00758 1.624147 0.5165367 0 ENSG00000109452_INPP4B
-15960 2.932131 0.1578739 1.033091 2.510641 2.451799 0 ENSG00000001630_CYP51A1
-15746.71 4.151113 0.2211659 0.9620951 0.5318767 0.3916983 0 ENSG00000198315_ZKSCAN8
-5372.569 3.88281 0.0656987 1.019608 1.446998 0.2958427 0 ENSG00000041353_RAB27B
-18241.08 3.078408 0.1619425 0.9797945 0.9658036 0.002172858 0 ENSG00000055732_MCOLN3
-10740.78 3.039779 0.2784639 0.9668208 0.4863752 0.57794 0 ENSG00000171722_C1orf111
-18423.3 3.106715 0.1344095 0.9627728 0.4226427 0.9258391 0 ENSG00000135677_GNS
-59308.07 3.678362 0.5880153 1.003198 2.524609 2.070812 0 ENSG00000243978_RGAG1
-74099.06 3.477396 0.3536389 0.9628187 2.384003e-05 3.35309 0 ENSG00000168334_XIRP1
-14640.94 2.097036 0.04309731 0.9814354 0.7943838 0.332434 0 ENSG00000110047_EHD1
-3160.918 3.147699 0.1296472 1.009445 1.597038 0.3256025 0 ENSG00000197223_C1D
-15571.41 3.819685 0.2250723 0.9945337 1.425261 0.3497986 0 ENSG00000112855_HARS2
-26202.33 3.107992 0.3694092 0.9716342 0.8052666 0.0689608 0 ENSG00000117400_MPL
-15451.01 2.698941 0.3078503 0.9889599 1.635492 0.739072 0 ENSG00000174137_FAM53A
-21119.72 3.216029 0.1448433 0.9554143 0.2695007 1.35757 0 ENSG00000123213_NLN
-30315.3 2.848953 0.2346861 0.9908527 1.419004 0.2431212 0 ENSG00000178105_DDX10
-56340.14 2.988794 0.09163683 0.9888195 1.028139 0.001387522 0 ENSG00000184634_MED12
-52033.16 2.679605 0.2154744 0.9555786 0.6036255 0.2259039 0 ENSG00000168542_COL3A1
-2562.039 1.982118 0.06894497 1.0115 1.972594 0.4755358 0 ENSG00000215218_UBE2QL1
-31534.64 3.723726 0.05134911 1.061872 2.230299 -0.3455259 0 ENSG00000083642_PDS5B
-21417.27 2.745869 0.06588996 0.9861371 0.9269793 0.031754 0 ENSG00000119771_KLHL29
-22174.67 2.138458 0.2193869 0.9632917 0.4288146 0.8388035 0 ENSG00000139437_TCHP
-27463 2.998741 0.2768538 0.9850794 1.235116 0.0951644 0 ENSG00000142623_PADI1
-34272.54 2.293164 0.1154075 0.9754651 0.7718141 0.0981413 0 ENSG00000182606_TRAK1
-12290.96 2.850828 0.2034106 0.950984 3.812582e-06 3.663551 0 ENSG00000213996_TM6SF2
-14649.63 2.055864 0.1240462 0.9871034 1.188074 0.1026597 0 ENSG00000174279_EVX2
-4421.291 3.082086 0.04539237 0.9808311 0.5398966 0.4348547 0 ENSG00000180209_MYLPF
-37861.54 3.182606 0.1625522 0.9914068 1.174306 0.059528 0 ENSG00000166450_PRTG
-41526.34 3.161516 0.1036776 1.007176 1.426547 0.2455338 0 ENSG00000114770_ABCC5
-22862.62 2.843167 0.4357688 0.965791 0.7861021 0.1091781 0 ENSG00000115590_IL1R2
-22893.58 2.673744 0.3585359 0.9771143 1.235639 0.1158969 0 ENSG00000121940_CLCC1
-14710.4 2.116921 0.2068871 0.9703528 0.8282126 0.07619826 0 ENSG00000109771_LRP2BP
-16093.91 2.741439 0.1868594 0.9961198 1.418789 0.3124593 0 ENSG00000140743_CDR2
-30904.64 3.385323 0.09870655 0.9956442 1.156106 0.1412036 0 ENSG00000155974_GRIP1
-4446.551 1.331128 0.125546 0.963845 1.660361e-05 0.9649914 0 ENSG00000170689_HOXB9
-17517.57 2.934711 0.2403772 0.9736855 0.9159437 0.006875698 0 ENSG00000170854_MINA
-53286.33 3.054725 0.3346523 0.9969502 1.772118 0.9508616 0 ENSG00000092853_CLSPN
-9766.315 3.367213 0.0377054 0.9824124 0.7415082 0.1926854 0 ENSG00000166949_SMAD3
-13902.52 1.958461 0.6897761 0.9546456 0.2666334 1.308002 0 ENSG00000153563_CD8A
-14815.16 3.811563 0.05716598 1.014826 1.530983 0.3744526 0 ENSG00000101337_TM9SF4
-26569.23 2.97009 0.1569284 0.9615615 0.4490285 0.7686303 0 ENSG00000166912_MTMR10
-12997.79 3.389687 0.3827334 0.9731885 0.319274 0.8888233 0 ENSG00000101197_BIRC7
-22792.9 2.943372 0.1515059 0.9733657 0.4100335 2.07501 0 ENSG00000154025_SLC5A10
-17374.34 3.690325 0.7063856 0.9750889 1.419983 0.1884135 0 ENSG00000171872_KLF17
-9189.379 3.574356 0.2398501 0.9912721 1.357373 0.1813419 0 ENSG00000104231_ZFAND1
-33831.33 2.996348 0.5131912 0.969759 3.091199e-05 1.959963 0 ENSG00000260220_NONAME
-17046.63 2.091989 0.2896856 0.9796513 0.8777795 -0.06489105 0 ENSG00000167705_RILP
-5492.596 2.348626 0.05853432 0.9637569 0.436717 0.6957443 0 ENSG00000144834_TAGLN3
-12035.21 3.157182 0.1030677 0.9571864 0.3335074 0.8463972 0 ENSG00000176105_YES1
-9452.686 1.7537 0.08747001 0.9680851 0.5086441 0.5298828 0 ENSG00000167460_TPM4
-14907.15 3.08414 0.3022321 0.9577808 0.5412329 0.5673643 0 ENSG00000119900_OGFRL1
-16402.82 3.333375 0.5224072 1.00435 2.325048 1.944237 0 ENSG00000111247_RAD51AP1
-8614.284 2.112498 0.1522039 0.9755554 0.6942947 0.2479918 0 ENSG00000130813_C19orf66
-32256.01 2.453154 0.4560611 0.9832283 1.492184 0.3780054 0 ENSG00000182885_GPR97
-15387.8 3.149441 0.2072274 0.9972862 1.653709 0.6046165 0 ENSG00000151093_OXSM
-4678.354 2.999411 0.2702905 1.014699 2.335752 0.9808565 0 ENSG00000148444_COMMD3
-6841.313 3.140464 0.1348098 1.004754 1.451245 0.2696715 0 ENSG00000080822_CLDND1
-9959.971 2.749979 0.4889472 1.005325 2.456369 2.256037 0 ENSG00000163600_ICOS
-1716.017 3.395785 0.6603759 0.9635895 0.9107068 0.004149371 0 ENSG00000229453_SPINK8
-16078.18 3.03911 0.1751501 0.9667498 0.7054898 0.1740404 0 ENSG00000122591_FAM126A
-10279.79 2.328626 0.1785063 1.022224 2.236555 1.345185 0 ENSG00000186480_INSIG1
-15769.94 2.331136 0.06289626 1.000824 1.468758 0.2152162 0 ENSG00000256500_NONAME
-38197.48 3.598091 0.5369483 0.9544877 0.5779419 0.129061 0 ENSG00000173769_TOPAZ1
-13334.8 2.498007 0.1588609 0.9806989 1.025476 0.0007988389 0 ENSG00000197930_ERO1L
-25191.9 2.789093 0.2237817 0.9903607 1.382474 0.2092232 0 ENSG00000121486_TRMT1L
-9386.8 3.278663 0.1565576 1.037142 2.375834 1.795977 0 ENSG00000146151_HMGCLL1
-12940.74 3.345363 0.08953338 0.9893879 1.0406 0.002033087 0 ENSG00000092096_SLC22A17
-6437.388 3.216477 0.1295839 1.006524 1.522991 0.1897054 0 ENSG00000188895_MSL1
-44026.5 2.831805 0.08488741 1.037702 2.460121 2.113754 0 ENSG00000185920_PTCH1
-10601.15 2.919045 0.1757492 0.9555228 0.3402209 1.423699 0 ENSG00000145293_ENOPH1
-14138.41 3.329561 0.0607267 0.9863011 0.8706363 0.02743429 0 ENSG00000162613_FUBP1
-9911.414 3.909323 0.0320791 0.9561115 0.2671934 1.29855 0 ENSG00000106799_TGFBR1
-31241.27 3.154416 0.1248602 0.9872093 1.015698 0.001091414 0 ENSG00000135870_RC3H1
-6641.081 2.007208 0.1236434 0.9727319 0.3522408 1.444231 0 ENSG00000123388_HOXC11
-24095.49 3.048071 0.5225669 0.9781122 1.251006 0.1065524 0 ENSG00000171067_C11orf24
-4097.207 3.070206 0.05136022 1.020323 1.522092 0.3322475 0 ENSG00000134375_TIMM17A
-27120.36 2.54634 0.08064391 0.9677312 0.5764773 0.5028577 0 ENSG00000170579_DLGAP1
-16425.17 3.854601 0.1392785 0.9890781 1.090896 0.01320665 0 ENSG00000112234_FBXL4
-36057.82 2.217373 0.2166639 0.9756841 0.3668192 2.574999 0 ENSG00000110719_TCIRG1
-51173.71 3.308552 0.2324074 0.9817385 1.093952 0.01001407 0 ENSG00000151687_ANKAR
-20430.5 3.636062 0.1898128 0.9683494 0.6853405 0.2173316 0 ENSG00000152670_DDX4
-18029.57 2.462956 0.08920616 0.9656091 0.4683211 0.6558047 0 ENSG00000113368_LMNB1
-6280.408 2.144618 0.543653 0.9716099 0.9900293 1.241912e-05 0 ENSG00000167523_SPATA33
-9845.605 3.553611 0.1281972 1.00969 1.584986 0.5415407 0 ENSG00000138594_TMOD3
-15340.99 2.649106 0.2850459 0.9833712 1.223768 0.08965662 0 ENSG00000074410_CA12
-19490.01 2.509167 0.3492239 0.9790563 1.121609 0.02403737 0 ENSG00000186795_KCNK18
-16096.42 3.255245 0.1272991 1.000712 1.279053 0.1172472 0 ENSG00000170881_RNF139
-25776.91 3.612281 0.05099267 1.078526 2.484822 0.353969 0 ENSG00000107854_TNKS2
-8261.781 2.33516 0.101657 0.9869522 1.008318 -0.0002013983 0 ENSG00000173581_CCDC106
-15703.93 3.008847 0.1817045 0.9823596 0.9807759 0.0006495261 0 ENSG00000136573_BLK
-18687.59 2.02285 0.1516761 1.000824 1.834808 0.6698294 0 ENSG00000008382_MPND
-21133.21 3.334547 0.4053236 0.953109 0.5063518 0.5242345 0 ENSG00000147905_ZCCHC7
-13881.58 2.373378 0.08516836 0.9865167 0.9823778 0.0006279288 0 ENSG00000175048_ZDHHC14
-9844.807 4.250209 0.2831452 0.9717998 0.8231912 0.07933457 0 ENSG00000177150_FAM210A
-44412.94 2.432709 0.187588 0.9832513 1.08779 0.01328546 0 ENSG00000060069_CTDP1
-17835.37 3.411244 0.06495561 1.023147 1.991203 1.280465 0 ENSG00000129245_FXR2
-32087.82 4.108957 0.0578952 1.045159 2.013047 1.204565 0 ENSG00000128908_INO80
-14156.85 2.958358 0.2408217 0.9628207 0.5349578 0.6240705 0 ENSG00000165806_CASP7
-7233.037 2.784802 0.1533993 0.9737516 0.7152764 0.1537487 0 ENSG00000156795_WDYHV1
-10618.15 2.91884 0.1595154 1.02041 2.301652 1.806628 0 ENSG00000154945_ANKRD40
-25058.02 1.949363 0.2810417 0.9675737 0.3166266 1.794617 0 ENSG00000049540_ELN
-30056.67 2.349497 0.0716476 0.9748075 0.4722548 0.7659388 0 ENSG00000185989_RASA3
-37023.01 2.664532 0.3120898 0.978844 1.197607 0.08182961 0 ENSG00000134765_DSC1
-9687.553 2.197707 0.1312579 0.9777441 0.3979929 0.4960009 0 ENSG00000162040_HS3ST6
-44570.28 3.14545 0.1190069 0.9759831 0.7762662 0.08644882 0 ENSG00000168916_ZNF608
-28122.85 2.743138 0.1815586 0.9822771 1.06104 0.005860619 0 ENSG00000101057_MYBL2
-19761.78 3.535141 0.05264176 1.059866 2.221759 1.55768 0 ENSG00000136937_NCBP1
-24179.61 2.587604 0.2015361 0.97284 0.4635075 0.6749712 0 ENSG00000182858_ALG12
-6044.506 2.718869 0.0801099 0.9577999 0.2380563 1.607687 0 ENSG00000143622_RIT1
-7299.695 2.688765 0.2437629 0.9603813 0.2322334 1.692501 0 ENSG00000189320_FAM180A
-102241.7 3.31646 0.4677936 0.9891318 1.806079 0.6379557 0 ENSG00000080345_RIF1
-9545.617 2.40222 0.1688037 0.96183 0.5638965 0.1770995 0 ENSG00000138767_CNOT6L
-5432.436 2.236543 0.272002 0.9878188 1.584941 0.4973301 0 ENSG00000215217_C5orf49
-26245.77 2.448327 0.3402024 0.960586 0.268332 1.362095 0 ENSG00000168003_SLC3A2
-4229.709 2.652919 0.04273609 1.010984 1.612627 0.455676 0 ENSG00000075785_RAB7A
-9598.584 2.746569 0.1479034 0.9520326 0.3114624 0.979989 0 ENSG00000164031_DNAJB14
-17227.37 2.115575 0.1974685 0.9913466 1.526908 0.5459964 0 ENSG00000130561_SAG
-22488.36 3.019471 0.2302208 0.9770947 0.9718296 0.001666085 0 ENSG00000134253_TRIM45
-22567.12 2.492259 0.2959095 0.9785075 1.219616 0.08545309 0 ENSG00000173083_HPSE
-30171.16 3.570163 0.1517932 0.9710442 0.675337 0.3218857 0 ENSG00000174405_LIG4
-31178.99 3.295366 0.1636166 1.031761 1.965631 1.169645 0 ENSG00000168944_CEP120
-8969.861 3.591934 0.1328058 1.074593 3.099617 2.674661 0 ENSG00000151748_SAV1
-13559.55 3.094623 0.2914997 0.9539409 0.2153684 1.927972 0 ENSG00000185379_RAD51D
-9015.548 2.305668 0.270881 0.9842088 1.331193 0.1525474 0 ENSG00000124839_RAB17
-7943.84 2.49588 0.3685272 0.9598638 0.2994831 1.022647 0 ENSG00000163793_DNAJC5G
-20475.11 2.835533 0.2023137 1.005089 1.811438 1.014828 0 ENSG00000076641_PAG1
-4828.626 2.009756 0.2426517 0.9646869 0.7368981 0.1191759 0 ENSG00000132570_PCBD2
-13420.26 3.07608 0.3015781 0.9837034 1.187615 0.0744231 0 ENSG00000073598_FNDC8
-12275.91 2.520091 0.04685003 0.9934775 1.247611 -0.0504281 0 ENSG00000101438_SLC32A1
-11467.45 2.276467 0.5256906 0.9681923 1.106014 0.01875165 0 ENSG00000170006_TMEM154
-32580.59 2.752902 0.1373158 1.014137 1.829958 0.9195556 0 ENSG00000118762_PKD2
-7201.647 3.692624 0.1924202 0.9798141 0.7295277 0.09041557 0 ENSG00000179921_GPBAR1
-12927.69 3.068162 0.2824753 0.9753909 0.8815675 0.02113265 0 ENSG00000163141_BNIPL
-4387.245 2.771472 0.1999723 0.9771715 0.8177985 0.03898699 0 ENSG00000182187_CRYGB
-3369.356 2.619608 0.3298844 0.9670852 0.8512776 0.03392701 0 ENSG00000119013_NDUFB3
-13901.53 2.906363 0.3161244 0.9846749 1.43829 0.3886444 0 ENSG00000005059_CCDC109B
-7265.619 3.354103 0.2095486 0.9984141 1.701335 0.5360467 0 ENSG00000138621_PPCDC
-22565.69 2.850105 0.3603709 0.9603595 1.408224e-05 3.059729 0 ENSG00000105053_VRK3
-18475.69 2.935097 0.2091678 1.038172 2.552037 2.412087 0 ENSG00000086991_NOX4
-41363.56 4.2659 0.1105555 1.013796 1.488346 0.3700588 0 ENSG00000116147_TNR
-76126.28 2.65229 0.08585614 0.9682515 0.2647989 2.667043 0 ENSG00000096433_ITPR3
-23650.71 2.88239 0.2359952 0.992669 1.385492 0.2482893 0 ENSG00000182938_OTOP3
-38040.72 2.839885 0.3139899 1.02178 2.502098 2.070991 0 ENSG00000134762_DSC3
-30708.67 2.546001 0.1292708 0.9763431 0.7686844 0.1303035 0 ENSG00000167202_TBC1D2B
-21000.63 2.896243 0.102116 0.9704243 0.5503535 0.7745651 0 ENSG00000085978_ATG16L1
-20648.31 3.272774 0.141374 0.9716017 0.4070957 1.53366 0 ENSG00000012211_PRICKLE3
-11587.59 4.048919 0.155092 0.9711578 0.5334647 0.5511424 0 ENSG00000177535_OR2B11
-17223.84 3.565348 0.04966249 1.010538 1.396017 0.1821488 0 ENSG00000137822_TUBGCP4
-18714.26 2.617201 0.1338482 1.021608 1.987998 1.278985 0 ENSG00000147647_DPYS
-9482.428 2.761173 0.2661024 0.9564979 0.2114324 1.904187 0 ENSG00000167862_ICT1
-6404.09 2.492396 0.04193673 1.007165 1.557865 0.2955829 0 ENSG00000100302_RASD2
-11803.08 3.882241 0.0530982 1.022627 1.672874 0.508468 0 ENSG00000177479_ARIH2
-14908.45 2.534269 0.3394456 0.9704769 0.8396789 0.04107327 0 ENSG00000154328_NEIL2
-8621.233 2.576824 0.1300971 0.9641624 3.629916e-06 1.813605 0 ENSG00000161642_ZNF385A
-25870.15 1.878517 0.2321372 0.9828118 1.102852 -0.08471492 0 ENSG00000177106_EPS8L2
-13469.4 2.895914 0.1245884 0.9805824 0.9071819 0.01377507 0 ENSG00000157557_ETS2
-21590.74 2.593039 0.1471592 0.9924829 1.291654 0.1306673 0 ENSG00000137699_TRIM29
-51010.39 3.389111 0.08675468 0.9688926 0.5466913 0.4153702 0 ENSG00000147251_DOCK11
-14013.01 2.802435 0.1136919 0.9822378 0.943373 -0.002048064 0 ENSG00000113389_NPR3
-29265.22 2.822493 0.1109362 0.9896354 1.144893 -0.008850753 0 ENSG00000173327_MAP3K11
-14305.64 1.642087 0.1347323 0.9829504 1.105114 -0.000592939 0 ENSG00000141905_NFIC
-29799.44 2.521675 0.2087047 0.9688565 2.986134e-05 3.048801 0 ENSG00000130762_ARHGEF16
-6984.967 2.303335 0.05454472 0.9753453 0.4309109 0.7064481 0 ENSG00000170577_SIX2
-9643.067 3.46112 0.2236191 0.9636621 0.271962 1.250567 0 ENSG00000189280_GJB5
-4020.474 3.241135 0.0824265 1.005623 1.524402 0.2421639 0 ENSG00000119865_CNRIP1
-19069.18 3.441445 0.5429474 0.9670741 1.112231 0.02137368 0 ENSG00000188991_SLC15A5
-6631.682 3.707844 0.02529718 1.115561 2.988891 2.969492 0 ENSG00000135932_CAB39
-15733.92 1.727773 0.1137147 0.9799947 0.6565326 0.361168 0 ENSG00000177706_FAM20C
-15796.96 3.062315 0.1899053 0.9926718 1.272003 0.1314297 0 ENSG00000146250_PRSS35
-8732.211 2.010052 0.3098079 0.9720553 1.114026 0.03211942 0 ENSG00000170788_DYDC1
-19795.67 3.201563 0.1555407 1.043881 2.642695 2.129807 0 ENSG00000138363_ATIC
-35002.85 3.13047 0.2670142 1.002973 1.779278 1.115465 0 ENSG00000124275_MTRR
-5808.88 3.411767 0.0997589 0.9661439 0.5707778 0.1833712 0 ENSG00000167081_PBX3
-64074.17 3.310572 0.2769749 0.9681541 0.5157527 0.4980911 0 ENSG00000075702_WDR62
-7930.959 3.75805 0.1485119 0.9840522 0.9947881 0.000183872 0 ENSG00000170417_TMEM182
-68573.05 3.212457 0.6058604 0.9791557 1.718705 0.61975 0 ENSG00000196074_SYCP2
-10097.27 2.685669 0.07484457 1.005894 1.251619 0.1191736 0 ENSG00000170903_MSANTD4
-91987.4 2.761585 0.2237516 0.9786711 0.9402124 0.02658141 0 ENSG00000077235_GTF3C1
-116818.9 3.417341 0.459113 0.9747043 0.8802805 0.05037071 0 ENSG00000277399_GPR179
-37274.05 2.696867 0.241136 0.9761889 0.9649172 0.007785497 0 ENSG00000168826_ZBTB49
-44411.06 3.173877 0.2492444 0.989696 1.3412 0.3548022 0 ENSG00000188869_TMC3
-8733.208 2.69888 0.2640449 0.963788 0.5036178 1.036867 0 ENSG00000124145_SDC4
-8473.671 3.861396 0.1931893 0.9581838 0.4937137 0.5941261 0 ENSG00000277932_OR52E5
-15886.94 3.130473 0.3375717 0.9792626 1.212499 0.07989245 0 ENSG00000163751_CPA3
-89539.44 3.608596 0.2979148 0.9696517 0.6115974 0.4590874 0 ENSG00000135476_ESPL1
-9878.785 3.095322 0.04616117 0.9851626 0.8705107 0.02552349 0 ENSG00000175470_PPP2R2D
-24942.91 2.913112 0.1090561 0.9870703 1.024405 0.001065762 0 ENSG00000154678_PDE1C
-8272.751 1.860701 0.1358113 1.070591 3.753074 4.631455 0 ENSG00000151468_CCDC3
-16653.85 3.33381 0.07991742 0.983061 0.7310248 0.04377784 0 ENSG00000174996_KLC2
-21741.47 3.764793 0.08587872 1.020629 1.554357 0.4876114 0 ENSG00000144810_COL8A1
-8957.256 5.008627 0.04685498 1.020483 1.231087 0.06681289 0 ENSG00000121989_ACVR2A
-37953.58 2.019089 0.2243618 0.9766803 0.4735152 0.6092747 0 ENSG00000179588_ZFPM1
-24849.79 2.762873 0.1042152 1.042671 2.327022 -0.348095 0 ENSG00000170248_PDCD6IP
-21926.06 2.821627 0.06480262 0.9813869 0.7982716 0.09683286 0 ENSG00000141252_VPS53
-22752.73 2.866862 0.1209473 0.9664937 0.6380559 0.3102586 0 ENSG00000153993_SEMA3D
-12215.27 1.812599 0.1905323 0.9731347 4.286646e-05 2.074642 0 ENSG00000148704_VAX1
-9007.34 2.765057 0.1181788 0.980763 0.8678444 0.03553329 0 ENSG00000048471_SNX29
-37468.21 3.507588 0.4988761 1.020145 2.914245 2.595926 0 ENSG00000178295_GEN1
-57200.64 3.263496 0.2968361 1.028578 2.648891 2.70229 0 ENSG00000163781_TOPBP1
-5293.041 2.467393 0.1959573 0.9674986 0.2668135 1.21323 0 ENSG00000275489_C17orf98
-5753.574 4.179859 0.1966846 0.9800899 0.759039 0.1986231 0 ENSG00000088543_C3orf18
-29614.84 2.352858 0.1132893 0.9869599 1.126397 -0.05126686 0 ENSG00000116809_ZBTB17
-51003.36 2.835417 0.4274342 0.9552456 0.2981047 1.042709 0 ENSG00000169896_ITGAM
-9098.429 2.68688 0.1063342 0.9919196 1.13314 0.04939845 0 ENSG00000130313_PGLS
-18792.15 2.428484 0.1023521 0.9925685 1.262842 0.1088023 0 ENSG00000146433_TMEM181
-31887.52 3.025113 0.1869345 1.051303 2.894675 3.514335 0 ENSG00000099219_ERMP1
-19041.36 3.068372 0.04620565 1.014819 1.466019 0.345528 0 ENSG00000079785_DDX1
-21201.55 3.538407 0.1098379 0.9852696 0.9035546 0.02630293 0 ENSG00000085999_RAD54L
-4434.986 2.556887 0.08078882 0.9919587 1.141548 0.027441 0 ENSG00000140612_SEC11A
-12813.89 3.779276 0.2141353 1.021685 2.006665 1.223601 0 ENSG00000070785_EIF2B3
-9555.901 3.46099 0.1334485 1.044499 2.63191 2.349027 0 ENSG00000129460_NGDN
-22000.22 3.092179 0.1592048 0.9902769 1.151381 0.03418002 0 ENSG00000150764_DIXDC1
-36121.3 2.49831 0.08463253 0.9618572 3.893902e-05 3.117693 0 ENSG00000277363_SRCIN1
-7601.575 3.260102 0.03252645 1.139821 3.310976 4.223973 0 ENSG00000154473_BUB3
-4457.04 1.788278 0.09549746 0.9786524 0.3109094 0.9329718 0 ENSG00000150551_LYPD1
-28947.42 3.341353 0.2018262 1.014506 1.998947 1.633087 0 ENSG00000143107_FNDC7
-30109.79 3.450256 0.1949684 1.001018 1.545613 0.569457 0 ENSG00000103194_USP10
-10877.73 2.992545 0.05016769 1.038663 1.99947 1.008472 0 ENSG00000141646_SMAD4
-25255.43 3.771695 0.1842228 0.9670895 0.5298895 0.4674628 0 ENSG00000141424_SLC39A6
-11095.99 3.727906 0.02875681 1.114734 3.456692 3.405056 0 ENSG00000076685_NT5C2
-6350.531 1.56372 0.2280828 0.9836705 1.191499 -0.03278014 0 ENSG00000115255_REEP6
-5443.771 3.225143 0.05562211 0.9838691 0.8431388 0.03688406 0 ENSG00000100554_ATP6V1D
-11197.85 2.639765 0.1593694 0.9692403 0.7724871 0.09211716 0 ENSG00000121853_GHSR
-13706.02 3.235382 0.09277711 1.009626 1.525144 0.4007214 0 ENSG00000132680_KIAA0907
-18969.05 3.760168 0.276068 0.9967183 1.574106 0.2969542 0 ENSG00000167384_ZNF180
-19237.17 2.602828 0.2559889 0.9538891 0.2009946 2.425453 0 ENSG00000170819_BFSP2
-15327.49 3.821396 0.2786839 1.045857 2.819531 2.518477 0 ENSG00000165195_PIGA
-12323.41 3.031826 0.06513076 0.9922367 1.13334 0.02541512 0 ENSG00000148158_SNX30
-27701.18 2.996182 0.2459314 1.028833 2.501821 2.239526 0 ENSG00000168615_ADAM9
-38487.3 3.030902 0.435926 0.9678664 0.8800598 0.02512866 0 ENSG00000089091_DZANK1
-13347.85 2.809839 0.1058277 0.9824548 0.829463 0.04943963 0 ENSG00000170876_TMEM43
-26570.86 3.059047 0.2539307 0.9801116 1.015871 0.0001618929 0 ENSG00000138074_SLC5A6
-41354.97 3.39657 0.514598 0.9677891 1.047922 0.003348156 0 ENSG00000138468_SENP7
-20695.18 3.195712 0.07981379 1.046773 2.038825 1.353951 0 ENSG00000134215_VAV3
-10412.49 3.111359 0.2603363 0.9805882 0.9470959 0.0004989935 0 ENSG00000170779_CDCA4
-28530.69 2.16197 0.3578327 0.9704391 1.062574 0.006969128 0 ENSG00000163071_SPATA18
-46590.38 2.555684 0.2047094 0.9712922 0.5989224 0.3441036 0 ENSG00000161509_GRIN2C
-10466.45 2.973807 0.164487 0.9704997 0.4238522 1.772844 0 ENSG00000183597_TANGO2
-36430.19 3.777076 0.07937964 0.9954184 1.088682 -0.01620518 0 ENSG00000077097_TOP2B
-20577.66 3.389201 0.1018821 0.9840627 0.893335 0.00984752 0 ENSG00000128191_DGCR8
-50748.41 3.410832 0.210855 1.019277 2.19311 1.46527 0 ENSG00000140798_ABCC12
-32620.09 2.930564 0.1975729 0.9698957 0.5219163 0.9153409 0 ENSG00000196187_TMEM63A
-6946.433 2.877864 0.3006927 0.9855654 1.430196 0.3045579 0 ENSG00000174808_BTC
-14643.21 3.608338 0.1023494 0.9912801 1.051529 0.003817758 0 ENSG00000073536_NLE1
-26874.49 2.666202 0.3874824 0.9915962 1.847588 0.9641454 0 ENSG00000204852_TCTN1
-9719.131 3.321181 0.09804807 0.9755033 0.6831102 0.2873832 0 ENSG00000119718_EIF2B2
-12359.03 3.265857 0.06032771 1.00077 1.310742 0.1076469 0 ENSG00000177125_ZBTB34
-21874.78 2.28421 0.1104734 0.9634552 0.2074594 1.812152 0 ENSG00000105695_MAG
-12488.5 3.69567 0.1504636 1.012072 1.454049 0.2396735 0 ENSG00000164934_DCAF13
-14875.57 2.012208 0.4807021 0.9882369 2.102555 0.8816558 0 ENSG00000222011_FAM185A
-10615.03 3.540326 0.3299995 0.9783631 1.006995 7.355282e-05 0 ENSG00000101327_PDYN
-12290.7 2.83194 0.06602899 0.9626149 0.311705 0.950247 0 ENSG00000168259_DNAJC7
-14909.78 3.309483 0.05264288 0.9700225 0.4519282 0.6629927 0 ENSG00000140543_DET1
-16836.24 2.901281 0.1755639 0.9720562 0.5765952 0.3401742 0 ENSG00000065485_PDIA5
-4193.977 2.524205 0.1375165 0.9662446 3.712837e-06 2.605439 0 ENSG00000214253_FIS1
-16662.79 2.724525 0.07236391 1.001663 1.239846 0.1092593 0 ENSG00000111696_NT5DC3
-5945.532 2.191892 0.07239961 0.9539603 0.1862932 2.407445 0 ENSG00000184787_UBE2G2
-13933.5 3.386874 0.2723114 1.003121 1.703736 0.8670175 0 ENSG00000205678_TECRL
-8476.656 2.741351 0.2979178 0.9846834 1.352716 0.1932955 0 ENSG00000121207_LRAT
-21137.26 2.503408 0.3828689 0.9636004 0.9282031 0.007436298 0 ENSG00000137473_TTC29
-6219.996 2.104311 0.1341277 0.9870382 1.297963 0.1161323 0 ENSG00000121644_DESI2
-10963.03 2.807732 0.116336 0.9687388 0.3826931 1.75886 0 ENSG00000156711_MAPK13
-28748.58 3.193678 0.4260796 1.029769 2.937642 3.693443 0 ENSG00000152583_SPARCL1
-6087.707 3.005319 0.04725642 0.9829501 0.8407999 0.06297587 0 ENSG00000089693_MLF2
-10382.72 3.12018 0.3258476 0.9664473 0.507154 0.5236572 0 ENSG00000184988_TMEM106A
-22810.72 3.150251 0.3991087 0.9705251 0.9709784 -2.301465e-05 0 ENSG00000114248_LRRC31
-37304.04 2.326028 0.1877207 1.050815 3.58173 4.316315 0 ENSG00000152409_JMY
-9417.41 2.694733 0.1608034 1.035965 2.398339 1.84331 0 ENSG00000180817_PPA1
-75526.75 3.255337 0.499958 0.9836538 1.473542 0.3714895 0 ENSG00000179270_C2orf71
-17349.48 3.798418 0.1667205 0.990073 1.166275 0.03781837 0 ENSG00000185697_MYBL1
-13593.39 3.223924 0.07804983 1.04703 1.888738 0.9210355 0 ENSG00000164609_SLU7
-1468.785 2.073579 0.03817454 0.9882497 1.095221 0.01054337 0 ENSG00000176533_GNG7
-6035.116 1.979853 0.2983254 0.964556 0.6071682 0.2575354 0 ENSG00000185442_FAM174B
-13586.68 2.607286 0.2274433 0.9637381 0.223675 1.735947 0 ENSG00000099337_KCNK6
-10872.78 4.046995 0.05860659 0.9910172 0.9146836 0.01820783 0 ENSG00000171206_TRIM8
-25859.86 2.675184 0.2269182 0.9836835 1.062543 0.02748134 0 ENSG00000123454_DBH
-18577.47 3.173971 0.08788682 1.024592 1.879847 0.9150013 0 ENSG00000100991_TRPC4AP
-44197.39 2.754127 0.3505186 0.9750489 1.160339 0.02126399 0 ENSG00000134755_DSC2
-5629.752 3.780587 0.1991846 0.9510623 0.2851956 1.158075 0 ENSG00000135324_MRAP2
-9218.221 2.448805 0.250242 0.9408491 1.94261e-05 2.57738 0 ENSG00000231274_SBK3
-19139.43 3.354175 0.3661391 0.9813838 1.24824 0.1050278 0 ENSG00000139178_C1RL
-17321.05 2.013637 0.5718504 0.9729201 1.599898 0.5213165 0 ENSG00000179133_C10orf67
-43557.25 3.184575 0.0995937 1.034897 2.125957 1.51662 0 ENSG00000074657_ZNF532
-4526.491 3.935934 0.104548 1.013504 1.307505 0.1132354 0 ENSG00000100221_JOSD1
-13742.59 2.418771 0.111376 0.9820712 0.6944631 0.1214179 0 ENSG00000141582_CBX4
-28664.95 3.077968 0.177096 0.9948543 1.415505 0.2295087 0 ENSG00000122367_LDB3
-22952.34 2.825099 0.2461107 0.974227 0.9415031 0.004911817 0 ENSG00000031003_FAM13B
-49138.61 2.506868 0.4515754 0.9664932 0.8520366 -0.3128032 0 ENSG00000174837_EMR1
-24705.23 2.987324 0.2764325 0.9813478 0.9061015 0.01978588 0 ENSG00000105523_FAM83E
-69600.96 3.095357 0.2976418 1.059692 3.908643 5.950449 0 ENSG00000151503_NCAPD3
-10406.16 3.090869 0.2449084 1.005414 1.713646 0.2044148 0 ENSG00000254221_PCDHGB1
-6589.757 3.536446 0.1541734 1.010757 1.811319 0.8536945 0 ENSG00000118363_SPCS2
-13818.98 2.344468 0.3941395 0.9545682 0.432848 1.042743 0 ENSG00000121858_TNFSF10
-32767.09 3.202618 0.05063491 1.043245 2.456312 -1.908207 0 ENSG00000131473_ACLY
-21156.36 2.178588 0.09263769 0.9741926 0.6149266 0.6240272 0 ENSG00000130309_COLGALT1
-28792.25 2.768856 0.09993156 0.9726357 0.3760759 0.6539936 0 ENSG00000108175_ZMIZ1
-12604.63 2.813866 0.07379102 0.9571607 0.2886436 1.158438 0 ENSG00000182389_CACNB4
-46600.27 2.619503 0.09721499 0.9679178 0.2290495 1.802902 0 ENSG00000177731_FLII
-33056.15 3.468532 0.3324131 0.956952 0.4274452 0.4786644 0 ENSG00000196335_STK31
-8186.955 4.596221 0.1007023 1.00482 1.302798 0.07318803 0 ENSG00000168917_SLC35G2
-15386.24 2.88227 0.3713747 1.017175 2.761515 2.843054 0 ENSG00000133661_SFTPD
-11030.03 2.497847 0.103546 1.025424 2.293324 1.165355 0 ENSG00000138100_TRIM54
-51970.52 3.489987 0.201583 0.9869577 1.124199 0.02119428 0 ENSG00000114127_XRN1
-29921.1 2.629323 0.144523 0.985315 1.032459 0.002383515 0 ENSG00000132669_RIN2
-45190.81 3.145318 0.1835303 0.9899934 1.170124 0.02625355 0 ENSG00000116062_MSH6
-30114.85 2.816569 0.1163707 0.9715705 0.5319918 0.4175444 0 ENSG00000182872_RBM10
-22936.18 3.226798 0.1340134 0.9885964 1.120116 0.02394981 0 ENSG00000128917_DLL4
-66514.59 2.774756 0.3067996 0.9745902 0.5795793 0.4633967 0 ENSG00000132382_MYBBP1A
-11913.75 2.412085 0.1443396 0.9898939 1.317113 0.1653712 0 ENSG00000168522_FNTA
-20440.06 3.068675 0.8460524 1.010142 3.970578 4.817433 0 ENSG00000137965_IFI44
-13835.65 3.173492 0.1309336 1.043327 2.033735 1.147569 0 ENSG00000145863_GABRA6
-5786.588 2.028416 0.1181889 0.9904806 1.187039 0.005652915 0 ENSG00000100196_KDELR3
-7553.395 3.222062 0.1762668 0.9967399 1.363576 0.1188328 0 ENSG00000265491_RNF115
-19483.35 3.446498 0.07286003 0.9841658 0.8500474 -0.0009967277 0 ENSG00000109689_STIM2
-8354.621 3.779641 0.08938289 0.9886767 0.9114368 0.01066051 0 ENSG00000187678_SPRY4
-31960.26 2.200606 0.3308585 0.9550508 7.327629e-06 3.581568 0 ENSG00000137225_CAPN11
-11132.49 3.156281 0.05601364 1.0082 1.636182 0.5825689 0 ENSG00000187778_MCRS1
-14268.56 3.399878 0.03316356 1.058012 2.1225 1.587297 0 ENSG00000015171_ZMYND11
-19137.44 2.867234 0.1520643 0.9978085 1.407869 0.2785754 0 ENSG00000197822_OCLN
-7574.971 3.733893 0.4027227 0.9914671 1.681311 0.6889759 0 ENSG00000011638_TMEM159
-14909.28 3.379781 0.04391561 1.005868 1.434378 0.2605394 0 ENSG00000179542_SLITRK4
-10793.99 2.711803 0.19173 0.9867213 1.266756 0.1366452 0 ENSG00000181195_PENK
-13383.23 1.684332 0.3239345 0.9685742 0.4659813 0.6827097 0 ENSG00000216490_IFI30
-16568.4 2.531769 0.1279051 1.048749 2.566113 2.65557 0 ENSG00000100433_KCNK10
-7355.673 2.153034 0.3497931 0.9665584 0.2945741 1.071512 0 ENSG00000132329_RAMP1
-56865.27 3.262136 0.4461557 0.978858 1.31823 0.2290403 0 ENSG00000134256_CD101
-35282.96 3.296337 0.1457297 0.9748416 0.7069502 0.2441935 0 ENSG00000171824_EXOSC10
-18304.43 2.945469 0.362476 0.975312 0.7920502 0.07564786 0 ENSG00000111321_LTBR
-54379.95 1.900763 0.2777853 0.9772921 0.3157369 2.770982 0 ENSG00000203485_INF2
-39572.02 3.181236 0.2485848 0.9695385 0.6384922 0.3887992 0 ENSG00000095383_TBC1D2
-31587.73 3.425765 0.443287 1.024175 2.793802 2.899925 0 ENSG00000111554_MDM1
-4386.251 2.270051 0.05329639 0.9789456 0.5344223 0.8403389 0 ENSG00000131165_CHMP1A
-26309.24 2.91433 0.2938482 0.9860339 1.279945 0.167006 0 ENSG00000086544_ITPKC
-12342.98 2.831697 0.2156557 0.9809646 1.105009 0.01836509 0 ENSG00000126790_L3HYPDH
-9279.73 2.851389 0.2423262 0.9686671 0.4911526 0.5519038 0 ENSG00000126460_PRRG2
-8515.112 2.650912 0.07277473 0.9924576 1.086608 0.01783567 0 ENSG00000123159_GIPC1
-23585.33 2.897287 0.2726063 1.003743 2.056528 1.177661 0 ENSG00000167780_SOAT2
-6582.192 2.753604 0.0936384 1.015868 1.434307 0.1662064 0 ENSG00000131791_PRKAB2
-43835.36 3.23015 0.2027716 0.9539605 0.3102333 1.828737 0 ENSG00000077935_SMC1B
-10042.17 4.130237 0.1042459 0.9856789 0.8264755 0.06689967 0 ENSG00000183908_LRRC55
-23396.7 3.537814 0.1713802 1.016909 1.794239 0.8744823 0 ENSG00000172766_NAA16
-7912.645 3.464539 0.1865992 0.987114 1.209779 0.06121481 0 ENSG00000155249_OR4K1
-7576.241 2.573416 0.08392596 1.000129 1.454342 0.2644319 0 ENSG00000120149_MSX2
-15139.14 2.4596 0.6368344 0.9682734 0.9379224 0.006014284 0 ENSG00000213822_CEACAM18
-4360.715 2.988675 0.3515516 0.9732062 0.9240128 0.009528106 0 ENSG00000163331_DAPL1
-9150.61 2.194287 0.1990932 0.9671933 0.7524932 0.1123853 0 ENSG00000136936_XPA
-15390.65 1.989273 0.1852945 0.9730748 2.221253e-05 2.137483 0 ENSG00000162576_MXRA8
-7746.294 2.564391 0.1702572 0.9812381 0.8822042 0.03808556 0 ENSG00000146215_CRIP3
-7699.227 3.243178 0.07432496 0.9584495 0.2753105 1.270115 0 ENSG00000113140_SPARC
-42088.33 3.103684 0.1543593 0.9826518 0.9796165 0.0001726321 0 ENSG00000091129_NRCAM
-9492.022 2.313687 0.2324908 0.9647472 0.245992 1.487211 0 ENSG00000010278_CD9
-20084.64 2.611836 0.4446513 0.9765459 1.362222 0.1934284 0 ENSG00000178522_AMBN
-5324.112 2.518979 0.2127719 0.9807123 0.9544831 0.003490412 0 ENSG00000145287_PLAC8
-7978.849 3.357002 0.06778007 0.9975619 1.161669 0.0421493 0 ENSG00000163069_SGCB
-23422.56 3.31578 0.275815 0.9678273 0.7327945 0.1617135 0 ENSG00000115750_TAF1B
-10601.86 3.308 0.3287242 0.9675537 0.3155771 0.8627029 0 ENSG00000103355_PRSS33
-11306.14 3.3726 0.1099958 0.970571 0.5823731 0.3368237 0 ENSG00000147119_CHST7
-12558.35 2.205223 0.5326794 1.017963 3.886069 4.885699 0 ENSG00000069849_ATP1B3
-15847.04 3.000699 0.1775741 0.9705941 0.7080588 0.1733906 0 ENSG00000003147_ICA1
-22247.99 2.962806 0.1735742 0.9661152 0.2424565 1.438754 0 ENSG00000031823_RANBP3
-34075.73 2.698879 0.09767607 0.9655234 0.3351092 0.8440793 0 ENSG00000169184_MN1
-12349.72 3.564041 0.2792261 0.9890009 1.405126 0.2131007 0 ENSG00000164841_TMEM74
-34191.29 2.98448 0.3682069 0.9996667 1.874711 1.043174 0 ENSG00000137462_TLR2
-13150.64 3.320766 0.3057251 0.9672421 0.2338251 1.657868 0 ENSG00000173338_KCNK7
-25627.98 2.483132 0.1535515 0.9700211 0.2526406 1.380124 0 ENSG00000100304_TTLL12
-2715.643 4.089827 0.1146943 1.031662 2.200156 1.085895 0 ENSG00000124374_PAIP2B
-18705.33 3.528355 0.3957941 1.0044 2.122284 1.302505 0 ENSG00000101574_METTL4
-14867.4 2.917258 0.2629744 0.9826791 1.247222 0.08277113 0 ENSG00000103343_ZNF174
-11522.65 3.007162 0.1267138 1.029842 2.290996 1.823374 0 ENSG00000084090_STARD7
-8917.264 4.563257 0.125808 0.9890782 1.011475 8.738607e-05 0 ENSG00000205363_C15orf59
-20880.01 2.941512 0.3283652 0.9641243 0.6327346 0.4922834 0 ENSG00000124019_FAM124B
-23521.8 2.537844 0.3433691 0.969166 0.8108371 0.06503326 0 ENSG00000172940_SLC22A13
-8950.76 3.30627 0.1342696 0.9670977 0.5468062 0.4218137 0 ENSG00000100372_SLC25A17
-27105.72 2.771274 0.1913004 1.007677 1.778284 0.7315355 0 ENSG00000137571_SLCO5A1
-46357.87 2.680235 0.07455052 0.9806848 0.839051 0.02475148 0 ENSG00000080503_SMARCA2
-10045.07 1.953278 0.1591292 0.982313 0.9401306 0.005352267 0 ENSG00000135916_ITM2C
-25868.36 3.22274 0.1773833 0.9793436 0.8838416 0.02256878 0 ENSG00000115486_GGCX
-12061.41 2.521182 0.2443887 0.9849588 1.2467 0.1028125 0 ENSG00000125434_SLC25A35
-14579.76 2.827181 0.09796022 0.9605899 0.1730414 1.684269 0 ENSG00000105447_GRWD1
-19817.59 3.210757 0.07577403 0.9826985 0.7181129 0.1550425 0 ENSG00000140854_KATNB1
-18818.03 3.149498 0.06575612 1.005255 1.362963 0.1854798 0 ENSG00000198408_MGEA5
-12914.62 2.510637 0.3138033 0.941649 0.2120885 1.964724 0 ENSG00000114698_PLSCR4
-23001.22 3.603571 0.09378207 0.9560685 0.1473172 3.18261 0 ENSG00000068354_TBC1D25
-14030.76 2.783 0.1100129 0.9856031 1.02758 0.001563606 0 ENSG00000151014_CCRN4L
-26871.9 2.379424 0.4487577 0.9663776 0.7069582 0.1837019 0 ENSG00000188782_CATSPER4
-65554.68 2.707941 0.1506993 0.9872689 1.08695 0.009651759 0 ENSG00000118898_PPL
-134774.5 3.080798 0.2899588 0.9708212 0.8839932 0.03318512 0 ENSG00000095951_HIVEP1
-19840.8 3.594625 0.145871 0.9727265 0.7060017 0.1808908 0 ENSG00000137492_PRKRIR
-28417.39 3.547 0.6619325 0.9530261 0.80118 0.0541924 0 ENSG00000189367_KIAA0408
-12600.66 3.047756 0.2828319 0.9941306 1.677291 0.6160298 0 ENSG00000115392_FANCL
-7175.532 2.824007 0.2851114 1.001956 1.974495 0.6031182 0 ENSG00000173372_C1QA
-25937.6 3.511121 0.05649614 0.9811804 0.7807213 0.09810201 0 ENSG00000132953_XPO4
-13726.77 3.512567 0.1453885 1.031698 1.890177 0.9520544 0 ENSG00000074935_TUBE1
-19514.47 2.830876 0.4442843 0.9848042 1.579504 0.5376541 0 ENSG00000102738_MRPS31
-22923.18 2.561541 0.3428902 1.008112 2.430895 2.395152 0 ENSG00000132824_SERINC3
-16559.27 2.645892 0.092953 1.017891 2.139845 1.555263 0 ENSG00000133313_CNDP2
-12705.51 3.615429 0.1010484 1.003523 1.437523 0.2839583 0 ENSG00000091140_DLD
-11147.8 2.57494 0.4718983 0.9590051 0.3206491 0.9275291 0 ENSG00000116898_MRPS15
-22049.81 2.816566 0.1072066 0.9906625 1.070487 0.008464309 0 ENSG00000189337_KAZN
-4854.841 2.482366 0.06022806 1.024216 1.841162 0.9313884 0 ENSG00000015592_STMN4
-5317.097 2.761154 0.7256648 0.9686736 1.211238 0.04562979 0 ENSG00000177627_C12orf54
-5501.616 2.536401 0.2188736 1.034894 2.643837 2.935677 0 ENSG00000117862_TXNDC12
-24529.86 2.709277 0.2208227 0.9647752 0.4688753 1.073829 0 ENSG00000168447_SCNN1B
-8312.824 2.80744 0.3423863 1.077172 4.938154 6.716997 0 ENSG00000108176_DNAJC12
-11162.26 2.260901 0.1720513 0.9769221 0.6114883 0.2523815 0 ENSG00000100243_CYB5R3
-30174.89 3.680276 0.1242111 0.9686865 0.5638326 0.3974535 0 ENSG00000123338_NCKAP1L
-5424.399 2.039652 0.171864 0.9475453 6.428489e-06 2.037183 0 ENSG00000131507_NDFIP1
-34669.36 3.241365 0.1940736 1.012035 1.692232 0.5800543 0 ENSG00000198887_SMC5
-25009.29 3.12763 0.1193842 0.9681663 0.6235197 0.2448464 0 ENSG00000173889_PHC3
-22685.65 3.413272 0.167346 0.9945214 1.290784 0.1073318 0 ENSG00000142945_KIF2C
-54020.49 2.552083 0.1763658 0.9659447 0.2489383 1.791536 0 ENSG00000105339_DENND3
-7346.927 2.615051 0.09745295 1.008639 1.490642 0.376006 0 ENSG00000053501_USE1
-17307.41 3.373933 0.1175973 0.980884 0.8632348 0.05873728 0 ENSG00000132434_LANCL2
-10313.17 3.105982 0.08040551 0.9880664 0.928143 0.01564013 0 ENSG00000163159_VPS72
-22927.27 2.902417 0.1912976 0.9726332 0.4427279 0.7753901 0 ENSG00000184470_TXNRD2
-8692.996 4.68437 0.1322878 1.000553 1.171775 0.06785217 0 ENSG00000132881_RSG1
-11863.04 2.791285 0.06011495 0.9807724 0.7188496 0.1556779 0 ENSG00000007866_TEAD3
-45287.69 3.207286 0.4350081 0.9868916 1.638919 0.4698376 0 ENSG00000111877_MCM9
-31741.85 3.505386 0.07555289 0.9874472 0.9367233 0.008870114 0 ENSG00000162434_JAK1
-6224.471 3.971899 0.05589644 1.014806 1.331578 0.1560962 0 ENSG00000070770_CSNK2A2
-74372.38 3.210148 0.1641264 1.012184 2.012053 1.482633 0 ENSG00000130723_PRRC2B
-12151.77 3.441009 0.3102515 0.9604385 0.6223053 0.2523688 0 ENSG00000154144_TBRG1
-26232.4 2.199166 0.115622 0.9759122 0.7850752 0.1113315 0 ENSG00000160633_SAFB
-44575.17 3.025552 0.3088824 0.9696635 0.7084698 0.1704279 0 ENSG00000182578_CSF1R
-13496.12 3.230993 0.4147819 0.9460869 4.008775e-06 3.571546 0 ENSG00000205085_FAM71F2
-15509.61 2.618839 0.2328641 0.992774 1.456353 0.3517201 0 ENSG00000213066_FGFR1OP
-27097.15 2.726676 0.4677831 0.9820676 1.640608 0.557297 0 ENSG00000143337_TOR1AIP1
-17363.38 5.041687 0.03744738 0.9750081 0.4601169 0.7560887 0 ENSG00000139645_ANKRD52
-38487.29 2.634021 0.5090252 0.9626162 0.7085622 -0.00245365 0 ENSG00000111335_OAS2
-4815.894 3.328444 0.1934938 0.9669577 0.2642269 1.265821 0 ENSG00000131943_C19orf12
-20029.15 3.56483 0.1851522 0.9875738 1.133174 0.02902674 0 ENSG00000156162_DPY19L4
-31360.65 2.815284 0.2258805 0.9699824 0.6453091 0.2846405 0 ENSG00000162745_OLFML2B
-13603.1 2.777143 0.1825796 0.9668442 0.724986 0.1612953 0 ENSG00000142892_PIGK
-23862.34 2.961172 0.1196607 1.033775 2.26609 1.969437 0 ENSG00000106105_GARS
-14086.85 2.407187 0.1833752 1.01506 2.146395 1.833333 0 ENSG00000169895_SYAP1
-66117.33 3.812407 0.08603897 0.9775427 0.4972897 0.5516384 0 ENSG00000172534_HCFC1
-3852.916 3.555564 0.2134441 0.9634128 0.4476344 0.3877784 0 ENSG00000160679_CHTOP
-9067.348 2.708592 0.03364971 0.9630117 0.2872661 1.070159 0 ENSG00000254726_MEX3A
-11064.05 3.167836 0.05715343 1.026041 1.483452 0.08215813 0 ENSG00000022355_GABRA1
-13686.6 2.454176 0.5670154 0.9602429 0.6678315 0.3282439 0 ENSG00000137463_MGARP
-9593.907 3.129802 0.100244 1.006456 1.437597 0.3285542 0 ENSG00000164111_ANXA5
-26292.45 2.425659 0.3253321 0.9798624 0.5841527 1.070797 0 ENSG00000169026_MFSD7
-7486.581 3.38578 0.08586846 0.9924385 1.098125 0.01336 0 ENSG00000099942_CRKL
-54859.01 2.733975 0.04429674 0.9541095 0.2289464 1.754852 0 ENSG00000133026_MYH10
-7276.782 2.53189 0.0557522 1.000645 1.307887 0.1361617 0 ENSG00000126524_SBDS
-23801.6 2.855826 0.1588354 0.9820265 0.865093 0.03020396 0 ENSG00000105290_APLP1
-4240.895 3.232158 0.07259789 1.025294 1.665481 0.5026141 0 ENSG00000173598_NUDT4
-45798.42 2.899016 0.3207099 0.9836573 1.364164 0.2771666 0 ENSG00000154767_XPC
-27405.3 3.423006 0.1282682 1.036847 2.21356 1.483836 0 ENSG00000136381_IREB2
-15075.31 3.57541 0.2985927 1.011834 2.368069 2.002768 0 ENSG00000188822_CNR2
-29472.3 2.500278 0.3515467 0.9652276 0.2817587 1.200206 0 ENSG00000160117_ANKLE1
-31305.09 2.29975 0.1233205 0.9787058 0.682244 0.3628523 0 ENSG00000142627_EPHA2
-23772.35 3.445645 0.2077742 0.9832549 1.052835 0.005290209 0 ENSG00000143476_DTL
-3330.88 2.439554 0.1590237 0.9832431 1.090164 0.009640363 0 ENSG00000145335_SNCA
-4754.998 4.060622 0.1411926 0.9942414 1.13928 0.02787093 0 ENSG00000182508_LHFPL1
-15250.74 3.197668 0.04506524 1.141883 4.098643 4.543599 0 ENSG00000126070_AGO3
-7752.429 3.72758 0.03873372 1.003618 1.307 0.1158039 0 ENSG00000109079_TNFAIP1
-19738.32 2.726068 0.781515 0.9836743 2.332479 1.870287 0 ENSG00000132530_XAF1
-13370.87 2.827358 0.3590262 0.9764766 1.119527 0.03318575 0 ENSG00000055211_GINM1
-12793.37 2.866474 0.1434357 0.972865 0.5231517 1.106325 0 ENSG00000110025_SNX15
-41361.89 3.621451 0.4479545 0.9872842 1.474812 0.4000715 0 ENSG00000270765_GAS2L2
-5744.517 1.957925 0.0811323 0.9732439 1.435061e-05 1.781075 0 ENSG00000100314_CABP7
-9466.634 2.848339 0.1504144 0.9659529 0.6409166 0.3062685 0 ENSG00000145416_MARCH1
-25416.48 1.996224 0.2470032 1.012731 2.449221 2.294368 0 ENSG00000136026_CKAP4
-27169.23 2.551453 0.1301393 0.9961094 1.463862 0.2910451 0 ENSG00000083444_PLOD1
-156828.5 3.439795 0.1133122 0.9727535 0.6706006 0.3187532 0 ENSG00000083857_FAT1
-43475.85 3.097969 0.1580462 0.9794065 0.9205114 0.007254034 0 ENSG00000160584_SIK3
-9981.906 2.802717 0.07079328 1.024139 1.925366 1.196649 0 ENSG00000065802_ASB1
-9844.562 3.198185 0.170892 0.9848777 1.048585 0.004727341 0 ENSG00000110777_POU2AF1
-36294.83 2.901706 0.2844968 1.033834 3.030229 3.294707 0 ENSG00000159267_HLCS
-16661.33 3.516455 0.153045 0.9860511 0.9766906 0.00306505 0 ENSG00000175445_LPL
-13650.61 3.055246 0.1490248 0.9860255 1.006092 -8.621272e-05 0 ENSG00000278195_SSTR3
-13379.25 4.637944 0.09097956 1.030719 1.604386 0.4796592 0 ENSG00000169826_CSGALNACT2
-32844.22 3.728132 0.08110237 1.010945 1.347944 0.3046389 0 ENSG00000187323_DCC
-7692.03 1.678821 0.2362451 0.9669457 7.476468e-06 1.950928 0 ENSG00000229544_NKX1-2
-41442.8 2.748417 0.4932634 0.9689706 0.6486744 0.2777659 0 ENSG00000105072_C19orf44
-28667.08 3.058979 0.2541632 0.9849276 1.327719 -0.2638996 0 ENSG00000136935_GOLGA1
-12475.16 2.754933 0.08975047 1.000808 1.260325 -0.02994365 0 ENSG00000127990_SGCE
-14105.95 3.435134 0.05783105 1.006874 1.365601 0.1941594 0 ENSG00000114098_ARMC8
-16137.27 3.13606 0.04882789 1.039363 1.70611 0.9469466 0 ENSG00000144935_TRPC1
-5235.198 3.128739 0.1789335 0.9853431 0.9967491 7.433539e-05 0 ENSG00000138382_METTL5
-6517.618 1.975954 0.2109858 0.9703469 0.2641547 1.25559 0 ENSG00000069812_HES2
-38407.52 3.685405 0.1842951 0.9824189 0.8701341 0.05773441 0 ENSG00000006118_TMEM132A
-33014.75 1.87321 0.4198136 0.960027 0.9646936 0.004310172 0 ENSG00000163631_ALB
-16030.39 2.964706 0.2204941 0.9583885 0.4943173 0.585414 0 ENSG00000112337_SLC17A2
-3968.548 2.171719 0.09606449 0.9625079 0.4526629 0.3942324 0 ENSG00000134108_ARL8B
-21660.47 2.76172 0.2726449 0.9665578 0.2144162 1.654447 0 ENSG00000170684_ZNF296
-27914.16 3.111187 0.4009277 0.9695541 0.7597731 0.1514308 0 ENSG00000170613_FAM71B
-10616.67 3.574177 0.5391497 0.9785137 1.26776 0.08784094 0 ENSG00000171792_RHNO1
-15819.48 3.462142 0.1110065 0.9709493 0.4912013 0.6269589 0 ENSG00000145882_PCYOX1L
-10726.19 3.551103 0.1540105 1.040776 1.983013 1.055531 0 ENSG00000106415_GLCCI1
-12611.56 3.085056 0.1024329 1.016796 1.611704 0.5131375 0 ENSG00000101052_IFT52
-39425.29 3.155918 0.102901 1.010006 1.466499 0.314579 0 ENSG00000081913_PHLPP1
-17657.6 2.212509 0.2593186 0.9684055 0.4305408 0.7920989 0 ENSG00000104870_FCGRT
-24032.51 3.485786 0.2070285 0.9913586 1.276775 0.1526483 0 ENSG00000042088_TDP1
-28748.94 2.593754 0.1352094 1.03039 2.454779 2.195638 0 ENSG00000084234_APLP2
-26084.18 3.054749 0.07831132 0.9743901 0.4397254 0.8707861 0 ENSG00000007402_CACNA2D2
-1227.832 2.839005 0.5883057 0.9539263 0.6729746 0.07807962 0 ENSG00000231824_C18orf42
-12963.9 2.252305 0.1223709 0.9745358 0.7617541 0.1245405 0 ENSG00000152642_GPD1L
-30907.56 2.638162 0.8499612 0.959392 0.3432928 0.6785008 0 ENSG00000168631_DPCR1
-36414.01 2.730248 0.1862686 0.9855684 1.112897 0.02637618 0 ENSG00000105929_ATP6V0A4
-27304.72 3.572913 0.1230929 0.9910249 1.024091 0.001080117 0 ENSG00000120694_HSPH1
-3713.639 2.402825 0.2052766 0.9747236 0.6249195 0.2358183 0 ENSG00000130312_MRPL34
-29833.52 2.910155 0.2327188 0.9672276 0.6578332 0.09746128 0 ENSG00000184083_FAM120C
-10365.87 3.84572 0.1373871 1.001407 1.370529 0.1652916 0 ENSG00000144583_MARCH4
-18959.92 3.25375 0.06879455 0.9753238 0.4014561 0.83857 0 ENSG00000088899_NONAME
-10443.56 3.365031 0.3464658 0.9945848 1.555661 0.4253034 0 ENSG00000122481_RWDD3
-9376.407 2.909714 0.8277399 0.9659256 1.468792 0.1772851 0 ENSG00000198088_NUP62CL
-5003.875 3.20334 0.1242605 1.07584 3.198919 2.602404 0 ENSG00000134758_RNF138
-19337.01 3.033849 0.06175942 0.9711975 0.4922636 0.5956593 0 ENSG00000167447_SMG8
-131233 3.38116 0.3293354 0.9582769 0.3770218 1.175113 0 ENSG00000042832_TG
-21973.3 3.243778 0.06414711 1.004422 1.31135 0.1217893 0 ENSG00000184575_XPOT
-4202.267 4.301974 0.04469746 0.9989741 1.060959 0.008076446 0 ENSG00000276023_DUSP14
-25131.08 3.191073 0.4645065 0.9782853 1.309344 0.1373323 0 ENSG00000158169_FANCC
-28460.37 3.110078 0.1595252 0.9895121 1.191542 0.06904619 0 ENSG00000135249_RINT1
-23935.67 2.708704 0.1359672 0.9575268 6.910197e-05 3.784406 0 ENSG00000159650_UROC1
-35775.18 3.590811 0.215426 1.00574 1.669796 0.5075547 0 ENSG00000086102_NFX1
-49581.45 3.546219 0.2661851 1.006932 1.770851 0.8929377 0 ENSG00000070061_IKBKAP
-55778.11 2.473463 0.1953297 0.9749008 3.203526e-05 2.807683 0 ENSG00000149527_PLCH2
-163880.9 3.124457 0.3242975 0.9882544 1.455678 -0.5952545 0 ENSG00000157423_HYDIN
-33176.84 2.768937 0.3216668 0.9838384 1.389004 0.3361269 0 ENSG00000059378_PARP12
-11072.18 2.289026 0.08248837 1.004008 1.476416 0.2784065 0 ENSG00000112333_NR2E1
-31896.39 3.275553 0.08373166 0.9773875 0.6292372 0.2928722 0 ENSG00000103549_RNF40
-17424.07 2.853225 0.4043318 0.9498828 2.226863e-05 4.264516 0 ENSG00000156990_RPUSD3
-52043.32 2.997838 0.1903071 1.002061 1.688665 0.8517825 0 ENSG00000128849_CGNL1
-8031.137 2.405551 0.110249 1.041851 2.474028 2.246479 0 ENSG00000157259_GATAD1
-22375.77 1.781886 0.5571181 0.9668381 0.7847881 0.08701602 0 ENSG00000182264_IZUMO1
-27361.46 2.840459 0.1656512 0.9857378 1.075471 0.01152626 0 ENSG00000261236_BOP1
-98013.19 3.119863 0.4320266 0.9867575 1.612396 0.5255558 0 ENSG00000198734_F5
-27838.75 3.648368 0.1219088 1.00297 1.284974 0.1572911 0 ENSG00000111581_NUP107
-33522.73 2.635324 0.1751695 0.9803591 0.9296671 0.0144122 0 ENSG00000184381_PLA2G6
-32253.65 3.002216 0.06825162 0.9944577 1.127852 0.02761293 0 ENSG00000090863_GLG1
-23788.09 2.819995 0.1886932 0.9719535 0.5479629 0.3883913 0 ENSG00000063176_SPHK2
-31102.03 1.988983 0.1466256 0.9788794 0.575245 0.3289716 0 ENSG00000066230_SLC9A3
-4345.503 2.305226 0.5173294 0.9593853 0.7802719 0.06207269 0 ENSG00000145337_PYURF
-8161.576 2.634461 0.2240222 0.9834984 1.296252 0.08667284 0 ENSG00000136874_STX17
-38610.41 3.574724 0.08068909 1.026181 1.606865 0.5112214 0 ENSG00000164944_KIAA1429
-47385.41 3.309643 0.1800413 1.034456 2.22551 1.143236 0 ENSG00000133858_ZFC3H1
-31336.12 3.693538 0.07836756 0.9953302 1.076408 0.010123 0 ENSG00000135473_PAN2
-14222.02 2.246963 0.1394524 0.9861257 1.139802 -0.1709556 0 ENSG00000269335_IKBKG
-16059.79 3.23978 0.02907961 0.9964656 1.12252 0.01792081 0 ENSG00000119707_RBM25
-15219.51 3.53658 0.06195416 0.9707276 0.5757246 0.3242792 0 ENSG00000073969_NSF
-4585.453 3.844086 0.1674641 1.016778 2.074555 1.209385 0 ENSG00000178096_BOLA1
-17962.9 3.286831 0.10183 0.9717916 0.2461122 1.356536 0 ENSG00000141738_GRB7
-12326.35 4.76402 0.07665469 1.042132 1.931806 1.147682 0 ENSG00000165819_METTL3
-16361.6 3.243523 0.121998 0.9847244 0.9506005 0.00325564 0 ENSG00000101298_SNPH
-19549.99 2.998729 0.3774569 0.9770738 1.151564 0.03006899 0 ENSG00000155875_FAM154A
-37325.13 2.982083 0.1005274 1.00064 1.27329 0.1649948 0 ENSG00000152104_PTPN14
-27728.54 3.046039 0.3047433 0.9748295 0.8122932 0.1574379 0 ENSG00000172059_KLF11
-14763.06 3.911304 0.04427384 0.9956452 1.041317 0.002599917 0 ENSG00000137815_RTF1
-45562.7 3.109704 0.1636076 0.9785901 0.9164719 0.01648165 0 ENSG00000023287_RB1CC1
-6235.922 3.05839 0.09023841 0.9819533 0.8691099 0.03412124 0 ENSG00000086300_SNX10
-27568.49 2.937273 0.2836976 0.9760728 0.9424823 0.0113934 0 ENSG00000169344_UMOD
-3020.079 2.574709 0.1440717 0.9827329 1.086883 0.00597825 0 ENSG00000131495_NDUFA2
-11628.81 2.381858 0.4607756 0.983495 1.646713 0.6136675 0 ENSG00000155714_PDZD9
-20602.89 3.15612 0.146352 1.044849 2.205109 1.795672 0 ENSG00000074527_NTN4
-6762.173 1.691031 0.2570935 0.978736 1.251989 0.05848488 0 ENSG00000133985_TTC9
-3993.251 3.359862 0.04068679 0.9838611 0.8579943 0.03380377 0 ENSG00000171960_PPIH
-17622.15 2.905029 0.2159378 0.9968525 1.518335 0.420382 0 ENSG00000189127_ANKRD34B
-6280.092 3.616101 0.3749262 0.9943328 1.749989 0.750734 0 ENSG00000178473_UCN3
-7622.353 2.016838 0.2453863 0.9689352 0.8117683 0.04323234 0 ENSG00000139597_N4BP2L1
-5364.454 3.174757 0.06515251 0.9978241 1.205349 0.06475478 0 ENSG00000143183_TMCO1
-7467.683 2.347622 0.5679369 0.9560963 0.4513569 0.7582599 0 ENSG00000186198_SLC51B
-1988.865 3.025798 0.01322399 0.9342986 0.3287356 -5.672433 0 ENSG00000128524_ATP6V1F
-9800.948 3.18621 0.07807498 0.9872342 0.9290769 0.006625295 0 ENSG00000142409_ZNF787
-8943.46 3.092548 0.08717361 0.9972574 1.114255 0.02043696 0 ENSG00000183715_OPCML
-7571.018 2.437333 0.1329409 0.9754497 0.5432718 0.8210137 0 ENSG00000161798_AQP5
-25226.84 3.479008 0.2030008 0.9851471 1.106198 0.01429301 0 ENSG00000073417_PDE8A
-170331.5 3.226762 0.2054563 0.9707706 0.7695407 0.1008954 0 ENSG00000105877_DNAH11
-16186.88 2.367941 0.1668717 0.9670342 0.255065 1.309687 0 ENSG00000167671_UBXN6
-18684.48 3.617335 0.1060474 1.022392 1.69988 0.7335502 0 ENSG00000102174_PHEX
-62214.71 3.182836 0.5377294 0.9625087 0.8186623 0.06063384 0 ENSG00000198000_NOL8
-3934.788 2.955088 0.0670682 1.047239 2.047183 0.4597827 0 ENSG00000213281_NRAS
-16576.31 3.134126 0.2685339 1.028821 2.476624 1.860937 0 ENSG00000111816_FRK
-17048.46 2.440837 0.1352039 0.9678967 3.290404e-05 3.961217 0 ENSG00000189339_SLC35E2B
-18236.92 3.580144 0.06250629 1.022563 1.504699 0.4205917 0 ENSG00000069329_VPS35
-13029.43 3.948944 0.0280895 0.9903449 0.9099051 0.01132891 0 ENSG00000174010_KLHL15
-17342.32 3.485586 0.246424 0.9913636 1.420018 0.3305407 0 ENSG00000165929_TC2N
-42710.02 3.215921 0.07119194 1.003836 1.180465 0.05766533 0 ENSG00000145147_SLIT2
-22760.43 3.346431 0.2015221 1.024684 2.218069 1.738308 0 ENSG00000111837_MAK
-2592.148 3.05804 0.03514675 0.9876223 0.8558947 0.01645359 0 ENSG00000162734_PEA15
-41303.93 2.999139 0.1416248 0.9622932 0.4169104 1.264175 0 ENSG00000166938_DIS3L
-10990.59 1.916504 0.2083574 0.9706601 1.191903e-05 2.511303 0 ENSG00000188505_NCCRP1
-9954.503 3.465075 0.1045261 0.9696937 0.3411371 0.7667339 0 ENSG00000179262_RAD23A
-17054.69 2.806753 0.1251505 0.9838862 0.9279848 0.009408758 0 ENSG00000164458_T
-13284.42 2.45426 0.09359765 0.9921419 1.196232 0.07176924 0 ENSG00000182256_GABRG3
-7058.158 2.772865 0.09486789 0.9834669 0.8144365 0.06469945 0 ENSG00000108106_UBE2S
-31349.98 3.360412 0.1056079 0.997555 1.174337 0.06067949 0 ENSG00000074803_SLC12A1
-48027.29 4.202834 0.09669944 1.018638 1.5789 0.5441415 0 ENSG00000107862_GBF1
