0.209203112839126 0.2150307
0.731833954207312 0.6877167
0.884534290522757 0.8371871
0.484640826144096 0.4613316
0.368631528834342 0.3711777
0.205609822410389 0.2091599
0.405206549728843 0.3925937
0.782292267423566 0.74431
0.743881087860979 0.6978804
0.155125036246071 0.1705095
0.125027789233832 0.1592392
0.654316000341436 0.6104467
0.417482811956023 0.3788699
0.731194620146513 0.680692
0.24940533084189 0.2767145
0.726636660698566 0.6522581
0.249304217230917 0.2659713
0.408905515911096 0.3863258
0.173576362276785 0.1922853
0.708243207319603 0.6416336
0.382272971372831 0.3819075
0.328400249571837 0.3058552
0.774479804772332 0.748095
0.283679707238886 0.2871922
0.674183907767267 0.6353591
0.674355158688837 0.6280346
0.247846582884551 0.2465064
0.752497883470994 0.7003624
0.879601742549485 0.8313421
0.294511160894257 0.3065296
0.721824618794099 0.6725535
0.588863347675778 0.5462461
0.470428169717161 0.4608228
0.526899524447282 0.4977369
0.898809899944789 0.8519778
0.235773671665766 0.2442412
0.361719491383298 0.3563859
0.137881218807436 0.1401376
0.488628005041335 0.4547535
0.717762660817161 0.681436
0.865809900045062 0.810442
0.397464786668749 0.3793408
0.191032937958241 0.2018195
0.710738724303121 0.6595085
0.734864965742818 0.693651
0.642956607204718 0.5803534
0.295994170771186 0.2752815
0.627080270694154 0.5726243
0.470045641363899 0.4636806
0.748650087304449 0.6716133
0.402982177890723 0.395064
0.410932330244532 0.4008267
0.563202697543488 0.51846
0.730564459075089 0.6723564
0.650912601201912 0.6094116
0.173012581443865 0.199441
0.408782498263665 0.3732535
0.615426117745309 0.5807985
0.634827759636803 0.5727022
0.535754418757418 0.4734457
0.850421754849017 0.7909911
0.299603476693017 0.2905225
0.626557489665086 0.5835765
0.751689297509409 0.6960254
0.817315581393345 0.7664667
0.408832358420625 0.3969733
0.220032988751595 0.2045049
0.473892503035751 0.4589747
0.199246575620546 0.1975077
0.357242145440176 0.3436377
0.819895136746032 0.7507277
0.516566111686819 0.4964318
0.506161832039723 0.4939467
0.632982481181926 0.6128881
0.723812679897756 0.6750883
0.888306818111093 0.8318164
0.571188104097408 0.5293746
0.102234272066687 0.133327
0.528371313510735 0.52167
0.671113374285429 0.6148484
0.627759148688995 0.5933579
0.854525361605647 0.7728367
0.800931752240959 0.7640692
0.638339811895105 0.5930167
0.146094922626543 0.1588901
0.587584159364101 0.5690705
0.88058280819665 0.8155064
0.550975739205896 0.535606
0.396213596053502 0.3803963
0.159483318648566 0.2217314
0.777528341171021 0.7271993
0.413833431292744 0.3924673
0.772131562671746 0.7288985
0.501186032321425 0.4828841
0.133822496506687 0.1383131
0.531472059234997 0.5034653
0.446142681799188 0.4260381
0.195557263340061 0.2036313
0.403162774650633 0.3797584
0.397454188221565 0.3821725
