lnL Kappa Omega Scale Phi Delta_lnL Convergence Phi_sim Gene
-17225.23 3.23517 0.2027104 0.9727002 0.3195486 0.8507836 0 0.530572972493246 ENSG00000143224_PPOX
-11943.44 2.404928 0.2334851 1.009216 2.761182 1.670428 0 2.10923588974401 ENSG00000146242_TPBG
-8968.277 2.827934 0.04248971 1.1164 3.578988 5.265714 0 2.89672415563837 ENSG00000136261_BZW2
-83103.08 2.788324 0.06170611 1.076782 3.408717 4.237872 0 2.91213127272204 ENSG00000073910_FRY
-16327.06 2.594149 0.3880805 0.9665002 0.219619 1.815079 0 0.527694075834006 ENSG00000143167_GPA33
-8612.748 2.903753 0.1247274 0.972704 0.3823444 0.5855816 0 0.790844218572602 ENSG00000066322_ELOVL1
-6845.614 2.312777 0.4238439 0.9831631 0.9727103 0.001021881 0 1.39231068338268 ENSG00000175315_CST6
-2617.548 3.84092 0.06960367 0.9730863 0.5466141 0.2056976 0 1.24707980104722 ENSG00000116473_RAP1A
-7097.832 2.575919 0.04749478 0.9898094 0.9823717 0.0004169641 0 0.637259564828128 ENSG00000160991_ORAI2
-18176.08 2.428832 0.09206257 1.000996 1.405826 0.2856045 0 0.79181059752591 ENSG00000175866_BAIAP2
-9139.175 2.782975 0.0500642 0.9692966 0.5382588 0.437622 0 0.873426937730983 ENSG00000148154_UGCG
-28563.33 2.468504 0.2144786 1.034279 4.573513 5.117788 0 2.16269153240137 ENSG00000005381_MPO
-14481.83 2.923125 0.09447008 0.9590508 0.2417208 1.530827 0 0.385601165005937 ENSG00000078043_PIAS2
-9186.173 2.658834 0.3756192 0.9867183 1.655827 0.6561212 0 1.13539627357386 ENSG00000239605_C2orf61
-16323.71 2.544062 0.1790351 1.121782 9.781338 10.62551 0 2.73547573294491 ENSG00000167671_UBXN6
-24053.57 3.537895 0.1260973 0.9724947 0.08803765 6.951427 0 0.0841557160019875 ENSG00000167491_GATAD2A
-20455.64 2.957318 0.1179515 1.02655 1.712731 0.56007 0 1.4162277826108 ENSG00000102786_INTS6
-7858.132 2.90768 0.2182008 0.988688 1.155712 0.03234958 0 0.695244098547846 ENSG00000163344_PMVK
-27593.61 2.978647 0.4070153 0.9892958 1.302387 0.1293815 0 1.81911834329367 ENSG00000187862_TTC24
-25083.08 2.864046 0.08305353 1.031673 2.775338 3.278354 0 2.19736902695149 ENSG00000130726_TRIM28
-11616.67 2.771917 0.09921159 0.9964445 1.221693 0.06038744 0 0.698531760368496 ENSG00000105701_FKBP8
-18570.95 3.208845 0.3062938 0.9671929 0.273496 1.191926 0 0.103570294333622 ENSG00000196639_HRH1
-19066.94 2.287751 0.2987118 1.083908 4.874289 8.212656 0 2.87370349885896 ENSG00000132604_TERF2
-8336.013 1.858683 0.09209237 0.9936498 1.202053 0.01514062 0 1.04622282274067 ENSG00000104332_SFRP1
-2137.179 2.038793 0.1476032 0.9654336 1.963719e-06 1.693665 0 1.59973918274045 ENSG00000113732_ATP6V0E1
-13621.93 3.050203 0.05963935 1.015721 1.986556 0.9825151 0 2.76644911011681 ENSG00000105221_AKT2
-23265.65 2.863437 0.08637076 1.040789 2.734203 3.700128 0 1.9018153147772 ENSG00000101349_PAK7
-12137.83 2.354102 0.6411003 0.9698309 1.243342 0.1036997 0 2.01797387260012 ENSG00000159445_THEM4
-10699.05 2.413618 0.1413401 1.023182 2.842776 2.275036 0 2.77829450159334 ENSG00000119614_VSX2
-60671.42 3.244936 0.04972247 0.9513677 9.479944e-06 3.073422 1 0.207633442478254 ENSG00000009694_TENM1
-20367.8 2.209741 0.444471 1.006804 3.639966 4.947974 0 2.42939839465544 ENSG00000185888_PRSS38
-5898.965 2.605543 0.09376241 1.00834 1.612565 0.4209239 0 2.32220520218834 ENSG00000139725_RHOF
-9923.079 2.160443 0.1414406 0.9910176 1.152258 0.02596598 0 1.35070761200041 ENSG00000124193_SRSF6
-26744.33 3.327622 0.08047447 0.9965291 1.249452 0.07587828 0 0.639918956207111 ENSG00000113763_UNC5A
-26240.56 2.670328 0.1228533 0.9575466 0.2060914 2.0944 0 0.260431512258947 ENSG00000071205_ARHGAP10
-9133.098 2.930397 0.1460756 0.9971128 1.481327 0.3504378 0 1.64880851469934 ENSG00000066405_CLDN18
-10421.78 3.717533 0.141315 1.001556 1.682931 0.2943167 0 0.777372075011954 ENSG00000144583_MARCH4
-5154.715 2.557124 0.2816964 0.993457 1.109627 0.004239745 0 0.806388791883364 ENSG00000203618_GP1BB
-19661.2 2.353871 0.2440639 0.9790969 9.765833e-06 2.156506 0 0.611044626915827 ENSG00000179846_NKPD1
-9342.098 2.409407 0.1551932 1.058032 2.616838 1.516926 0 2.92845109594055 ENSG00000185946_RNPC3
-2186.962 2.338417 0.07499665 1.061474 3.121723 1.218926 0 2.89836344216019 ENSG00000163320_CGGBP1
-22614.12 3.492013 0.1703985 1.005188 1.435919 0.3104878 0 1.50341024366207 ENSG00000118496_FBXO30
-10282.21 3.114933 0.1322467 1.057885 2.279698 1.321091 0 2.57142859557644 ENSG00000106701_FSD1L
-210820.7 2.550763 0.3490237 0.9823148 0.9716527 -0.001314843 0 1.78399744955823 ENSG00000160299_PCNT
-12156.45 3.00189 0.05434984 1.152186 3.521252 4.482094 0 2.39708443055861 ENSG00000117222_RBBP5
-26307.13 2.371779 0.1970428 0.9917429 1.486668 0.2901128 0 1.07655691704713 ENSG00000005206_SPPL2B
-31842.83 3.088232 0.5837112 1.011657 3.312334 3.728601 0 2.11942057753913 ENSG00000166246_C16orf71
-9013.222 3.454486 0.1336775 1.005138 1.42327 0.233256 0 1.40243995492347 ENSG00000124713_GNMT
-59998.41 3.204093 0.1873176 1.048177 3.928577 6.70863 0 2.92070139432326 ENSG00000086015_MAST2
-48891.01 3.20337 0.6183024 0.9467247 0.3298238 1.709738 0 0.485655453521758 ENSG00000164304_CAGE1
-7433.674 2.728559 0.1186241 1.020396 1.723535 0.6531479 0 1.12843121658079 ENSG00000124164_VAPB
-19171.52 2.383218 0.402655 1.003429 3.323905 2.353306 0 2.41204978711903 ENSG00000275183_LENG9
-33878.67 2.309613 0.1499562 0.966515 0.176125 5.132433 0 0.533615912077948 ENSG00000110619_CARS
-23749.09 3.420869 0.2812021 0.9871343 1.119159 0.01805917 0 0.972040843684226 ENSG00000154957_ZNF18
-34708.01 2.588668 0.4807883 0.9833923 0.9889237 0.0004531021 0 1.95424650795758 ENSG00000159239_C2orf81
-47703.03 3.325261 0.2974618 0.9613681 0.5332168 0.6782575 0 1.73985382472165 ENSG00000145390_USP53
-7424.783 3.020881 0.1865093 1.010305 1.844321 0.8170025 0 1.75756632070988 ENSG00000265491_RNF115
-11957.42 2.705333 0.2881961 0.9741972 0.8952153 0.02936669 0 0.799148681340739 ENSG00000178053_MLF1
-10923.83 2.783611 0.2343435 0.9907512 1.421225 0.2837653 0 1.76294918661006 ENSG00000106809_OGN
-11863.57 2.544594 0.1570206 0.9802758 0.6709012 0.331691 0 1.42199823400006 ENSG00000107829_FBXW4
-31231.57 2.302432 0.1219733 1.002172 1.769734 0.5114083 0 1.61160050961189 ENSG00000158321_AUTS2
-27301.61 2.489877 0.167803 0.9658253 1.29652e-05 2.669642 0 0.125336005585268 ENSG00000158158_CNNM4
-11580.64 2.795638 0.06249125 1.077419 4.77696 7.07314 0 2.55717697483487 ENSG00000183508_FAM46C
-2914.42 3.003414 0.3355697 0.9603213 0.3579283 0.6971908 0 0.512384538771585 ENSG00000178172_SPINK6
-15976.05 2.936863 0.1468405 1.096731 3.455223 3.147505 0 2.87936515174806 ENSG00000014824_SLC30A9
-14137.32 2.353631 0.1424281 1.076506 4.336663 6.900651 0 1.756629250478 ENSG00000083123_BCKDHB
-8642.066 3.253751 0.2794509 0.9741192 0.4357043 1.149941 0 0.846626722952351 ENSG00000149932_TMEM219
-14211.62 3.801095 0.1957321 0.9501336 0.1605776 2.988826 0 0.444929424673319 ENSG00000165078_CPA6
-9370.29 2.213052 0.209968 0.9895531 0.9173484 0.01707911 0 1.34283944964409 ENSG00000187135_VSTM2B
-48403.1 3.025938 0.1829892 1.016351 1.801749 0.7810183 0 1.62897947290912 ENSG00000075151_EIF4G3
-13041.72 2.175251 0.1794947 0.9820067 0.9813692 0.0008636723 0 1.29803010541946 ENSG00000205629_LCMT1
-36853.21 2.459989 0.2307146 0.9752737 8.711065e-05 3.025084 0 0.0947962130885571 ENSG00000110719_TCIRG1
-32873.64 2.731649 0.0661885 1.040393 2.227375 1.545147 0 1.66639618668705 ENSG00000090863_GLG1
-6931.212 1.834848 0.2096067 0.9865545 1.343625 0.2038263 0 1.59297684906051 ENSG00000149600_COMMD7
-16927.99 3.515493 0.1727322 0.9649659 0.2788473 2.452962 0 0.438843381358311 ENSG00000137674_MMP20
-34963.46 3.067263 0.1517967 1.000151 1.747818 0.5476906 0 2.07653412921354 ENSG00000140400_MAN2C1
-10043.95 2.764251 0.2564848 1.010889 3.550083 1.901738 0 2.39092249958776 ENSG00000213889_PPM1N
-33704.15 3.166472 0.3455819 1.020536 3.266128 4.65823 0 2.79002104047686 ENSG00000276747_PADI6
-17721.44 2.991491 0.3090356 0.9908127 1.263621 0.6185598 0 1.41317136422731 ENSG00000167098_SUN5
-38591.5 2.076529 0.2470239 0.9941081 1.671401 0.754154 0 1.17866473342292 ENSG00000160255_ITGB2
-47181.56 3.773367 0.2206039 1.062785 5.123641 7.492184 0 2.79283059365116 ENSG00000163482_STK36
-10209.34 2.251021 0.06523688 0.975902 0.5589435 0.3834848 0 1.08217490371317 ENSG00000162989_KCNJ3
-24709.58 3.129736 0.1019362 0.9889773 0.9313603 0.008759424 0 1.27362508582883 ENSG00000158636_C11orf30
-27554.32 3.412908 0.2672431 0.9887841 1.229996 0.06949766 0 1.48004769603722 ENSG00000122121_XPNPEP2
-31329.27 2.878597 0.1198758 1.040459 2.89765 4.118789 0 2.26991673256271 ENSG00000118503_TNFAIP3
-7203.879 2.599342 0.2079348 0.9438414 1.155595e-07 4.163681 0 0.182586244074628 ENSG00000078124_ACER3
-41707.95 2.6609 0.1373631 0.9834041 0.912295 0.00823978 0 1.47350175445899 ENSG00000102780_DGKH
-38944.12 2.24271 0.3035445 0.9915162 1.787383 1.058976 0 2.15113125555217 ENSG00000141524_TMC6
-31423.67 3.09743 0.01594398 1.02704 1.417617 0.2814847 0 2.49631132814102 ENSG00000141367_CLTC
-18170.13 2.371641 0.3320895 0.9872569 1.676026 0.8269568 0 1.28386476519518 ENSG00000148483_TMEM236
-9470.102 2.587459 0.04441299 0.9874686 0.7382212 -0.05346664 0 0.295164413983002 ENSG00000136944_LMX1B
-48748.11 2.676854 0.1233636 0.987491 0.7787037 -0.002405533 0 1.09899185271934 ENSG00000019144_PHLDB1
-15727.85 3.47879 0.04033306 0.9563914 5.861444e-06 8.368738 0 0.0735631641000509 ENSG00000033050_ABCF2
-16145.76 2.60539 0.162095 0.98462 0.8134487 0.14464 0 0.686226330231875 ENSG00000140368_PSTPIP1
-35270.45 2.422097 0.1221298 1.012211 1.846584 1.257229 0 1.66022903518751 ENSG00000156515_HK1
-23131.33 2.76249 0.2558233 1.000055 1.73572 0.7141694 0 1.26090385881253 ENSG00000034971_MYOC
-22771.69 3.56441 0.07833228 0.9996243 1.063486 -0.01114285 0 1.57935134251602 ENSG00000149294_NCAM1
-18133.91 3.309618 0.05482975 1.000266 1.047044 0.004226072 0 1.731855325168 ENSG00000069329_VPS35
-13925.82 3.158102 0.1282559 1.085216 3.464287 3.50892 0 2.86854842375033 ENSG00000135018_UBQLN1
-15163.7 2.874861 0.03556199 1.075208 2.286822 1.750728 0 1.76315745245665 ENSG00000073712_FERMT2
-13447.79 2.240616 0.1517955 0.9775156 0.5529187 0.4320242 0 0.822395272320136 ENSG00000142655_PEX14
-22260.28 3.359747 0.2270786 1.008886 2.756648 1.977587 0 1.59197056805715 ENSG00000137507_LRRC32
-122829.6 2.690316 0.1720646 1.034676 2.554548 1.944656 0 2.54728911048733 ENSG00000158486_DNAH3
-21707.05 2.769887 0.05107085 1.004937 1.278176 1.035157 0 2.25831255898811 ENSG00000117600_NONAME
-19853.38 2.291537 0.0953983 1.067 3.990416 5.846158 0 2.34752619056962 ENSG00000122642_FKBP9
-15888.2 2.791453 0.1363106 1.045326 3.319156 3.886113 0 2.40907320426777 ENSG00000008118_CAMK1G
-13221.64 2.723927 0.07358787 1.005123 1.515966 0.2663029 0 0.966710912296548 ENSG00000112290_WASF1
-13791.03 2.24355 0.1965398 0.9891708 1.575569 0.2444299 0 1.04717415408231 ENSG00000143315_PIGM
-15396.6 3.288538 0.2237754 0.99879 1.765715 0.7718736 0 2.19928922876716 ENSG00000101255_TRIB3
-44024.06 3.526002 0.1525323 0.9708746 0.227194 1.644928 0 1.06555195176043 ENSG00000138615_CILP
-26255.66 3.330092 0.2504696 1.025061 3.278834 3.387835 0 2.46623487886973 ENSG00000119777_TMEM214
-56654.2 3.085013 0.1898324 0.9844066 0.6664228 0.2240324 0 0.773670586757362 ENSG00000162804_SNED1
-7204.297 2.573968 0.1493822 0.9829557 4.282695e-05 1.295031 0 0.102809384465218 ENSG00000253304_TMEM200B
-40050.3 3.385791 0.2463822 1.024973 2.394058 2.481431 0 2.86155715375207 ENSG00000164342_TLR3
-9401.512 2.196444 0.1088338 1.035172 2.091963 2.122306 0 2.33039332972839 ENSG00000117602_RCAN3
-13417.97 3.474169 0.08579965 1.085176 3.497431 6.540689 0 2.15843824180774 ENSG00000170445_HARS
-9153.433 2.654179 0.2044984 1.008722 2.45146 1.628383 0 2.81990996212699 ENSG00000197296_FITM2
-8769.731 3.075898 0.1045194 0.9432148 0.2042984 2.06243 0 0.0960465520620346 ENSG00000151239_TWF1
-3315.89 3.090954 0.09231478 0.9747743 0.6010401 0.1456236 0 0.967841454315931 ENSG00000112308_C6orf62
-32175 2.349679 0.3465327 0.9996423 2.222618 2.1218 0 1.08981934539042 ENSG00000141655_TNFRSF11A
-8705.332 2.683577 0.1125148 0.9878873 0.8130431 0.08496514 0 0.869685645215213 ENSG00000141622_RNF165
-12027.64 3.110021 0.6029947 0.9957096 2.254889 1.501851 0 1.76698796614073 ENSG00000099985_OSM
-7470.418 3.186692 0.2004727 0.9900483 1.080283 0.01087867 0 0.953003516653553 ENSG00000135974_C2orf49
-13289.34 2.556152 0.1562953 1.066022 4.102306 6.729057 0 2.84358163294382 ENSG00000136404_TM6SF1
-66605.16 3.491266 0.1604124 0.9799327 0.2969624 0.9310167 0 0.574040464824066 ENSG00000110046_ATG2A
-30725.78 2.591469 0.3016885 0.9781583 3.441641e-05 3.728704 0 0.108106324682012 ENSG00000187244_BCAM
-9341.642 2.741552 0.1672047 0.9840074 0.3524752 1.451404 0 0.263717378955334 ENSG00000128016_ZFP36
-31250.08 2.813729 0.1530794 0.9820258 0.7384671 0.1323818 0 1.3323305931408 ENSG00000140750_ARHGAP17
-17014.75 3.221889 0.06646728 0.9964735 0.9930794 -0.0008278753 0 0.48023151839152 ENSG00000064102_ASUN
-19460.44 2.757726 0.3033027 0.9684434 0.7320116 0.1453006 0 0.622673131758347 ENSG00000175535_PNLIP
-15534.75 2.564176 0.1089178 1.022511 2.333224 1.542595 0 1.89214245043695 ENSG00000166006_KCNC2
-13205.1 3.204193 0.2357282 1.025769 2.90335 2.961647 0 2.63880998385139 ENSG00000167112_TRUB2
-4215.109 2.507424 0.01702142 1.121504 3.427194 3.935296 0 2.77099292725325 ENSG00000118680_MYL12B
-21293.46 3.426316 0.307699 1.004329 1.867738 1.075647 0 2.37188047589734 ENSG00000204767_FAM196B
-18681.72 2.593064 0.1354845 1.004762 1.314472 0.1905177 0 0.769048347137868 ENSG00000145996_CDKAL1
-17981.42 3.278082 0.2253335 0.997868 1.633462 0.3594374 0 2.17268951190636 ENSG00000139531_SUOX
-18083.5 3.916713 0.5040046 0.999955 2.260828 1.122687 0 1.22750875353813 ENSG00000181392_SYNE4
-15318.69 2.635842 0.3233617 0.9783099 0.6342845 0.1148579 0 0.192556392867118 ENSG00000254585_MAGEL2
-6413.327 2.735632 0.09796875 0.9520063 0.244612 1.536299 0 0.779491323279217 ENSG00000179476_C14orf28
-12672.15 2.606208 0.1718939 0.9817027 0.6753965 0.2313646 0 1.00176865467802 ENSG00000140623_SEPT12
-91965.38 2.408671 0.3067067 0.9821449 0.623208 0.04823826 0 1.70718940696679 ENSG00000171798_KNDC1
-5671.711 1.99555 0.141578 0.9695133 2.044003e-05 2.499008 0 0.218482975848019 ENSG00000153094_BCL2L11
-10546.35 3.323608 0.2628328 0.9903943 1.198099 0.05597053 0 1.38558327429928 ENSG00000151332_MBIP
-14049.42 2.852915 0.058486 0.9693535 0.3373945 1.734489 0 0.722246204735711 ENSG00000079215_SLC1A3
-4160.567 3.597764 0.04076279 1.110098 2.447644 1.954437 0 2.23728866782039 ENSG00000125870_SNRPB2
-9411.644 2.771746 0.1630699 1.002021 1.588322 0.4774087 0 2.17484615114518 ENSG00000168393_DTYMK
-5352.789 2.626844 0.1330667 1.019389 2.365551 2.268752 0 2.85263926978223 ENSG00000135452_TSPAN31
-9554.686 3.06479 0.1398505 1.002841 1.818598 1.035433 0 2.66875918256119 ENSG00000162878_PKDCC
-12760.71 3.622336 0.3917142 1.006306 2.139739 1.215048 0 2.69031727546826 ENSG00000173627_APOBEC4
-7587.073 2.480333 0.2148483 1.090709 3.760564 5.111793 0 1.68463750323281 ENSG00000197826_C4orf22
-6404.506 2.533067 0.2574039 0.9862458 1.46692 0.452346 0 2.3942128540948 ENSG00000172005_MAL
-11533.89 2.956102 0.0528614 0.9817993 0.600244 0.2699985 0 0.529208706691861 ENSG00000174206_C12orf66
-123667.8 3.18386 0.3468776 0.9882424 1.35317 0.2563071 0 2.62814385420643 ENSG00000107290_SETX
-16353.27 3.42171 0.3761252 1.200635 8.438206 7.620088 0 2.82846230641007 ENSG00000137634_NXPE4
-3927.703 2.619362 0.2667595 0.9781893 0.9443444 0.001705449 0 0.753326822770759 ENSG00000187969_ZCCHC13
-166415.5 3.029778 0.2950645 0.9714782 0.5979986 0.3682338 0 0.757488077972084 ENSG00000157423_HYDIN
-1661.125 2.727845 0.09712691 0.9323873 6.095865e-07 3.722513 0 0.132318025454879 ENSG00000143977_SNRPG
-25684.78 3.116155 0.3853832 0.9840573 1.285255 0.07937069 0 2.55277672922239 ENSG00000158301_GPRASP2
-13214.95 1.906893 0.3680687 0.9903081 1.869231 0.8387562 0 2.2873047280591 ENSG00000118849_RARRES1
-18777.21 3.011774 0.1464847 1.001306 1.752518 0.6880975 0 1.49491712870076 ENSG00000166073_GPR176
-15707.08 2.141868 0.1058422 1.020371 2.935379 3.726311 0 2.49087903974578 ENSG00000206579_XKR4
-31002.63 2.83314 0.2661807 1.048181 4.332547 6.648741 0 1.8731606528163 ENSG00000167419_LPO
-13597.96 2.957047 0.4252581 0.9807507 0.9036356 0.007340796 0 2.06607785238884 ENSG00000167525_PROCA1
-6434.914 2.398606 0.1172079 1.016035 2.125148 1.951814 0 1.98103207326494 ENSG00000063322_MED29
-7153.082 3.913882 0.1446672 0.9945894 1.355396 0.1611993 0 0.94663780904375 ENSG00000145029_NICN1
-35459.23 3.652911 0.1671279 0.9630254 0.1420899 3.809692 0 0.364756152033806 ENSG00000165699_TSC1
-8540.692 3.416984 0.4741776 1.017321 3.098687 3.290618 0 2.71033474383876 ENSG00000171984_C20orf196
-11442.33 2.999186 0.08314852 1.046155 4.351791 5.098744 0 2.52028069621883 ENSG00000158850_B4GALT3
-10176.02 3.086832 0.1041324 1.024338 1.789145 0.6212713 0 2.75931519619189 ENSG00000084070_SMAP2
-10751.15 3.208993 0.1147194 1.077976 3.168965 3.391123 0 2.08637432428077 ENSG00000164815_ORC5
-16152.26 3.310856 0.2149458 0.9799325 0.1725364 5.288068 0 0.164639179129153 ENSG00000214456_PLIN5
-20521.05 2.719805 0.2180596 1.192592 5.50874 7.30164 0 1.69865058967844 ENSG00000151806_GUF1
-19952.62 2.372567 0.05133965 0.985203 0.9308208 0.140987 0 0.240552856586874 ENSG00000162670_BRINP3
-107786.2 3.035918 0.1676332 0.9433323 0.0004370917 5.975588 0 0.113661134848371 ENSG00000074755_ZZEF1
-12454.25 3.373996 0.2341981 1.007229 1.930767 0.5637371 0 2.85077996039763 ENSG00000126861_OMG
-51240.39 3.586276 0.1881396 0.9770315 0.2914767 1.080688 0 0.545281118480489 ENSG00000165801_ARHGEF40
-69108.67 3.318929 0.1005314 1.067731 2.393341 -1.820046 0 0.697127007180825 ENSG00000177200_CHD9
-23303.02 3.127293 0.4172457 0.9984601 2.219846 1.395375 0 2.00404819962569 ENSG00000141569_TRIM65
-14665.5 3.659032 0.03305538 1.095706 4.359307 6.625139 0 2.4024128022138 ENSG00000092964_DPYSL2
-10394.53 1.990742 0.1068541 0.990555 1.087919 0.005548818 0 1.25510810734704 ENSG00000183783_KCTD8
-23183.08 2.919374 0.05964298 1.000563 1.224745 0.0675342 0 1.99484910350293 ENSG00000157680_DGKI
-5017.161 2.175586 0.02745591 1.051354 3.151733 3.363358 0 2.04094575019553 ENSG00000165023_DIRAS2
-82235.61 3.192149 0.324358 0.999039 1.800993 0.5869554 0 2.67885239445604 ENSG00000100106_TRIOBP
-19572.16 2.400536 0.1181932 0.9942252 1.121297 0.02782076 0 1.76823368598707 ENSG00000135127_CCDC64
-7317.213 2.453394 0.1004292 0.9820947 0.8062067 0.07940168 0 1.75129809393547 ENSG00000185053_SGCZ
-30116.42 3.077565 0.06690633 1.128564 4.478904 6.157712 0 2.45322238979861 ENSG00000137872_SEMA6D
-1808.809 2.963583 0.1361386 0.9819045 0.2213069 3.624613 0 0.246805363101885 ENSG00000087250_MT3
-17826.24 2.9598 0.1766814 1.017655 1.750923 0.9593045 0 1.78654332202859 ENSG00000127804_METTL16
-35852.34 2.234341 0.1991784 0.9994693 1.602376 0.6735371 0 1.53669441444799 ENSG00000057294_PKP2
-16333.83 2.795532 0.09094428 0.9938538 1.034521 0.0005796063 0 1.52540258970112 ENSG00000135960_EDAR
-5814.009 3.117699 0.1806933 0.9953069 1.363398 0.314352 0 0.893647137796506 ENSG00000183688_FAM101B
-11780.24 3.380952 0.1043985 0.996848 1.084814 0.01300172 0 1.33223094278947 ENSG00000106819_ASPN
-24887.66 2.818051 0.3331429 0.9966631 1.714014 0.6480596 0 0.727487710537389 ENSG00000161609_CCDC155
-32390.63 2.458483 0.1059995 0.9848772 0.6286571 0.329531 0 0.700816688826308 ENSG00000158545_ZC3H18
-50828.59 3.197136 0.2503484 0.9770593 0.1621557 2.926262 0 1.0196981113404 ENSG00000127586_CHTF18
-24763.95 2.670911 0.1098562 1.046595 2.815787 2.422341 0 2.54065760714002 ENSG00000152556_PFKM
-2280.82 2.85367 0.0202333 1.021792 1.367973 0.07895976 0 1.17571253073402 ENSG00000123728_RAP2C
-3584.426 2.83547 0.04093344 0.9898896 0.8522813 0.0244712 0 0.744925714563578 ENSG00000166407_LMO1
-11815.73 2.422242 0.2459033 1.005318 2.270975 1.976139 0 1.77874646452256 ENSG00000100292_HMOX1
-1953.752 2.530058 0.3921745 0.989587 1.265258 0.04108422 0 1.67586576612666 ENSG00000235169_SMIM1
-12590.84 3.133489 0.1122864 1.022934 2.513845 1.191814 0 2.01197937503457 ENSG00000169957_ZNF768
-11283.48 3.270285 0.04402664 0.9781469 0.6575896 0.3589112 0 1.05996211851016 ENSG00000156875_HIAT1
-3067.335 3.370189 0.06336339 0.9521521 0.2303567 1.671514 0 0.413575421087444 ENSG00000175324_LSM1
-28460.64 2.460295 0.2989067 0.9786325 0.6705026 0.1622533 0 0.658480598358437 ENSG00000007216_SLC13A2
-11802.45 2.652086 0.06776107 1.0623 3.171781 3.396552 0 2.92509744199924 ENSG00000164402_SEPT8
-12403 2.463843 0.04810893 0.9775818 0.006929835 1.785182 0 0.201573482947424 ENSG00000101438_SLC32A1
-10032.76 2.461856 0.1473325 0.9852133 0.9300878 0.01248678 0 0.92614976526238 ENSG00000101190_TCFL5
-56811.53 2.397063 0.3479068 0.9860598 1.043285 0.001151147 0 1.06575897708535 ENSG00000173269_MMRN2
-28152.19 2.517583 0.08614523 0.9930414 1.135732 -0.01765943 0 1.34339382033795 ENSG00000175115_PACS1
-11919.62 2.176145 0.1201903 0.9958329 1.312541 0.0917011 0 2.00768055045046 ENSG00000136997_MYC
-40454.1 2.294003 0.2527445 1.002944 1.882755 1.235639 0 1.81682006525807 ENSG00000171714_ANO5
-6463.07 2.471081 0.09126464 1.088777 4.299478 5.360957 0 2.25076453015208 ENSG00000148335_NTMT1
-13427.15 2.800744 0.2212054 0.9834329 1.069423 0.01419276 0 1.32736762217246 ENSG00000114686_MRPL3
-36001.44 2.954751 0.0746494 1.003568 1.191911 0.06537879 0 2.0528156531509 ENSG00000100014_SPECC1L
-89672.9 1.878733 0.2754807 0.9824528 1.088526 0.07543715 0 2.82320841075853 ENSG00000125730_C3
-23322.05 2.882747 0.091084 1.019423 1.704641 0.6379471 0 1.54995881672949 ENSG00000151553_FAM160B1
-16003.86 2.953063 0.07224806 0.995912 1.179453 0.02885533 0 0.958540089894086 ENSG00000139197_PEX5
-32824.37 3.014063 0.09795472 1.001499 1.384799 0.3378758 0 1.46472782688215 ENSG00000038532_CLEC16A
-24684.39 3.065374 0.2072081 0.9994472 1.259219 0.1023393 0 0.458366351667792 ENSG00000162607_USP1
-15088.76 2.963159 0.2701214 0.969053 0.2492907 1.471496 0 0.261025136802346 ENSG00000110887_DAO
-18318.49 2.694131 0.07409462 1.000162 1.401321 0.2261172 0 0.685058009577915 ENSG00000159461_AMFR
-89633.42 2.962821 0.3503385 0.9710407 0.2534122 1.379338 0 0.484852641122416 ENSG00000181378_CCDC108
-7416.017 2.402055 0.2216495 0.9821467 0.9360733 0.006147553 0 1.59184276289307 ENSG00000106554_CHCHD3
-32531.52 3.594467 0.1460955 1.017485 2.59525 2.643263 0 2.11132360249758 ENSG00000183751_TBL3
-7191.018 1.815953 0.1145899 0.9979997 1.411142 0.1844172 0 0.700260101817548 ENSG00000112530_PACRG
-10088.45 2.471893 0.3115912 0.9830253 1.235766 0.1120292 0 1.23046577582136 ENSG00000156504_FAM122B
-18178.96 2.769693 0.2328924 0.9746363 0.8104556 0.1030798 0 0.949605789966881 ENSG00000112394_SLC16A10
-2801.651 2.501571 0.02976316 0.9576782 0.2574402 1.397991 0 0.204957023262978 ENSG00000101236_RNF24
-15904.32 2.458341 0.1146497 1.030476 2.006834 1.511621 0 1.62822773354128 ENSG00000182732_RGS6
-21554.7 2.87723 0.2434365 1.015479 2.950276 2.735155 0 2.86725664604455 ENSG00000117480_FAAH
-9785.477 2.681172 0.2294622 0.9412037 3.848816e-06 2.200299 0 0.760777341434732 ENSG00000172878_METAP1D
-39453.69 3.287406 0.2333712 0.981232 0.8629611 0.03056223 0 1.32455390528776 ENSG00000166866_MYO1A
-25264.64 2.891044 0.09773631 1.013334 1.555062 0.6840186 0 1.57377382647246 ENSG00000163697_APBB2
-8480.783 2.735172 0.1493008 1.125611 6.485754 11.3569 0 2.64840270252898 ENSG00000105254_TBCB
-9365.78 2.494614 0.2575514 1.018253 3.75753 4.595948 0 2.81455861008726 ENSG00000126460_PRRG2
-32176.41 2.433181 0.1139036 0.9864344 0.7738666 0.06551216 0 0.761411841725931 ENSG00000138622_HCN4
-6916.057 1.713659 0.1627648 0.9770339 0.4855688 0.3144125 0 1.06044712266885 ENSG00000112378_PERP
-15861.15 2.956749 0.1918817 1.025386 2.130114 1.612674 0 2.49973874283023 ENSG00000174429_ABRA
-41833.54 2.778561 0.2867164 0.9836421 7.239662e-05 1.332553 0 0.428256548708305 ENSG00000135253_KCP
-16490.82 3.00465 0.1412922 0.9862045 0.959043 0.001716008 0 0.71834960533306 ENSG00000010282_HHATL
-15831.02 2.938246 0.09175088 0.9961515 1.171649 -0.1065215 0 0.330014487029985 ENSG00000173548_SNX33
-38984.18 3.111743 0.2325904 0.9958495 1.453772 0.5244052 0 2.1054022454191 ENSG00000095383_TBC1D2
-8974.534 2.125183 0.5253822 0.9846495 0.8562067 0.0346431 0 1.08299977588467 ENSG00000187166_H1FNT
-27160.58 2.245167 0.1505976 0.9671621 6.097789e-05 8.641743 0 0.278492602519691 ENSG00000179477_ALOX12B
-7223.186 2.598993 0.2241618 0.9859161 1.037213 0.001512226 0 2.06600637082011 ENSG00000187772_LIN28B
-46478.28 3.283861 0.6719074 1.00131 2.617849 2.180152 0 2.97517553879879 ENSG00000188993_LRRC66
-21836.15 3.077441 0.1676295 1.004937 1.70908 0.2409085 0 2.79644355224445 ENSG00000105656_ELL
-10347.17 1.435134 0.245769 0.9779808 0.6434255 0.100874 0 0.890838166465983 ENSG00000123095_BHLHE41
-55191.07 3.005245 0.3991505 0.9949242 1.719811 0.8031391 0 1.85031356848776 ENSG00000170396_ZNF804A
-26403.11 2.966855 0.6588937 1.034476 5.29043 4.908062 0 2.216723453952 ENSG00000214193_SH3D21
-22738.19 3.100772 0.1181136 1.026863 2.315222 2.560578 0 1.91237211995758 ENSG00000110844_PRPF40B
-41562.38 2.744024 0.2468857 1.133574 5.383603 7.586929 0 2.63951491378248 ENSG00000011426_ANLN
-1128.836 3.574716 0.0232185 1.174496 2.88406 1.598367 0 1.32447642786428 ENSG00000127920_GNG11
-47633.08 2.731299 0.1639216 1.048542 2.538697 2.397584 0 2.50494447955862 ENSG00000152527_PLEKHH2
-25936.17 2.878677 0.2264993 1.000562 1.666453 0.6008525 0 2.71518596936949 ENSG00000116906_GNPAT
-22397.65 1.794274 0.5495152 1.004278 3.343478 4.092368 0 2.24442259292118 ENSG00000182264_IZUMO1
-26825.34 2.972662 0.3070645 0.9899479 1.37279 0.260723 0 1.22734671528451 ENSG00000160219_GAB3
-8407.414 3.630119 0.1807787 0.9920729 1.128973 0.04238871 0 2.61326862196438 ENSG00000173992_CCS
-8303.462 3.273262 0.08815165 1.048369 2.21897 1.338413 0 2.86887963395566 ENSG00000179097_HTR1F
-19523.15 2.162863 0.1777723 1.015082 2.104796 1.982163 0 1.65832961350679 ENSG00000173545_ZNF622
-8552.578 2.181609 0.1443411 0.9714707 1.606901e-06 5.30057 0 0.17426870833151 ENSG00000168264_IRF2BP2
-21965.6 2.390238 0.3584991 0.9813886 0.9219129 0.01203274 0 0.859535297378898 ENSG00000162398_C1orf177
-64427.97 2.7881 0.277935 1.026273 2.778236 3.313144 0 2.70263495505787 ENSG00000106346_USP42
-21776.88 2.782205 0.122773 0.9913215 1.074173 0.006317889 0 1.81632684334181 ENSG00000095321_CRAT
-11264.78 3.169618 0.02611793 1.064753 2.509064 1.856387 0 1.81756593310274 ENSG00000169760_NLGN1
-16542.51 3.490114 0.1846493 0.9965081 1.447155 0.2529171 0 1.95863892696798 ENSG00000141295_SCRN2
-4243.42 2.412298 0.4384608 1.037488 4.992896 5.38013 0 2.68013447429985 ENSG00000145337_PYURF
-28699.44 2.575476 0.1357388 0.9826397 0.8882819 0.03999877 0 0.519067936576903 ENSG00000170381_SEMA3E
-26239.95 3.273301 0.1280857 0.935332 3.086015e-05 4.448481 0 0.372787994798273 ENSG00000139324_TMTC3
-32926.78 2.218104 0.1996184 1.005833 1.697235 0.8012446 0 1.18304274394177 ENSG00000130254_SAFB2
-8168.249 3.065492 0.2748244 0.9668656 0.3031327 0.9857277 0 0.489665976259857 ENSG00000171217_CLDN20
-17663.05 3.151268 0.09474456 1.006469 1.455034 0.2830667 0 0.900789675302804 ENSG00000173852_DPY19L1
-16946.84 3.493438 0.4488593 0.9732107 0.7738177 0.05784156 0 0.233022987144068 ENSG00000188917_TRMT2B
-27706.94 3.245545 0.1962696 0.9813326 0.3732412 0.7039269 0 0.132890630280599 ENSG00000165905_GYLTL1B
-22452.76 3.383936 0.1936226 0.995302 1.397085 0.3358799 0 1.78299036389217 ENSG00000174332_GLIS1
-23761.17 2.566953 0.396116 0.9787242 0.3834064 0.5747623 0 0.453167580999434 ENSG00000108679_LGALS3BP
-28963.37 2.078217 0.1283863 1.019856 2.299319 2.532982 0 2.37350678024814 ENSG00000162909_CAPN2
-9051.755 2.968303 0.7796111 0.9684565 1.062362 0.006485649 0 1.90092848427594 ENSG00000125903_DEFB129
-24192.02 2.233711 0.1639685 1.010039 2.505392 3.088757 0 1.7690294701606 ENSG00000100628_ASB2
-11207.14 2.12136 0.4730055 0.9794033 0.0274632 1.476478 0 0.680633140727878 ENSG00000178623_GPR35
-18457.49 3.121957 0.2402469 1.105999 4.010888 4.288459 0 2.93386829551309 ENSG00000124429_POF1B
-11244.05 1.722195 0.1593627 0.9996003 1.923881 0.6697409 0 1.36465661739931 ENSG00000116661_FBXO2
-50328.09 3.039791 0.1408679 0.9604788 0.1935262 2.505086 0 0.202595111215487 ENSG00000110713_NUP98
-9643.739 2.322157 0.3213006 0.9937664 1.929315 1.364546 0 2.06699123326689 ENSG00000176410_DNAJC30
-5761.107 3.290477 0.1169481 1.038775 3.413368 2.924189 0 2.0227317858953 ENSG00000171044_XKR6
-15150.5 2.941029 0.1756105 1.02039 2.147018 1.908743 0 1.85577026708052 ENSG00000116874_WARS2
-4693.427 2.962426 0.04304533 0.9801315 0.7710403 0.06346844 0 1.10654465155676 ENSG00000249242_TMEM150C
-6365.066 2.728359 0.3026311 1.016929 2.118373 0.7255957 0 2.71656740410253 ENSG00000163806_SPDYA
-10775.75 2.645974 0.2140075 0.9916061 1.212538 0.04149084 0 2.1162644145079 ENSG00000105472_CLEC11A
-56172.91 2.871172 0.07683803 0.9847378 0.7760051 0.06538324 0 0.354881674982607 ENSG00000198216_CACNA1E
-19166.04 3.338222 0.1281222 0.9795266 0.3412746 0.7893816 0 0.127856086241081 ENSG00000126368_NR1D1
-7190.464 3.00443 0.2366649 0.9814216 0.7907282 0.1413205 0 1.00008740415797 ENSG00000110375_UPK2
-31547.84 3.130727 0.09138847 1.009691 1.692025 0.6447657 0 2.46790076536126 ENSG00000147130_ZMYM3
-25546.15 4.005668 0.04838699 0.9785742 0.4114529 1.906063 0 0.42428195849061 ENSG00000169231_THBS3
-12218.89 3.16192 0.1967851 1.004939 1.53804 0.2842723 0 2.46685946686193 ENSG00000166529_ZSCAN21
-26241.9 3.07355 0.162679 0.9802312 0.4126333 0.8519981 0 0.164605715079233 ENSG00000016391_CHDH
-16700.66 2.855187 0.0884371 1.058631 2.788646 3.027355 0 2.83449775865301 ENSG00000115840_SLC25A12
-28442.91 2.310387 0.0715233 1.024345 3.140406 4.358227 0 2.66770478175022 ENSG00000196961_AP2A1
-33107.81 2.398115 0.4668954 0.9670854 0.9824323 -0.0001293804 0 1.34566128859296 ENSG00000115602_IL1RL1
-4573.432 3.848239 0.1162801 1.017239 2.655371 2.133176 0 2.6581514433492 ENSG00000153443_UBALD1
-13944.26 2.071066 0.3223367 1.002059 1.883441 1.017539 0 1.81601818255149 ENSG00000119888_EPCAM
-43574.53 2.762513 0.3393803 1.038111 3.897402 6.407745 0 2.69474403164349 ENSG00000138375_SMARCAL1
-12586.04 3.176539 0.06664688 0.9529595 0.1692728 2.832836 0 0.421355664264411 ENSG00000115484_CCT4
-7661.487 2.816331 0.02548707 1.051807 2.497314 2.257888 0 2.33260588394478 ENSG00000110906_KCTD10
-17449.2 3.046577 0.2516154 1.019391 2.560755 1.903688 0 0.903061602031812 ENSG00000140297_GCNT3
-12820.31 2.102514 0.1274512 0.949237 2.637585e-06 4.565255 0 0.058825772954151 ENSG00000171055_FEZ2
-32259.77 2.948755 0.25188 1.022194 2.278366 2.116597 0 2.76888401946053 ENSG00000197594_ENPP1
-27651.11 1.673646 0.1216024 0.9926618 1.197623 -0.07737058 0 1.52640715939924 ENSG00000188385_JAKMIP3
-10857.21 3.467229 0.1695959 0.9739688 0.3491849 0.7187653 0 0.562979050911963 ENSG00000005448_WDR54
-15817.72 2.622874 0.3591235 0.9824712 1.310602 0.1166695 0 1.55820893053897 ENSG00000172215_CXCR6
-63940.6 3.040505 0.318427 0.9617462 0.5156415 0.7851805 0 1.40237780311145 ENSG00000180263_FGD6
-32371.09 3.104022 0.7503789 0.9899006 2.003538 0.9947484 0 1.92067379364744 ENSG00000162897_FCAMR
-23844.26 1.741643 0.2582883 0.9992961 2.028478 0.8395608 0 1.88460426265374 ENSG00000177679_SRRM3
-4128.403 3.168712 0.3083933 1.049724 2.731794 3.355964 0 2.33324733912013 ENSG00000163331_DAPL1
-23548.3 2.683587 0.1027675 1.085271 3.116921 3.848431 0 2.57440349156968 ENSG00000168843_FSTL5
-7784.335 2.663613 0.08491396 0.9656545 0.3990543 1.031301 0 1.11072963732295 ENSG00000148935_GAS2
-43411.24 3.029016 0.2703359 1.019285 3.940205 4.693556 0 2.83452204521745 ENSG00000167992_VWCE
-21889.1 2.891441 0.1700423 1.021632 1.773772 0.840306 0 2.39668268454261 ENSG00000093167_LRRFIP2
-19244.12 2.380932 0.02355089 1.007486 1.301422 0.146374 0 2.02301601273939 ENSG00000168610_STAT3
-26222.05 2.839962 0.4190226 0.9902075 1.665016 0.6805751 0 1.11113811191171 ENSG00000138152_BTBD16
-5187.15 2.865431 0.1327467 1.140936 3.954493 5.068373 0 1.68823931599036 ENSG00000155959_VBP1
-7787.693 3.264487 0.06876853 0.9828528 0.6564948 0.3367826 0 0.683877278817818 ENSG00000129244_ATP1B2
-10444.22 3.366053 0.1127354 1.004936 1.731108 0.5281316 0 0.406844794750214 ENSG00000183864_TOB2
-7016.374 2.823269 0.3168082 0.9903221 0.5592731 0.172004 0 1.17669980716892 ENSG00000205899_BHLHA9
-13316.77 3.723795 0.0182897 1.306862 4.719405 6.757969 0 2.27341497782618 ENSG00000138081_FBXO11
-39121.94 2.347551 0.138082 0.9885183 1.106667 0.01641889 0 1.23928106180392 ENSG00000120156_TEK
-19289.38 3.361693 0.2183868 1.008802 2.999696 2.481175 0 2.57192690949887 ENSG00000176020_AMIGO3
-9612.543 2.79582 0.09472869 0.9993846 1.320175 0.1397063 0 1.81514980411157 ENSG00000169255_B3GALNT1
-13422.99 3.062507 0.4355303 0.9735851 1.109345 0.01298894 0 0.361774448538199 ENSG00000269964_MEI4
-9619.295 2.309025 0.1864456 0.9834244 0.6130384 0.3211631 0 0.207488538930193 ENSG00000143793_C1orf35
-14424.09 2.863382 0.09755812 1.017711 2.913762 3.377812 0 2.91309173614718 ENSG00000117394_SLC2A1
-9041.484 2.980879 0.03223758 0.9748738 0.5217334 0.4711319 0 1.83283072267659 ENSG00000154727_GABPA
-41455.63 3.390083 0.03280422 0.9671987 0.2474643 1.529166 0 0.456124184885994 ENSG00000109111_SUPT6H
-34434.93 3.181071 0.323624 0.9424518 0.0002179062 3.862684 0 0.00502760312519968 ENSG00000144445_KANSL1L
-47601.33 3.627692 0.295755 0.9834965 0.8364772 0.04112825 0 0.435562814120203 ENSG00000196155_PLEKHG4
-56085.37 2.523091 0.231903 0.9922045 1.415074 0.280599 0 2.90587000572123 ENSG00000105397_TYK2
-10111.51 4.322179 0.142903 1.108379 3.05968 2.648727 0 2.85027836076915 ENSG00000180008_SOCS4
-13485.28 2.674322 0.7874822 0.9629801 0.2802517 1.166306 0 0.537221052451059 ENSG00000124731_TREM1
-10688.43 2.375467 0.2198081 1.034303 1.926371 1.085892 0 1.58786203432828 ENSG00000163001_CFAP36
-28282.87 3.024145 0.06457845 1.011604 1.34487 0.2018542 0 2.19710688851774 ENSG00000136051_KIAA1033
-34235.93 2.557107 0.1755809 0.9849733 0.8314526 0.0524981 0 1.08448317577131 ENSG00000168646_AXIN2
-30799.49 3.30877 0.1050549 0.9736883 0.6104761 0.595707 0 0.375317099969834 ENSG00000065183_WDR3
-12194.67 2.888234 0.08234665 0.9862044 1.023301 0.0004437511 0 0.880448479671031 ENSG00000105983_LMBR1
-28683.05 3.072763 0.2040911 1.008555 1.58879 0.4478522 0 2.06905741081573 ENSG00000143748_NVL
-4854.102 2.56511 0.05080655 0.9961775 1.217787 0.06552793 0 1.12805888056755 ENSG00000188636_LDOC1L
-11350.84 2.653779 0.227082 0.9492187 0.198926 2.236132 0 0.195968253538013 ENSG00000108384_RAD51C
-19870.45 2.789864 0.1223008 0.9543891 8.004162e-06 4.564511 0 0.337720373645425 ENSG00000134278_SPIRE1
-11466.62 3.063902 0.2215847 0.9759334 0.9145324 0.01095584 0 0.850094127003103 ENSG00000078589_P2RY10
-48355.74 2.579907 0.4281438 1.021312 3.687075 5.552672 0 2.06264948286116 ENSG00000174837_EMR1
-19112.8 2.749857 0.241785 1.009403 2.005579 1.245235 0 1.83058592118323 ENSG00000104324_CPQ
-10085.27 1.803828 0.1465821 0.9947497 1.48395 0.4289696 0 1.83196705346927 ENSG00000163132_MSX1
-15345.91 2.020999 0.08376542 0.9698314 0.3848171 0.8804889 0 0.324535229243338 ENSG00000121390_PSPC1
-72438.19 3.27988 0.08585466 1.013394 1.89526 0.9562237 0 1.37188984081149 ENSG00000134250_NOTCH2
-7061.853 2.988316 0.6946507 1.01107 3.561011 3.404494 0 2.24295865511522 ENSG00000117281_CD160
-13578.37 2.317869 0.05783001 1.001157 1.925017 0.3586057 0 0.655565090244636 ENSG00000157240_FZD1
-9934.779 3.525389 0.1373758 1.012136 2.206632 1.005011 0 1.81646614777856 ENSG00000102981_PARD6A
-11318.41 2.386074 0.09233102 1.005107 1.97933 1.270359 0 2.42088684579358 ENSG00000128203_ASPHD2
-22092.95 3.16412 0.2168602 0.9761971 0.7148428 0.2666863 0 0.936489098472521 ENSG00000080166_DCT
-11855.7 2.557092 0.08923445 1.008716 2.041345 1.118175 0 1.45427064551041 ENSG00000174684_B4GAT1
-1325.599 4.284914 0.006776272 0.9983551 0.9042056 0.00921139 0 0.947176032001153 ENSG00000162188_GNG3
-20557.78 2.981289 0.170288 1.008053 2.536505 1.857035 0 2.91349648986943 ENSG00000198598_MMP17
-14326.78 2.802956 0.1385725 1.079218 3.32761 3.893601 0 1.81413410184905 ENSG00000203780_FANK1
-36012.39 3.464634 0.2436129 0.9969583 1.392692 0.2631948 0 0.876803347142413 ENSG00000214013_GANC
-13368.19 3.407856 0.3524214 0.9867378 1.053316 0.009877745 0 0.878078309353441 ENSG00000101197_BIRC7
-13733.08 3.130537 0.1398939 1.002374 1.663651 0.441889 0 1.1057222513482 ENSG00000175832_ETV4
-10376.81 3.054527 0.08190555 1.01145 1.878177 1.418783 0 0.988066591322422 ENSG00000119913_TECTB
-18941.01 3.039186 0.1560533 0.9851817 1.044951 0.005006128 0 0.598601251607761 ENSG00000147434_CHRNA6
-29830.81 2.902788 0.101659 1.011498 1.992808 1.925639 0 2.2834750385955 ENSG00000103489_XYLT1
-25054.61 2.683388 0.295192 0.9745961 0.8992503 0.01146113 0 1.00640938756987 ENSG00000133131_MORC4
-11257.25 2.898717 0.06655532 0.9676483 0.2722709 1.216041 0 0.488850042689592 ENSG00000153558_FBXL2
-28585.81 3.346663 0.1496745 0.995767 1.31627 0.2452067 0 0.513897820841521 ENSG00000095539_SEMA4G
-10559.13 2.621005 0.167579 1.007361 1.905159 0.9341225 0 1.06212316034362 ENSG00000108561_C1QBP
-29492.01 3.056304 0.2214547 0.9615906 3.008292e-06 8.695007 0 0.143911773338914 ENSG00000205221_VIT
-36215.76 2.83598 0.3309495 1.017294 2.310983 2.112219 0 2.17224623565562 ENSG00000147526_TACC1
-4707.145 3.088739 0.1310263 1.117922 3.65724 3.962127 0 1.64204100868665 ENSG00000111237_VPS29
-47151.39 2.939596 0.3099863 0.9597896 0.4883834 0.8626577 0 0.332472461275756 ENSG00000097096_SYDE2
-16415.64 2.043499 0.2180688 1.006171 2.340999 1.782405 0 2.62594873644412 ENSG00000100365_NCF4
-21544.57 2.908914 0.1385819 0.9850276 0.9025144 0.01624927 0 1.19152871053666 ENSG00000123213_NLN
-35842.41 2.628634 0.09303183 1.029197 2.538178 1.90967 0 2.31365550379269 ENSG00000089094_KDM2B
-17936.98 3.128727 0.1292742 0.9568294 0.102296 5.877954 0 0.2011112740729 ENSG00000157800_SLC37A3
-43775.16 3.012546 0.1933629 1.027564 2.52841 1.748019 0 2.42994842142798 ENSG00000143375_CGN
-2501.389 2.089712 0.2320418 1.057748 3.858453 2.463955 0 1.45222791214474 ENSG00000197956_S100A6
-20745.62 3.550254 0.2574192 1.004916 1.702527 0.9008916 0 1.09510364290327 ENSG00000106302_HYAL4
-17622.48 3.256621 0.1859975 0.9743919 2.162689e-05 4.124118 0 0.0228160691913217 ENSG00000171161_ZNF672
-13073.68 2.787513 0.2311644 0.9815534 1.017768 0.004184059 0 0.639169862726703 ENSG00000110871_COQ5
-13775.72 2.745319 0.2206453 0.9762438 4.639904e-06 3.00545 0 0.575875536538661 ENSG00000100060_MFNG
-19799 2.344522 0.2524271 0.9769867 0.3044503 0.9472612 0 1.45180877367966 ENSG00000161558_TMEM143
-15408.35 3.627939 0.1393084 1.045701 2.783519 1.887229 0 2.90556717524305 ENSG00000055208_TAB2
-3431.482 3.577153 0.2147694 0.9640403 6.88562e-06 3.706328 0 0.0694734917487949 ENSG00000186051_TAL2
-12532.33 3.509904 0.193907 1.072498 2.980966 2.974836 0 2.82690678583458 ENSG00000070785_EIF2B3
-14608.91 2.715594 0.04965932 0.9881823 0.8667123 0.0394109 0 0.734043007716537 ENSG00000114098_ARMC8
-39440.21 3.071351 0.119669 1.006156 1.872148 0.9343148 0 0.843879763036966 ENSG00000196547_MAN2A2
-17470.99 3.409265 0.2931496 1.00119 1.57222 0.4713649 0 1.59589671716094 ENSG00000126814_TRMT5
-45039.08 2.831504 0.136818 1.015446 1.86989 0.8580582 0 2.49985262285918 ENSG00000030066_NUP160
-10327.1 2.680791 0.3206282 0.986964 1.003335 -1.300072e-05 0 1.11875997134484 ENSG00000110011_DNAJC4
-27318.83 2.851561 0.08308472 1.00708 1.328106 0.1814609 0 1.53950956044719 ENSG00000136636_KCTD3
-20565.49 3.229549 0.2133094 0.9972105 1.413752 0.5033558 0 2.51241372479126 ENSG00000106789_CORO2A
-24156.5 3.305172 0.09838079 1.045835 3.926355 4.121102 0 2.79296491784044 ENSG00000101986_ABCD1
-11613.21 3.226556 0.09936101 0.9885441 0.8822193 0.02786186 0 1.65950749372132 ENSG00000124120_TTPAL
-20789.96 2.609958 0.05773291 0.974579 0.1920922 1.55048 0 0.51317132008262 ENSG00000106290_TAF6
-19359.19 2.593564 0.1977085 0.9952616 1.294761 0.1130598 0 1.18076151958667 ENSG00000105373_GLTSCR2
-3589.908 2.598475 0.04869839 0.9974554 1.187848 0.02445379 0 2.5339678726159 ENSG00000102924_CBLN1
-8675.874 2.070361 0.07995507 0.9788947 0.0009437922 1.492726 1 0.985482320655137 ENSG00000162728_KCNJ9
-6619.863 2.183521 0.06172206 1.056177 4.323131 3.903034 0 2.51842109765857 ENSG00000176055_MBLAC2
-6566.108 2.181335 0.320105 1.044463 4.558595 4.317595 0 2.98707729647867 ENSG00000134248_LAMTOR5
-16221.01 2.761709 0.2155008 0.9368595 2.43005e-05 4.438006 0 0.418989032506943 ENSG00000198001_IRAK4
-41583.74 2.48164 0.08513084 0.9867504 0.8612143 0.04182603 0 1.34261107281782 ENSG00000112902_SEMA5A
-22105.6 2.40285 0.2194508 1.009259 2.067974 1.272799 0 2.48234647326171 ENSG00000112041_TULP1
-5774.929 2.154465 0.08902445 0.9775782 0.7052343 0.2369106 0 1.33201956027187 ENSG00000136425_CIB2
-61750.12 2.924192 0.302498 0.9788489 0.7834865 0.09027885 0 1.00946904136799 ENSG00000031081_ARHGAP31
-24652.66 3.704941 0.07454936 0.9862709 0.5703968 0.7824986 0 1.08891531312838 ENSG00000105732_ZNF574
-13092.87 2.622 0.122168 0.9883634 1.050166 0.001623304 0 1.016703448724 ENSG00000135069_PSAT1
-10774.87 3.006375 0.3947961 1.118753 5.988854 3.77153 0 2.91613236023113 ENSG00000176896_TCEANC
-4402.579 2.571303 0.2499109 0.9762346 0.540874 0.3814162 0 1.76032109744847 ENSG00000205643_CDPF1
-8697.701 2.680677 0.08611641 1.041665 2.395787 1.465726 0 2.56645113439299 ENSG00000077279_DCX
-8743.505 2.850781 0.4768945 1.005717 2.545763 2.522325 0 2.63059146003798 ENSG00000183607_GKN2
-21635.67 2.639966 0.025913 0.9641149 0.352999 1.491882 0 0.589495941996574 ENSG00000055130_CUL1
-6894.231 2.355869 0.285541 0.9704612 2.338116e-06 4.385999 0 0.256104598520324 ENSG00000183617_MRPL54
-11650.59 2.807745 0.2942217 1.021204 2.341694 1.331741 0 1.91263343277387 ENSG00000206072_SERPINB11
-12518.08 3.175466 0.1150776 0.9883883 0.9955862 -0.0005194861 0 2.77734064729884 ENSG00000025156_HSF2
-13518.2 2.235398 0.2796633 1.014842 3.052895 3.767823 0 2.57083545718342 ENSG00000167969_ECI1
-15745.86 2.713455 0.1762647 1.028079 2.07105 1.201103 0 2.30829757335596 ENSG00000122591_FAM126A
-28001.99 2.818212 0.1118069 0.9843192 0.6259052 0.351958 0 1.2521530946251 ENSG00000129667_RHBDF2
-17266.34 2.034698 0.2216865 0.9945658 1.844068 0.514787 0 2.12417207867838 ENSG00000069399_BCL3
-5364.183 2.760548 0.1108388 1.058867 4.836246 4.29482 0 2.93158088880591 ENSG00000182809_CRIP2
-43847.32 2.721371 0.09540731 1.051535 3.088623 4.954582 1 2.87478204164654 ENSG00000074657_ZNF532
-6138.025 3.24298 0.4069221 0.9833843 0.2756357 2.375169 0 0.187864925013855 ENSG00000204128_C2orf72
-18356.13 2.631775 0.04843413 0.9977073 1.18094 -0.8316842 0 0.0379697873722762 ENSG00000166501_PRKCB
-15041.41 2.897566 0.05021286 0.9995902 1.343922 -0.05955631 0 1.43421146599576 ENSG00000133895_MEN1
-8161.575 3.320196 0.02466747 1.001166 1.116974 0.03308733 0 2.02962490590289 ENSG00000060688_SNRNP40
-7972.046 3.1964 0.04231094 1.030144 1.864254 0.8426357 0 1.20787705667317 ENSG00000172461_FUT9
-4200.07 1.986474 0.128989 0.9911006 1.158661 0.024938 0 1.29971616715193 ENSG00000106004_HOXA5
-21283.43 3.52178 0.09811217 1.088333 2.453827 2.098808 0 2.69561175908893 ENSG00000032742_IFT88
-62160.5 3.340407 0.3929403 0.9829131 1.120063 0.02363265 0 1.8687141998671 ENSG00000178971_CTC1
-47240.85 2.692806 0.1301394 0.982094 0.2513066 1.334807 0 0.731967820320278 ENSG00000076826_CAMSAP3
-6195.603 2.977999 0.1290541 0.9766509 0.6880492 0.1296573 0 2.45967165171169 ENSG00000143612_C1orf43
-8696.61 3.907798 0.07608515 1.046156 3.34165 4.12589 0 2.82210013107397 ENSG00000126062_TMEM115
-14529.49 1.917769 0.1912066 0.9928007 1.318408 0.1070173 0 2.54729358013719 ENSG00000134438_RAX
-23152.75 2.622108 0.08653271 1.002272 1.227717 0.3480504 0 1.3186380781699 ENSG00000113100_CDH9
-21435.21 3.06077 0.5600076 0.9848391 0.8370967 0.07964192 0 1.12558813719079 ENSG00000110876_SELPLG
-23970.58 2.578836 0.1000121 1.071841 2.841147 3.482721 0 2.54998700134456 ENSG00000152503_TRIM36
-13218.93 2.978193 0.0489748 1.047516 1.782282 1.496961 0 2.87433484336361 ENSG00000164754_RAD21
-56279.84 2.934256 0.3806552 0.99687 1.916785 0.9838158 0 2.92867463291623 ENSG00000125637_PSD4
-8511.276 2.424745 0.1254941 0.9763951 4.418805e-06 1.711916 0 0.328836713684723 ENSG00000176022_B3GALT6
-29700.24 2.692928 0.5044555 0.9894466 1.631564 0.5068109 0 1.68740417179652 ENSG00000110448_CD5
-3060.595 4.184243 0.2751868 1.002267 1.533004 0.3209536 0 0.925876898691058 ENSG00000164106_SCRG1
-10101.63 3.092925 0.04686178 1.025938 1.629201 0.9468122 0 1.00596012733877 ENSG00000175470_PPP2R2D
-31376.37 2.439497 0.1123272 1.055468 2.72003 2.756007 0 2.05017068074085 ENSG00000173473_SMARCC1
-23431.85 2.666095 0.2976971 0.983613 0.8949087 0.03862438 0 0.672031862195581 ENSG00000166428_PLD4
-8057.509 2.89502 0.132154 0.9867735 0.8336102 0.02736302 0 0.915270017227158 ENSG00000250067_YJEFN3
-18328.4 4.03787 0.2211695 1.000548 1.978557 0.801044 0 1.70987742044963 ENSG00000132768_DPH2
-4597.485 3.195734 0.06388737 0.9672578 2.765734e-06 2.533596 0 0.225955265108496 ENSG00000178307_TMEM11
-16083.54 3.910474 0.1621686 1.000323 1.352371 0.1413396 0 1.4131785237696 ENSG00000167264_DUS2
-11726.42 3.150514 0.06034471 0.9674112 4.274542e-05 2.673786 0 0.234507589833811 ENSG00000167778_SPRYD3
-11983.67 3.13395 0.1719036 0.9904305 1.073523 0.0108274 0 1.55855171685107 ENSG00000092871_RFFL
-3192.756 2.606608 0.5246321 0.9581424 2.201025e-06 2.574774 0 1.44331363029778 ENSG00000108691_CCL2
-13045.79 4.038449 0.112983 1.023211 3.047177 2.212671 0 2.93110073567368 ENSG00000005513_SOX8
-36987.66 3.255578 0.1270117 0.9897894 0.7895462 0.1231749 0 0.701212018495426 ENSG00000180921_FAM83H
-20839.15 3.209941 0.126973 0.9828836 0.630383 0.5526099 0 0.642695230431855 ENSG00000100889_PCK2
-30642.43 2.922904 0.229645 0.9900154 1.209995 0.8191546 0 1.81292778463103 ENSG00000107521_HPS1
-7949.169 1.974205 0.08468226 0.9926089 1.524136 0.3472964 0 1.35251217428595 ENSG00000132975_GPR12
-37471.5 2.298689 0.08378513 0.9911829 0.9959385 -0.001036146 0 1.88729203585535 ENSG00000058335_RASGRF1
-13347.4 2.969748 0.06982169 0.9760116 0.5739826 0.3455452 0 0.692573585780337 ENSG00000149269_PAK1
-5030.733 2.936459 0.3796185 0.9734881 4.484352e-06 2.541081 0 0.0831130687147379 ENSG00000197353_LYPD2
-13678.59 2.758685 0.1057922 0.9932837 1.336467 0.100034 0 1.32393033918925 ENSG00000095596_CYP26A1
-8108.829 2.121029 0.1660491 0.9823688 0.3285129 0.8762943 0 0.170684320153669 ENSG00000137504_CREBZF
-19038.34 3.122705 0.07438257 0.9845958 0.8262535 0.05175191 0 1.59279297944158 ENSG00000185052_SLC24A3
-4559.598 3.530021 0.1414291 1.001972 1.424973 0.1478954 0 0.59844140871428 ENSG00000169230_PRELID1
-13148.21 3.003281 0.1253788 1.034019 1.913994 0.9861266 0 1.76193606876768 ENSG00000182050_MGAT4C
-24633.71 3.013945 0.154393 1.080888 4.405688 7.536079 0 1.84444332076237 ENSG00000108370_RGS9
-33773.86 3.358996 0.4739349 0.9765033 0.5274801 0.4538294 0 1.39102711156011 ENSG00000125319_C17orf53
-9027.793 2.237809 0.1397548 1.015972 2.114533 1.115059 0 2.28776578372344 ENSG00000107371_EXOSC3
-14974.69 2.39108 0.1335158 0.9830701 0.0003252442 2.699743 0 0.062717325752601 ENSG00000167470_MIDN
-25871.24 3.528134 0.3185952 0.9736697 0.7964534 0.1026764 0 1.16569226235151 ENSG00000183423_LRIT3
-41857.84 3.246032 0.2632528 0.9779599 0.3619039 3.360629 0 0.345098228892311 ENSG00000100726_TELO2
-21451.89 2.271015 0.2573689 1.039458 2.780738 2.718022 0 2.44254364958033 ENSG00000011260_UTP18
-6471.726 3.114343 0.1248565 0.9926671 1.069998 0.003225788 0 1.71463530231267 ENSG00000087152_ATXN7L3
-24389.92 2.859222 0.1376308 1.015856 3.59517 3.194503 0 1.92319278535433 ENSG00000137103_TMEM8B
-15439 2.938607 0.1351393 0.9844958 0.6861771 0.1440807 0 0.779702869942412 ENSG00000110148_CCKBR
-23768.71 3.079759 0.2254278 0.9438608 1.492829e-05 4.813277 0 0.0282273888587952 ENSG00000138780_GSTCD
-41333.49 3.418366 0.1470957 1.03476 2.188732 1.580559 0 2.05205865274183 ENSG00000186566_GPATCH8
-10953.2 2.32355 0.1638063 0.9966743 1.448332 0.2876723 0 2.8529999256134 ENSG00000175193_PARL
-21335.09 2.834156 0.2459779 1.028454 2.775477 3.229767 0 2.20455490029417 ENSG00000010932_FMO1
-11946.09 2.567135 0.1268271 0.9893732 1.013622 0.0003214009 0 1.88623981294222 ENSG00000127838_PNKD
-26041.27 2.999664 0.04423295 1.005355 1.168097 0.267714 0 1.83620008849539 ENSG00000107854_TNKS2
-5221.142 2.318486 0.0948808 0.979946 0.3765454 1.246246 0 0.505973374703899 ENSG00000175793_SFN
-2561.239 2.961903 0.03358332 0.9931033 0.8029857 0.07678828 0 1.40880474331789 ENSG00000161980_POLR3K
-8308.007 2.214428 0.2590561 0.9855109 1.31757 0.06059283 0 2.28264295239933 ENSG00000123096_SSPN
-7668.911 3.530111 0.04576345 1.048709 1.973127 1.186836 0 2.37157285446301 ENSG00000147677_EIF3H
-33782.14 3.239334 0.1886386 1.000618 1.806245 0.7819045 0 0.693681818665937 ENSG00000132874_SLC14A2
-16896.34 2.596869 0.03342863 1.056876 2.068255 0.9674443 0 1.25272773276083 ENSG00000135333_EPHA7
-18393.27 3.021766 0.109753 0.999139 1.607649 0.1734424 0 2.98438758496195 ENSG00000232434_C9orf172
-7453.021 2.312543 0.151176 0.9788747 0.6612406 0.1690028 0 0.631858397740871 ENSG00000108179_PPIF
-6798.359 2.646017 0.2190313 1.005639 2.191182 0.875752 0 1.73295943555422 ENSG00000188112_C6orf132
-17495.49 3.29328 0.04297291 0.961095 0.002171356 0.5278134 0 0.0317604099400342 ENSG00000196338_NLGN3
-9377.833 3.09043 0.09799457 1.041872 1.976915 1.1417 0 1.46276791649871 ENSG00000123119_NECAB1
-34243.05 3.278008 0.3402533 1.089043 5.399002 9.58858 0 2.9125319046434 ENSG00000130023_ERMARD
-8161.079 3.478318 0.007671171 1.049468 2.989431 3.596447 0 1.76643370860256 ENSG00000127824_TUBA4A
-40385.81 2.790594 0.1150729 1.01111 2.534513 3.531722 0 2.82167794019915 ENSG00000177169_ULK1
-11558.86 3.379948 0.2222775 0.9928419 1.378351 0.2008659 0 1.35101076238789 ENSG00000275074_NUDT18
-24707.37 3.320772 0.3590509 0.9827914 1.123526 0.02357022 0 1.42641704063863 ENSG00000204033_LRIT2
-18450.45 2.630818 0.2824904 0.9814071 1.134201 0.02748767 0 0.87214931147173 ENSG00000197632_SERPINB2
-2779.632 3.361682 0.0395375 0.9857327 0.5801103 0.1372428 0 0.507141963578761 ENSG00000197757_HOXC6
-8896.495 2.753511 0.1879208 0.9591524 4.657311e-06 3.254407 0 0.0486456421203911 ENSG00000204928_GRXCR2
-3398.747 3.092616 0.1902088 0.9990821 2.300486 0.8806679 0 2.41599006461911 ENSG00000179085_DPM3
-14697.32 2.6277 0.2334981 0.9898667 1.302545 0.06476921 0 0.995727206580341 ENSG00000175600_SUGCT
-14821.49 2.433237 0.144966 1.008581 1.897653 1.488609 0 2.13278933940455 ENSG00000158104_HPD
-30085.54 3.172739 0.2422114 0.9758038 0.3735389 1.783814 0 0.696776559809223 ENSG00000111206_FOXM1
-22351.2 4.349128 0.2230125 0.9788266 2.524701e-05 3.699211 0 0.314319147029892 ENSG00000100842_EFS
-85835.23 3.268944 0.0726447 1.007909 1.842976 0.7861613 0 2.91818335955031 ENSG00000143126_CELSR2
-12050.92 2.270796 0.04889439 0.9519882 5.462847e-05 2.265055 0 0.441497524967417 ENSG00000198739_LRRTM3
-16247.64 2.519672 0.1655596 0.9786938 0.2160394 1.31436 0 0.807754713110626 ENSG00000187260_WDR86
-7897.188 2.414896 0.0991268 0.9929087 0.9489809 0.006968544 0 0.755999205401167 ENSG00000165462_PHOX2A
-25893 2.533138 0.1400762 1.020461 2.752789 2.416063 0 2.66255183424801 ENSG00000168067_MAP4K2
-19469.78 3.379885 0.4309103 1.003669 2.414502 1.383518 0 2.24524479336105 ENSG00000092330_TINF2
-14175.29 2.944101 0.07998815 1.033119 1.720699 0.5620144 0 1.48819977161475 ENSG00000115419_GLS
-9327.633 3.903311 0.2096525 1.038664 3.433633 3.578359 0 2.07913449173793 ENSG00000164620_RELL2
-18628.81 3.767226 0.09178102 1.006997 1.824608 0.5619638 0 2.93670028285123 ENSG00000173714_WFIKKN2
-17398.36 2.64345 0.0808128 1.012281 1.991582 1.379193 0 1.89909170684405 ENSG00000106348_IMPDH1
-28594.23 2.597647 0.1309402 0.9819819 0.8467674 0.02491809 0 1.18063640571199 ENSG00000145808_ADAMTS19
-18362.32 2.562217 0.242783 0.9816876 0.5237572 0.4390828 0 1.12196864560246 ENSG00000162458_FBLIM1
-41628.36 2.644173 0.2329787 0.9969501 1.428324 0.2745466 0 1.64192061172798 ENSG00000115232_ITGA4
-9307.309 3.185377 0.2116074 0.9753112 0.7734412 0.1565873 0 0.764379301574081 ENSG00000104231_ZFAND1
-19031.48 2.805022 0.1564905 0.9999174 1.806644 0.6226327 0 2.71541719674133 ENSG00000115902_SLC1A4
-12556.25 2.266767 0.2797738 0.9844544 0.635723 0.1066423 0 2.46859408426099 ENSG00000184574_LPAR5
-12368.83 2.351993 0.4456307 0.999191 2.128627 1.406377 0 1.43613894050941 ENSG00000188312_CENPP
-17884.63 2.581367 0.0934898 1.010533 1.628309 0.685349 0 2.39035604288802 ENSG00000077327_SPAG6
-5634.267 2.834469 0.07430941 1.300919 5.28531 7.445534 0 2.94964579492807 ENSG00000125977_EIF2S2
-14367.29 3.251034 0.04655522 1.114549 2.717674 2.968644 0 2.33877834188752 ENSG00000109670_FBXW7
-33350.93 3.244655 0.6734979 0.9632843 0.5512953 0.7255459 0 0.435782766435295 ENSG00000173421_CCDC36
-15655.41 2.682914 0.4013274 0.9502911 0.1632397 3.027016 0 0.121231452561915 ENSG00000203872_C6orf163
-66185.38 3.42156 0.6656934 1.042772 3.935483 4.898432 0 1.38075173576362 ENSG00000165181_C9orf84
-2720.381 4.213202 0.2235061 0.9614781 0.443451 0.7872824 0 0.131666636327282 ENSG00000119640_ACYP1
-16923.15 2.284078 0.07979491 1.030823 2.854076 4.001765 0 2.3447380119469 ENSG00000158435_CNOT11
-13368.52 2.254186 0.085253 0.9961238 1.086564 -0.01807725 0 0.36878087092191 ENSG00000198648_STK39
-5176.868 3.32699 0.2698573 1.066259 4.059788 2.677441 0 2.60613191686571 ENSG00000225526_MKRN2OS
-15847.01 2.699606 0.280145 1.048004 2.604067 1.912212 0 2.6912162527442 ENSG00000162664_ZNF326
-71190.76 3.226409 0.4612222 1.022986 3.738898 5.179755 0 2.75411998992786 ENSG00000050327_ARHGEF5
-19846.88 2.949044 0.1908324 0.9961606 1.490349 0.3376391 0 1.13982662768103 ENSG00000188176_SMTNL2
-12175.65 2.575948 0.2309866 0.9753653 0.7568517 0.1778979 0 0.558348130434752 ENSG00000081087_OSTM1
-17826.73 2.562947 0.2669519 0.9788824 0.7822138 0.08203275 0 1.06248352490366 ENSG00000143839_REN
-38442.31 3.100339 0.4025698 0.9656274 0.1053514 5.905652 0 0.326490900479257 ENSG00000197993_KEL
-10699.76 2.305835 0.09635656 0.9820863 0.6519068 0.1993425 0 0.727877271361649 ENSG00000118523_CTGF
-127899.1 3.180581 0.20489 0.9971048 1.453527 0.4227908 0 1.57450628257357 ENSG00000165124_SVEP1
-12493.35 2.41166 0.4815896 0.983759 1.375625 0.162501 0 1.28267777943984 ENSG00000101000_PROCR
-8047.302 1.394482 0.08478905 1.004408 2.055217 1.808553 0 2.77305780351162 ENSG00000168779_SHOX2
-7336.501 2.970629 0.1137437 0.9882222 0.8306198 0.03049894 0 1.48834863281809 ENSG00000269113_TRABD2B
-9256.205 2.674135 0.1277972 0.9990834 1.894405 0.5755241 0 1.65268455818295 ENSG00000116329_OPRD1
-9490.896 2.298972 0.1367325 0.9867555 1.026668 0.00119141 0 1.22023873357102 ENSG00000164031_DNAJB14
-17731.84 3.891556 0.2884701 0.9727242 3.192077e-05 2.143456 0 0.459638366941363 ENSG00000060642_PIGV
-11470.24 3.071876 0.1366515 1.068202 3.511687 4.524471 0 2.31155504775234 ENSG00000110660_SLC35F2
-12561.31 2.839725 0.1656629 0.9712959 0.6208053 0.3615643 0 0.481996671762317 ENSG00000165084_C8orf34
-44689.52 2.833716 0.06773362 1.040008 2.330958 1.872786 0 1.68855259031989 ENSG00000091157_WDR7
-10375.38 2.11166 0.07025406 1.00388 1.40434 0.250994 0 0.992419356945902 ENSG00000154217_PITPNC1
-17421.01 2.558024 0.1317983 0.9850781 0.8087003 0.1152792 0 1.11156532983296 ENSG00000136280_CCM2
-8255.891 3.590252 0.1768855 0.9839631 0.9312971 0.008935807 0 2.12196478829719 ENSG00000105865_DUS4L
-21941.74 2.867214 0.1531895 1.000465 1.72301 0.9940536 0 1.81595685635693 ENSG00000173846_PLK3
-8263.935 2.401641 0.07948254 1.020458 2.228037 2.104278 0 2.90208842908032 ENSG00000095739_BAMBI
-30982.05 2.739265 0.2057703 0.9646427 1.572816e-06 3.25567 0 0.304774839431047 ENSG00000179148_ALOXE3
-3229.353 3.671651 0.1287872 1.037586 1.967413 1.026842 0 1.31147650326602 ENSG00000102897_LYRM1
-10890.92 2.995958 0.1764663 1.01097 2.298133 1.918661 0 1.00951899471693 ENSG00000156398_SFXN2
-24861.38 3.110652 0.1558336 1.007188 1.44481 0.3093954 0 1.73179622855969 ENSG00000159023_EPB41
-43320.22 3.437303 0.258949 0.9756378 4.020127e-05 2.95162 0 0.338880537310615 ENSG00000143382_ADAMTSL4
-19753.51 2.733786 0.1827521 0.98237 0.9114578 0.02153171 0 1.02924192440696 ENSG00000164045_CDC25A
-29034.67 2.62321 0.2003907 1.033745 3.211285 2.457295 0 2.94143239175901 ENSG00000164142_FAM160A1
-12115.51 2.200738 0.1810487 0.9738797 0.5670392 0.3633962 0 1.10669379914179 ENSG00000077800_FKBP6
-11832.1 2.786977 0.04682811 0.9249871 1.481142e-06 1.602224 0 6.19387719780207e-05 ENSG00000204390_HSPA1L
-34195.71 2.506438 0.2306723 1.002801 2.16763 1.236803 0 2.72141135274433 ENSG00000088836_SLC4A11
-11312.51 3.175092 0.05886137 0.971591 0.5261045 0.467157 0 0.584849486360326 ENSG00000168214_RBPJ
-63049.38 2.631119 0.09985657 1.026246 2.26554 2.016323 0 2.52940349467099 ENSG00000198752_CDC42BPB
-33953.26 2.056726 0.2603183 1.017838 3.518866 4.84921 0 2.46676940959878 ENSG00000104941_RSPH6A
-33373.26 3.074869 0.1518577 0.9702138 0.207845 1.916725 0 0.089150317478925 ENSG00000116016_EPAS1
-15291.02 2.331544 0.2650719 0.9981336 1.95154 1.309626 0 2.25061559979804 ENSG00000132196_HSD17B7
-21463.1 3.658059 0.2140535 1.004248 2.131793 0.7221109 0 2.40373594639823 ENSG00000166189_HPS6
-20370.44 2.597096 0.02334383 0.970643 0.2628678 2.675862 0 0.286645595915616 ENSG00000106829_TLE4
-13329.37 2.259773 0.3516789 0.9728922 5.802707e-06 3.681921 0 0.121269046794623 ENSG00000168004_HRASLS5
-10078.03 2.229804 0.2324652 1.021903 4.6431 3.637563 0 1.64653711463325 ENSG00000176678_FOXL1
-15090.36 2.896748 0.1921501 1.014499 2.20619 1.479112 0 2.43358344398439 ENSG00000100601_ALKBH1
-32978.44 2.669569 0.2590399 1.010784 2.675105 4.655603 0 2.58812357322313 ENSG00000198959_TGM2
-16023.34 3.100995 0.2650644 0.9956036 1.756084 0.576738 0 1.0738289267756 ENSG00000138459_SLC35A5
-2760.84 3.410781 0.1305388 1.062103 3.496103 4.272569 0 2.31151611171663 ENSG00000141741_MIEN1
-6838.118 2.481812 0.09148369 1.01091 2.211499 1.965867 0 1.75317901675589 ENSG00000188909_BSX
-10357.29 2.333435 0.1102636 1.037976 2.030893 1.122861 0 2.70342025486752 ENSG00000114520_SNX4
-8123.917 2.275979 0.2465362 1.009947 2.099093 1.21115 0 2.83142372849397 ENSG00000181991_MRPS11
-561363.7 3.146061 0.1105475 1.011733 1.387313 -1.068316 0 0.203102747909725 ENSG00000155657_TTN
-7812.526 1.880108 0.1986425 0.9874563 1.068314 0.006116474 0 1.36500862310641 ENSG00000127554_GFER
-8344.716 2.170518 0.03458823 1.010136 1.472397 0.3471362 0 1.39436822058633 ENSG00000163590_PPM1L
-15130.56 3.445372 0.2686854 1.014348 2.594948 2.35535 0 1.75512752356008 ENSG00000173250_GPR151
-34821.65 2.909367 0.04829785 1.146839 4.2295 3.142576 0 1.92127193254419 ENSG00000214595_EML6
-13480.52 2.552872 0.1158146 1.019551 2.879975 3.129161 0 2.86414269497618 ENSG00000170549_IRX1
-25037.85 2.942078 0.2432486 0.981158 0.6387225 0.1985015 0 2.22642592247576 ENSG00000136877_FPGS
-14730.3 2.625532 0.2607515 0.9677199 0.6902099 0.2141984 0 1.02883799769916 ENSG00000154719_MRPL39
-7705.034 3.085452 0.2595086 0.9900479 1.2966 0.1605816 0 1.07061862573028 ENSG00000131944_C19orf40
-8369.508 3.182176 0.09750434 0.9963323 1.047561 0.003934265 0 0.665078845107928 ENSG00000064490_RFXANK
-16782.56 2.342349 0.09036213 0.9894361 1.096966 0.03013056 0 1.1220175777562 ENSG00000157764_BRAF
-13423.76 2.634905 0.1729112 0.9936213 1.474969 0.4264231 0 1.66927989805117 ENSG00000152315_KCNK13
-11580.69 2.676455 0.05936749 1.083149 2.356877 1.903718 0 2.62475045258179 ENSG00000104375_STK3
-14387.78 2.35928 0.2132795 1.003743 2.895062 2.087035 0 2.61801402876154 ENSG00000180758_GPR157
-1959.636 3.607497 0.03892481 1.097828 2.616437 2.257861 0 2.29233771306463 ENSG00000128534_LSM8
-36447.41 3.093284 0.3582502 0.9913899 1.422237 0.3064455 0 1.30498450621963 ENSG00000170289_CNGB3
-37484.96 3.365613 0.194886 0.9973619 1.389904 0.1973162 0 2.27896723011509 ENSG00000161021_MAML1
-11107.94 3.805156 0.08993502 1.210539 4.407074 4.58469 0 2.80742778908461 ENSG00000069956_MAPK6
-22951.82 2.231 0.1919516 1.004538 2.612038 3.244458 0 2.04142497153953 ENSG00000110057_UNC93B1
-14294.1 2.574674 0.1141718 1.003 1.479768 0.3773995 0 0.956268934998661 ENSG00000130560_UBAC1
-28464.02 2.461214 0.09835886 1.015246 1.696561 0.5780808 0 1.98676057951525 ENSG00000134343_ANO3
-94924.6 3.047675 0.4363779 0.9602445 9.111923e-05 8.141315 0 0.0969318507704884 ENSG00000140534_TICRR
-24913.48 2.630359 0.2193187 0.9758039 0.3441703 0.7351791 0 0.253209415823221 ENSG00000158296_SLC13A3
-16358.26 2.79974 0.08349776 0.9872477 0.9830599 0.0007811832 0 0.799547069007531 ENSG00000116745_RPE65
-20429.13 3.187853 0.0415128 0.9894552 0.7384033 0.253931 0 0.828404119005427 ENSG00000173801_JUP
-30351.32 3.08711 0.1645099 0.9819925 0.870463 0.05609518 0 1.48171062092297 ENSG00000151690_MFSD6
-18300.48 3.388999 0.04289104 1.162023 4.48513 6.55701 0 2.14535213867202 ENSG00000174243_DDX23
-8399.535 4.341647 0.06162586 0.9834446 0.562644 0.3687618 0 0.713803966529667 ENSG00000088833_NSFL1C
-8113.714 2.593206 0.05377318 1.124824 4.067826 6.159818 0 2.17500483384356 ENSG00000106025_TSPAN12
-13696.18 3.160315 0.07454343 0.963158 0.3349951 1.636749 0 0.27070060162805 ENSG00000166225_FRS2
-56565.7 2.920393 0.1277447 1.012178 2.208015 1.017994 0 1.2373139213305 ENSG00000183873_SCN5A
-10589.52 2.694376 0.07976296 1.012712 1.610614 0.395449 0 1.97455406561494 ENSG00000138795_LEF1
-38495.57 2.218012 0.06598655 1.043674 2.418174 2.23402 0 2.16541806911118 ENSG00000154310_TNIK
-3521.541 2.570188 0.01021628 1.062688 2.120423 1.517529 0 2.76160166691989 ENSG00000137502_RAB30
-6547.403 2.376503 0.09341372 1.002857 1.220225 0.06374148 0 1.5707062643487 ENSG00000091844_RGS17
-16372.63 2.704419 0.1909903 1.017497 2.616785 3.136832 0 1.16622686572373 ENSG00000140807_NKD1
-4604.183 2.831224 0.1787881 0.9951114 1.2938 0.1465056 0 1.35295919445343 ENSG00000131808_FSHB
-20608.42 3.685915 0.1848752 1.022549 2.836694 2.036717 0 1.8521471740678 ENSG00000213676_ATF6B
-13687.23 3.354533 0.4997369 0.9635111 7.21919e-06 3.519827 0 0.248071903595701 ENSG00000189430_NCR1
-10987.31 2.739129 0.09942271 0.9787363 0.5491944 0.5897316 0 0.539418035885319 ENSG00000155926_SLA
-4917.879 2.687653 0.08710152 1.000316 1.468499 0.3710592 0 2.17214915994555 ENSG00000126768_TIMM17B
-20232.52 3.202646 0.1968863 1.012165 2.127378 1.692097 0 2.94960088748485 ENSG00000101181_MTG2
-25387.31 2.457661 0.1144133 1.010777 2.047482 0.9238396 0 2.30442085023969 ENSG00000173889_PHC3
-14451.4 3.087538 0.1872316 1.018455 1.848385 0.9929742 0 1.55222065723501 ENSG00000054796_SPO11
-24901.43 3.007529 0.1692614 1.010737 1.656673 0.7902129 0 2.21929009258747 ENSG00000084754_HADHA
-17656.04 2.669789 0.2066511 1.023061 3.089011 2.703725 0 2.53915991750546 ENSG00000197208_SLC22A4
-34272.32 2.53495 0.03106943 0.991161 0.9524972 -0.03511825 0 0.875890634022653 ENSG00000198795_ZNF521
-58400.15 3.474031 0.1575468 0.9599032 0.2219353 1.823685 0 0.124614682048559 ENSG00000166783_KIAA0430
-12356.77 2.915418 0.1403436 0.9749368 0.4907891 0.8494851 0 0.843504283810034 ENSG00000144659_SLC25A38
-18200.24 2.342988 0.07053761 1.000774 1.56198 0.3874167 0 2.32392717269249 ENSG00000124772_CPNE5
-26435.87 3.145541 0.2247539 0.986423 1.240799 0.3361244 0 1.2136960553471 ENSG00000162618_ELTD1
-14829.25 2.507906 0.1700217 1.020176 2.402166 1.512609 0 2.11382968956605 ENSG00000165355_FBXO33
-38360.03 3.307648 0.1901685 1.043649 2.735474 3.40677 0 2.12888850294985 ENSG00000127249_ATP13A4
-20591.7 2.453259 0.1341395 1.004105 1.693248 0.5855668 0 1.14394011790864 ENSG00000091831_ESR1
-12702.13 2.750443 0.1522967 0.9951511 1.338612 0.1262306 0 2.1070239872206 ENSG00000189409_MMP23B
-9267.494 2.87408 0.05174739 0.9822176 0.1699435 2.946313 0 1.00313554471359 ENSG00000178233_TMEM151B
-3142.508 3.044949 0.1604248 0.9676015 0.3549147 1.266531 0 1.67247909796424 ENSG00000150722_PPP1R1C
-79667.22 1.931623 0.1767367 0.9726594 0.0002322716 2.587379 0 0.589830134063959 ENSG00000100346_CACNA1I
-6149.098 3.585641 0.462575 0.9515553 2.105339e-05 2.854362 0 0.371408415958285 ENSG00000170948_MBD3L1
-12030.02 2.347408 0.0738702 0.9856197 0.8335868 0.09905908 0 2.19022080302238 ENSG00000137198_GMPR
-12222.17 2.867866 0.06291683 0.966804 0.4754837 0.6493533 0 0.68030268070288 ENSG00000057608_GDI2
-17805.71 2.655213 0.403619 0.9651775 0.5144734 0.4984339 0 1.2671000668779 ENSG00000120370_GORAB
-2831.502 2.394899 0.1644073 0.9708833 0.357689 0.9201079 0 0.424804410897195 ENSG00000008324_SS18L2
-11763.51 2.937427 0.3228732 0.9865907 1.426277 0.2116569 0 1.0955465042498 ENSG00000075303_SLC25A40
-11267.21 3.152902 0.3664926 1.095223 4.436474 7.333604 0 2.54714253195561 ENSG00000137364_TPMT
-15576.95 2.019453 0.1943589 1.002999 2.532615 1.255775 0 2.70704840566032 ENSG00000196456_ZNF775
-10342.45 2.72741 0.0450185 1.052407 2.13431 1.180522 0 2.76916117616929 ENSG00000163636_PSMD6
-65205.78 3.12198 0.3330507 1.008781 2.287454 1.729064 0 2.19201113982126 ENSG00000177354_C10orf71
-4166.122 2.533676 0.114858 0.9734188 9.385582e-06 2.454463 0 0.459901620866731 ENSG00000233276_GPX1
-45620.46 2.836067 0.1885007 1.037562 1.836732 0.9527809 0 1.49377620709129 ENSG00000102189_EEA1
-15865.21 3.047543 0.08703506 1.009649 1.528923 0.3848449 0 0.890319496393204 ENSG00000175662_TOM1L2
-42708.75 2.727656 0.1816178 0.9649131 0.0001811656 3.608979 0 0.0765113288071007 ENSG00000137841_PLCB2
-9991.832 3.20945 0.03053192 1.004078 1.133136 0.01904166 0 0.643774099415168 ENSG00000149187_CELF1
-13325.25 2.327007 0.0674001 1.036847 2.559315 1.534665 0 1.84969787369482 ENSG00000164330_EBF1
-5940.752 2.460665 0.04832679 0.9933819 0.9808034 0.003173373 0 0.703958989586681 ENSG00000136527_TRA2B
-23557.16 2.391849 0.182651 0.9930291 1.538015 0.3663947 0 1.96358548058197 ENSG00000148942_SLC5A12
-32837.04 3.04123 0.4573138 1.000902 2.116703 1.209436 0 2.14768737112172 ENSG00000185477_GPRIN3
-5683.714 2.361824 0.1328359 1.012698 1.805141 0.998908 0 1.77021646220237 ENSG00000119421_NDUFA8
-18873.9 3.03736 0.236862 0.9902068 1.243294 0.0483317 0 1.64588305447251 ENSG00000181284_TMEM102
-10864.31 3.205542 0.17461 0.996982 1.367966 0.1876435 0 1.46101894718595 ENSG00000103591_AAGAB
-20851.35 2.748477 0.05456407 0.9869501 0.814409 -0.2276465 0 0.650671823183075 ENSG00000112246_SIM1
-21399.52 2.953648 0.2428613 0.9959929 1.30979 0.1519675 0 1.78706056857482 ENSG00000275700_AATF
-81615.02 3.012443 0.1765789 0.9917097 1.208669 0.3517209 0 1.58087370847352 ENSG00000198589_LRBA
-24182.56 2.652415 0.0619538 0.9880078 0.9228406 0.01460111 0 1.14564111689106 ENSG00000121871_SLITRK3
-13040.8 3.188438 0.1487507 1.032227 2.916842 2.488548 0 2.99237179127522 ENSG00000131043_AAR2
-20065.44 3.680865 0.04905244 0.9674349 0.002152206 2.162594 0 0.529027940472588 ENSG00000117408_IPO13
-16899.37 3.317089 0.1819495 0.9983972 2.429367 1.310173 0 1.9799980041571 ENSG00000174326_SLC16A11
-14625.69 2.173501 0.05933886 1.061986 3.66121 3.95031 0 2.56009561917745 ENSG00000174804_FZD4
-15493.77 3.097788 0.3106535 1.02923 3.05041 4.274965 0 2.19408830464818 ENSG00000113302_IL12B
-11113.55 3.140016 0.05271816 0.9924123 1.00585 0.0002830614 0 0.842797372955829 ENSG00000145916_RMND5B
-79909.13 2.135068 0.1179418 0.9908541 1.09527 0.005589718 0 1.43577930866741 ENSG00000160460_SPTBN4
-4512.806 3.119997 0.04359582 0.9740725 1.004447e-06 2.738259 0 0.212069420143962 ENSG00000152102_FAM168B
-2297.147 1.924693 0.06492389 1.014786 2.05113 0.3767874 0 2.32500915904529 ENSG00000165527_ARF6
-13775.5 3.266844 0.4342052 1.00146 2.443517 1.940829 0 2.43260511592962 ENSG00000167775_CD320
-12634.62 2.863097 0.06680156 0.9813873 0.4240657 1.370801 0 0.278671483509243 ENSG00000007866_TEAD3
-34115.07 2.813486 0.1968835 1.045317 2.793959 2.984443 0 2.43462719768286 ENSG00000112983_BRD8
-7273.774 2.021586 0.1053304 0.9979178 1.609729 0.6469684 0 1.35004436597228 ENSG00000158717_RNF166
-15751.01 2.675676 0.1603167 0.9956608 1.399763 0.2141085 0 0.918176748091355 ENSG00000144959_NCEH1
-27241.54 3.180524 0.1442692 0.9768703 0.2507261 1.314758 0 0.874951489968225 ENSG00000142186_SCYL1
-49760.93 2.494922 0.3090647 0.9433797 1.26867e-05 8.923251 0 0.0443013135809451 ENSG00000084093_REST
-29403.2 2.759766 0.1601789 1.000743 1.699152 0.6205472 0 2.02502775681205 ENSG00000092758_COL9A3
-17596.98 2.952966 0.1628104 1.165409 4.851192 6.033772 0 2.18515644734725 ENSG00000164631_ZNF12
-27037.11 3.032023 0.4347152 0.9690265 1.803362e-05 4.190068 0 0.308248485904187 ENSG00000188549_C15orf52
-21873.53 3.072094 0.2779992 0.998508 1.693983 0.7435383 0 1.64538051816635 ENSG00000170684_ZNF296
-9065.596 2.183985 0.1558715 1.009887 1.798567 0.5111669 0 1.56867546960711 ENSG00000083750_RRAGB
-4806.857 3.035173 0.3445256 0.9905843 1.279667 0.1002936 0 0.401091380277649 ENSG00000157017_GHRL
-4682.617 2.344305 0.07925352 1.011099 1.928653 0.4375988 0 1.80280868522823 ENSG00000134594_RAB33A
-20562.5 3.579654 0.1226056 1.026933 2.000075 1.03518 0 1.65134017076343 ENSG00000108349_CASC3
-12485.96 1.988013 0.2591545 1.016716 2.596896 2.164635 0 1.5251135614235 ENSG00000133028_SCO1
-19104.06 3.354402 0.07395974 1.00404 1.382501 0.2437226 0 0.697425896069035 ENSG00000140945_CDH13
-11124.21 3.39204 0.1193889 1.02274 1.627825 2.01033 0 2.38865667767823 ENSG00000115866_DARS
-14368.47 2.123758 0.3694538 0.9816725 1.143713 0.01582877 0 0.620675178710371 ENSG00000177465_ACOT4
-15230.49 2.329009 0.1037465 0.9898092 1.038137 -0.00463708 0 0.972393830073997 ENSG00000177614_PGBD5
-9958.031 3.573394 0.5064008 1.011502 4.096214 4.0896 0 2.82500003138557 ENSG00000132026_RTBDN
-9813.48 2.2835 0.170483 1.035453 2.401495 2.010143 0 2.95419507427141 ENSG00000163950_SLBP
-9558.826 2.48495 0.3097415 0.9902343 1.681905 0.3910503 0 2.53404797497205 ENSG00000163599_CTLA4
-8204.72 2.93349 0.05170616 1.002608 1.630338 -0.6370425 0 0.356953909154981 ENSG00000180720_CHRM4
-2458.849 2.235593 0.02930717 1.120368 7.02367 7.358224 0 2.80556938913651 ENSG00000129562_DAD1
-17533.67 3.256449 0.1001553 0.9666343 0.2717755 1.221169 0 0.843731297878549 ENSG00000162231_NXF1
-22489.82 2.882418 0.2860418 0.9955233 1.704767 0.5126302 0 1.73997314251028 ENSG00000171163_ZNF692
-5373.281 2.363232 0.1019713 1.005203 1.700403 0.6680827 0 2.16441137320362 ENSG00000155265_GOLGA7B
-10042.89 3.277394 0.1492473 1.083966 4.907719 5.982725 0 2.79284682520665 ENSG00000115474_KCNJ13
-16745.12 2.30589 0.2099617 0.9724642 1.32222e-05 2.581635 1 0.49109425325878 ENSG00000166148_AVPR1A
-26268.52 2.765369 0.01766854 1.034774 2.468887 1.820589 0 2.28352241031826 ENSG00000005007_UPF1
-2933.435 2.617085 0.3176056 0.9812669 0.9015598 0.007365178 0 1.09893749537878 ENSG00000126264_HCST
-54154.3 3.673112 0.07377263 1.095434 5.03878 8.655357 0 2.94410636276007 ENSG00000142949_PTPRF
-4514.699 2.377462 0.1236964 0.9806041 0.4761529 0.3117135 0 0.764568477636203 ENSG00000169181_GSG1L
-19783.57 2.827096 0.1026553 1.027136 1.996113 0.8617508 0 1.49662443925627 ENSG00000148835_TAF5
-5810.221 2.180852 0.05067852 0.9808575 0.01557884 1.609436 1 0.136678299866617 ENSG00000013297_CLDN11
-7827.651 3.413537 0.1560989 0.9960499 1.157009 0.0276263 0 2.19788140500896 ENSG00000188283_ZNF383
-20594.45 2.633096 0.2098574 0.9822585 0.1888515 6.143552 0 0.335511713521555 ENSG00000185761_ADAMTSL5
-20608.39 3.468748 0.05530056 0.9702418 0.2564933 1.406606 0 0.658551743254066 ENSG00000204256_BRD2
-11166.1 3.127107 0.319749 0.978892 0.3033842 1.900664 0 0.34181628911756 ENSG00000165171_WBSCR27
-3085.095 2.460803 0.1299614 0.9547757 0.3353518 1.46003 0 0.118149458197877 ENSG00000083099_LYRM2
-8850.115 2.154336 0.08273827 1.136171 3.72284 4.330618 0 2.58933554333635 ENSG00000132664_POLR3F
-2170.894 3.020897 0.1876923 0.9829399 0.8854133 0.02099447 0 1.50385595625266 ENSG00000111850_SMIM8
-51770.89 2.102071 0.3162667 1.022055 3.521133 3.594167 0 1.69742612703703 ENSG00000166825_ANPEP
-17356.38 3.163373 0.06448081 0.9935848 1.04882 0.006643582 0 1.68320180196315 ENSG00000131653_TRAF7
-7561.073 2.740626 0.1237079 1.083014 3.156237 3.159921 0 2.10483946208842 ENSG00000144366_GULP1
-9490.886 2.768151 0.04561367 0.9474938 6.339097e-06 2.884588 1 0.125008931849152 ENSG00000101958_GLRA2
-10396.3 3.583398 0.0530068 1.005256 1.501589 0.3136856 0 2.91443835105747 ENSG00000138629_UBL7
-40662.03 2.961602 0.2028062 1.007471 1.887095 0.9737582 0 2.87567905546166 ENSG00000164318_EGFLAM
-48711.32 2.985446 0.3353748 0.9548916 5.804063e-05 2.485109 0 0.133592800470069 ENSG00000168769_TET2
-11825.71 2.730289 0.2181921 0.9763877 0.06232082 10.6222 0 0.0968892218079418 ENSG00000105617_LENG1
-10763.13 1.95764 0.1802586 0.9650287 8.066261e-05 1.636672 0 1.01992281479761 ENSG00000126351_THRA
-16152.29 2.694457 0.3540855 0.9944963 1.655258 0.4852094 0 0.937743888935074 ENSG00000183401_CCDC159
-17672.38 3.105083 0.07235525 0.9916017 0.9720615 -0.001099795 0 1.32214706623927 ENSG00000078699_CBFA2T2
-5515.091 3.252011 0.08086466 1.032278 2.683834 2.284861 0 1.54679908510298 ENSG00000196431_CRYBA4
-2173.966 2.099261 0.2371021 0.9722065 0.632757 0.2053847 0 1.21482612029649 ENSG00000185222_WBP5
-51077.27 2.748023 0.1571556 1.0144 3.027576 2.646158 0 1.88796908478253 ENSG00000020181_GPR124
-11836.68 2.736345 0.2426439 1.001647 2.168213 0.9894893 0 2.83712536026724 ENSG00000170425_ADORA2B
-9191.458 1.730952 0.2437449 0.9737759 2.178802e-05 1.725599 0 1.43623669794761 ENSG00000188981_MSANTD1
-89830.55 2.962601 0.1760808 1.019569 2.051824 1.545416 0 1.67872515600175 ENSG00000144452_ABCA12
-21862.3 2.85112 0.04036825 0.9632996 0.3033529 0.9937348 0 0.92433143989183 ENSG00000064419_TNPO3
-20655.39 2.376734 0.3470098 1.023787 2.699645 2.779807 0 2.41631515184417 ENSG00000137473_TTC29
-28651.26 2.49351 0.1937288 0.9616628 0.2029792 4.142946 0 0.284702925710008 ENSG00000125812_GZF1
-4707.491 3.026343 0.07068874 0.9791104 0.6212137 0.2306403 0 0.884112866828218 ENSG00000171135_JAGN1
-40746.63 2.843469 0.1664905 0.9854971 0.7883119 0.07294598 0 1.96830774634145 ENSG00000196132_MYT1
-14549.43 2.331656 0.0956039 0.9915063 1.030893 -0.03253915 0 2.09735048166476 ENSG00000166033_HTRA1
-7097.73 3.197501 0.1769901 1.006619 1.78791 1.253483 0 2.3400460537523 ENSG00000244045_TMEM199
-38472 3.31446 0.08900357 1.026206 3.008817 3.512697 0 2.94144255830906 ENSG00000114923_SLC4A3
-27350.88 2.861058 0.3240879 1.003308 2.364157 2.203046 0 2.82021398982033 ENSG00000122678_POLM
-30795.26 2.4927 0.1432057 0.9817438 0.5448942 0.3856699 0 0.318335722899064 ENSG00000006704_GTF2IRD1
-12801.6 3.191138 0.432423 0.9891853 1.419837 0.1971069 0 1.93908763141371 ENSG00000265763_ZNF488
-20635.59 2.863956 0.4837226 0.9872951 1.487213 0.3508278 0 2.68591260001995 ENSG00000137804_NUSAP1
-12458.71 2.739164 0.317002 0.9359917 5.397856e-06 4.613263 0 0.0725405858829618 ENSG00000136104_RNASEH2B
-20435.59 2.208801 0.2228439 0.9950887 1.703275 1.076488 0 2.09967294428498 ENSG00000235173_HGH1
-12601.09 2.77121 0.237365 0.9871079 0.543125 0.1742225 0 2.41100996243767 ENSG00000237412_PRSS56
-5677.432 2.027277 0.1813587 0.9998084 1.817856 0.6996539 0 1.86760760983452 ENSG00000168894_RNF181
-33886.22 2.908806 0.1755053 0.9827114 0.7429466 0.1165538 0 0.952264247462153 ENSG00000160285_LSS
-24558.12 3.037507 0.2381249 1.001871 1.850762 1.156772 0 1.65220694546588 ENSG00000149328_GLB1L2
-21341.25 2.315966 0.04842082 1.043348 1.875016 1.171483 0 2.04340492724441 ENSG00000080824_HSP90AA1
-7555.465 2.99946 0.06278205 1.071361 2.68771 2.521618 0 1.15503153833561 ENSG00000154975_CA10
-5016.592 2.632013 0.2261078 0.9854969 0.8421497 0.01355847 0 0.746099591720849 ENSG00000166091_CMTM5
-6610.73 3.067233 0.08181785 1.098551 3.416886 4.161386 0 2.76216464582831 ENSG00000146733_PSPH
-8296.179 3.761168 0.1074334 0.9811249 0.2075167 1.794719 0 0.608337594894692 ENSG00000177947_ODF3
-48627.25 2.745183 0.3220013 0.9961633 1.647255 1.111852 0 2.18877620995045 ENSG00000176438_SYNE3
-5905.291 2.774593 0.0932755 1.018931 1.621792 0.3709907 0 1.4635310776066 ENSG00000167081_PBX3
-87210.31 2.623945 0.3682741 1.009293 2.013377 1.379763 0 1.55147795146331 ENSG00000152582_SPEF2
-3598.146 2.667699 0.2004222 0.9672733 0.3923663 0.525977 0 0.0940144951455295 ENSG00000233670_PIRT
-51017.85 2.939939 0.1548802 0.9752596 3.902101e-06 9.985514 0 0.0255669748876244 ENSG00000111077_TNS2
-1282.419 3.670681 0.0467165 1.057224 1.900352 0.5778322 0 1.83570894040167 ENSG00000100575_TIMM9
-38078.82 3.297846 0.2137275 1.068665 5.160454 7.948947 0 2.29018455930054 ENSG00000053108_FSTL4
-14044.19 2.922194 0.1929242 1.004759 1.53777 0.3873137 0 2.95333939860575 ENSG00000007341_ST7L
-22075.99 3.893393 0.06074202 1.011804 1.947022 1.286487 0 1.72860049735755 ENSG00000001617_SEMA3F
-58020.22 2.549532 0.5043995 0.9747343 1.21871 0.08463509 0 2.51897852076218 ENSG00000112053_SLC26A8
-31851.63 2.647545 0.07647041 0.9871098 0.9087911 -0.0304435 0 1.40651569445617 ENSG00000174469_CNTNAP2
-32507.5 2.240786 0.4913883 1.000341 2.398772 2.948899 0 2.22096614632756 ENSG00000019169_MARCO
-5999.098 2.850443 0.1477391 0.9932765 1.251889 0.07359658 0 2.95980293559842 ENSG00000243789_JMJD7
-45587.04 2.851448 0.387313 0.9853954 1.344198 0.2258903 0 2.7021243693307 ENSG00000103599_IQCH
-19718.85 2.847567 0.4005056 0.970405 0.3151525 0.913203 0 0.328485460951924 ENSG00000162771_FAM71A
-29828.26 2.220088 0.2214867 1.001229 2.363905 2.204054 0 2.84111157618463 ENSG00000182472_CAPN12
-14520.75 2.122788 0.07546114 0.9803267 0.3307607 0.7428847 0 1.03381470381282 ENSG00000116525_TRIM62
-4780.62 2.160251 0.2249933 0.9884731 1.212724 0.04368807 0 1.63647849555127 ENSG00000130045_NXNL2
-10349.2 2.408614 0.08302721 0.9762241 0.5299484 0.46309 0 0.672057140618563 ENSG00000182667_NTM
-11572.64 2.47625 0.1552614 1.117222 4.020015 5.019142 0 2.9782658808399 ENSG00000166068_SPRED1
-13304.09 2.301956 0.1056818 0.9774136 0.4529373 1.115544 0 0.623451269231737 ENSG00000175220_ARHGAP1
-30006.1 2.75529 0.1050505 0.9473409 0.190995 2.440269 0 0.534062740160152 ENSG00000083520_DIS3
-15678.28 3.336585 0.249676 1.040835 3.349086 1.635093 0 2.90213643643074 ENSG00000233436_BTBD18
-8118.105 3.767437 0.03118796 0.9770036 3.190809e-06 7.809648 0 0.166638450231403 ENSG00000204227_RING1
-14392.61 2.433051 0.7131626 0.9442982 1.639081e-05 6.680845 0 0.0484493428375572 ENSG00000127324_TSPAN8
-12760.4 3.139355 0.1357974 1.029446 3.422186 3.413653 0 2.95282280445099 ENSG00000158955_WNT9B
-16442.76 2.767285 0.07311631 0.9614621 0.2919005 2.223289 0 0.468374205054715 ENSG00000136750_GAD2
-6138.593 2.907078 0.2767426 0.9707664 0.1908836 4.424888 0 0.486013639485464 ENSG00000159723_AGRP
-26070.39 3.387359 0.181723 0.9829309 0.6658414 0.185704 0 0.228583046933636 ENSG00000141497_ZMYND15
-18655.77 2.634408 0.3449641 1.003935 2.902386 2.635512 0 2.14079248602502 ENSG00000090661_CERS4
-7983.161 2.716464 0.3999975 0.9884864 1.653273 0.6064722 0 1.56299739307724 ENSG00000164136_IL15
-10350.16 2.75883 0.1317287 1.000296 1.608346 0.3576898 0 2.37019284535199 ENSG00000168904_LRRC28
-11931.44 3.094625 0.1017217 1.04654 3.148713 3.836204 0 2.5073296087794 ENSG00000067829_IDH3G
-11342.85 2.809543 0.2716354 1.011776 2.013611 1.047497 0 2.19963627588004 ENSG00000025772_TOMM34
-17666.1 2.867134 0.2104774 1.021202 2.761042 2.481833 0 1.1904801428318 ENSG00000162931_TRIM17
-7955.646 2.584635 0.1045309 1.099333 5.107601 7.069484 0 2.54360337671824 ENSG00000067082_KLF6
-17833.11 2.811505 0.1195908 1.2569 7.128757 10.08932 0 2.8945082067512 ENSG00000139505_MTMR6
-19929.36 2.475789 0.04802028 0.9892981 0.9373602 -0.07745016 0 1.16953589231707 ENSG00000164418_GRIK2
-14968.71 2.794724 0.1742745 0.9748384 0.3080854 1.138066 0 0.132238085148856 ENSG00000101412_E2F1
-13766.3 3.143371 0.4601343 1.039102 3.003977 2.494123 0 2.55193893844262 ENSG00000141255_SPATA22
-20904.6 2.741513 0.2213829 1.002501 2.264408 1.333932 0 2.15137053513899 ENSG00000182325_FBXL6
-8692.187 2.85738 0.1703094 0.9446878 0.2749328 1.211952 0 1.15228110970929 ENSG00000165113_GKAP1
-9066.779 2.872175 0.125233 0.9748049 0.6949115 0.134691 0 0.16702614328824 ENSG00000137770_CTDSPL2
-54493.62 3.217502 0.3028857 0.9559374 0.3138301 0.978097 0 0.758998775621876 ENSG00000154258_ABCA9
-15716.72 3.10028 0.1638662 1.012123 1.774626 0.8724842 0 2.36768831522204 ENSG00000133101_CCNA1
-8623.95 2.989776 0.04671879 1.01998 1.523042 0.1662822 0 0.523291328921914 ENSG00000102230_PCYT1B
-12390.89 2.964137 0.2044405 0.9922962 1.335328 0.1775611 0 1.91439704038203 ENSG00000170222_ADPRM
-29208 3.515741 0.3197321 0.9862646 0.8911674 0.01858597 0 2.93302183574997 ENSG00000175213_ZNF408
-71604.04 2.450657 0.1295899 1.012899 1.79987 0.8946923 0 1.07431085966527 ENSG00000197892_KIF13B
-4332.858 3.222471 0.1015095 1.033766 2.240712 1.268407 0 2.2114294487983 ENSG00000187601_MAGEH1
-35716.99 3.456077 0.04607152 0.9812495 0.7039609 0.1783234 0 0.82031110022217 ENSG00000070018_LRP6
-13052.16 3.468109 0.211871 0.9351398 2.710778e-07 3.203045 0 0.138619342586026 ENSG00000178338_ZNF354B
-66751.28 2.811116 0.08905977 1.041587 2.650253 2.45818 0 2.85581512120552 ENSG00000100393_EP300
-12669.42 2.496813 0.09893212 1.000937 1.519438 0.2790464 0 0.602012782590464 ENSG00000151892_GFRA1
-22881.75 3.154961 0.219376 1.014921 2.575612 2.576196 0 2.14311712654307 ENSG00000197114_ZGPAT
-24691.21 2.69953 0.2443451 0.9841518 0.8907244 0.01302599 0 0.492609695065767 ENSG00000137747_TMPRSS13
-19242.31 2.233955 0.1172941 0.9775067 0.7032252 0.1809755 0 1.1755660737399 ENSG00000080644_CHRNA3
-19823.29 2.233025 0.06974702 0.9573998 1.243932e-05 4.068926 0 0.555882409913465 ENSG00000135108_FBXO21
-20060.84 2.813863 0.1090084 1.025534 3.123473 4.359835 0 2.33576204068959 ENSG00000087157_PGS1
-16261.13 3.383902 0.1616634 0.9577304 0.2640963 1.130863 0 0.414565629092976 ENSG00000082258_CCNT2
-20393.44 2.48302 0.1299753 1.044707 3.692281 6.835947 0 2.98479919577949 ENSG00000163393_SLC22A15
-16818.67 2.900992 0.02895135 1.113701 4.059352 5.735946 0 1.9364068005234 ENSG00000100353_EIF3D
-6026.006 4.049646 0.06749173 0.996079 0.9967986 0.0001178863 0 1.67417690344155 ENSG00000162526_TSSK3
-43013.32 2.754558 0.1410689 1.034794 2.235872 1.749983 0 1.38406117097475 ENSG00000091129_NRCAM
-30789.61 2.567943 0.186932 0.954062 0.1826336 2.538771 0 0.293127997778356 ENSG00000115295_CLIP4
-16619.29 3.322694 0.4241748 0.9948871 1.787267 0.906499 0 1.16292324056849 ENSG00000068489_PRR11
-42264.89 3.42616 0.2917913 0.9875782 1.306662 0.1471143 0 1.36208186298609 ENSG00000146263_MMS22L
-62088.84 2.629646 0.08995401 0.9834142 0.8000248 0.09230274 0 1.36585754994303 ENSG00000147459_DOCK5
-26493.59 3.408032 0.1562477 1.04094 2.184473 1.428907 0 2.34821989224292 ENSG00000134987_WDR36
-22271.56 3.142792 0.2423628 1.023985 2.266792 1.592313 0 1.63343260553665 ENSG00000116044_NFE2L2
-11746.12 2.319401 0.1385568 1.007247 1.852808 0.7296824 0 2.30507313413545 ENSG00000060558_GNA15
-12472.31 3.028952 0.08377634 0.9752726 0.6395289 0.3466766 0 0.92294174968265 ENSG00000162819_BROX
-27923.34 3.162071 0.2995133 0.9481326 0.1499882 3.48992 0 0.0577771724201739 ENSG00000079246_XRCC5
-18149.18 3.38865 0.1704421 0.9654524 4.738314e-05 2.072666 0 0.263532046694309 ENSG00000138111_TMEM180
-65975.96 3.14463 0.5468936 1.041961 3.070167 4.072136 0 2.97914003161713 ENSG00000196074_SYCP2
-40966.54 3.193853 0.4667925 0.9787811 1.307642 0.1305199 0 1.85974650643766 ENSG00000138468_SENP7
-36678.01 3.007517 0.1984805 0.9656689 0.002965998 5.235555 0 0.061354223638773 ENSG00000169129_AFAP1L2
-26278.87 2.301676 0.1403645 1.066583 2.489314 2.485315 0 2.84296808741055 ENSG00000120051_CFAP58
-11649.09 3.148787 0.3174587 0.9960659 1.717846 0.6213345 0 1.54290359420702 ENSG00000102349_KLF8
-6276.18 2.711026 0.2461812 0.9641827 0.5530615 0.4039084 0 0.943913186900318 ENSG00000186314_PRELID2
-22973.82 3.136626 0.09311561 1.041215 2.24312 1.716393 0 1.98325498122722 ENSG00000184613_NELL2
-10473.05 2.623206 0.1721739 0.9973194 1.355565 0.18401 0 1.32171422336251 ENSG00000162636_FAM102B
-13888.37 2.15271 0.223402 0.9818741 0.8280668 0.08373194 0 0.913137407507747 ENSG00000012061_ERCC1
-11543.1 2.982289 0.1702145 0.9776467 0.2222091 1.71866 0 0.938261848641559 ENSG00000095906_NUBP2
-6650.411 2.988948 0.3763657 0.987516 1.316378 0.1478689 0 2.51911352039315 ENSG00000159224_GIP
-16603.33 2.491519 0.168993 1.080013 4.163783 6.36119 0 2.69818006362766 ENSG00000004478_FKBP4
-32112.92 2.324285 0.3387311 0.9852094 0.8640039 0.05067111 0 1.24729597102851 ENSG00000174885_NLRP6
-13598.03 2.949106 0.1486746 1.021175 2.146593 1.308494 0 2.63448863429949 ENSG00000103429_BFAR
-40299.52 2.801431 0.2437646 0.9780976 0.7750594 0.001024671 0 1.53288456914015 ENSG00000082293_COL19A1
-20392.45 2.094475 0.1493805 0.9880982 1.039853 0.002155205 0 0.614534707507119 ENSG00000018189_RUFY3
-11643.73 3.159548 0.07909933 1.008762 1.420877 0.2706975 0 2.21263357833959 ENSG00000152377_SPOCK1
-16067.93 2.575938 0.04556756 1.003884 1.177362 0.5971567 0 2.74248777958564 ENSG00000150361_KLHL1
-6120.734 2.491431 0.1089844 1.026601 2.095438 1.03823 0 2.32279331283644 ENSG00000120049_KCNIP2
-53952.38 3.144766 0.2051213 0.9888516 1.051181 0.006055981 0 0.616729180561379 ENSG00000081026_MAGI3
-13336.01 2.842467 0.199554 1.007371 2.17592 1.477414 0 1.5720620371867 ENSG00000100228_RAB36
-64190.9 2.609782 0.2952966 0.9641404 0.08345442 7.525314 0 0.150785577250645 ENSG00000173040_EVC2
-19743.73 2.002634 0.1086556 1.001047 1.365679 0.1744556 0 1.9730714445468 ENSG00000125651_GTF2F1
-25185.95 2.942191 0.1307139 0.9855563 0.9553788 0.00459523 0 1.4289327270817 ENSG00000108559_NUP88
-81840.29 2.743016 0.2319821 0.9907513 1.185726 0.06208275 0 1.3183772682678 ENSG00000185658_BRWD1
-13075.99 2.964201 0.08573226 1.04255 2.403552 1.497671 0 1.9032004759647 ENSG00000073792_IGF2BP2
-7330.531 2.392089 0.08125607 0.9982334 1.189601 0.04821211 0 1.34816407808103 ENSG00000155508_CNOT8
-4261.252 2.53979 0.4623352 0.9688404 0.8197625 0.06678593 0 0.988229174399748 ENSG00000187699_C2orf88
-114296.1 2.709629 0.3703098 0.966074 0.7070766 0.2283665 0 1.11800441192463 ENSG00000155761_SPAG17
-24719.58 2.418019 0.09204382 0.9708334 0.2662326 1.306558 0 0.575400881236419 ENSG00000160293_VAV2
-1566.128 4.365089 0.05855639 1.031161 3.228795 3.31562 0 1.90839627035893 ENSG00000182117_NOP10
-17479.21 3.406392 0.131546 1.117487 3.638577 5.502887 0 2.73740557255223 ENSG00000146809_ASB15
-6047.097 2.21931 0.08227593 0.9471829 0.2387667 1.586442 0 0.440031156409532 ENSG00000196937_FAM3C
-26805.36 3.016784 0.08656621 0.9519604 0.1240792 4.498282 0 0.189593068091199 ENSG00000113161_HMGCR
-128827.5 3.029517 0.07680146 1.109266 3.218379 4.906468 0 2.81078493897803 ENSG00000151835_SACS
-4949.135 2.117721 0.1624802 0.9844683 0.6415121 0.2120935 0 2.0708259770181 ENSG00000167641_PPP1R14A
-14545.86 2.482298 0.1106219 1.051774 4.228281 5.660228 0 1.55969379656017 ENSG00000131759_RARA
-9614.309 3.210236 0.1187498 0.9781562 0.493764 0.4763675 0 0.358470579609275 ENSG00000162236_STX5
-5532.671 2.556312 0.08829508 0.9229461 9.19125e-06 4.744935 0 0.138249285751954 ENSG00000115514_TXNDC9
-27255.04 3.311664 0.1773266 0.9922925 1.226082 0.113084 0 0.680322186090052 ENSG00000166888_STAT6
-21593.94 3.665908 0.05193544 0.9902572 0.8582122 0.08351611 0 0.538290929049253 ENSG00000166508_MCM7
-18986.79 2.402108 0.03631918 1.227195 5.479931 9.900495 0 2.41594813275151 ENSG00000120251_GRIA2
-18008.18 2.501247 0.08860863 1.042964 2.171685 1.473501 0 1.70854391413741 ENSG00000189308_LIN54
-52945.66 2.796809 0.08256496 0.9845377 0.5450956 -0.7207686 0 0.366110312053934 ENSG00000162337_LRP5
-21309.77 3.125983 0.1844247 0.9972525 1.364722 0.1409298 0 1.17476606159471 ENSG00000131269_ABCB7
-8706.871 1.945926 0.2654005 1.025152 4.483358 4.414829 0 2.27351301466115 ENSG00000149599_DUSP15
-3601.317 5.296101 0.5112528 1.016882 2.659636 2.00979 0 2.60140789300203 ENSG00000178279_TNP2
-15999.79 3.58361 0.2063719 1.088637 3.625817 5.08552 0 2.18177238316275 ENSG00000001561_ENPP4
-16889.28 2.705635 0.2808567 0.9587203 0.457665 0.9432098 0 0.61420089751482 ENSG00000166130_IKBIP
-23387.29 2.838314 0.06466269 0.9841601 0.3683563 1.146381 0 0.869009760674089 ENSG00000167394_ZNF668
-7330.298 2.945005 0.07231414 1.143469 5.335978 8.859073 0 2.6464259410277 ENSG00000099942_CRKL
-9116.494 3.330983 0.0674134 1.030304 2.626167 1.342924 0 1.71140559925698 ENSG00000204366_ZBTB12
-16746.93 2.750708 0.156241 0.9758887 0.6653048 0.3405123 0 0.899739381624386 ENSG00000003147_ICA1
-6359.39 3.273502 0.1163072 1.007118 1.997802 0.77493 0 1.26557862083428 ENSG00000165376_CLDN2
-19286.63 2.901543 0.2765901 0.9827424 0.8933245 0.0281997 0 1.82719744881615 ENSG00000166558_SLC38A8
-3701.622 2.134366 0.05928294 1.168711 3.976415 3.626917 0 2.71405713795684 ENSG00000166503_NONAME
-6234.656 3.231253 0.2845589 1.0053 2.757739 1.022205 0 2.75653771497309 ENSG00000221933_OR2A25
-10303.5 3.156313 0.1206008 1.019857 2.371033 1.628979 0 0.953326367307454 ENSG00000143418_CERS2
-13664.85 2.878621 0.1198814 0.9896167 1.045949 0.004696958 0 1.55220840428956 ENSG00000139620_KANSL2
-7137.875 2.706252 0.1544923 1.049507 3.942605 4.989563 0 2.64478403376415 ENSG00000138308_PLA2G12B
-16396.3 2.853248 0.6666897 0.9787167 1.266889 0.1209172 0 1.92602036870085 ENSG00000102243_VGLL1
-21760.66 2.661586 0.3368907 0.9745808 0.8743319 0.04953088 0 1.46924524731003 ENSG00000014257_ACPP
-10914.26 2.21825 0.450074 0.9983103 2.026113 1.647158 0 2.89092784188688 ENSG00000164123_C4orf45
-12546.27 2.696655 0.09067422 0.9898249 0.971564 0.001559245 0 1.52295161434449 ENSG00000110768_GTF2H1
-18395.65 2.507507 0.4250933 1.006557 2.370209 2.356768 0 2.26764746150002 ENSG00000118785_SPP1
-27195.59 2.667755 0.153944 1.015328 1.960135 1.560129 0 2.05085004516877 ENSG00000148356_LRSAM1
-21570.97 3.407609 0.1700657 0.9359101 3.081736e-06 6.71862 0 0.0276371883228421 ENSG00000152670_DDX4
-7890.4 2.383119 0.07527243 0.9914226 1.085642 0.0210207 0 1.08806872693822 ENSG00000099797_TECR
-46139.22 2.869695 0.06050273 1.003479 1.229279 0.09020237 0 0.751513089286163 ENSG00000083067_TRPM3
-8732.405 2.385884 0.1270466 0.9882295 1.137833 0.0162829 0 1.45910580083728 ENSG00000157570_TSPAN18
-17817.38 3.28516 0.3858474 1.001 2.222169 1.283565 0 2.56783029832877 ENSG00000162139_NEU3
-2496.44 2.430492 0.003452105 0.992415 0.8217713 -1.078199 0 1.6042504766956 ENSG00000115128_SF3B6
-9907.944 2.545927 0.04671498 0.9718239 4.359622e-05 3.139179 1 0.152158555341884 ENSG00000106689_LHX2
-63786.66 2.936245 0.1613987 1.065387 3.043036 3.766786 0 2.32664022431709 ENSG00000102763_VWA8
-24838.16 3.787137 0.07589562 0.9853505 0.6528401 0.1761772 0 0.67670392524451 ENSG00000204580_DDR1
-60071.93 2.618531 0.1394137 1.073837 3.704641 5.510685 0 2.96798807638697 ENSG00000167306_MYO5B
-10744.64 1.947371 0.1669725 0.9953915 2.088633 0.7649839 0 2.04032972431742 ENSG00000128973_CLN6
-26586.5 2.52167 0.3384539 1.023477 2.40489 2.839142 0 1.82087345374748 ENSG00000152592_DMP1
-180511.6 3.7915 0.2080549 1.008418 2.555939 2.315002 0 2.55475800088607 ENSG00000008710_PKD1
-19436.41 2.688743 0.06338749 1.050065 1.909054 1.044836 0 2.25571045163088 ENSG00000075945_KIFAP3
-10930.78 3.289407 0.1329335 0.9747631 0.000113224 3.340915 0 0.0594847232569009 ENSG00000007376_RPUSD1
-9015.43 2.889725 0.0667526 1.040397 2.158346 1.036091 0 2.22205973183736 ENSG00000172209_GPR22
-10318.22 2.729455 0.0975026 1.13684 4.971995 8.071596 0 2.96714076655917 ENSG00000100938_GMPR2
-55384.04 3.154562 0.01339019 0.9586563 0.136177 -12.5298 0 1.9932286189869 ENSG00000174231_PRPF8
-7334.979 3.414392 0.04521537 1.044247 1.730514 0.4614977 0 1.60616339254193 ENSG00000115091_ACTR3
-63352.78 2.599905 0.1488621 0.9638488 2.931353e-07 3.10786 0 0.334212981630117 ENSG00000102001_CACNA1F
-7610.17 2.264902 0.2928143 1.015746 2.65197 1.987572 0 2.41308254864998 ENSG00000137714_FDX1
-25046.9 3.051902 0.05419516 1.008091 1.429666 -0.206703 0 1.21024718089029 ENSG00000129351_ILF3
-19203.52 2.244458 0.154461 0.9857806 0.7862378 0.05342955 0 1.45039548561908 ENSG00000088881_EBF4
-20272.7 2.808938 0.1083422 0.9818165 0.817224 0.06228476 0 0.83359680371359 ENSG00000023228_NDUFS1
-18698.19 3.388735 0.04248319 0.9770848 0.5270467 0.679599 0 0.363997146254405 ENSG00000003756_RBM5
-137022.4 2.896976 0.261415 0.9915386 1.330317 0.2464649 0 1.11535707022995 ENSG00000095951_HIVEP1
-8137.47 2.761532 0.08175761 1.003979 1.451008 0.2939129 0 1.31785540189594 ENSG00000163171_CDC42EP3
-30549.32 1.75175 0.366411 1.010993 5.971436 8.50299 0 2.80030581448227 ENSG00000173638_SLC19A1
-5287.135 2.564453 0.22073 0.974816 0.52698 0.2410862 0 1.23446818557568 ENSG00000157110_RBPMS
-6151.064 2.208446 0.1777082 1.038065 3.170842 4.014558 0 2.94027156382799 ENSG00000140990_NDUFB10
-18098.68 2.66127 0.1076838 1.038952 2.563688 2.161575 0 1.495523405727 ENSG00000180801_ARSJ
-27875.83 3.039193 0.1538455 0.9959545 1.394406 0.2170615 0 1.12349277874455 ENSG00000205560_CPT1B
-33225.53 2.543733 0.1296594 0.9964101 1.494867 0.403536 0 2.40647511393763 ENSG00000068137_PLEKHH3
-20810.31 2.857229 0.05786007 1.067921 2.683414 2.747944 0 2.31615692493506 ENSG00000151572_ANO4
-23268 2.669452 0.2464486 1.023205 3.96758 5.116213 0 2.94258968392387 ENSG00000167780_SOAT2
-37418.76 2.895206 0.04109438 1.000203 1.270409 0.1772807 0 2.02419560076669 ENSG00000152092_ASTN1
-3441.513 3.088711 0.07856872 1.083282 5.13886 3.937272 0 1.84919954370707 ENSG00000126950_TMEM35
-4672.525 1.992725 0.08366288 1.063932 3.116573 2.336234 0 1.81820968771353 ENSG00000134308_YWHAQ
-11959.25 2.722672 0.2670012 0.9912619 1.113696 0.02917484 0 1.00993932411075 ENSG00000067533_RRP15
-9797.034 2.892673 0.05669493 1.13948 6.739424 9.093673 0 2.93743782886304 ENSG00000115073_ACTR1B
-11534.48 2.699755 0.1927447 0.9857283 1.114633 0.02273572 0 1.13958987453952 ENSG00000105854_PON2
-20089.86 3.511716 0.4748318 0.9986604 1.827744 1.05121 0 1.73371916287579 ENSG00000119703_ZC2HC1C
-47824.69 2.977551 0.1493506 0.9487048 2.785534e-06 7.817273 0 0.17201270791702 ENSG00000130779_CLIP1
-16551.86 3.495128 0.1343173 1.049482 3.041572 2.858503 0 1.46931734005921 ENSG00000108465_CDK5RAP3
-23247.59 2.684265 0.110451 1.056208 2.424609 2.079881 0 0.998667002655566 ENSG00000153993_SEMA3D
-32073.15 3.886267 0.2420519 1.027097 2.079799 1.282281 0 2.26569115393795 ENSG00000073711_PPP2R3A
-4859.769 2.604706 0.2823561 0.9876539 1.321635 0.1467297 0 0.972594524268061 ENSG00000243927_MRPS6
-6673.147 2.822603 0.2175138 0.9525811 9.653361e-07 11.07741 0 0.0553731007967144 ENSG00000180190_TDRP
-13331.83 3.250928 0.05702282 1.085237 2.865556 2.838537 0 2.89138080901466 ENSG00000163468_CCT3
-21061.66 2.532089 0.1975179 0.9708565 0.3849192 1.69086 0 0.326075777644292 ENSG00000113273_ARSB
-27624.89 3.239549 0.3357227 0.9786047 0.7512731 0.1871642 0 0.403720040107146 ENSG00000151065_DCP1B
-10276.01 2.82864 0.4404079 0.9552419 1.357895e-05 2.016421 0 0.194152533542365 ENSG00000025423_HSD17B6
-11113.65 2.62041 0.08793893 1.042711 2.224344 1.677007 0 1.37676485418342 ENSG00000142230_SAE1
-4627.665 2.851089 0.326326 1.142515 7.156518 10.25749 0 2.93184666777961 ENSG00000154079_C6orf57
-27436.05 3.456071 0.5405928 0.9611671 0.6890001 0.2053664 0 1.85078237950802 ENSG00000136108_CKAP2
-5886.116 2.863797 0.5677292 0.9745035 1.324913 0.1037928 0 1.44479900831357 ENSG00000242715_CCDC169
-29945.72 3.267943 0.3618732 0.9891915 1.452379 0.4641356 0 1.15917701111175 ENSG00000136235_GPNMB
-5195.064 2.217398 0.1199562 1.026788 2.327672 1.450289 0 1.24812516197562 ENSG00000197457_STMN3
-52332.91 3.130453 0.3616439 0.9590026 0.5663629 0.3739323 0 1.31309015094303 ENSG00000139144_PIK3C2G
-4276.497 2.616987 0.09641259 0.9973941 1.178093 0.04765144 0 1.46075303480029 ENSG00000145912_NHP2
-16638.95 2.965578 0.1211863 0.9730827 0.4028375 0.9468927 0 0.195409739390016 ENSG00000149182_ARFGAP2
-23367.76 3.292024 0.1758899 0.9869934 1.004381 7.734451e-05 0 1.88378911348991 ENSG00000237441_RGL2
-13134.54 2.936349 0.102879 0.9867825 0.8902559 0.02343454 0 1.41064002667554 ENSG00000153767_GTF2E1
-33233.46 2.530759 0.1650795 1.044551 2.728019 2.811578 0 1.11122812097892 ENSG00000145730_PAM
-12324.7 2.344086 0.3215422 1.012184 3.183269 3.22893 0 2.30900526093319 ENSG00000167642_SPINT2
-18213.65 3.035355 0.2306213 1.108732 3.702839 4.277605 0 2.14453267562203 ENSG00000174842_GLMN
-5025.17 2.53075 0.1032378 1.077198 2.794366 2.503935 0 2.119284596527 ENSG00000052723_SIKE1
-9994.518 2.828033 0.07939811 1.135259 3.962669 4.432534 0 2.40491792326793 ENSG00000066027_PPP2R5A
-7900.404 2.429758 0.1328319 1.025027 3.244959 2.340001 0 2.28832811303437 ENSG00000198858_R3HDM4
-12555.76 2.091403 0.07319151 0.975456 0.3123038 0.9051335 0 0.688856931868941 ENSG00000184937_WT1
-14574.61 2.334319 0.1061434 1.050019 2.572948 2.468225 0 2.76596604008228 ENSG00000144644_GADL1
-15847.53 2.26596 0.1301652 0.9909779 0.9526016 0.002808316 0 1.72973331366666 ENSG00000204347_BTBD17
-53355.56 3.264705 0.1298139 1.021037 1.856952 0.7982831 0 2.21338847349398 ENSG00000075568_TMEM131
-30454.95 2.381967 0.08676739 1.000247 1.335668 0.1604237 0 1.4008148428984 ENSG00000139174_PRICKLE1
-5369.753 2.420417 0.1011734 0.9730795 0.2940748 2.081588 0 0.302661360707134 ENSG00000176971_FIBIN
-15641.24 3.003422 0.1110131 0.9675817 0.2896517 2.276412 0 0.781265086261556 ENSG00000111886_GABRR2
-9339.564 3.396564 0.4089263 0.966041 0.5390762 0.7437128 0 0.451561758527532 ENSG00000142224_IL19
-10796.98 2.720897 0.1374226 1.068789 3.152541 4.369192 0 2.64629125432111 ENSG00000182220_ATP6AP2
-30047.54 3.305775 0.4063757 0.9589687 0.1877635 2.328574 0 0.288188268430531 ENSG00000154920_EME1
-10206.62 2.717287 0.4462367 0.9812828 1.396918 0.2012348 0 0.791919646086171 ENSG00000165682_CLEC1B
-8602.499 2.324894 0.1631447 0.9688947 1.956264e-05 2.276716 0 1.06207929714583 ENSG00000160606_TLCD1
-28952.08 2.476618 0.141253 0.9927132 1.219472 0.3324011 0 1.43749188655056 ENSG00000187091_PLCD1
-31651.19 2.912362 0.09387798 1.019846 1.965071 1.673971 0 2.09373438544571 ENSG00000158258_CLSTN2
-99341.76 3.111787 0.5839852 1.046429 3.686223 4.913366 0 2.4989689537324 ENSG00000174718_KIAA1551
-9373.66 3.383757 0.05182784 0.9918329 0.8668862 0.02799456 0 0.494509947951883 ENSG00000162761_LMX1A
-2138.783 2.05574 0.1473008 1.021134 2.111466 0.9926559 0 2.61015087319538 ENSG00000120686_UFM1
-2816.107 4.308904 0.04508012 1.029589 2.267143 1.131637 0 1.85873806290329 ENSG00000156127_BATF
-6463.36 1.803826 0.4496605 0.9954982 2.223457 1.339379 0 2.0339750899002 ENSG00000064199_SPA17
-9637.692 2.478399 0.1871806 0.9697564 0.201136 2.182496 0 0.577702201902866 ENSG00000110987_BCL7A
-10321.6 2.589737 0.2227558 0.9626485 0.6073745 0.4977906 0 0.318243482150137 ENSG00000164305_CASP3
-8998.805 2.688187 0.1396822 0.9739593 2.621464e-05 2.029241 0 0.251880632713437 ENSG00000161642_ZNF385A
-10378.3 2.871785 0.2514639 1.007338 1.896989 1.133874 0 1.3449575593695 ENSG00000182185_RAD51B
-16063.6 2.736097 0.2850843 1.005687 2.9658 2.92699 0 2.05169217777438 ENSG00000103089_FA2H
-10672.15 3.196396 0.07157786 1.208695 6.440984 12.81871 0 1.85679615125991 ENSG00000164466_SFXN1
-25319.79 3.729933 0.1007295 1.023324 2.140394 1.317738 0 1.25482611567713 ENSG00000043143_JADE2
-6265.63 3.338103 0.05417208 1.032647 1.879122 0.2997867 0 2.57357601891272 ENSG00000132254_ARFIP2
-4070.58 2.902001 0.2743138 1.021107 4.398464 4.03362 0 1.92111250245944 ENSG00000204421_LY6G6C
-14726.86 2.841365 0.1344229 0.9875779 0.7922056 0.1121837 0 0.460344808408991 ENSG00000131095_GFAP
-30294.95 3.131922 0.2797204 0.9802221 0.8483307 0.03823557 0 0.713459660299122 ENSG00000159495_TGM7
-19503.99 2.836636 0.08821399 0.9939526 1.306358 0.1026226 0 0.677748863585293 ENSG00000172350_ABCG4
