0.151106 0.156997
0.204789 0.201835
0.275427 0.253289
0.0629243 0.0650136
0.143866 0.140434
0.0837302 0.0873352
0.612637 0.643433
0.236494 0.23567
0.438527 0.440241
0.088908 0.0911825
0.259259 0.255253
0.0603463 0.0643573
0.113403 0.113474
0.75132 0.678222
0.0450602 0.0505482
0.0661256 0.0696932
0.289266 0.287988
0.0663607 0.0671659
0.10841 0.118653
0.242527 0.219269
0.246176 0.242159
0.211603 0.207888
0.0982124 0.100598
0.246502 0.245149
0.177727 0.179122
0.1102 0.107373
0.0831665 0.0827886
0.230992 0.229768
0.0880187 0.0922634
0.139108 0.138647
0.239752 0.234991
0.152436 0.146872
0.0800026 0.0797078
0.14572 0.142745
0.119795 0.11868
0.329709 0.326027
0.619495 0.614258
0.0979098 0.100738
0.259783 0.261973
0.173925 0.184975
0.131083 0.132902
0.122356 0.122104
0.111132 0.111898
0.169963 0.168192
0.0440056 0.0486455
0.160994 0.161335
0.118886 0.116926
0.30207 0.298986
0.0671727 0.0653203
0.329381 0.304363
0.136193 0.136654
0.16071 0.169235
0.428638 0.411311
0.109551 0.109037
0.221995 0.230391
0.125686 0.120728
0.122673 0.123632
0.198242 0.191598
0.080738 0.0890524
0.120428 0.118431
0.098544 0.111169
0.102381 0.105708
0.157896 0.157403
0.0525189 0.056996
0.15155 0.155913
0.216535 0.208452
0.184202 0.177563
0.131767 0.129966
0.183576 0.180489
0.320439 0.304559
0.153033 0.146336
0.193788 0.197808
0.054624 0.0666093
0.187874 0.19323
0.199624 0.195833
0.203124 0.200631
0.0503668 0.0507293
0.198435 0.206022
0.0474019 0.0478861
0.0389579 0.0399333
0.0635226 0.0594655
0.33308 0.334467
0.152494 0.147627
0.141768 0.13908
0.128337 0.130098
0.12216 0.120779
0.353345 0.345971
0.013587 0.0160217
0.0709168 0.07689
0.154871 0.14323
0.0632915 0.0612863
0.300781 0.290897
0.183144 0.179029
0.126145 0.12975
0.142435 0.14248
0.198241 0.199551
0.0849091 0.0867756
0.0711267 0.0706076
0.269691 0.262565
0.0212158 0.021335
0.197884 0.1952
0.0896174 0.0876918
0.206595 0.203449
0.200395 0.201217
0.156019 0.150617
0.101982 0.105134
0.292986 0.285944
0.050875 0.0474777
0.146453 0.152618
0.154587 0.146609
0.147086 0.154129
0.582647 0.584293
0.15658 0.166774
0.0969819 0.111996
0.116754 0.119738
0.503876 0.498487
0.130081 0.12787
0.159261 0.159689
0.446412 0.446635
0.207941 0.209512
0.0562239 0.0552215
0.122191 0.122511
0.0920716 0.0848699
0.104145 0.102106
0.281198 0.277305
0.555258 0.554181
0.0738953 0.0782581
0.221855 0.213723
0.73273 0.691782
0.163444 0.162936
0.169031 0.179015
0.102035 0.0982659
0.13972 0.14127
0.174848 0.171297
0.184638 0.181218
0.225386 0.21943
0.486777 0.445112
0.192949 0.198588
0.297426 0.289155
0.0623836 0.0583801
0.429688 0.414047
0.11027 0.113008
0.0936911 0.0933874
0.133555 0.129454
0.523293 0.553198
0.168651 0.154567
0.172036 0.170785
0.332358 0.334294
0.0377669 0.032326
0.0469665 0.0507345
0.356832 0.349294
0.0577119 0.0558139
0.162019 0.153771
0.132735 0.133899
0.0569036 0.0575464
0.435702 0.43901
0.353428 0.368582
0.205438 0.222792
0.135032 0.133822
0.125143 0.12469
0.0732315 0.0759662
0.174957 0.172891
0.0722182 0.0706721
0.0676976 0.0690227
0.152214 0.142297
0.170887 0.168659
0.214584 0.209929
0.0750924 0.0786413
0.198473 0.197489
0.0690001 0.0696955
0.070421 0.074155
0.47887 0.490626
0.112881 0.118874
0.0587068 0.0515967
0.277984 0.276974
0.148319 0.157848
0.29181 0.285718
0.231698 0.222544
0.271455 0.267919
0.0976884 0.10291
0.119082 0.12627
0.0626086 0.0663173
0.224921 0.22013
0.204916 0.209326
0.507674 0.475531
0.0766223 0.0736026
0.0984959 0.0976141
0.294239 0.301955
0.0260512 0.0300149
0.611442 0.603127
0.180524 0.179598
0.0585737 0.0595353
0.116842 0.113858
0.0723563 0.0708806
0.156915 0.147623
0.17692 0.202857
0.140451 0.143395
0.235357 0.241667
0.0863831 0.0911887
0.143503 0.14655
0.0915533 0.0898014
0.16706 0.169827
0.0939403 0.0971357
0.284795 0.284899
0.0998439 0.108378
0.239807 0.242503
0.0493751 0.052192
0.124611 0.123804
0.226705 0.215065
0.0802105 0.0830592
0.300126 0.306789
0.129586 0.132593
0.0670334 0.0613317
0.267948 0.284956
0.103961 0.105789
0.0825614 0.076093
0.0834673 0.0832554
0.107171 0.112725
0.111093 0.115172
0.0811505 0.0863521
0.102336 0.101961
0.140063 0.143937
0.0933604 0.0943451
0.207127 0.203419
0.161798 0.155406
0.128508 0.129616
0.430566 0.434735
0.211148 0.214737
0.0231713 0.0337505
0.0875782 0.092649
0.13395 0.140724
0.325891 0.314895
0.266541 0.283049
0.198058 0.199642
0.0566061 0.0484768
0.132073 0.12935
0.121159 0.113074
0.199307 0.190676
0.142104 0.146205
0.112967 0.105286
0.0459142 0.0492134
0.150771 0.155843
0.652507 0.61771
0.264382 0.265326
0.0518252 0.0523407
0.228049 0.225788
0.446972 0.434815
0.0861901 0.0887381
0.0842389 0.0904795
0.0574485 0.0612415
0.0530532 0.050539
0.134477 0.131569
0.10102 0.103943
0.255336 0.272838
0.159774 0.15566
0.0447054 0.0428561
0.118026 0.109637
0.246338 0.245045
0.0376317 0.0381463
0.194803 0.196164
0.117078 0.109238
0.166789 0.177631
0.357801 0.357418
0.242268 0.22823
0.266619 0.291346
0.0774531 0.0783551
0.201231 0.193225
0.0664411 0.062988
0.0313891 0.0442769
0.0838734 0.083358
0.184914 0.185116
0.12928 0.130999
0.108269 0.107966
0.0267838 0.0256951
0.358193 0.334515
0.355415 0.363568
0.0811968 0.0783482
0.188605 0.184373
0.0653253 0.0668879
0.0842697 0.0847332
0.137767 0.139226
0.113279 0.118389
0.320259 0.322872
0.169571 0.171478
0.30795 0.300376
0.303994 0.294157
0.106663 0.112456
0.0793382 0.0789767
0.10449 0.10314
0.0763773 0.0747344
0.089551 0.0912665
0.0246991 0.0250454
0.226857 0.223769
0.295239 0.293101
0.244367 0.237754
0.0485932 0.0554743
0.205542 0.205926
0.12697 0.129744
0.0704918 0.0712282
0.0796212 0.0784859
0.0870308 0.0927786
0.247498 0.249968
0.00958452 0.00976736
0.117331 0.123234
0.0361689 0.0330621
0.154806 0.158248
0.378184 0.37832
0.301035 0.309967
0.155516 0.15677
0.0551936 0.0548103
0.133578 0.127548
0.124613 0.128148
0.188745 0.184879
0.20163 0.20581
0.123853 0.126338
0.136875 0.148565
0.0839963 0.0864516
0.123735 0.120534
0.255777 0.2623
0.154829 0.160463
0.168629 0.165398
0.176079 0.174448
0.0801305 0.0821942
0.162352 0.161719
0.203103 0.210758
0.0684697 0.0693388
0.117879 0.11864
0.184551 0.188283
0.180457 0.183375
0.164844 0.170352
0.144354 0.13642
0.335083 0.31582
0.014909 0.0167931
0.120763 0.118567
0.206524 0.220266
0.202313 0.205484
0.141699 0.145457
0.0638154 0.0694281
0.125764 0.116947
0.328978 0.323776
0.0954879 0.0985026
0.171801 0.16174
0.160185 0.150163
0.164117 0.160925
0.142147 0.145862
0.61666 0.619318
0.131325 0.14532
0.0730989 0.0788588
0.0871302 0.0864436
0.106875 0.097133
0.0377526 0.0397899
0.46151 0.442923
0.166163 0.175794
0.102168 0.0975455
0.186599 0.186542
0.0506177 0.0568521
0.190874 0.182218
0.115301 0.112361
0.0504006 0.0555524
0.155946 0.149361
0.0895517 0.0874388
0.177556 0.179117
0.163658 0.16105
0.235362 0.228295
0.408888 0.400638
0.105494 0.107073
0.122325 0.131317
0.162137 0.160364
0.115525 0.125123
0.178562 0.187232
0.449626 0.444745
0.133477 0.151843
0.163024 0.157348
0.0596258 0.05769
0.0341388 0.0358319
0.314793 0.321892
0.0981174 0.105943
0.0810587 0.0745016
0.162691 0.152675
0.0610982 0.062531
0.089403 0.090806
0.0798379 0.0844948
0.150816 0.150144
0.140993 0.150164
0.298994 0.289338
0.0375446 0.0402925
0.236382 0.223015
0.228068 0.217319
0.130619 0.138274
0.167884 0.160202
0.326383 0.32422
0.213016 0.216424
0.168237 0.170813
0.0916166 0.0980199
0.176676 0.179679
0.0933295 0.103597
0.0563729 0.0550381
0.123143 0.128754
0.221229 0.220617
0.230398 0.23685
0.141996 0.145574
0.234109 0.237412
0.140546 0.130794
0.0980813 0.0856051
0.0930175 0.0834091
0.24259 0.265619
0.127992 0.126426
0.317915 0.33585
0.0673404 0.077287
0.15436 0.15489
0.216574 0.227186
0.192811 0.1902
0.0195195 0.0234852
0.117552 0.116346
0.0287896 0.0299171
0.113055 0.114208
0.244585 0.243363
0.129409 0.124595
0.109462 0.106187
0.25356 0.24984
0.0512701 0.0541247
0.174506 0.176662
0.380668 0.368709
0.110076 0.110414
0.120696 0.121583
0.272837 0.274592
0.328666 0.330625
0.127275 0.123808
0.0759067 0.0815437
0.202705 0.198886
0.0812945 0.0757273
0.0738463 0.0634376
0.21714 0.188604
0.0431005 0.0352547
0.330525 0.33758
0.120773 0.124461
0.0821246 0.0868184
0.176206 0.182776
0.0542281 0.0538127
0.211435 0.219718
0.0937949 0.0849892
0.131024 0.11679
0.289302 0.281051
0.0716326 0.0724727
0.318751 0.303812
0.0566892 0.0511477
0.152979 0.157556
0.088552 0.0886416
0.25541 0.251639
0.219969 0.221855
0.292236 0.291341
0.0988314 0.0999439
0.365944 0.377516
0.10537 0.0922787
0.0830828 0.0797541
0.138095 0.133661
0.143478 0.131424
0.265631 0.268888
0.353019 0.337282
0.0908135 0.085523
0.0664729 0.0636567
0.15621 0.166019
0.111662 0.110058
0.0756433 0.075191
0.236824 0.227385
0.202108 0.214509
0.431574 0.446141
0.0631221 0.0657963
0.0534086 0.061562
0.301973 0.292346
0.152903 0.144863
0.250429 0.248265
0.206096 0.198837
0.055941 0.0568079
0.154242 0.15373
0.234865 0.237784
0.0159986 0.0166679
0.0842731 0.0806829
0.10153 0.0975838
0.17387 0.178527
0.100665 0.0841196
0.178114 0.183346
0.131048 0.12789
0.197805 0.199863
0.299189 0.296901
0.128196 0.119549
0.0910055 0.0915189
0.213849 0.21155
0.152553 0.151049
0.0422277 0.0434372
0.147519 0.149486
0.418972 0.417711
0.44072 0.497284
0.270506 0.283613
0.419648 0.411763
0.228713 0.225823
0.0910787 0.0905502
0.2022 0.194947
0.142921 0.146714
0.0832988 0.0834448
0.0700223 0.071717
0.302681 0.29548
0.0431279 0.0489542
0.331322 0.352853
0.297471 0.297685
0.449895 0.447749
0.282813 0.279755
0.132152 0.133156
0.267026 0.280595
0.17164 0.164963
0.0974906 0.100964
0.0991391 0.101876
0.120885 0.123558
0.290293 0.297648
0.0635666 0.0559536
0.115158 0.120106
0.0525643 0.0486741
0.0571378 0.0566806
0.0903639 0.0910694
0.162157 0.165907
0.065672 0.0661495
0.291404 0.294054
0.278618 0.293355
0.10276 0.0973655
0.134536 0.138093
0.405582 0.407566
0.305805 0.304781
0.207246 0.207297
0.242417 0.224633
0.0774082 0.0751882
0.117793 0.121003
0.119547 0.116057
0.143722 0.146587
0.565586 0.541408
0.212292 0.21448
0.0643704 0.0626811
0.222132 0.212742
0.0432176 0.0478449
0.110639 0.115719
0.160228 0.166105
0.0550565 0.0503237
0.0463542 0.0470434
0.160535 0.162114
0.248619 0.24136
0.144259 0.144936
0.253693 0.250717
0.12239 0.129745
0.150813 0.149151
0.285825 0.289311
0.588861 0.574935
0.278679 0.269266
0.206108 0.199818
0.528242 0.528472
0.159647 0.158032
0.294117 0.282054
0.271963 0.2675
0.133003 0.134424
0.348006 0.342401
0.158789 0.159865
0.0746874 0.0702473
0.162105 0.156538
0.161802 0.16634
0.447496 0.464175
0.272038 0.275678
0.0843561 0.0820592
0.0118923 0.0113258
0.0535228 0.0572779
0.171993 0.180217
0.0474061 0.0463345
0.155073 0.170369
0.182497 0.197843
0.265852 0.26396
0.0589997 0.056136
0.0389458 0.0354478
0.181318 0.181559
0.100235 0.0988377
0.0766634 0.0790998
0.156603 0.161823
0.0981074 0.0972165
0.0833703 0.0826676
0.0494809 0.0470205
0.0466455 0.0463531
0.0595633 0.0576982
0.20602 0.212861
0.533762 0.515668
0.0965624 0.0995443
0.0850143 0.0860974
0.209085 0.207491
0.318674 0.319755
0.14185 0.139505
0.120046 0.120898
0.0679749 0.0664492
0.129256 0.128782
0.303781 0.297802
0.112009 0.110217
0.244638 0.2368
0.318979 0.29884
0.150722 0.140648
0.0941276 0.0930577
0.101762 0.0954054
0.234002 0.237185
0.146472 0.14038
0.29692 0.320385
0.257727 0.268464
0.155644 0.147613
0.107281 0.105044
0.395112 0.384611
0.103734 0.102026
0.115124 0.115514
0.0234403 0.0216471
0.203111 0.200666
0.153731 0.170309
0.0567396 0.0603817
0.391441 0.404341
0.111255 0.118051
0.129847 0.129425
0.059664 0.060631
0.181017 0.17969
0.270057 0.289557
0.0839805 0.0862529
0.124926 0.127054
0.385672 0.391486
0.131836 0.137046
0.051832 0.0546225
0.111253 0.106873
0.103678 0.105068
0.289972 0.283693
0.0779299 0.0805679
0.0789077 0.0800029
0.28424 0.289818
0.205699 0.213707
0.0546715 0.0542088
0.105104 0.0934655
0.11752 0.112713
0.310261 0.310643
0.1826 0.1825
0.090481 0.0938976
0.242128 0.248857
0.191015 0.168571
0.470834 0.478435
0.0755242 0.0716534
0.0831106 0.0734839
0.0965385 0.0936667
0.17328 0.17161
0.104203 0.106327
0.113998 0.109365
0.202818 0.211878
0.197334 0.206813
0.0787558 0.0797329
0.0596631 0.0559513
0.149197 0.144738
0.256737 0.252016
0.389758 0.392987
0.10961 0.115766
0.134302 0.14223
0.115254 0.120343
0.183438 0.182925
0.0425947 0.0431959
0.115295 0.121793
0.16344 0.157291
0.26081 0.255473
0.209414 0.22319
0.403026 0.378557
0.0991233 0.105754
0.0131762 0.0163013
0.439505 0.442308
0.177143 0.173535
0.23986 0.246377
0.138868 0.139325
0.0451478 0.052878
0.177581 0.1823
0.149609 0.150394
0.0804137 0.0764358
0.321831 0.304996
0.258594 0.238455
0.306343 0.29014
0.215245 0.199939
0.0980742 0.101968
0.0663971 0.0636668
0.10645 0.103245
0.176906 0.188039
0.179251 0.182314
0.0801585 0.0811731
0.166682 0.170478
0.205651 0.205185
0.0522819 0.0511959
0.288085 0.283305
0.094156 0.095112
0.0920873 0.100705
0.0683973 0.0681845
0.138889 0.138773
0.313334 0.318175
0.198901 0.200724
0.281387 0.293735
0.188432 0.183949
0.511484 0.516235
0.121995 0.111981
0.17635 0.184694
0.129871 0.121915
0.242262 0.250101
0.256159 0.256146
0.266916 0.262533
0.0524858 0.0564594
0.166475 0.166589
0.0926007 0.0917613
0.230876 0.227563
0.115084 0.10895
0.0441075 0.0429899
0.205135 0.212888
0.0942509 0.0952753
0.191952 0.1894
0.0934368 0.098181
0.157948 0.150676
0.143049 0.14197
0.0772475 0.0716331
0.117352 0.118186
0.25558 0.246432
0.322053 0.315335
0.0561913 0.0554994
0.234779 0.243453
0.0398775 0.0437113
0.642951 0.6206
0.123609 0.127796
0.159178 0.159254
0.0541246 0.0556048
0.165297 0.171849
0.23096 0.236804
0.173577 0.17812
0.186634 0.183956
0.140054 0.14612
0.112566 0.114183
0.137654 0.146147
0.284936 0.284302
0.0168224 0.0150355
0.167651 0.162458
0.0608602 0.06064
0.151378 0.15193
0.0361172 0.037465
0.251595 0.253531
0.0546619 0.0550843
0.0885175 0.0952739
0.229347 0.235601
0.0937835 0.0946804
0.258836 0.261418
0.0511151 0.0510812
0.197935 0.191022
0.167811 0.166555
0.111524 0.107429
0.283922 0.268093
0.0557185 0.0503409
0.826046 0.829507
0.197628 0.182215
0.148199 0.12732
0.14108 0.146355
0.07858 0.0840677
0.256762 0.248949
0.167342 0.168535
0.153145 0.152728
0.25668 0.235091
0.0557954 0.0522606
0.11684 0.113833
0.218822 0.223189
0.0647638 0.068142
0.0341477 0.040141
0.0573521 0.0587676
0.190735 0.182858
0.0518512 0.0523194
0.0666037 0.0668055
0.121542 0.127667
0.0815714 0.0770799
0.0612598 0.0638034
0.0920083 0.0950617
0.246601 0.259668
0.211863 0.208197
0.309898 0.305816
0.196372 0.192586
0.0762074 0.0735829
0.104534 0.0973116
0.174909 0.169135
0.174087 0.173978
0.0955886 0.0912378
0.225546 0.226221
0.0427759 0.0405844
0.1115 0.111751
0.255456 0.256441
0.15468 0.139335
0.147501 0.143849
0.0384139 0.03704
0.0928524 0.0910614
0.0618091 0.0657975
0.0981043 0.0988497
0.432036 0.425093
0.110959 0.115546
0.220183 0.230622
0.178629 0.199531
0.447575 0.452913
0.172106 0.18079
0.177377 0.186006
0.0624076 0.0618
0.131045 0.137193
0.242746 0.237718
0.360095 0.356563
0.141749 0.142845
0.107892 0.107236
0.11126 0.114938
0.0836071 0.0876395
0.105667 0.107105
0.0577878 0.0591131
0.153039 0.153222
0.0291552 0.0289029
0.170906 0.18884
0.0789433 0.0790089
0.036961 0.0309167
0.49911 0.48516
0.0966215 0.0827506
0.115967 0.125852
0.133769 0.136081
0.095526 0.100933
0.119303 0.121714
0.226353 0.217607
0.0856546 0.0852719
0.161637 0.170833
0.0517996 0.0472186
0.0916461 0.0964328
0.0786319 0.0801458
0.10294 0.101141
0.293857 0.300255
0.239302 0.238443
0.0436306 0.0433961
0.257762 0.250947
0.0937211 0.110425
0.400016 0.417246
0.196239 0.192398
0.0570711 0.068724
0.104742 0.0965161
0.098937 0.102394
0.0512462 0.0552432
0.254004 0.253516
0.334609 0.345587
0.248505 0.257625
0.207504 0.199107
0.0937878 0.0923481
0.018657 0.0143441
0.236813 0.237571
0.233607 0.245344
0.347349 0.348661
0.118574 0.114354
0.0465339 0.0512201
0.317723 0.319123
0.108744 0.107965
0.0757016 0.0821743
0.152445 0.143192
0.324547 0.313383
0.133966 0.132949
0.169075 0.177923
0.0650799 0.0630414
0.203845 0.209181
0.167526 0.166285
0.343283 0.344124
0.416754 0.416003
0.32695 0.332228
0.248516 0.224106
0.593064 0.589807
0.227545 0.243372
0.104645 0.105754
0.0546895 0.0582447
0.142615 0.150272
0.181324 0.178393
0.101733 0.102513
0.17108 0.166428
0.135356 0.139159
0.377758 0.383887
0.311753 0.30897
0.0175978 0.0178504
0.222925 0.225586
0.096067 0.103792
0.0891258 0.0902805
0.16339 0.16663
0.17112 0.16806
0.114708 0.117234
0.0883427 0.080088
0.136379 0.133857
0.119203 0.117859
0.0775184 0.075252
0.170516 0.168414
0.113513 0.120266
0.212754 0.211925
0.161525 0.162939
0.226477 0.232557
0.0626424 0.0588863
0.0318974 0.0309771
0.262842 0.264599
0.24239 0.23548
0.300614 0.267789
0.177506 0.176817
0.152773 0.145223
0.115619 0.117038
0.0823479 0.078527
0.057734 0.0601264
0.112635 0.0959754
0.0977903 0.1105
0.104357 0.109902
0.200314 0.186612
0.48495 0.465993
0.0794045 0.0743927
0.271926 0.269323
0.092581 0.0935033
0.820507 0.852426
0.0966931 0.0941347
0.0851933 0.0845797
0.252616 0.250414
0.369641 0.381474
0.0975453 0.0956699
0.150537 0.147134
0.196115 0.185102
0.06836 0.0714644
0.0669953 0.0612636
0.11143 0.0838689
0.147848 0.148097
0.240787 0.243238
0.236956 0.218993
0.0893369 0.0862702
0.124916 0.117575
0.0573281 0.0595692
0.0686049 0.0697889
0.124746 0.119396
0.399238 0.403555
0.0911767 0.0968754
0.0624858 0.0626136
0.294232 0.300675
0.158155 0.144045
0.144392 0.137647
0.373403 0.400905
0.114695 0.12087
0.070178 0.0677579
0.139259 0.137772
0.0974813 0.0971996
0.10525 0.107499
0.149013 0.143436
0.272683 0.282244
0.152806 0.152874
0.0864866 0.0798597
0.337386 0.337074
0.0799469 0.0869628
0.052296 0.0501821
0.219981 0.213732
0.233916 0.23907
0.0564938 0.0533008
0.400003 0.108107
0.00137452 0.00112142
0.05004 0.0489378
0.206046 0.201143
0.380252 0.370897
0.567504 0.608397
0.234141 0.221428
0.0957165 0.0930921
0.198001 0.203742
0.244216 0.256212
0.177552 0.179708
0.239239 0.234445
0.0700856 0.0672792
0.162704 0.162379
0.237016 0.248066
0.145596 0.155736
0.0833509 0.082116
0.228989 0.21852
0.215486 0.211318
0.186742 0.185087
0.0980297 0.096078
0.362003 0.368494
0.0810472 0.0804184
0.390437 0.368693
0.0715918 0.0682925
0.0415282 0.0428007
0.0561646 0.0553261
0.151853 0.149956
0.152593 0.144941
0.0633599 0.0699008
0.0571075 0.0567539
0.264397 0.278104
0.0628438 0.0664769
0.0768024 0.0743571
0.0860536 0.0872163
0.10239 0.107781
0.0902287 0.0899008
0.213328 0.191283
0.25479 0.258111
0.18943 0.191824
0.254068 0.253169
0.30674 0.327824
0.0780024 0.0739391
0.110974 0.129176
0.171913 0.173642
0.144282 0.146185
0.105562 0.105174
0.310705 0.311046
0.03467 0.0342094
0.112905 0.110017
0.193996 0.186925
0.0640558 0.0661512
0.0401001 0.0393053
0.0676555 0.0612337
0.140421 0.135995
0.259965 0.250303
0.071419 0.0713035
0.127607 0.11522
0.0414031 0.0442114
0.454345 0.462541
0.0625108 0.0603753
0.0762579 0.0806952
0.0773 0.0716962
0.366098 0.351627
0.131443 0.135108
0.40031 0.409402
0.246541 0.24866
0.136624 0.139023
0.402713 0.395749
0.0326474 0.034814
0.127319 0.123186
0.229202 0.240244
0.103012 0.10634
0.406774 0.406301
0.091838 0.0930751
0.162159 0.164455
0.129944 0.135752
0.111487 0.112811
0.110378 0.106963
0.0861903 0.0841261
0.0591587 0.0732671
0.360798 0.349732
0.334948 0.336934
0.354701 0.349415
0.0792075 0.0731555
0.344019 0.353565
0.273726 0.273902
0.222496 0.220055
0.0842517 0.0844945
0.110536 0.113948
0.177247 0.176912
0.236588 0.239581
0.107202 0.105254
0.318582 0.318932
0.159605 0.160397
0.0910706 0.0867356
0.248558 0.231985
0.27091 0.290757
0.159129 0.16597
0.185991 0.194052
0.0667561 0.0966382
0.0656876 0.0642741
0.121362 0.120032
0.354664 0.356449
0.167146 0.160382
0.161121 0.165188
0.37089 0.370244
0.2148 0.213274
0.251685 0.255227
0.098945 0.0941288
0.115154 0.116561
0.164889 0.165878
0.143005 0.145198
0.124253 0.122362
0.107486 0.105621
0.159831 0.141867
0.219145 0.213464
0.108926 0.107318
0.206202 0.207517
0.101661 0.107234
0.471972 0.469423
0.262794 0.281048
0.190281 0.18794
0.093048 0.083145
0.0566411 0.0570316
0.0785966 0.0730151
0.0447926 0.0433765
